#
# There is insufficient memory for the Java Runtime Environment to continue.
# Native memory allocation (malloc) failed to allocate 1270256 bytes. Error detail: Chunk::new
# Possible reasons:
#   The system is out of physical RAM or swap space
#   This process is running with CompressedOops enabled, and the Java Heap may be blocking the growth of the native heap
# Possible solutions:
#   Reduce memory load on the system
#   Increase physical memory or swap space
#   Check if swap backing store is full
#   Decrease Java heap size (-Xmx/-Xms)
#   Decrease number of Java threads
#   Decrease Java thread stack sizes (-Xss)
#   Set larger code cache with -XX:ReservedCodeCacheSize=
#   JVM is running with Unscaled Compressed Oops mode in which the Java heap is
#     placed in the first 4GB address space. The Java Heap base address is the
#     maximum limit for the native heap growth. Please use -XX:HeapBaseMinAddress
#     to set the Java Heap base and to place the Java Heap above 4GB virtual address.
# This output file may be truncated or incomplete.
#
#  Out of Memory Error (arena.cpp:191), pid=1620, tid=14556
#
# JRE version: OpenJDK Runtime Environment Temurin-17.0.12+7 (17.0.12+7) (build 17.0.12+7)
# Java VM: OpenJDK 64-Bit Server VM Temurin-17.0.12+7 (17.0.12+7, mixed mode, tiered, compressed oops, compressed class ptrs, parallel gc, windows-amd64)
# No core dump will be written. Minidumps are not enabled by default on client versions of Windows
#

---------------  S U M M A R Y ------------

Command Line: --add-modules=ALL-SYSTEM --add-opens=java.base/java.util=ALL-UNNAMED --add-opens=java.base/java.lang=ALL-UNNAMED --add-opens=java.base/sun.nio.fs=ALL-UNNAMED -Declipse.application=org.eclipse.jdt.ls.core.id1 -Dosgi.bundles.defaultStartLevel=4 -Declipse.product=org.eclipse.jdt.ls.core.product -Djava.import.generatesMetadataFilesAtProjectRoot=false -DDetectVMInstallationsJob.disabled=true -Dfile.encoding=utf8 -XX:+UseParallelGC -XX:GCTimeRatio=4 -XX:AdaptiveSizePolicyWeight=90 -Dsun.zip.disableMemoryMapping=true -Xmx1G -Xms100m -Xlog:disable -javaagent:c:\Users\prane\.vscode\extensions\redhat.java-1.35.0-win32-x64\lombok\lombok-1.18.33.jar -XX:+HeapDumpOnOutOfMemoryError -XX:HeapDumpPath=c:\Users\prane\AppData\Roaming\Code\User\workspaceStorage\d824c3d28b0055ffd3c226b7f95a790b\redhat.java -Daether.dependencyCollector.impl=bf c:\Users\prane\.vscode\extensions\redhat.java-1.35.0-win32-x64\server\plugins\org.eclipse.equinox.launcher_1.6.900.v20240613-2009.jar -configuration c:\Users\prane\AppData\Roaming\Code\User\globalStorage\redhat.java\1.35.0\config_win -data c:\Users\prane\AppData\Roaming\Code\User\workspaceStorage\d824c3d28b0055ffd3c226b7f95a790b\redhat.java\jdt_ws --pipe=\\.\pipe\lsp-d5807a1c095bee10ac3f032e8f208182-sock

Host: AMD Ryzen 7 5800H with Radeon Graphics         , 16 cores, 7G,  Windows 10 , 64 bit Build 19041 (10.0.19041.4842)
Time: Sat Sep 28 10:21:53 2024 Pacific Daylight Time elapsed time: 251.169568 seconds (0d 0h 4m 11s)

---------------  T H R E A D  ---------------

Current thread (0x000001597a762500):  JavaThread "C2 CompilerThread0" daemon [_thread_in_native, id=14556, stack(0x000000513ae00000,0x000000513af00000)]


Current CompileTask:
C2: 251169 23926   !   4       org.eclipse.jdt.internal.compiler.parser.diagnose.DiagnoseParser::diagnoseParse0 (1330 bytes)

Stack: [0x000000513ae00000,0x000000513af00000]
Native frames: (J=compiled Java code, j=interpreted, Vv=VM code, C=native code)
V  [jvm.dll+0x67f929]
V  [jvm.dll+0x8371ba]
V  [jvm.dll+0x838c7e]
V  [jvm.dll+0x8392e3]
V  [jvm.dll+0x24834f]
V  [jvm.dll+0xac9d4]
V  [jvm.dll+0xad01c]
V  [jvm.dll+0x367452]
V  [jvm.dll+0x33197a]
V  [jvm.dll+0x330e1a]
V  [jvm.dll+0x21a8b1]
V  [jvm.dll+0x219cf1]
V  [jvm.dll+0x1a58bd]
V  [jvm.dll+0x229a2d]
V  [jvm.dll+0x227bdc]
V  [jvm.dll+0x7ec1f7]
V  [jvm.dll+0x7e65dc]
V  [jvm.dll+0x67e7f7]
C  [ucrtbase.dll+0x21bb2]
C  [KERNEL32.DLL+0x17374]
C  [ntdll.dll+0x4cc91]


---------------  P R O C E S S  ---------------

Threads class SMR info:
_java_thread_list=0x0000015910294430, length=81, elements={
0x00000159614dfd00, 0x0000015961598f60, 0x000001596159b730, 0x000001597537d0d0,
0x000001597537de60, 0x000001597a758420, 0x000001597a75cc50, 0x000001597a762500,
0x000001597a766170, 0x000001597a770210, 0x000001597a8646f0, 0x000001597c664ad0,
0x000001597d05dda0, 0x000001597d05e7c0, 0x000001597d05e2b0, 0x000001597d05d380,
0x000001597d3b4200, 0x000001597d3af100, 0x000001597d3b1e90, 0x000001597d3b28b0,
0x000001597d3b2dc0, 0x000001597d3afb20, 0x000001597d3b32d0, 0x000001597d3b0a50,
0x000001597d3b0030, 0x000001597d3b4710, 0x000001597d3b6a80, 0x000001597d3b5130,
0x000001597d3b0540, 0x000001597dbdd1a0, 0x000001597dbd80a0, 0x000001597dbd7170,
0x000001597dbda920, 0x000001597dbdbd60, 0x000001597dbd8fd0, 0x000001597dbd7b90,
0x000001597dbdc270, 0x000001597dbd85b0, 0x000001597dbdb340, 0x000001597dbd94e0,
0x000001597dbdc780, 0x000001597dbdcc90, 0x000001597d3b6570, 0x000001597d7ac980,
0x000001597d7b0640, 0x000001597d7b0b50, 0x000001597d7b3df0, 0x000001597d7ae2d0,
0x000001597d7b33d0, 0x000001597d7b1060, 0x000001597d7ae7e0, 0x000001597d7aecf0,
0x000001597d7b24a0, 0x000001597d7af200, 0x000001597d7af710, 0x000001597d7addc0,
0x000001597d7afc20, 0x000001597d7b0130, 0x000001597d7ace90, 0x000001597d7b1570,
0x000001597d7b1a80, 0x000001597d7ad3a0, 0x000001597d7b29b0, 0x000001597d7b1f90,
0x000001597ef853d0, 0x000001597ef85df0, 0x000001597ef83060, 0x000001597ef83a80,
0x000001597ef83f90, 0x000001597d3b0f60, 0x000001597d3b1470, 0x000001597d3b5b50,
0x000001597ef844a0, 0x000001597ef86810, 0x000001597ef858e0, 0x000001597ef83570,
0x000001597d3b1980, 0x000001597d3af610, 0x000001590112cda0, 0x000001590112d7c0,
0x000001590112b960
}

Java Threads: ( => current thread )
  0x00000159614dfd00 JavaThread "main" [_thread_blocked, id=976, stack(0x000000513a500000,0x000000513a600000)]
  0x0000015961598f60 JavaThread "Reference Handler" daemon [_thread_blocked, id=14172, stack(0x000000513a800000,0x000000513a900000)]
  0x000001596159b730 JavaThread "Finalizer" daemon [_thread_blocked, id=14012, stack(0x000000513a900000,0x000000513aa00000)]
  0x000001597537d0d0 JavaThread "Signal Dispatcher" daemon [_thread_blocked, id=23940, stack(0x000000513aa00000,0x000000513ab00000)]
  0x000001597537de60 JavaThread "Attach Listener" daemon [_thread_blocked, id=21552, stack(0x000000513ab00000,0x000000513ac00000)]
  0x000001597a758420 JavaThread "Service Thread" daemon [_thread_blocked, id=20780, stack(0x000000513ac00000,0x000000513ad00000)]
  0x000001597a75cc50 JavaThread "Monitor Deflation Thread" daemon [_thread_blocked, id=24136, stack(0x000000513ad00000,0x000000513ae00000)]
=>0x000001597a762500 JavaThread "C2 CompilerThread0" daemon [_thread_in_native, id=14556, stack(0x000000513ae00000,0x000000513af00000)]
  0x000001597a766170 JavaThread "C1 CompilerThread0" daemon [_thread_blocked, id=8236, stack(0x000000513af00000,0x000000513b000000)]
  0x000001597a770210 JavaThread "Sweeper thread" daemon [_thread_blocked, id=9584, stack(0x000000513b000000,0x000000513b100000)]
  0x000001597a8646f0 JavaThread "Common-Cleaner" daemon [_thread_blocked, id=12840, stack(0x000000513b100000,0x000000513b200000)]
  0x000001597c664ad0 JavaThread "Notification Thread" daemon [_thread_blocked, id=11216, stack(0x000000513b300000,0x000000513b400000)]
  0x000001597d05dda0 JavaThread "Active Thread: Equinox Container: 6d39d219-8a5c-4c43-8f2d-7291703958e9" [_thread_blocked, id=12856, stack(0x000000513c000000,0x000000513c100000)]
  0x000001597d05e7c0 JavaThread "Framework Event Dispatcher: Equinox Container: 6d39d219-8a5c-4c43-8f2d-7291703958e9" daemon [_thread_blocked, id=18208, stack(0x000000513b200000,0x000000513b300000)]
  0x000001597d05e2b0 JavaThread "Start Level: Equinox Container: 6d39d219-8a5c-4c43-8f2d-7291703958e9" daemon [_thread_blocked, id=15860, stack(0x000000513c100000,0x000000513c200000)]
  0x000001597d05d380 JavaThread "Refresh Thread: Equinox Container: 6d39d219-8a5c-4c43-8f2d-7291703958e9" daemon [_thread_blocked, id=3056, stack(0x000000513c500000,0x000000513c600000)]
  0x000001597d3b4200 JavaThread "Bundle File Closer" daemon [_thread_blocked, id=6768, stack(0x000000513d100000,0x000000513d200000)]
  0x000001597d3af100 JavaThread "SCR Component Actor" daemon [_thread_blocked, id=23708, stack(0x000000513c200000,0x000000513c300000)]
  0x000001597d3b1e90 JavaThread "Worker-JM" [_thread_blocked, id=7044, stack(0x000000513d900000,0x000000513da00000)]
  0x000001597d3b28b0 JavaThread "JNA Cleaner" daemon [_thread_blocked, id=2988, stack(0x000000513da00000,0x000000513db00000)]
  0x000001597d3b2dc0 JavaThread "Java indexing" daemon [_thread_blocked, id=13504, stack(0x000000513df00000,0x000000513e000000)]
  0x000001597d3afb20 JavaThread "Thread-2" daemon [_thread_in_native, id=23248, stack(0x000000513e000000,0x000000513e100000)]
  0x000001597d3b32d0 JavaThread "Thread-3" daemon [_thread_in_native, id=2444, stack(0x000000513e100000,0x000000513e200000)]
  0x000001597d3b0a50 JavaThread "Thread-4" daemon [_thread_in_native, id=19584, stack(0x000000513e200000,0x000000513e300000)]
  0x000001597d3b0030 JavaThread "Thread-5" daemon [_thread_in_native, id=5736, stack(0x000000513e300000,0x000000513e400000)]
  0x000001597d3b4710 JavaThread "Thread-6" daemon [_thread_in_native, id=21760, stack(0x000000513e400000,0x000000513e500000)]
  0x000001597d3b6a80 JavaThread "Thread-7" daemon [_thread_in_native, id=20712, stack(0x000000513e500000,0x000000513e600000)]
  0x000001597d3b5130 JavaThread "Thread-8" daemon [_thread_in_native, id=18936, stack(0x000000513e600000,0x000000513e700000)]
  0x000001597d3b0540 JavaThread "Thread-9" daemon [_thread_in_native, id=16476, stack(0x000000513e700000,0x000000513e800000)]
  0x000001597dbdd1a0 JavaThread "Thread-10" daemon [_thread_in_native, id=9572, stack(0x000000513e800000,0x000000513e900000)]
  0x000001597dbd80a0 JavaThread "Thread-11" daemon [_thread_in_native, id=2512, stack(0x000000513e900000,0x000000513ea00000)]
  0x000001597dbd7170 JavaThread "Thread-12" daemon [_thread_in_native, id=4816, stack(0x000000513ea00000,0x000000513eb00000)]
  0x000001597dbda920 JavaThread "Thread-13" daemon [_thread_in_native, id=7208, stack(0x000000513eb00000,0x000000513ec00000)]
  0x000001597dbdbd60 JavaThread "Thread-14" daemon [_thread_in_native, id=3328, stack(0x000000513ec00000,0x000000513ed00000)]
  0x000001597dbd8fd0 JavaThread "Thread-15" daemon [_thread_in_native, id=7228, stack(0x000000513ed00000,0x000000513ee00000)]
  0x000001597dbd7b90 JavaThread "Thread-16" daemon [_thread_in_native, id=19752, stack(0x000000513ee00000,0x000000513ef00000)]
  0x000001597dbdc270 JavaThread "Thread-17" daemon [_thread_in_native, id=6328, stack(0x000000513ef00000,0x000000513f000000)]
  0x000001597dbd85b0 JavaThread "Thread-18" daemon [_thread_in_native, id=4676, stack(0x000000513f000000,0x000000513f100000)]
  0x000001597dbdb340 JavaThread "pool-2-thread-1" [_thread_blocked, id=14636, stack(0x000000513f100000,0x000000513f200000)]
  0x000001597dbd94e0 JavaThread "WorkspaceEventsHandler" [_thread_blocked, id=5880, stack(0x000000513f200000,0x000000513f300000)]
  0x000001597dbdc780 JavaThread "pool-1-thread-1" [_thread_blocked, id=15956, stack(0x000000513f300000,0x000000513f400000)]
  0x000001597dbdcc90 JavaThread "Worker-3" [_thread_blocked, id=21924, stack(0x000000513bb00000,0x000000513bc00000)]
  0x000001597d3b6570 JavaThread "ForkJoinPool.commonPool-worker-1" daemon [_thread_blocked, id=19640, stack(0x000000513c600000,0x000000513c700000)]
  0x000001597d7ac980 JavaThread "Compiler Source File Reader" daemon [_thread_blocked, id=308, stack(0x000000513f700000,0x000000513f800000)]
  0x000001597d7b0640 JavaThread "Compiler Source File Reader" daemon [_thread_blocked, id=14564, stack(0x000000513f800000,0x000000513f900000)]
  0x000001597d7b0b50 JavaThread "Compiler Source File Reader" daemon [_thread_blocked, id=4536, stack(0x000000513f900000,0x000000513fa00000)]
  0x000001597d7b3df0 JavaThread "Compiler Source File Reader" daemon [_thread_blocked, id=15896, stack(0x000000513fa00000,0x000000513fb00000)]
  0x000001597d7ae2d0 JavaThread "Compiler Source File Reader" daemon [_thread_blocked, id=22968, stack(0x000000513fb00000,0x000000513fc00000)]
  0x000001597d7b33d0 JavaThread "Compiler Source File Reader" daemon [_thread_blocked, id=22868, stack(0x000000513fc00000,0x000000513fd00000)]
  0x000001597d7b1060 JavaThread "Compiler Source File Reader" daemon [_thread_blocked, id=19424, stack(0x000000513fd00000,0x000000513fe00000)]
  0x000001597d7ae7e0 JavaThread "Compiler Source File Reader" daemon [_thread_blocked, id=15344, stack(0x000000513fe00000,0x000000513ff00000)]
  0x000001597d7aecf0 JavaThread "Compiler Source File Reader" daemon [_thread_blocked, id=12548, stack(0x000000513ff00000,0x0000005140000000)]
  0x000001597d7b24a0 JavaThread "Compiler Source File Reader" daemon [_thread_blocked, id=15200, stack(0x0000005140000000,0x0000005140100000)]
  0x000001597d7af200 JavaThread "Compiler Source File Reader" daemon [_thread_blocked, id=15528, stack(0x0000005140100000,0x0000005140200000)]
  0x000001597d7af710 JavaThread "Compiler Source File Reader" daemon [_thread_blocked, id=1744, stack(0x0000005140200000,0x0000005140300000)]
  0x000001597d7addc0 JavaThread "Compiler Source File Reader" daemon [_thread_blocked, id=5812, stack(0x0000005140300000,0x0000005140400000)]
  0x000001597d7afc20 JavaThread "Compiler Source File Reader" daemon [_thread_blocked, id=4268, stack(0x0000005140400000,0x0000005140500000)]
  0x000001597d7b0130 JavaThread "ForkJoinPool.commonPool-worker-2" daemon [_thread_blocked, id=13436, stack(0x0000005140500000,0x0000005140600000)]
  0x000001597d7ace90 JavaThread "ForkJoinPool.commonPool-worker-3" daemon [_thread_blocked, id=3944, stack(0x0000005140600000,0x0000005140700000)]
  0x000001597d7b1570 JavaThread "ForkJoinPool.commonPool-worker-4" daemon [_thread_blocked, id=6312, stack(0x0000005140700000,0x0000005140800000)]
  0x000001597d7b1a80 JavaThread "ForkJoinPool.commonPool-worker-5" daemon [_thread_blocked, id=14456, stack(0x0000005140800000,0x0000005140900000)]
  0x000001597d7ad3a0 JavaThread "ForkJoinPool.commonPool-worker-6" daemon [_thread_blocked, id=13356, stack(0x0000005140900000,0x0000005140a00000)]
  0x000001597d7b29b0 JavaThread "ForkJoinPool.commonPool-worker-7" daemon [_thread_blocked, id=10964, stack(0x0000005140a00000,0x0000005140b00000)]
  0x000001597d7b1f90 JavaThread "ForkJoinPool.commonPool-worker-8" daemon [_thread_blocked, id=14892, stack(0x0000005140b00000,0x0000005140c00000)]
  0x000001597ef853d0 JavaThread "Worker-5" [_thread_blocked, id=5688, stack(0x0000005140e00000,0x0000005140f00000)]
  0x000001597ef85df0 JavaThread "ForkJoinPool.commonPool-worker-9" daemon [_thread_blocked, id=20228, stack(0x0000005140c00000,0x0000005140d00000)]
  0x000001597ef83060 JavaThread "ForkJoinPool.commonPool-worker-10" daemon [_thread_blocked, id=2892, stack(0x0000005141000000,0x0000005141100000)]
  0x000001597ef83a80 JavaThread "Cleaner-0" daemon [_thread_blocked, id=11332, stack(0x000000513be00000,0x000000513bf00000)]
  0x000001597ef83f90 JavaThread "ForkJoinPool.commonPool-worker-11" daemon [_thread_blocked, id=23496, stack(0x000000513bf00000,0x000000513c000000)]
  0x000001597d3b0f60 JavaThread "ForkJoinPool.commonPool-worker-12" daemon [_thread_blocked, id=5912, stack(0x000000513c900000,0x000000513ca00000)]
  0x000001597d3b1470 JavaThread "Java Debug Server" daemon [_thread_in_native, id=2188, stack(0x000000513bd00000,0x000000513be00000)]
  0x000001597d3b5b50 JavaThread "RxSchedulerPurge-1" daemon [_thread_blocked, id=23956, stack(0x000000513cd00000,0x000000513ce00000)]
  0x000001597ef844a0 JavaThread "RxCachedWorkerPoolEvictor-1" daemon [_thread_blocked, id=5712, stack(0x000000513ce00000,0x000000513cf00000)]
  0x000001597ef86810 JavaThread "ForkJoinPool.commonPool-worker-13" daemon [_thread_blocked, id=10308, stack(0x000000513a200000,0x000000513a300000)]
  0x000001597ef858e0 JavaThread "ForkJoinPool.commonPool-worker-14" daemon [_thread_blocked, id=8524, stack(0x000000513a400000,0x000000513a500000)]
  0x000001597ef83570 JavaThread "ForkJoinPool.commonPool-worker-15" daemon [_thread_blocked, id=3248, stack(0x000000513a300000,0x000000513a400000)]
  0x000001597d3b1980 JavaThread "Worker-7" [_thread_blocked, id=17268, stack(0x000000513c700000,0x000000513c800000)]
  0x000001597d3af610 JavaThread "pool-5-thread-2" [_thread_in_native, id=11256, stack(0x000000513ba00000,0x000000513bb00000)]
  0x000001590112cda0 JavaThread "RxNewThreadScheduler-3" daemon [_thread_blocked, id=16944, stack(0x000000513cb00000,0x000000513cc00000)]
  0x000001590112d7c0 JavaThread "process reaper (pid 3632)" daemon [_thread_in_native, id=5716, stack(0x0000005139f10000,0x0000005139f30000)]
  0x000001590112b960 JavaThread "pool-1-thread-2" [_thread_blocked, id=23200, stack(0x000000513d000000,0x000000513d100000)]

Other Threads:
  0x000001597a7222e0 VMThread "VM Thread" [stack: 0x000000513a700000,0x000000513a800000] [id=23920]
  0x000001597c65ec10 WatcherThread [stack: 0x000000513b400000,0x000000513b500000] [id=24212]
  0x00000159614f5340 GCTaskThread "GC Thread#0" [stack: 0x000000513a600000,0x000000513a700000] [id=23268]
  0x000001597ca6c310 GCTaskThread "GC Thread#1" [stack: 0x000000513b500000,0x000000513b600000] [id=8292]
  0x000001597ca68030 GCTaskThread "GC Thread#2" [stack: 0x000000513b600000,0x000000513b700000] [id=23844]
  0x000001597cb237a0 GCTaskThread "GC Thread#3" [stack: 0x000000513b700000,0x000000513b800000] [id=24092]
  0x000001597cb23a60 GCTaskThread "GC Thread#4" [stack: 0x000000513b800000,0x000000513b900000] [id=21128]
  0x000001597c9f8c80 GCTaskThread "GC Thread#5" [stack: 0x000000513b900000,0x000000513ba00000] [id=20696]
  0x000001597d194830 GCTaskThread "GC Thread#6" [stack: 0x000000513c300000,0x000000513c400000] [id=23280]
  0x000001597d194af0 GCTaskThread "GC Thread#7" [stack: 0x000000513c400000,0x000000513c500000] [id=11144]
  0x000001597d6d1800 GCTaskThread "GC Thread#8" [stack: 0x000000513d400000,0x000000513d500000] [id=1584]
  0x000001597d6d1ac0 GCTaskThread "GC Thread#9" [stack: 0x000000513d500000,0x000000513d600000] [id=23840]
  0x000001597c724660 GCTaskThread "GC Thread#10" [stack: 0x000000513d600000,0x000000513d700000] [id=21960]
  0x000001597c724920 GCTaskThread "GC Thread#11" [stack: 0x000000513d700000,0x000000513d800000] [id=7688]
  0x000001597c8385c0 GCTaskThread "GC Thread#12" [stack: 0x000000513dd00000,0x000000513de00000] [id=23616]

Threads with active compile tasks:
C2 CompilerThread0   251201 23926   !   4       org.eclipse.jdt.internal.compiler.parser.diagnose.DiagnoseParser::diagnoseParse0 (1330 bytes)

VM state: not at safepoint (normal execution)

VM Mutex/Monitor currently owned by a thread: None

Heap address: 0x00000000c0000000, size: 1024 MB, Compressed Oops mode: 32-bit

CDS archive(s) not mapped
Compressed class space mapped at: 0x0000000100000000-0x0000000140000000, reserved size: 1073741824
Narrow klass base: 0x0000000000000000, Narrow klass shift: 3, Narrow klass range: 0x140000000

GC Precious Log:
 CPUs: 16 total, 16 available
 Memory: 8044M
 Large Page Support: Disabled
 NUMA Support: Disabled
 Compressed Oops: Enabled (32-bit)
 Alignments: Space 512K, Generation 512K, Heap 2M
 Heap Min Capacity: 100M
 Heap Initial Capacity: 100M
 Heap Max Capacity: 1G
 Pre-touch: Disabled
 Parallel Workers: 13

Heap:
 PSYoungGen      total 5120K, used 4312K [0x00000000eab00000, 0x00000000eb100000, 0x0000000100000000)
  eden space 4096K, 85% used [0x00000000eab00000,0x00000000eae67a20,0x00000000eaf00000)
  from space 1024K, 80% used [0x00000000eb000000,0x00000000eb0ce900,0x00000000eb100000)
  to   space 1024K, 0% used [0x00000000eaf00000,0x00000000eaf00000,0x00000000eb000000)
 ParOldGen       total 153088K, used 130312K [0x00000000c0000000, 0x00000000c9580000, 0x00000000eab00000)
  object space 153088K, 85% used [0x00000000c0000000,0x00000000c7f423a0,0x00000000c9580000)
 Metaspace       used 97484K, committed 99072K, reserved 1179648K
  class space    used 10016K, committed 10752K, reserved 1048576K

Card table byte_map: [0x0000015960e80000,0x0000015961090000] _byte_map_base: 0x0000015960880000

Marking Bits: (ParMarkBitMap*) 0x00007ffb3b7058b0
 Begin Bits: [0x0000015973180000, 0x0000015974180000)
 End Bits:   [0x0000015974180000, 0x0000015975180000)

Polling page: 0x000001595f430000

Metaspace:

Usage:
  Non-class:     85.42 MB used.
      Class:      9.78 MB used.
       Both:     95.20 MB used.

Virtual space:
  Non-class space:      128.00 MB reserved,      86.25 MB ( 67%) committed,  2 nodes.
      Class space:        1.00 GB reserved,      10.50 MB (  1%) committed,  1 nodes.
             Both:        1.12 GB reserved,      96.75 MB (  8%) committed. 

Chunk freelists:
   Non-Class:  9.39 MB
       Class:  5.43 MB
        Both:  14.82 MB

MaxMetaspaceSize: unlimited
CompressedClassSpaceSize: 1.00 GB
Initial GC threshold: 21.00 MB
Current GC threshold: 161.25 MB
CDS: off
MetaspaceReclaimPolicy: balanced
 - commit_granule_bytes: 65536.
 - commit_granule_words: 8192.
 - virtual_space_node_default_size: 8388608.
 - enlarge_chunks_in_place: 1.
 - new_chunks_are_fully_committed: 0.
 - uncommit_free_chunks: 1.
 - use_allocation_guard: 0.
 - handle_deallocations: 1.


Internal statistics:

num_allocs_failed_limit: 9.
num_arena_births: 1220.
num_arena_deaths: 34.
num_vsnodes_births: 3.
num_vsnodes_deaths: 0.
num_space_committed: 1548.
num_space_uncommitted: 0.
num_chunks_returned_to_freelist: 52.
num_chunks_taken_from_freelist: 5400.
num_chunk_merges: 25.
num_chunk_splits: 3304.
num_chunks_enlarged: 1849.
num_inconsistent_stats: 0.

CodeHeap 'non-profiled nmethods': size=119168Kb used=14915Kb max_used=14915Kb free=104252Kb
 bounds [0x000001596bd20000, 0x000001596cbc0000, 0x0000015973180000]
CodeHeap 'profiled nmethods': size=119104Kb used=36965Kb max_used=38209Kb free=82138Kb
 bounds [0x0000015964180000, 0x00000159666e0000, 0x000001596b5d0000]
CodeHeap 'non-nmethods': size=7488Kb used=1467Kb max_used=3217Kb free=6020Kb
 bounds [0x000001596b5d0000, 0x000001596b940000, 0x000001596bd20000]
 total_blobs=18123 nmethods=17289 adapters=741
 compilation: enabled
              stopped_count=0, restarted_count=0
 full_count=0

Compilation events (20 events):
Event: 250.329 Thread 0x000001597a762500 nmethod 23916 0x000001596cbaf910 code [0x000001596cbafaa0, 0x000001596cbafbf8]
Event: 250.621 Thread 0x000001597a766170 23917       1       org.eclipse.lsp4j.SemanticTokensParams::getTextDocument (5 bytes)
Event: 250.621 Thread 0x000001597a766170 nmethod 23917 0x000001596cbafd90 code [0x000001596cbaff20, 0x000001596cbafff8]
Event: 250.625 Thread 0x000001597a766170 23918       3       org.eclipse.jdt.internal.compiler.parser.RecoveredField::updateSourceEndIfNecessary (27 bytes)
Event: 250.626 Thread 0x000001597a766170 nmethod 23918 0x0000015964cd5c90 code [0x0000015964cd5e20, 0x0000015964cd5f78]
Event: 250.626 Thread 0x000001597a766170 23919       3       org.eclipse.jdt.internal.compiler.parser.Parser::annotationRecoveryCheckPoint (16 bytes)
Event: 250.626 Thread 0x000001597a766170 nmethod 23919 0x0000015965ff2290 code [0x0000015965ff2420, 0x0000015965ff2578]
Event: 250.626 Thread 0x000001597a766170 23920       3       org.eclipse.jdt.internal.compiler.parser.RecoveredField::updatedFieldDeclaration (566 bytes)
Event: 250.627 Thread 0x000001597a766170 nmethod 23920 0x0000015965ab8d90 code [0x0000015965ab9060, 0x0000015965aba4b8]
Event: 250.639 Thread 0x000001597a762500 23921   !   4       jdk.internal.reflect.GeneratedConstructorAccessor26::newInstance (53 bytes)
Event: 250.642 Thread 0x000001597a762500 nmethod 23921 0x000001596cbb0090 code [0x000001596cbb0240, 0x000001596cbb03e8]
Event: 250.655 Thread 0x000001597a762500 23922   !   4       org.eclipse.jdt.core.dom.VariableDeclaration::getName (61 bytes)
Event: 250.656 Thread 0x000001597a762500 nmethod 23922 0x000001596cbb0610 code [0x000001596cbb0780, 0x000001596cbb0818]
Event: 250.845 Thread 0x000001597a766170 23923       3       org.eclipse.jdt.internal.corext.util.JdtFlags::isStatic (68 bytes)
Event: 250.847 Thread 0x000001597a766170 nmethod 23923 0x000001596621ab10 code [0x000001596621adc0, 0x000001596621be08]
Event: 250.847 Thread 0x000001597a766170 23924       3       org.eclipse.jdt.internal.corext.util.JdtFlags::isNestedInterfaceOrAnnotation (34 bytes)
Event: 250.847 Thread 0x000001597a766170 nmethod 23924 0x000001596516ef90 code [0x000001596516f180, 0x000001596516f6e8]
Event: 250.940 Thread 0x000001597a762500 23925       4       jdk.internal.misc.Unsafe::allocateMemory (65 bytes)
Event: 250.941 Thread 0x000001597a762500 nmethod 23925 0x000001596cbb0910 code [0x000001596cbb0aa0, 0x000001596cbb0be8]
Event: 251.039 Thread 0x000001597a762500 23926   !   4       org.eclipse.jdt.internal.compiler.parser.diagnose.DiagnoseParser::diagnoseParse0 (1330 bytes)

GC Heap History (20 events):
Event: 250.219 GC heap before
{Heap before GC invocations=945 (full 27):
 PSYoungGen      total 4608K, used 4512K [0x00000000eab00000, 0x00000000eb080000, 0x0000000100000000)
  eden space 4096K, 100% used [0x00000000eab00000,0x00000000eaf00000,0x00000000eaf00000)
  from space 512K, 81% used [0x00000000eb000000,0x00000000eb068000,0x00000000eb080000)
  to   space 512K, 0% used [0x00000000eaf80000,0x00000000eaf80000,0x00000000eb000000)
 ParOldGen       total 153088K, used 126308K [0x00000000c0000000, 0x00000000c9580000, 0x00000000eab00000)
  object space 153088K, 82% used [0x00000000c0000000,0x00000000c7b591b8,0x00000000c9580000)
 Metaspace       used 97475K, committed 99072K, reserved 1179648K
  class space    used 10016K, committed 10752K, reserved 1048576K
}
Event: 250.220 GC heap after
{Heap after GC invocations=945 (full 27):
 PSYoungGen      total 4608K, used 506K [0x00000000eab00000, 0x00000000eb100000, 0x0000000100000000)
  eden space 4096K, 0% used [0x00000000eab00000,0x00000000eab00000,0x00000000eaf00000)
  from space 512K, 98% used [0x00000000eaf80000,0x00000000eaffe900,0x00000000eb000000)
  to   space 1024K, 0% used [0x00000000eb000000,0x00000000eb000000,0x00000000eb100000)
 ParOldGen       total 153088K, used 126492K [0x00000000c0000000, 0x00000000c9580000, 0x00000000eab00000)
  object space 153088K, 82% used [0x00000000c0000000,0x00000000c7b871b8,0x00000000c9580000)
 Metaspace       used 97475K, committed 99072K, reserved 1179648K
  class space    used 10016K, committed 10752K, reserved 1048576K
}
Event: 250.227 GC heap before
{Heap before GC invocations=946 (full 27):
 PSYoungGen      total 4608K, used 4602K [0x00000000eab00000, 0x00000000eb100000, 0x0000000100000000)
  eden space 4096K, 100% used [0x00000000eab00000,0x00000000eaf00000,0x00000000eaf00000)
  from space 512K, 98% used [0x00000000eaf80000,0x00000000eaffe900,0x00000000eb000000)
  to   space 1024K, 0% used [0x00000000eb000000,0x00000000eb000000,0x00000000eb100000)
 ParOldGen       total 153088K, used 126492K [0x00000000c0000000, 0x00000000c9580000, 0x00000000eab00000)
  object space 153088K, 82% used [0x00000000c0000000,0x00000000c7b871b8,0x00000000c9580000)
 Metaspace       used 97475K, committed 99072K, reserved 1179648K
  class space    used 10016K, committed 10752K, reserved 1048576K
}
Event: 250.229 GC heap after
{Heap after GC invocations=946 (full 27):
 PSYoungGen      total 5120K, used 666K [0x00000000eab00000, 0x00000000eb100000, 0x0000000100000000)
  eden space 4096K, 0% used [0x00000000eab00000,0x00000000eab00000,0x00000000eaf00000)
  from space 1024K, 65% used [0x00000000eb000000,0x00000000eb0a6920,0x00000000eb100000)
  to   space 1024K, 0% used [0x00000000eaf00000,0x00000000eaf00000,0x00000000eb000000)
 ParOldGen       total 153088K, used 126960K [0x00000000c0000000, 0x00000000c9580000, 0x00000000eab00000)
  object space 153088K, 82% used [0x00000000c0000000,0x00000000c7bfc1e8,0x00000000c9580000)
 Metaspace       used 97475K, committed 99072K, reserved 1179648K
  class space    used 10016K, committed 10752K, reserved 1048576K
}
Event: 250.236 GC heap before
{Heap before GC invocations=947 (full 27):
 PSYoungGen      total 5120K, used 4762K [0x00000000eab00000, 0x00000000eb100000, 0x0000000100000000)
  eden space 4096K, 100% used [0x00000000eab00000,0x00000000eaf00000,0x00000000eaf00000)
  from space 1024K, 65% used [0x00000000eb000000,0x00000000eb0a6920,0x00000000eb100000)
  to   space 1024K, 0% used [0x00000000eaf00000,0x00000000eaf00000,0x00000000eb000000)
 ParOldGen       total 153088K, used 126960K [0x00000000c0000000, 0x00000000c9580000, 0x00000000eab00000)
  object space 153088K, 82% used [0x00000000c0000000,0x00000000c7bfc1e8,0x00000000c9580000)
 Metaspace       used 97475K, committed 99072K, reserved 1179648K
  class space    used 10016K, committed 10752K, reserved 1048576K
}
Event: 250.237 GC heap after
{Heap after GC invocations=947 (full 27):
 PSYoungGen      total 5120K, used 688K [0x00000000eab00000, 0x00000000eb100000, 0x0000000100000000)
  eden space 4096K, 0% used [0x00000000eab00000,0x00000000eab00000,0x00000000eaf00000)
  from space 1024K, 67% used [0x00000000eaf00000,0x00000000eafac010,0x00000000eb000000)
  to   space 1024K, 0% used [0x00000000eb000000,0x00000000eb000000,0x00000000eb100000)
 ParOldGen       total 153088K, used 127397K [0x00000000c0000000, 0x00000000c9580000, 0x00000000eab00000)
  object space 153088K, 83% used [0x00000000c0000000,0x00000000c7c69408,0x00000000c9580000)
 Metaspace       used 97475K, committed 99072K, reserved 1179648K
  class space    used 10016K, committed 10752K, reserved 1048576K
}
Event: 250.544 GC heap before
{Heap before GC invocations=948 (full 27):
 PSYoungGen      total 5120K, used 4784K [0x00000000eab00000, 0x00000000eb100000, 0x0000000100000000)
  eden space 4096K, 100% used [0x00000000eab00000,0x00000000eaf00000,0x00000000eaf00000)
  from space 1024K, 67% used [0x00000000eaf00000,0x00000000eafac010,0x00000000eb000000)
  to   space 1024K, 0% used [0x00000000eb000000,0x00000000eb000000,0x00000000eb100000)
 ParOldGen       total 153088K, used 127397K [0x00000000c0000000, 0x00000000c9580000, 0x00000000eab00000)
  object space 153088K, 83% used [0x00000000c0000000,0x00000000c7c69408,0x00000000c9580000)
 Metaspace       used 97475K, committed 99072K, reserved 1179648K
  class space    used 10016K, committed 10752K, reserved 1048576K
}
Event: 250.546 GC heap after
{Heap after GC invocations=948 (full 27):
 PSYoungGen      total 5120K, used 698K [0x00000000eab00000, 0x00000000eb100000, 0x0000000100000000)
  eden space 4096K, 0% used [0x00000000eab00000,0x00000000eab00000,0x00000000eaf00000)
  from space 1024K, 68% used [0x00000000eb000000,0x00000000eb0ae920,0x00000000eb100000)
  to   space 1024K, 0% used [0x00000000eaf00000,0x00000000eaf00000,0x00000000eb000000)
 ParOldGen       total 153088K, used 127908K [0x00000000c0000000, 0x00000000c9580000, 0x00000000eab00000)
  object space 153088K, 83% used [0x00000000c0000000,0x00000000c7ce9238,0x00000000c9580000)
 Metaspace       used 97475K, committed 99072K, reserved 1179648K
  class space    used 10016K, committed 10752K, reserved 1048576K
}
Event: 250.630 GC heap before
{Heap before GC invocations=949 (full 27):
 PSYoungGen      total 5120K, used 4794K [0x00000000eab00000, 0x00000000eb100000, 0x0000000100000000)
  eden space 4096K, 100% used [0x00000000eab00000,0x00000000eaf00000,0x00000000eaf00000)
  from space 1024K, 68% used [0x00000000eb000000,0x00000000eb0ae920,0x00000000eb100000)
  to   space 1024K, 0% used [0x00000000eaf00000,0x00000000eaf00000,0x00000000eb000000)
 ParOldGen       total 153088K, used 127908K [0x00000000c0000000, 0x00000000c9580000, 0x00000000eab00000)
  object space 153088K, 83% used [0x00000000c0000000,0x00000000c7ce9238,0x00000000c9580000)
 Metaspace       used 97482K, committed 99072K, reserved 1179648K
  class space    used 10016K, committed 10752K, reserved 1048576K
}
Event: 250.632 GC heap after
{Heap after GC invocations=949 (full 27):
 PSYoungGen      total 5120K, used 682K [0x00000000eab00000, 0x00000000eb100000, 0x0000000100000000)
  eden space 4096K, 0% used [0x00000000eab00000,0x00000000eab00000,0x00000000eaf00000)
  from space 1024K, 66% used [0x00000000eaf00000,0x00000000eafaa930,0x00000000eb000000)
  to   space 1024K, 0% used [0x00000000eb000000,0x00000000eb000000,0x00000000eb100000)
 ParOldGen       total 153088K, used 128236K [0x00000000c0000000, 0x00000000c9580000, 0x00000000eab00000)
  object space 153088K, 83% used [0x00000000c0000000,0x00000000c7d3b068,0x00000000c9580000)
 Metaspace       used 97482K, committed 99072K, reserved 1179648K
  class space    used 10016K, committed 10752K, reserved 1048576K
}
Event: 250.646 GC heap before
{Heap before GC invocations=950 (full 27):
 PSYoungGen      total 5120K, used 4778K [0x00000000eab00000, 0x00000000eb100000, 0x0000000100000000)
  eden space 4096K, 100% used [0x00000000eab00000,0x00000000eaf00000,0x00000000eaf00000)
  from space 1024K, 66% used [0x00000000eaf00000,0x00000000eafaa930,0x00000000eb000000)
  to   space 1024K, 0% used [0x00000000eb000000,0x00000000eb000000,0x00000000eb100000)
 ParOldGen       total 153088K, used 128236K [0x00000000c0000000, 0x00000000c9580000, 0x00000000eab00000)
  object space 153088K, 83% used [0x00000000c0000000,0x00000000c7d3b068,0x00000000c9580000)
 Metaspace       used 97482K, committed 99072K, reserved 1179648K
  class space    used 10016K, committed 10752K, reserved 1048576K
}
Event: 250.648 GC heap after
{Heap after GC invocations=950 (full 27):
 PSYoungGen      total 5120K, used 448K [0x00000000eab00000, 0x00000000eb100000, 0x0000000100000000)
  eden space 4096K, 0% used [0x00000000eab00000,0x00000000eab00000,0x00000000eaf00000)
  from space 1024K, 43% used [0x00000000eb000000,0x00000000eb070000,0x00000000eb100000)
  to   space 1024K, 0% used [0x00000000eaf00000,0x00000000eaf00000,0x00000000eb000000)
 ParOldGen       total 153088K, used 128800K [0x00000000c0000000, 0x00000000c9580000, 0x00000000eab00000)
  object space 153088K, 84% used [0x00000000c0000000,0x00000000c7dc80b8,0x00000000c9580000)
 Metaspace       used 97482K, committed 99072K, reserved 1179648K
  class space    used 10016K, committed 10752K, reserved 1048576K
}
Event: 250.851 GC heap before
{Heap before GC invocations=951 (full 27):
 PSYoungGen      total 5120K, used 4543K [0x00000000eab00000, 0x00000000eb100000, 0x0000000100000000)
  eden space 4096K, 99% used [0x00000000eab00000,0x00000000eaeffff8,0x00000000eaf00000)
  from space 1024K, 43% used [0x00000000eb000000,0x00000000eb070000,0x00000000eb100000)
  to   space 1024K, 0% used [0x00000000eaf00000,0x00000000eaf00000,0x00000000eb000000)
 ParOldGen       total 153088K, used 128800K [0x00000000c0000000, 0x00000000c9580000, 0x00000000eab00000)
  object space 153088K, 84% used [0x00000000c0000000,0x00000000c7dc80b8,0x00000000c9580000)
 Metaspace       used 97484K, committed 99072K, reserved 1179648K
  class space    used 10016K, committed 10752K, reserved 1048576K
}
Event: 250.852 GC heap after
{Heap after GC invocations=951 (full 27):
 PSYoungGen      total 5120K, used 666K [0x00000000eab00000, 0x00000000eb100000, 0x0000000100000000)
  eden space 4096K, 0% used [0x00000000eab00000,0x00000000eab00000,0x00000000eaf00000)
  from space 1024K, 65% used [0x00000000eaf00000,0x00000000eafa6920,0x00000000eb000000)
  to   space 1024K, 0% used [0x00000000eb000000,0x00000000eb000000,0x00000000eb100000)
 ParOldGen       total 153088K, used 129144K [0x00000000c0000000, 0x00000000c9580000, 0x00000000eab00000)
  object space 153088K, 84% used [0x00000000c0000000,0x00000000c7e1e0d8,0x00000000c9580000)
 Metaspace       used 97484K, committed 99072K, reserved 1179648K
  class space    used 10016K, committed 10752K, reserved 1048576K
}
Event: 251.027 GC heap before
{Heap before GC invocations=952 (full 27):
 PSYoungGen      total 5120K, used 4762K [0x00000000eab00000, 0x00000000eb100000, 0x0000000100000000)
  eden space 4096K, 99% used [0x00000000eab00000,0x00000000eaefffc8,0x00000000eaf00000)
  from space 1024K, 65% used [0x00000000eaf00000,0x00000000eafa6920,0x00000000eb000000)
  to   space 1024K, 0% used [0x00000000eb000000,0x00000000eb000000,0x00000000eb100000)
 ParOldGen       total 153088K, used 129144K [0x00000000c0000000, 0x00000000c9580000, 0x00000000eab00000)
  object space 153088K, 84% used [0x00000000c0000000,0x00000000c7e1e0d8,0x00000000c9580000)
 Metaspace       used 97484K, committed 99072K, reserved 1179648K
  class space    used 10016K, committed 10752K, reserved 1048576K
}
Event: 251.028 GC heap after
{Heap after GC invocations=952 (full 27):
 PSYoungGen      total 5120K, used 730K [0x00000000eab00000, 0x00000000eb100000, 0x0000000100000000)
  eden space 4096K, 0% used [0x00000000eab00000,0x00000000eab00000,0x00000000eaf00000)
  from space 1024K, 71% used [0x00000000eb000000,0x00000000eb0b6900,0x00000000eb100000)
  to   space 1024K, 0% used [0x00000000eaf00000,0x00000000eaf00000,0x00000000eb000000)
 ParOldGen       total 153088K, used 129452K [0x00000000c0000000, 0x00000000c9580000, 0x00000000eab00000)
  object space 153088K, 84% used [0x00000000c0000000,0x00000000c7e6b350,0x00000000c9580000)
 Metaspace       used 97484K, committed 99072K, reserved 1179648K
  class space    used 10016K, committed 10752K, reserved 1048576K
}
Event: 251.034 GC heap before
{Heap before GC invocations=953 (full 27):
 PSYoungGen      total 5120K, used 4826K [0x00000000eab00000, 0x00000000eb100000, 0x0000000100000000)
  eden space 4096K, 100% used [0x00000000eab00000,0x00000000eaf00000,0x00000000eaf00000)
  from space 1024K, 71% used [0x00000000eb000000,0x00000000eb0b6900,0x00000000eb100000)
  to   space 1024K, 0% used [0x00000000eaf00000,0x00000000eaf00000,0x00000000eb000000)
 ParOldGen       total 153088K, used 129452K [0x00000000c0000000, 0x00000000c9580000, 0x00000000eab00000)
  object space 153088K, 84% used [0x00000000c0000000,0x00000000c7e6b350,0x00000000c9580000)
 Metaspace       used 97484K, committed 99072K, reserved 1179648K
  class space    used 10016K, committed 10752K, reserved 1048576K
}
Event: 251.036 GC heap after
{Heap after GC invocations=953 (full 27):
 PSYoungGen      total 5120K, used 528K [0x00000000eab00000, 0x00000000eb100000, 0x0000000100000000)
  eden space 4096K, 0% used [0x00000000eab00000,0x00000000eab00000,0x00000000eaf00000)
  from space 1024K, 51% used [0x00000000eaf00000,0x00000000eaf84010,0x00000000eb000000)
  to   space 1024K, 0% used [0x00000000eb000000,0x00000000eb000000,0x00000000eb100000)
 ParOldGen       total 153088K, used 129960K [0x00000000c0000000, 0x00000000c9580000, 0x00000000eab00000)
  object space 153088K, 84% used [0x00000000c0000000,0x00000000c7eea380,0x00000000c9580000)
 Metaspace       used 97484K, committed 99072K, reserved 1179648K
  class space    used 10016K, committed 10752K, reserved 1048576K
}
Event: 251.046 GC heap before
{Heap before GC invocations=954 (full 27):
 PSYoungGen      total 5120K, used 4624K [0x00000000eab00000, 0x00000000eb100000, 0x0000000100000000)
  eden space 4096K, 100% used [0x00000000eab00000,0x00000000eaf00000,0x00000000eaf00000)
  from space 1024K, 51% used [0x00000000eaf00000,0x00000000eaf84010,0x00000000eb000000)
  to   space 1024K, 0% used [0x00000000eb000000,0x00000000eb000000,0x00000000eb100000)
 ParOldGen       total 153088K, used 129960K [0x00000000c0000000, 0x00000000c9580000, 0x00000000eab00000)
  object space 153088K, 84% used [0x00000000c0000000,0x00000000c7eea380,0x00000000c9580000)
 Metaspace       used 97484K, committed 99072K, reserved 1179648K
  class space    used 10016K, committed 10752K, reserved 1048576K
}
Event: 251.047 GC heap after
{Heap after GC invocations=954 (full 27):
 PSYoungGen      total 5120K, used 826K [0x00000000eab00000, 0x00000000eb100000, 0x0000000100000000)
  eden space 4096K, 0% used [0x00000000eab00000,0x00000000eab00000,0x00000000eaf00000)
  from space 1024K, 80% used [0x00000000eb000000,0x00000000eb0ce900,0x00000000eb100000)
  to   space 1024K, 0% used [0x00000000eaf00000,0x00000000eaf00000,0x00000000eb000000)
 ParOldGen       total 153088K, used 130312K [0x00000000c0000000, 0x00000000c9580000, 0x00000000eab00000)
  object space 153088K, 85% used [0x00000000c0000000,0x00000000c7f423a0,0x00000000c9580000)
 Metaspace       used 97484K, committed 99072K, reserved 1179648K
  class space    used 10016K, committed 10752K, reserved 1048576K
}

Dll operation events (12 events):
Event: 0.011 Loaded shared library c:\Users\prane\.vscode\extensions\redhat.java-1.35.0-win32-x64\jre\17.0.12-win32-x86_64\bin\java.dll
Event: 0.222 Loaded shared library c:\Users\prane\.vscode\extensions\redhat.java-1.35.0-win32-x64\jre\17.0.12-win32-x86_64\bin\zip.dll
Event: 0.225 Loaded shared library C:\Users\prane\.vscode\extensions\redhat.java-1.35.0-win32-x64\jre\17.0.12-win32-x86_64\bin\instrument.dll
Event: 0.236 Loaded shared library C:\Users\prane\.vscode\extensions\redhat.java-1.35.0-win32-x64\jre\17.0.12-win32-x86_64\bin\net.dll
Event: 0.237 Loaded shared library C:\Users\prane\.vscode\extensions\redhat.java-1.35.0-win32-x64\jre\17.0.12-win32-x86_64\bin\nio.dll
Event: 0.243 Loaded shared library C:\Users\prane\.vscode\extensions\redhat.java-1.35.0-win32-x64\jre\17.0.12-win32-x86_64\bin\zip.dll
Event: 0.265 Loaded shared library C:\Users\prane\.vscode\extensions\redhat.java-1.35.0-win32-x64\jre\17.0.12-win32-x86_64\bin\jimage.dll
Event: 0.334 Loaded shared library c:\Users\prane\.vscode\extensions\redhat.java-1.35.0-win32-x64\jre\17.0.12-win32-x86_64\bin\verify.dll
Event: 4.393 Loaded shared library C:\Users\prane\AppData\Roaming\Code\User\globalStorage\redhat.java\1.35.0\config_win\org.eclipse.equinox.launcher\org.eclipse.equinox.launcher.win32.win32.x86_64_1.2.1100.v20240722-2106\eclipse_11904.dll
Event: 12.836 Loaded shared library C:\Users\prane\AppData\Local\Temp\jna-106927254\jna17671209418822361593.dll
Event: 14.551 Loaded shared library C:\Users\prane\.vscode\extensions\redhat.java-1.35.0-win32-x64\jre\17.0.12-win32-x86_64\bin\sunmscapi.dll
Event: 14.950 Loaded shared library C:\Users\prane\.vscode\extensions\redhat.java-1.35.0-win32-x64\jre\17.0.12-win32-x86_64\bin\extnet.dll

Deoptimization events (20 events):
Event: 246.010 Thread 0x000001597d3b1980 DEOPT PACKING pc=0x000001596c96c768 sp=0x000000513c7fded0
Event: 246.011 Thread 0x000001597d3b1980 DEOPT UNPACKING pc=0x000001596b6266a3 sp=0x000000513c7fde98 mode 2
Event: 246.011 Thread 0x000001597d3b1980 Uncommon trap: trap_request=0xffffffd6 fr.pc=0x000001596c96c768 relative=0x00000000000012e8
Event: 246.011 Thread 0x000001597d3b1980 Uncommon trap: reason=array_check action=maybe_recompile pc=0x000001596c96c768 method=java.util.TimSort.mergeHi(IIII)V @ 101 c2
Event: 246.011 Thread 0x000001597d3b1980 DEOPT PACKING pc=0x000001596c96c768 sp=0x000000513c7fded0
Event: 246.011 Thread 0x000001597d3b1980 DEOPT UNPACKING pc=0x000001596b6266a3 sp=0x000000513c7fde98 mode 2
Event: 246.032 Thread 0x000001597d3b1980 Uncommon trap: trap_request=0xffffffd6 fr.pc=0x000001596c96c768 relative=0x00000000000012e8
Event: 246.032 Thread 0x000001597d3b1980 Uncommon trap: reason=array_check action=maybe_recompile pc=0x000001596c96c768 method=java.util.TimSort.mergeHi(IIII)V @ 101 c2
Event: 246.032 Thread 0x000001597d3b1980 DEOPT PACKING pc=0x000001596c96c768 sp=0x000000513c7fded0
Event: 246.032 Thread 0x000001597d3b1980 DEOPT UNPACKING pc=0x000001596b6266a3 sp=0x000000513c7fde98 mode 2
Event: 246.032 Thread 0x000001597d3b1980 Uncommon trap: trap_request=0xffffffd6 fr.pc=0x000001596c96c768 relative=0x00000000000012e8
Event: 246.032 Thread 0x000001597d3b1980 Uncommon trap: reason=array_check action=maybe_recompile pc=0x000001596c96c768 method=java.util.TimSort.mergeHi(IIII)V @ 101 c2
Event: 246.032 Thread 0x000001597d3b1980 DEOPT PACKING pc=0x000001596c96c768 sp=0x000000513c7fded0
Event: 246.032 Thread 0x000001597d3b1980 DEOPT UNPACKING pc=0x000001596b6266a3 sp=0x000000513c7fde98 mode 2
Event: 246.667 Thread 0x000001597ef83f90 Uncommon trap: trap_request=0xffffffbe fr.pc=0x000001596bef9d34 relative=0x0000000000000b94
Event: 246.667 Thread 0x000001597ef83f90 Uncommon trap: reason=profile_predicate action=maybe_recompile pc=0x000001596bef9d34 method=org.eclipse.jdt.internal.core.JavaProject.internalDefaultRootModules(Ljava/lang/Iterable;Ljava/util/function/Function;Ljava/util/function/Function;)Ljava/util/List
Event: 246.667 Thread 0x000001597ef83f90 DEOPT PACKING pc=0x000001596bef9d34 sp=0x000000513bffe000
Event: 246.668 Thread 0x000001597ef83f90 DEOPT UNPACKING pc=0x000001596b6266a3 sp=0x000000513bffdfd0 mode 2
Event: 251.039 Thread 0x000001597dbdcc90 DEOPT PACKING pc=0x000001596649a9ec sp=0x000000513bbfe4c0
Event: 251.039 Thread 0x000001597dbdcc90 DEOPT UNPACKING pc=0x000001596b626e43 sp=0x000000513bbfd9e0 mode 0

Classes loaded (20 events):
Event: 47.679 Loading class java/lang/ProcessHandleImpl$ExitCompletion
Event: 47.679 Loading class java/lang/ProcessHandleImpl$ExitCompletion done
Event: 47.679 Loading class java/lang/ProcessHandleImpl$1
Event: 47.679 Loading class java/lang/ProcessHandleImpl$1 done
Event: 47.680 Loading class java/util/concurrent/CompletableFuture$UniHandle
Event: 47.680 Loading class java/util/concurrent/CompletableFuture$UniHandle done
Event: 109.542 Loading class java/util/stream/ReduceOps$2
Event: 109.543 Loading class java/util/stream/ReduceOps$2 done
Event: 109.543 Loading class java/util/stream/ReduceOps$2ReducingSink
Event: 109.544 Loading class java/util/stream/ReduceOps$2ReducingSink done
Event: 124.012 Loading class java/nio/BufferMismatch
Event: 124.013 Loading class java/nio/BufferMismatch done
Event: 155.528 Loading class java/io/CharArrayReader
Event: 155.528 Loading class java/io/CharArrayReader done
Event: 155.529 Loading class java/util/regex/Pattern$Bound
Event: 155.529 Loading class java/util/regex/Pattern$Bound done
Event: 178.123 Loading class java/util/stream/ReferencePipeline$15
Event: 178.124 Loading class java/util/stream/ReferencePipeline$15 done
Event: 178.125 Loading class java/util/stream/ReferencePipeline$15$1
Event: 178.125 Loading class java/util/stream/ReferencePipeline$15$1 done

Classes unloaded (17 events):
Event: 13.829 Thread 0x000001597a7222e0 Unloading class 0x0000000100282000 'java/lang/invoke/LambdaForm$MH+0x0000000100282000'
Event: 13.829 Thread 0x000001597a7222e0 Unloading class 0x0000000100281c00 'java/lang/invoke/LambdaForm$MH+0x0000000100281c00'
Event: 13.829 Thread 0x000001597a7222e0 Unloading class 0x0000000100281800 'java/lang/invoke/LambdaForm$MH+0x0000000100281800'
Event: 13.829 Thread 0x000001597a7222e0 Unloading class 0x0000000100281400 'java/lang/invoke/LambdaForm$MH+0x0000000100281400'
Event: 13.829 Thread 0x000001597a7222e0 Unloading class 0x0000000100281000 'java/lang/invoke/LambdaForm$BMH+0x0000000100281000'
Event: 13.829 Thread 0x000001597a7222e0 Unloading class 0x0000000100280c00 'java/lang/invoke/LambdaForm$DMH+0x0000000100280c00'
Event: 13.829 Thread 0x000001597a7222e0 Unloading class 0x000000010023c400 'java/lang/invoke/LambdaForm$DMH+0x000000010023c400'
Event: 29.500 Thread 0x000001597a7222e0 Unloading class 0x0000000100880400 'java/lang/invoke/LambdaForm$DMH+0x0000000100880400'
Event: 29.500 Thread 0x000001597a7222e0 Unloading class 0x000000010085d000 'java/lang/invoke/LambdaForm$DMH+0x000000010085d000'
Event: 36.706 Thread 0x000001597a7222e0 Unloading class 0x00000001008d8800 'java/lang/invoke/LambdaForm$MH+0x00000001008d8800'
Event: 36.706 Thread 0x000001597a7222e0 Unloading class 0x00000001008d5c00 'java/lang/invoke/LambdaForm$MH+0x00000001008d5c00'
Event: 36.706 Thread 0x000001597a7222e0 Unloading class 0x00000001008d8400 'java/lang/invoke/LambdaForm$MH+0x00000001008d8400'
Event: 36.706 Thread 0x000001597a7222e0 Unloading class 0x00000001008d8000 'java/lang/invoke/LambdaForm$MH+0x00000001008d8000'
Event: 36.706 Thread 0x000001597a7222e0 Unloading class 0x00000001008d4800 'java/lang/invoke/LambdaForm$DMH+0x00000001008d4800'
Event: 36.706 Thread 0x000001597a7222e0 Unloading class 0x00000001008d5000 'java/lang/invoke/LambdaForm$DMH+0x00000001008d5000'
Event: 36.706 Thread 0x000001597a7222e0 Unloading class 0x00000001008d4c00 'java/lang/invoke/LambdaForm$DMH+0x00000001008d4c00'
Event: 36.706 Thread 0x000001597a7222e0 Unloading class 0x00000001008d5400 'java/lang/invoke/LambdaForm$DMH+0x00000001008d5400'

Classes redefined (0 events):
No events

Internal exceptions (20 events):
Event: 174.877 Thread 0x000001597d7b29b0 Implicit null exception at 0x000001596c8f9455 to 0x000001596c8f94d8
Event: 174.997 Thread 0x000001597d7b29b0 Implicit null exception at 0x000001596c5476fb to 0x000001596c547bf0
Event: 178.138 Thread 0x000001597ef86810 Exception <a 'java/lang/ArrayIndexOutOfBoundsException'{0x00000000ead7dac8}> (0x00000000ead7dac8) 
thrown [s\src\hotspot\share\runtime\sharedRuntime.cpp, line 631]
Event: 178.471 Thread 0x000001597ef86810 Implicit null exception at 0x000001596c532c39 to 0x000001596c532e94
Event: 179.194 Thread 0x000001597d7b1a80 Implicit null exception at 0x000001596c1bc0cc to 0x000001596c1bc174
Event: 179.253 Thread 0x000001597d7b1a80 Implicit null exception at 0x000001596c4be248 to 0x000001596c4be26b
Event: 181.372 Thread 0x000001597ef83570 Exception <a 'java/lang/ArrayIndexOutOfBoundsException'{0x00000000eafd1708}> (0x00000000eafd1708) 
thrown [s\src\hotspot\share\runtime\sharedRuntime.cpp, line 631]
Event: 181.516 Thread 0x000001597ef83570 Exception <a 'java/lang/ArrayIndexOutOfBoundsException'{0x00000000eafaf0a0}> (0x00000000eafaf0a0) 
thrown [s\src\hotspot\share\runtime\sharedRuntime.cpp, line 631]
Event: 182.563 Thread 0x000001597ef85df0 Exception <a 'java/lang/ArrayIndexOutOfBoundsException'{0x00000000eac8e950}> (0x00000000eac8e950) 
thrown [s\src\hotspot\share\runtime\sharedRuntime.cpp, line 631]
Event: 182.616 Thread 0x000001597ef85df0 Exception <a 'java/lang/ArrayIndexOutOfBoundsException'{0x00000000eabebc68}> (0x00000000eabebc68) 
thrown [s\src\hotspot\share\runtime\sharedRuntime.cpp, line 631]
Event: 183.053 Thread 0x000001597ef85df0 Exception <a 'java/lang/ArrayIndexOutOfBoundsException'{0x00000000eb241040}> (0x00000000eb241040) 
thrown [s\src\hotspot\share\runtime\sharedRuntime.cpp, line 631]
Event: 184.529 Thread 0x000001597ef85df0 Exception <a 'java/lang/ArrayIndexOutOfBoundsException'{0x00000000eb2b59a0}> (0x00000000eb2b59a0) 
thrown [s\src\hotspot\share\runtime\sharedRuntime.cpp, line 631]
Event: 184.874 Thread 0x000001597d7b1570 Exception <a 'java/lang/ArrayIndexOutOfBoundsException'{0x00000000eae79e00}> (0x00000000eae79e00) 
thrown [s\src\hotspot\share\runtime\sharedRuntime.cpp, line 631]
Event: 184.921 Thread 0x000001597ef85df0 Exception <a 'java/lang/ArrayIndexOutOfBoundsException'{0x00000000ead5b910}> (0x00000000ead5b910) 
thrown [s\src\hotspot\share\runtime\sharedRuntime.cpp, line 631]
Event: 186.207 Thread 0x000001597dbdc780 Exception <a 'java/lang/ArrayIndexOutOfBoundsException'{0x00000000eacd7b48}> (0x00000000eacd7b48) 
thrown [s\src\hotspot\share\runtime\sharedRuntime.cpp, line 631]
Event: 186.225 Thread 0x000001597dbdc780 Exception <a 'java/lang/ArrayIndexOutOfBoundsException'{0x00000000eac6d2a8}> (0x00000000eac6d2a8) 
thrown [s\src\hotspot\share\runtime\sharedRuntime.cpp, line 631]
Event: 187.816 Thread 0x000001590112b960 Exception <a 'java/lang/ClassNotFoundException'{0x00000000eadd6f60}: sun/net/www/protocol/jdt/Handler> (0x00000000eadd6f60) 
thrown [s\src\hotspot\share\classfile\systemDictionary.cpp, line 256]
Event: 194.191 Thread 0x000001597ef86810 Implicit null exception at 0x000001596c73ad0a to 0x000001596c73bef0
Event: 221.246 Thread 0x000001597d7b1f90 Implicit null exception at 0x000001596cab05ee to 0x000001596cab3cd4
Event: 222.945 Thread 0x000001597ef86810 Implicit null exception at 0x000001596c507fb9 to 0x000001596c508fd8

VM Operations (20 events):
Event: 250.219 Executing VM operation: ParallelGCFailedAllocation
Event: 250.220 Executing VM operation: ParallelGCFailedAllocation done
Event: 250.227 Executing VM operation: ParallelGCFailedAllocation
Event: 250.229 Executing VM operation: ParallelGCFailedAllocation done
Event: 250.236 Executing VM operation: ParallelGCFailedAllocation
Event: 250.237 Executing VM operation: ParallelGCFailedAllocation done
Event: 250.544 Executing VM operation: ParallelGCFailedAllocation
Event: 250.546 Executing VM operation: ParallelGCFailedAllocation done
Event: 250.630 Executing VM operation: ParallelGCFailedAllocation
Event: 250.632 Executing VM operation: ParallelGCFailedAllocation done
Event: 250.646 Executing VM operation: ParallelGCFailedAllocation
Event: 250.648 Executing VM operation: ParallelGCFailedAllocation done
Event: 250.851 Executing VM operation: ParallelGCFailedAllocation
Event: 250.852 Executing VM operation: ParallelGCFailedAllocation done
Event: 251.027 Executing VM operation: ParallelGCFailedAllocation
Event: 251.028 Executing VM operation: ParallelGCFailedAllocation done
Event: 251.034 Executing VM operation: ParallelGCFailedAllocation
Event: 251.036 Executing VM operation: ParallelGCFailedAllocation done
Event: 251.046 Executing VM operation: ParallelGCFailedAllocation
Event: 251.047 Executing VM operation: ParallelGCFailedAllocation done

Events (20 events):
Event: 238.193 Thread 0x000001597a770210 flushing nmethod 0x000001596610f810
Event: 238.193 Thread 0x000001597a770210 flushing nmethod 0x000001596611bd90
Event: 238.194 Thread 0x000001597a770210 flushing nmethod 0x0000015966146410
Event: 238.194 Thread 0x000001597a770210 flushing nmethod 0x000001596614e910
Event: 238.194 Thread 0x000001597a770210 flushing nmethod 0x000001596614f290
Event: 238.194 Thread 0x000001597a770210 flushing nmethod 0x0000015966150810
Event: 238.194 Thread 0x000001597a770210 flushing nmethod 0x00000159661a5e10
Event: 238.194 Thread 0x000001597a770210 flushing nmethod 0x0000015966208490
Event: 238.194 Thread 0x000001597a770210 flushing nmethod 0x0000015966221f10
Event: 238.194 Thread 0x000001597a770210 flushing nmethod 0x000001596625b410
Event: 238.194 Thread 0x000001597a770210 flushing nmethod 0x000001596625c010
Event: 238.195 Thread 0x000001597a770210 flushing nmethod 0x00000159662ada10
Event: 238.195 Thread 0x000001597a770210 flushing nmethod 0x00000159662cbb90
Event: 238.195 Thread 0x000001597a770210 flushing nmethod 0x0000015966363c90
Event: 238.196 Thread 0x000001597a770210 flushing nmethod 0x0000015966496f90
Event: 238.196 Thread 0x000001597a770210 flushing nmethod 0x00000159664c3b90
Event: 238.197 Thread 0x000001597a770210 flushing nmethod 0x00000159665d5610
Event: 238.198 Thread 0x000001597a770210 flushing nmethod 0x00000159666ab390
Event: 238.198 Thread 0x000001597a770210 flushing nmethod 0x00000159666ab810
Event: 238.198 Thread 0x000001597a770210 flushing nmethod 0x00000159666ade10


Dynamic libraries:
0x00007ff723c40000 - 0x00007ff723c4e000 	c:\Users\prane\.vscode\extensions\redhat.java-1.35.0-win32-x64\jre\17.0.12-win32-x86_64\bin\java.exe
0x00007ffbb2fb0000 - 0x00007ffbb31a8000 	C:\WINDOWS\SYSTEM32\ntdll.dll
0x00007ffbb1140000 - 0x00007ffbb1201000 	C:\WINDOWS\System32\KERNEL32.DLL
0x00007ffbb09b0000 - 0x00007ffbb0cad000 	C:\WINDOWS\System32\KERNELBASE.dll
0x00007ffbb06b0000 - 0x00007ffbb07b0000 	C:\WINDOWS\System32\ucrtbase.dll
0x00007ffba6620000 - 0x00007ffba663b000 	c:\Users\prane\.vscode\extensions\redhat.java-1.35.0-win32-x64\jre\17.0.12-win32-x86_64\bin\VCRUNTIME140.dll
0x00007ffb9a560000 - 0x00007ffb9a577000 	c:\Users\prane\.vscode\extensions\redhat.java-1.35.0-win32-x64\jre\17.0.12-win32-x86_64\bin\jli.dll
0x00007ffbb1a30000 - 0x00007ffbb1bcd000 	C:\WINDOWS\System32\USER32.dll
0x00007ffb9b470000 - 0x00007ffb9b70a000 	C:\WINDOWS\WinSxS\amd64_microsoft.windows.common-controls_6595b64144ccf1df_6.0.19041.4355_none_60b8b9eb71f62e16\COMCTL32.dll
0x00007ffbb0fb0000 - 0x00007ffbb0fd2000 	C:\WINDOWS\System32\win32u.dll
0x00007ffbb1950000 - 0x00007ffbb197b000 	C:\WINDOWS\System32\GDI32.dll
0x00007ffbb07e0000 - 0x00007ffbb08f7000 	C:\WINDOWS\System32\gdi32full.dll
0x00007ffbb0d20000 - 0x00007ffbb0dbd000 	C:\WINDOWS\System32\msvcp_win.dll
0x00007ffbb2df0000 - 0x00007ffbb2e8e000 	C:\WINDOWS\System32\msvcrt.dll
0x00007ffbb1110000 - 0x00007ffbb113f000 	C:\WINDOWS\System32\IMM32.DLL
0x00007ffbacc60000 - 0x00007ffbacc6c000 	c:\Users\prane\.vscode\extensions\redhat.java-1.35.0-win32-x64\jre\17.0.12-win32-x86_64\bin\vcruntime140_1.dll
0x00007ffb58660000 - 0x00007ffb586ed000 	c:\Users\prane\.vscode\extensions\redhat.java-1.35.0-win32-x64\jre\17.0.12-win32-x86_64\bin\msvcp140.dll
0x00007ffb3ab60000 - 0x00007ffb3b7ca000 	c:\Users\prane\.vscode\extensions\redhat.java-1.35.0-win32-x64\jre\17.0.12-win32-x86_64\bin\server\jvm.dll
0x00007ffbb1980000 - 0x00007ffbb1a30000 	C:\WINDOWS\System32\ADVAPI32.dll
0x00007ffbb18b0000 - 0x00007ffbb1950000 	C:\WINDOWS\System32\sechost.dll
0x00007ffbb2b50000 - 0x00007ffbb2c73000 	C:\WINDOWS\System32\RPCRT4.dll
0x00007ffbb07b0000 - 0x00007ffbb07d7000 	C:\WINDOWS\System32\bcrypt.dll
0x00007ffbb1bd0000 - 0x00007ffbb1c3b000 	C:\WINDOWS\System32\WS2_32.dll
0x00007ffbafbb0000 - 0x00007ffbafbfb000 	C:\WINDOWS\SYSTEM32\POWRPROF.dll
0x00007ffba6ad0000 - 0x00007ffba6ada000 	C:\WINDOWS\SYSTEM32\VERSION.dll
0x00007ffb9f9f0000 - 0x00007ffb9fa17000 	C:\WINDOWS\SYSTEM32\WINMM.dll
0x00007ffbafa20000 - 0x00007ffbafa32000 	C:\WINDOWS\SYSTEM32\UMPDC.dll
0x00007ffbae4a0000 - 0x00007ffbae4b2000 	C:\WINDOWS\SYSTEM32\kernel.appcore.dll
0x00007ffbac870000 - 0x00007ffbac87a000 	c:\Users\prane\.vscode\extensions\redhat.java-1.35.0-win32-x64\jre\17.0.12-win32-x86_64\bin\jimage.dll
0x00007ffb9c350000 - 0x00007ffb9c534000 	C:\WINDOWS\SYSTEM32\DBGHELP.DLL
0x00007ffb96cc0000 - 0x00007ffb96cf4000 	C:\WINDOWS\SYSTEM32\dbgcore.DLL
0x00007ffbb0f20000 - 0x00007ffbb0fa2000 	C:\WINDOWS\System32\bcryptPrimitives.dll
0x00007ffbac680000 - 0x00007ffbac68e000 	c:\Users\prane\.vscode\extensions\redhat.java-1.35.0-win32-x64\jre\17.0.12-win32-x86_64\bin\instrument.dll
0x00007ffb84780000 - 0x00007ffb847a5000 	c:\Users\prane\.vscode\extensions\redhat.java-1.35.0-win32-x64\jre\17.0.12-win32-x86_64\bin\java.dll
0x00007ffb91e00000 - 0x00007ffb91e18000 	c:\Users\prane\.vscode\extensions\redhat.java-1.35.0-win32-x64\jre\17.0.12-win32-x86_64\bin\zip.dll
0x00007ffbb2090000 - 0x00007ffbb27ff000 	C:\WINDOWS\System32\SHELL32.dll
0x00007ffbae6a0000 - 0x00007ffbaee43000 	C:\WINDOWS\SYSTEM32\windows.storage.dll
0x00007ffbb1c40000 - 0x00007ffbb1f93000 	C:\WINDOWS\System32\combase.dll
0x00007ffbb0070000 - 0x00007ffbb009e000 	C:\WINDOWS\SYSTEM32\Wldp.dll
0x00007ffbb2810000 - 0x00007ffbb28dd000 	C:\WINDOWS\System32\OLEAUT32.dll
0x00007ffbb2c80000 - 0x00007ffbb2d2d000 	C:\WINDOWS\System32\SHCORE.dll
0x00007ffbb2d90000 - 0x00007ffbb2de5000 	C:\WINDOWS\System32\shlwapi.dll
0x00007ffbb0590000 - 0x00007ffbb05b4000 	C:\WINDOWS\SYSTEM32\profapi.dll
0x00007ffb99f80000 - 0x00007ffb99f99000 	C:\Users\prane\.vscode\extensions\redhat.java-1.35.0-win32-x64\jre\17.0.12-win32-x86_64\bin\net.dll
0x00007ffba9310000 - 0x00007ffba941d000 	C:\WINDOWS\SYSTEM32\WINHTTP.dll
0x00007ffbafd90000 - 0x00007ffbafdfa000 	C:\WINDOWS\system32\mswsock.dll
0x00007ffb99460000 - 0x00007ffb99476000 	C:\Users\prane\.vscode\extensions\redhat.java-1.35.0-win32-x64\jre\17.0.12-win32-x86_64\bin\nio.dll
0x00007ffbac3b0000 - 0x00007ffbac3c0000 	c:\Users\prane\.vscode\extensions\redhat.java-1.35.0-win32-x64\jre\17.0.12-win32-x86_64\bin\verify.dll
0x00007ffb610d0000 - 0x00007ffb61115000 	C:\Users\prane\AppData\Roaming\Code\User\globalStorage\redhat.java\1.35.0\config_win\org.eclipse.equinox.launcher\org.eclipse.equinox.launcher.win32.win32.x86_64_1.2.1100.v20240722-2106\eclipse_11904.dll
0x00007ffbb0fe0000 - 0x00007ffbb110b000 	C:\WINDOWS\System32\ole32.dll
0x00007ffbaff70000 - 0x00007ffbaff88000 	C:\WINDOWS\SYSTEM32\CRYPTSP.dll
0x00007ffbaf660000 - 0x00007ffbaf694000 	C:\WINDOWS\system32\rsaenh.dll
0x00007ffbb0550000 - 0x00007ffbb057e000 	C:\WINDOWS\SYSTEM32\USERENV.dll
0x00007ffbaff30000 - 0x00007ffbaff3c000 	C:\WINDOWS\SYSTEM32\CRYPTBASE.dll
0x00007ffbafa40000 - 0x00007ffbafa7b000 	C:\WINDOWS\SYSTEM32\IPHLPAPI.DLL
0x00007ffbb18a0000 - 0x00007ffbb18a8000 	C:\WINDOWS\System32\NSI.dll
0x00007ffba9940000 - 0x00007ffba9957000 	C:\WINDOWS\SYSTEM32\dhcpcsvc6.DLL
0x00007ffba9fc0000 - 0x00007ffba9fdd000 	C:\WINDOWS\SYSTEM32\dhcpcsvc.DLL
0x00007ffbafa80000 - 0x00007ffbafb4a000 	C:\WINDOWS\SYSTEM32\DNSAPI.dll
0x00007ffb59100000 - 0x00007ffb59149000 	C:\Users\prane\AppData\Local\Temp\jna-106927254\jna17671209418822361593.dll
0x00007ffbb2800000 - 0x00007ffbb2808000 	C:\WINDOWS\System32\PSAPI.DLL
0x00007ffb9e060000 - 0x00007ffb9e06e000 	C:\Users\prane\.vscode\extensions\redhat.java-1.35.0-win32-x64\jre\17.0.12-win32-x86_64\bin\sunmscapi.dll
0x00007ffbb0dc0000 - 0x00007ffbb0f1c000 	C:\WINDOWS\System32\CRYPT32.dll
0x00007ffbb0100000 - 0x00007ffbb0129000 	C:\WINDOWS\SYSTEM32\ncrypt.dll
0x00007ffbb00c0000 - 0x00007ffbb00fb000 	C:\WINDOWS\SYSTEM32\NTASN1.dll
0x00007ffba97a0000 - 0x00007ffba97aa000 	C:\Windows\System32\rasadhlp.dll
0x00007ffba6c10000 - 0x00007ffba6c90000 	C:\WINDOWS\System32\fwpuclnt.dll
0x00007ffb9e040000 - 0x00007ffb9e049000 	C:\Users\prane\.vscode\extensions\redhat.java-1.35.0-win32-x64\jre\17.0.12-win32-x86_64\bin\extnet.dll

dbghelp: loaded successfully - version: 4.0.5 - missing functions: none
symbol engine: initialized successfully - sym options: 0x614 - pdb path: .;c:\Users\prane\.vscode\extensions\redhat.java-1.35.0-win32-x64\jre\17.0.12-win32-x86_64\bin;C:\WINDOWS\SYSTEM32;C:\WINDOWS\WinSxS\amd64_microsoft.windows.common-controls_6595b64144ccf1df_6.0.19041.4355_none_60b8b9eb71f62e16;c:\Users\prane\.vscode\extensions\redhat.java-1.35.0-win32-x64\jre\17.0.12-win32-x86_64\bin\server;C:\Users\prane\AppData\Roaming\Code\User\globalStorage\redhat.java\1.35.0\config_win\org.eclipse.equinox.launcher\org.eclipse.equinox.launcher.win32.win32.x86_64_1.2.1100.v20240722-2106;C:\Users\prane\AppData\Local\Temp\jna-106927254

VM Arguments:
jvm_args: --add-modules=ALL-SYSTEM --add-opens=java.base/java.util=ALL-UNNAMED --add-opens=java.base/java.lang=ALL-UNNAMED --add-opens=java.base/sun.nio.fs=ALL-UNNAMED -Declipse.application=org.eclipse.jdt.ls.core.id1 -Dosgi.bundles.defaultStartLevel=4 -Declipse.product=org.eclipse.jdt.ls.core.product -Djava.import.generatesMetadataFilesAtProjectRoot=false -DDetectVMInstallationsJob.disabled=true -Dfile.encoding=utf8 -XX:+UseParallelGC -XX:GCTimeRatio=4 -XX:AdaptiveSizePolicyWeight=90 -Dsun.zip.disableMemoryMapping=true -Xmx1G -Xms100m -Xlog:disable -javaagent:c:\Users\prane\.vscode\extensions\redhat.java-1.35.0-win32-x64\lombok\lombok-1.18.33.jar -XX:+HeapDumpOnOutOfMemoryError -XX:HeapDumpPath=c:\Users\prane\AppData\Roaming\Code\User\workspaceStorage\d824c3d28b0055ffd3c226b7f95a790b\redhat.java -Daether.dependencyCollector.impl=bf 
java_command: c:\Users\prane\.vscode\extensions\redhat.java-1.35.0-win32-x64\server\plugins\org.eclipse.equinox.launcher_1.6.900.v20240613-2009.jar -configuration c:\Users\prane\AppData\Roaming\Code\User\globalStorage\redhat.java\1.35.0\config_win -data c:\Users\prane\AppData\Roaming\Code\User\workspaceStorage\d824c3d28b0055ffd3c226b7f95a790b\redhat.java\jdt_ws --pipe=\\.\pipe\lsp-d5807a1c095bee10ac3f032e8f208182-sock
java_class_path (initial): c:\Users\prane\.vscode\extensions\redhat.java-1.35.0-win32-x64\server\plugins\org.eclipse.equinox.launcher_1.6.900.v20240613-2009.jar
Launcher Type: SUN_STANDARD

[Global flags]
    uintx AdaptiveSizePolicyWeight                 = 90                                        {product} {command line}
     intx CICompilerCount                          = 12                                        {product} {ergonomic}
    uintx GCTimeRatio                              = 4                                         {product} {command line}
     bool HeapDumpOnOutOfMemoryError               = true                                   {manageable} {command line}
    ccstr HeapDumpPath                             = c:\Users\prane\AppData\Roaming\Code\User\workspaceStorage\d824c3d28b0055ffd3c226b7f95a790b\redhat.java         {manageable} {command line}
   size_t InitialHeapSize                          = 104857600                                 {product} {command line}
   size_t MaxHeapSize                              = 1073741824                                {product} {command line}
   size_t MaxNewSize                               = 357564416                                 {product} {ergonomic}
   size_t MinHeapDeltaBytes                        = 524288                                    {product} {ergonomic}
   size_t MinHeapSize                              = 104857600                                 {product} {command line}
   size_t NewSize                                  = 34603008                                  {product} {ergonomic}
    uintx NonNMethodCodeHeapSize                   = 7602480                                {pd product} {ergonomic}
    uintx NonProfiledCodeHeapSize                  = 122027880                              {pd product} {ergonomic}
   size_t OldSize                                  = 70254592                                  {product} {ergonomic}
    uintx ProfiledCodeHeapSize                     = 122027880                              {pd product} {ergonomic}
    uintx ReservedCodeCacheSize                    = 251658240                              {pd product} {ergonomic}
     bool SegmentedCodeCache                       = true                                      {product} {ergonomic}
   size_t SoftMaxHeapSize                          = 1073741824                             {manageable} {ergonomic}
     bool UseCompressedClassPointers               = true                           {product lp64_product} {ergonomic}
     bool UseCompressedOops                        = true                           {product lp64_product} {ergonomic}
     bool UseLargePagesIndividualAllocation        = false                                  {pd product} {ergonomic}
     bool UseParallelGC                            = true                                      {product} {command line}

Logging:
Log output configuration:
 #0: stdout all=off uptime,level,tags
 #1: stderr all=off uptime,level,tags

Environment Variables:
JAVA_HOME=C:\Program Files (x86)\Java\jre-1.8
PATH=C:\Program Files\Common Files\Oracle\Java\javapath;C:\Program Files (x86)\Common Files\Oracle\Java\java8path;C:\Program Files (x86)\Common Files\Oracle\Java\javapath;C:\WINDOWS\system32;C:\WINDOWS;C:\WINDOWS\System32\Wbem;C:\WINDOWS\System32\WindowsPowerShell\v1.0\;C:\WINDOWS\System32\OpenSSH\;C:\Program Files (x86)\NVIDIA Corporation\PhysX\Common;C:\Program Files\NVIDIA Corporation\NVIDIA NvDLISR;C:\Program Files\Microsoft SQL Server\150\Tools\Binn\;C:\Program Files\Microsoft SQL Server\Client SDK\ODBC\170\Tools\Binn\;C:\Program Files\dotnet\;C:\Program Files (x86)\nodejs\;C:\ProgramData\chocolatey\bin;C:\Program Files\Git\cmd;C:\Program Files\Amazon\AWSCLIV2\;C:\Program Files\PowerShell\7-preview\preview;C:\Program Files\Docker\Docker\resources\bin;C:\Program Files\Kubernetes\Minikube;C:\Program Files\PowerShell\7\;C:\Program Files\MySQL\MySQL Shell 8.0\bin\;C:\Users\prane\anaconda3;C:\Users\prane\anaconda3\Library\mingw-w64\bin;C:\Users\prane\anaconda3\Library\usr\bin;C:\Users\prane\anaconda3\Library\bin;C:\Users\prane\anaconda3\Scripts;C:\Users\prane\AppData\Local\Microsoft\WindowsApps;C:\Users\prane\.dotnet\tools;C:\Users\prane\AppData\Local\Programs\Microsoft VS Code\bin;C:\Users\prane\AppData\Roaming\npm;C:\Users\prane\anaconda3\Library\bin\conda.bat;C:\Users\prane\anaconda3\Scripts\conda.exe;C:\Users\prane\anaconda3\condabin\conda.bat;C:\Users\prane\anaconda3\condabin;C:\Users\prane\AppData\Local\Android\Sdk\platform-tools;C:\Users\prane\AppData\Local\Android\Sdk\tools;C:\Users\prane\AppData\Roaming\Python\Scripts;C:\Users\prane\AppData\Roaming\pypoetry\venv\Scripts\poetry;C:\Users\prane\AppData\Roaming\pypoetry\venv\Scripts;C:\Program Files\Java\jdk-22\bin;
USERNAME=prane
OS=Windows_NT
PROCESSOR_IDENTIFIER=AMD64 Family 25 Model 80 Stepping 0, AuthenticAMD
TMP=C:\Users\prane\AppData\Local\Temp
TEMP=C:\Users\prane\AppData\Local\Temp



Periodic native trim disabled


---------------  S Y S T E M  ---------------

OS:
 Windows 10 , 64 bit Build 19041 (10.0.19041.4842)
OS uptime: 3 days 13:24 hours
Hyper-V role detected

CPU: total 16 (initial active 16) (16 cores per cpu, 2 threads per core) family 25 model 80 stepping 0 microcode 0x0, cx8, cmov, fxsr, ht, mmx, 3dnowpref, sse, sse2, sse3, ssse3, sse4a, sse4.1, sse4.2, popcnt, lzcnt, tsc, tscinvbit, avx, avx2, aes, erms, clmul, bmi1, bmi2, adx, sha, fma, vzeroupper, clflush, clflushopt, hv
Processor Information for all 16 processors :
  Max Mhz: 3201, Current Mhz: 3201, Mhz Limit: 3201

Memory: 4k page, system-wide physical 8044M (277M free)
TotalPageFile size 32620M (AvailPageFile size 3M)
current process WorkingSet (physical memory assigned to process): 398M, peak: 442M
current process commit charge ("private bytes"): 504M, peak: 527M

vm_info: OpenJDK 64-Bit Server VM (17.0.12+7) for windows-amd64 JRE (17.0.12+7), built on Jul 16 2024 22:08:24 by "admin" with MS VC++ 16.10 / 16.11 (VS2019)

END.
