#
# There is insufficient memory for the Java Runtime Environment to continue.
# Native memory allocation (malloc) failed to allocate 2898208 bytes. Error detail: Chunk::new
# Possible reasons:
#   The system is out of physical RAM or swap space
#   This process is running with CompressedOops enabled, and the Java Heap may be blocking the growth of the native heap
# Possible solutions:
#   Reduce memory load on the system
#   Increase physical memory or swap space
#   Check if swap backing store is full
#   Decrease Java heap size (-Xmx/-Xms)
#   Decrease number of Java threads
#   Decrease Java thread stack sizes (-Xss)
#   Set larger code cache with -XX:ReservedCodeCacheSize=
#   JVM is running with Unscaled Compressed Oops mode in which the Java heap is
#     placed in the first 4GB address space. The Java Heap base address is the
#     maximum limit for the native heap growth. Please use -XX:HeapBaseMinAddress
#     to set the Java Heap base and to place the Java Heap above 4GB virtual address.
# This output file may be truncated or incomplete.
#
#  Out of Memory Error (arena.cpp:191), pid=20720, tid=4672
#
# JRE version: OpenJDK Runtime Environment Temurin-17.0.12+7 (17.0.12+7) (build 17.0.12+7)
# Java VM: OpenJDK 64-Bit Server VM Temurin-17.0.12+7 (17.0.12+7, mixed mode, tiered, compressed oops, compressed class ptrs, parallel gc, windows-amd64)
# No core dump will be written. Minidumps are not enabled by default on client versions of Windows
#

---------------  S U M M A R Y ------------

Command Line: --add-modules=ALL-SYSTEM --add-opens=java.base/java.util=ALL-UNNAMED --add-opens=java.base/java.lang=ALL-UNNAMED --add-opens=java.base/sun.nio.fs=ALL-UNNAMED -Declipse.application=org.eclipse.jdt.ls.core.id1 -Dosgi.bundles.defaultStartLevel=4 -Declipse.product=org.eclipse.jdt.ls.core.product -Djava.import.generatesMetadataFilesAtProjectRoot=false -DDetectVMInstallationsJob.disabled=true -Dfile.encoding=utf8 -XX:+UseParallelGC -XX:GCTimeRatio=4 -XX:AdaptiveSizePolicyWeight=90 -Dsun.zip.disableMemoryMapping=true -Xmx1G -Xms100m -Xlog:disable -javaagent:c:\Users\prane\.vscode\extensions\redhat.java-1.35.0-win32-x64\lombok\lombok-1.18.33.jar -XX:+HeapDumpOnOutOfMemoryError -XX:HeapDumpPath=c:\Users\prane\AppData\Roaming\Code\User\workspaceStorage\d824c3d28b0055ffd3c226b7f95a790b\redhat.java -Daether.dependencyCollector.impl=bf c:\Users\prane\.vscode\extensions\redhat.java-1.35.0-win32-x64\server\plugins\org.eclipse.equinox.launcher_1.6.900.v20240613-2009.jar -configuration c:\Users\prane\AppData\Roaming\Code\User\globalStorage\redhat.java\1.35.0\config_win -data c:\Users\prane\AppData\Roaming\Code\User\workspaceStorage\d824c3d28b0055ffd3c226b7f95a790b\redhat.java\jdt_ws --pipe=\\.\pipe\lsp-d160c3b8de2142f794b84e9199adc891-sock

Host: AMD Ryzen 7 5800H with Radeon Graphics         , 16 cores, 7G,  Windows 10 , 64 bit Build 19041 (10.0.19041.4842)
Time: Sat Sep 28 10:22:45 2024 Pacific Daylight Time elapsed time: 12.710601 seconds (0d 0h 0m 12s)

---------------  T H R E A D  ---------------

Current thread (0x00000213e1dea6c0):  JavaThread "C2 CompilerThread0" daemon [_thread_in_native, id=4672, stack(0x000000d31d800000,0x000000d31d900000)]


Current CompileTask:
C2:  12710 13219   !   4       org.eclipse.jdt.internal.compiler.classfmt.ClassFileReader::<init> (2151 bytes)

Stack: [0x000000d31d800000,0x000000d31d900000]
Native frames: (J=compiled Java code, j=interpreted, Vv=VM code, C=native code)
V  [jvm.dll+0x67f929]
V  [jvm.dll+0x8371ba]
V  [jvm.dll+0x838c7e]
V  [jvm.dll+0x8392e3]
V  [jvm.dll+0x24834f]
V  [jvm.dll+0xac9d4]
V  [jvm.dll+0xad01c]
V  [jvm.dll+0x3674a7]
V  [jvm.dll+0x33197a]
V  [jvm.dll+0x330e1a]
V  [jvm.dll+0x21a8b1]
V  [jvm.dll+0x219cf1]
V  [jvm.dll+0x1a58bd]
V  [jvm.dll+0x229a2d]
V  [jvm.dll+0x227bdc]
V  [jvm.dll+0x7ec1f7]
V  [jvm.dll+0x7e65dc]
V  [jvm.dll+0x67e7f7]
C  [ucrtbase.dll+0x21bb2]
C  [KERNEL32.DLL+0x17374]
C  [ntdll.dll+0x4cc91]


---------------  P R O C E S S  ---------------

Threads class SMR info:
_java_thread_list=0x00000213e3f8c650, length=83, elements={
0x00000213c6c8d400, 0x00000213e1db5260, 0x00000213e1db6fd0, 0x00000213dca4a0f0,
0x00000213dca4af70, 0x00000213dca4d5a0, 0x00000213e1de3a50, 0x00000213e1dea6c0,
0x00000213e1ded830, 0x00000213e1df6910, 0x00000213c6cf2930, 0x00000213e1f5b520,
0x00000213e1f5e1f0, 0x00000213e20d78c0, 0x00000213e3d31350, 0x00000213e4763cf0,
0x00000213e4765640, 0x00000213e4764200, 0x00000213e4762dc0, 0x00000213e4761e90,
0x00000213e4764710, 0x00000213e47628b0, 0x00000213e4764c20, 0x00000213e47637e0,
0x00000213e502e260, 0x00000213e502e770, 0x00000213e502f6a0, 0x00000213e502ce20,
0x00000213e502fbb0, 0x00000213e502d330, 0x00000213e5033360, 0x00000213e5030ff0,
0x00000213e5033870, 0x00000213e50300c0, 0x00000213e502ec80, 0x00000213e5032430,
0x00000213e5032e50, 0x00000213e5031500, 0x00000213e502f190, 0x00000213e502d840,
0x00000213e5032940, 0x00000213e502dd50, 0x00000213e50305d0, 0x00000213e5030ae0,
0x00000213e5033d80, 0x00000213e5034290, 0x00000213e50347a0, 0x00000213e7577280,
0x00000213e7575e40, 0x00000213e7574a00, 0x00000213e7577790, 0x00000213e7576860,
0x00000213e7577ca0, 0x00000213e8a6b9a0, 0x00000213e7573fe0, 0x00000213e75744f0,
0x00000213e75781b0, 0x00000213e75786c0, 0x00000213e7571250, 0x00000213e7572180,
0x00000213e7574f10, 0x00000213e75735c0, 0x00000213e7575420, 0x00000213e7572690,
0x00000213e7576350, 0x00000213e7576d70, 0x00000213e7573ad0, 0x00000213e75730b0,
0x00000213e7575930, 0x00000213e7571760, 0x00000213e7571c70, 0x00000213e7572ba0,
0x00000213e4765130, 0x00000213e99d87c0, 0x00000213e99dbf70, 0x00000213e99d9c00,
0x00000213e99d6e70, 0x00000213e99d8cd0, 0x00000213e99d91e0, 0x00000213e99dc480,
0x00000213e99dc990, 0x00000213e99dcea0, 0x00000213e99da110
}

Java Threads: ( => current thread )
  0x00000213c6c8d400 JavaThread "main" [_thread_blocked, id=12388, stack(0x000000d31cf00000,0x000000d31d000000)]
  0x00000213e1db5260 JavaThread "Reference Handler" daemon [_thread_blocked, id=3860, stack(0x000000d31d200000,0x000000d31d300000)]
  0x00000213e1db6fd0 JavaThread "Finalizer" daemon [_thread_blocked, id=11880, stack(0x000000d31d300000,0x000000d31d400000)]
  0x00000213dca4a0f0 JavaThread "Signal Dispatcher" daemon [_thread_blocked, id=12712, stack(0x000000d31d400000,0x000000d31d500000)]
  0x00000213dca4af70 JavaThread "Attach Listener" daemon [_thread_blocked, id=17800, stack(0x000000d31d500000,0x000000d31d600000)]
  0x00000213dca4d5a0 JavaThread "Service Thread" daemon [_thread_blocked, id=9816, stack(0x000000d31d600000,0x000000d31d700000)]
  0x00000213e1de3a50 JavaThread "Monitor Deflation Thread" daemon [_thread_blocked, id=13128, stack(0x000000d31d700000,0x000000d31d800000)]
=>0x00000213e1dea6c0 JavaThread "C2 CompilerThread0" daemon [_thread_in_native, id=4672, stack(0x000000d31d800000,0x000000d31d900000)]
  0x00000213e1ded830 JavaThread "C1 CompilerThread0" daemon [_thread_blocked, id=22748, stack(0x000000d31d900000,0x000000d31da00000)]
  0x00000213e1df6910 JavaThread "Sweeper thread" daemon [_thread_blocked, id=12088, stack(0x000000d31da00000,0x000000d31db00000)]
  0x00000213c6cf2930 JavaThread "Common-Cleaner" daemon [_thread_blocked, id=17160, stack(0x000000d31db00000,0x000000d31dc00000)]
  0x00000213e1f5b520 JavaThread "C1 CompilerThread1" daemon [_thread_blocked, id=10080, stack(0x000000d31dc00000,0x000000d31dd00000)]
  0x00000213e1f5e1f0 JavaThread "C1 CompilerThread2" daemon [_thread_blocked, id=12784, stack(0x000000d31dd00000,0x000000d31de00000)]
  0x00000213e20d78c0 JavaThread "C1 CompilerThread3" daemon [_thread_blocked, id=12688, stack(0x000000d31e000000,0x000000d31e100000)]
  0x00000213e3d31350 JavaThread "Notification Thread" daemon [_thread_blocked, id=5328, stack(0x000000d31e100000,0x000000d31e200000)]
  0x00000213e4763cf0 JavaThread "Active Thread: Equinox Container: 509ee3b7-8816-4a39-8190-d25cd37aea06" [_thread_blocked, id=22980, stack(0x000000d31e800000,0x000000d31e900000)]
  0x00000213e4765640 JavaThread "Framework Event Dispatcher: Equinox Container: 509ee3b7-8816-4a39-8190-d25cd37aea06" daemon [_thread_blocked, id=15724, stack(0x000000d31e900000,0x000000d31ea00000)]
  0x00000213e4764200 JavaThread "Start Level: Equinox Container: 509ee3b7-8816-4a39-8190-d25cd37aea06" daemon [_thread_blocked, id=6620, stack(0x000000d31ea00000,0x000000d31eb00000)]
  0x00000213e4762dc0 JavaThread "Bundle File Closer" daemon [_thread_blocked, id=1000, stack(0x000000d31ed00000,0x000000d31ee00000)]
  0x00000213e4761e90 JavaThread "SCR Component Actor" daemon [_thread_blocked, id=23456, stack(0x000000d31ef00000,0x000000d31f000000)]
  0x00000213e4764710 JavaThread "Worker-JM" [_thread_blocked, id=12472, stack(0x000000d31f400000,0x000000d31f500000)]
  0x00000213e47628b0 JavaThread "JNA Cleaner" daemon [_thread_blocked, id=21724, stack(0x000000d31f600000,0x000000d31f700000)]
  0x00000213e4764c20 JavaThread "Worker-0: Initialize workspace" [_thread_blocked, id=5008, stack(0x000000d31f700000,0x000000d31f800000)]
  0x00000213e47637e0 JavaThread "Worker-1" [_thread_blocked, id=21844, stack(0x000000d31f800000,0x000000d31f900000)]
  0x00000213e502e260 JavaThread "Java indexing" daemon [_thread_blocked, id=13896, stack(0x000000d31f900000,0x000000d31fa00000)]
  0x00000213e502e770 JavaThread "Thread-2" daemon [_thread_in_native, id=11584, stack(0x000000d31fa00000,0x000000d31fb00000)]
  0x00000213e502f6a0 JavaThread "Thread-3" daemon [_thread_in_native, id=7684, stack(0x000000d31fb00000,0x000000d31fc00000)]
  0x00000213e502ce20 JavaThread "Thread-4" daemon [_thread_in_native, id=10324, stack(0x000000d31fc00000,0x000000d31fd00000)]
  0x00000213e502fbb0 JavaThread "Thread-5" daemon [_thread_in_native, id=16548, stack(0x000000d31fd00000,0x000000d31fe00000)]
  0x00000213e502d330 JavaThread "Thread-6" daemon [_thread_in_native, id=4792, stack(0x000000d31fe00000,0x000000d31ff00000)]
  0x00000213e5033360 JavaThread "Thread-7" daemon [_thread_in_native, id=12892, stack(0x000000d31ff00000,0x000000d320000000)]
  0x00000213e5030ff0 JavaThread "Thread-8" daemon [_thread_in_native, id=14776, stack(0x000000d320000000,0x000000d320100000)]
  0x00000213e5033870 JavaThread "Thread-9" daemon [_thread_in_native, id=23128, stack(0x000000d320100000,0x000000d320200000)]
  0x00000213e50300c0 JavaThread "Thread-10" daemon [_thread_in_native, id=8576, stack(0x000000d320200000,0x000000d320300000)]
  0x00000213e502ec80 JavaThread "Thread-11" daemon [_thread_in_native, id=9244, stack(0x000000d320300000,0x000000d320400000)]
  0x00000213e5032430 JavaThread "Thread-12" daemon [_thread_in_native, id=13136, stack(0x000000d320400000,0x000000d320500000)]
  0x00000213e5032e50 JavaThread "Thread-13" daemon [_thread_in_native, id=11552, stack(0x000000d320500000,0x000000d320600000)]
  0x00000213e5031500 JavaThread "Thread-14" daemon [_thread_in_native, id=13480, stack(0x000000d320600000,0x000000d320700000)]
  0x00000213e502f190 JavaThread "Thread-15" daemon [_thread_in_native, id=10192, stack(0x000000d320700000,0x000000d320800000)]
  0x00000213e502d840 JavaThread "Thread-16" daemon [_thread_in_native, id=16488, stack(0x000000d320800000,0x000000d320900000)]
  0x00000213e5032940 JavaThread "Thread-17" daemon [_thread_in_native, id=17452, stack(0x000000d320900000,0x000000d320a00000)]
  0x00000213e502dd50 JavaThread "Thread-18" daemon [_thread_in_native, id=23748, stack(0x000000d320a00000,0x000000d320b00000)]
  0x00000213e50305d0 JavaThread "pool-2-thread-1" [_thread_blocked, id=22832, stack(0x000000d320b00000,0x000000d320c00000)]
  0x00000213e5030ae0 JavaThread "WorkspaceEventsHandler" [_thread_blocked, id=11956, stack(0x000000d320c00000,0x000000d320d00000)]
  0x00000213e5033d80 JavaThread "pool-1-thread-1" [_thread_blocked, id=23944, stack(0x000000d320d00000,0x000000d320e00000)]
  0x00000213e5034290 JavaThread "Worker-2" [_thread_blocked, id=13248, stack(0x000000d320e00000,0x000000d320f00000)]
  0x00000213e50347a0 JavaThread "Worker-3" [_thread_blocked, id=19432, stack(0x000000d320f00000,0x000000d321000000)]
  0x00000213e7577280 JavaThread "ForkJoinPool.commonPool-worker-1" daemon [_thread_blocked, id=6632, stack(0x000000d31de00000,0x000000d31df00000)]
  0x00000213e7575e40 JavaThread "ForkJoinPool.commonPool-worker-2" daemon [_thread_blocked, id=20404, stack(0x000000d31df00000,0x000000d31e000000)]
  0x00000213e7574a00 JavaThread "ForkJoinPool.commonPool-worker-3" daemon [_thread_blocked, id=2264, stack(0x000000d321000000,0x000000d321100000)]
  0x00000213e7577790 JavaThread "ForkJoinPool.commonPool-worker-4" daemon [_thread_blocked, id=7464, stack(0x000000d321100000,0x000000d321200000)]
  0x00000213e7576860 JavaThread "ForkJoinPool.commonPool-worker-5" daemon [_thread_blocked, id=12000, stack(0x000000d321200000,0x000000d321300000)]
  0x00000213e7577ca0 JavaThread "ForkJoinPool.commonPool-worker-6" daemon [_thread_blocked, id=24052, stack(0x000000d321300000,0x000000d321400000)]
  0x00000213e8a6b9a0 JavaThread "C2 CompilerThread1" daemon [_thread_in_native, id=19748, stack(0x000000d321400000,0x000000d321500000)]
  0x00000213e7573fe0 JavaThread "Compiler Source File Reader" daemon [_thread_blocked, id=3280, stack(0x000000d31f000000,0x000000d31f100000)]
  0x00000213e75744f0 JavaThread "Compiler Source File Reader" daemon [_thread_blocked, id=9908, stack(0x000000d321500000,0x000000d321600000)]
  0x00000213e75781b0 JavaThread "Compiler Source File Reader" daemon [_thread_blocked, id=8604, stack(0x000000d321600000,0x000000d321700000)]
  0x00000213e75786c0 JavaThread "Compiler Source File Reader" daemon [_thread_blocked, id=24404, stack(0x000000d321700000,0x000000d321800000)]
  0x00000213e7571250 JavaThread "Compiler Source File Reader" daemon [_thread_blocked, id=22620, stack(0x000000d321800000,0x000000d321900000)]
  0x00000213e7572180 JavaThread "Compiler Source File Reader" daemon [_thread_blocked, id=23480, stack(0x000000d321900000,0x000000d321a00000)]
  0x00000213e7574f10 JavaThread "Compiler Source File Reader" daemon [_thread_blocked, id=13392, stack(0x000000d321a00000,0x000000d321b00000)]
  0x00000213e75735c0 JavaThread "Compiler Source File Reader" daemon [_thread_blocked, id=2948, stack(0x000000d321b00000,0x000000d321c00000)]
  0x00000213e7575420 JavaThread "Compiler Source File Reader" daemon [_thread_blocked, id=6084, stack(0x000000d321c00000,0x000000d321d00000)]
  0x00000213e7572690 JavaThread "Compiler Source File Reader" daemon [_thread_blocked, id=22704, stack(0x000000d321d00000,0x000000d321e00000)]
  0x00000213e7576350 JavaThread "Compiler Source File Reader" daemon [_thread_blocked, id=13524, stack(0x000000d321e00000,0x000000d321f00000)]
  0x00000213e7576d70 JavaThread "Compiler Source File Reader" daemon [_thread_blocked, id=14420, stack(0x000000d321f00000,0x000000d322000000)]
  0x00000213e7573ad0 JavaThread "Compiler Source File Reader" daemon [_thread_blocked, id=13740, stack(0x000000d322000000,0x000000d322100000)]
  0x00000213e75730b0 JavaThread "Compiler Source File Reader" daemon [_thread_blocked, id=12056, stack(0x000000d322100000,0x000000d322200000)]
  0x00000213e7575930 JavaThread "ForkJoinPool.commonPool-worker-7" daemon [_thread_blocked, id=20416, stack(0x000000d322200000,0x000000d322300000)]
  0x00000213e7571760 JavaThread "ForkJoinPool.commonPool-worker-8" daemon [_thread_blocked, id=11528, stack(0x000000d322300000,0x000000d322400000)]
  0x00000213e7571c70 JavaThread "ForkJoinPool.commonPool-worker-9" daemon [_thread_blocked, id=24080, stack(0x000000d322400000,0x000000d322500000)]
  0x00000213e7572ba0 JavaThread "ForkJoinPool.commonPool-worker-10" daemon [_thread_in_Java, id=20424, stack(0x000000d322500000,0x000000d322600000)]
  0x00000213e4765130 JavaThread "ForkJoinPool.commonPool-worker-11" daemon [_thread_blocked, id=21808, stack(0x000000d322600000,0x000000d322700000)]
  0x00000213e99d87c0 JavaThread "ForkJoinPool.commonPool-worker-12" daemon [_thread_blocked, id=23648, stack(0x000000d322700000,0x000000d322800000)]
  0x00000213e99dbf70 JavaThread "ForkJoinPool.commonPool-worker-13" daemon [_thread_blocked, id=21028, stack(0x000000d322800000,0x000000d322900000)]
  0x00000213e99d9c00 JavaThread "ForkJoinPool.commonPool-worker-14" daemon [_thread_blocked, id=6560, stack(0x000000d322900000,0x000000d322a00000)]
  0x00000213e99d6e70 JavaThread "ForkJoinPool.commonPool-worker-15" daemon [_thread_blocked, id=24388, stack(0x000000d322a00000,0x000000d322b00000)]
  0x00000213e99d8cd0 JavaThread "Worker-4" [_thread_blocked, id=4604, stack(0x000000d322b00000,0x000000d322c00000)]
  0x00000213e99d91e0 JavaThread "Worker-5" [_thread_blocked, id=15532, stack(0x000000d322c00000,0x000000d322d00000)]
  0x00000213e99dc480 JavaThread "Worker-6" [_thread_blocked, id=20544, stack(0x000000d322d00000,0x000000d322e00000)]
  0x00000213e99dc990 JavaThread "Compiler Processing Task" daemon [_thread_blocked, id=1616, stack(0x000000d322e00000,0x000000d322f00000)]
  0x00000213e99dcea0 JavaThread "SCR Component Registry" daemon [_thread_blocked, id=14728, stack(0x000000d322f00000,0x000000d323000000)]
  0x00000213e99da110 JavaThread "Cleaner-0" daemon [_thread_blocked, id=16684, stack(0x000000d323000000,0x000000d323100000)]

Other Threads:
  0x00000213c6d46920 VMThread "VM Thread" [stack: 0x000000d31d100000,0x000000d31d200000] [id=12424]
  0x00000213e3d3cd50 WatcherThread [stack: 0x000000d31e200000,0x000000d31e300000] [id=12700]
  0x00000213c6ca4a90 GCTaskThread "GC Thread#0" [stack: 0x000000d31d000000,0x000000d31d100000] [id=16864]
  0x00000213e4329480 GCTaskThread "GC Thread#1" [stack: 0x000000d31e300000,0x000000d31e400000] [id=13452]
  0x00000213e4329f60 GCTaskThread "GC Thread#2" [stack: 0x000000d31e400000,0x000000d31e500000] [id=19248]
  0x00000213e4326080 GCTaskThread "GC Thread#3" [stack: 0x000000d31e500000,0x000000d31e600000] [id=17512]
  0x00000213e4326b60 GCTaskThread "GC Thread#4" [stack: 0x000000d31e600000,0x000000d31e700000] [id=23444]
  0x00000213e4326e20 GCTaskThread "GC Thread#5" [stack: 0x000000d31e700000,0x000000d31e800000] [id=7244]
  0x00000213c6bdea60 GCTaskThread "GC Thread#6" [stack: 0x000000d31eb00000,0x000000d31ec00000] [id=12412]
  0x00000213e46cea00 GCTaskThread "GC Thread#7" [stack: 0x000000d31ec00000,0x000000d31ed00000] [id=8200]
  0x00000213e46ce740 GCTaskThread "GC Thread#8" [stack: 0x000000d31ee00000,0x000000d31ef00000] [id=16988]
  0x00000213e46cf500 GCTaskThread "GC Thread#9" [stack: 0x000000d31f100000,0x000000d31f200000] [id=1312]
  0x00000213e46cf7c0 GCTaskThread "GC Thread#10" [stack: 0x000000d31f200000,0x000000d31f300000] [id=23044]
  0x00000213e46cfa80 GCTaskThread "GC Thread#11" [stack: 0x000000d31f300000,0x000000d31f400000] [id=23400]
  0x00000213e46cfd40 GCTaskThread "GC Thread#12" [stack: 0x000000d31f500000,0x000000d31f600000] [id=15664]

Threads with active compile tasks:
C2 CompilerThread0    12733 13219   !   4       org.eclipse.jdt.internal.compiler.classfmt.ClassFileReader::<init> (2151 bytes)
C2 CompilerThread1    12733 12474 %     4       org.eclipse.jdt.internal.core.search.indexing.BinaryIndexer::extractReferenceFromConstantPool @ 155 (358 bytes)

VM state: not at safepoint (normal execution)

VM Mutex/Monitor currently owned by a thread: None

Heap address: 0x00000000c0000000, size: 1024 MB, Compressed Oops mode: 32-bit

CDS archive(s) not mapped
Compressed class space mapped at: 0x0000000100000000-0x0000000140000000, reserved size: 1073741824
Narrow klass base: 0x0000000000000000, Narrow klass shift: 3, Narrow klass range: 0x140000000

GC Precious Log:
 CPUs: 16 total, 16 available
 Memory: 8044M
 Large Page Support: Disabled
 NUMA Support: Disabled
 Compressed Oops: Enabled (32-bit)
 Alignments: Space 512K, Generation 512K, Heap 2M
 Heap Min Capacity: 100M
 Heap Initial Capacity: 100M
 Heap Max Capacity: 1G
 Pre-touch: Disabled
 Parallel Workers: 13

Heap:
 PSYoungGen      total 25088K, used 17183K [0x00000000eab00000, 0x00000000ec680000, 0x0000000100000000)
  eden space 23552K, 67% used [0x00000000eab00000,0x00000000eba84ab0,0x00000000ec200000)
  from space 1536K, 84% used [0x00000000ec200000,0x00000000ec343458,0x00000000ec380000)
  to   space 2048K, 0% used [0x00000000ec480000,0x00000000ec480000,0x00000000ec680000)
 ParOldGen       total 115200K, used 86920K [0x00000000c0000000, 0x00000000c7080000, 0x00000000eab00000)
  object space 115200K, 75% used [0x00000000c0000000,0x00000000c54e2058,0x00000000c7080000)
 Metaspace       used 76343K, committed 77696K, reserved 1179648K
  class space    used 7866K, committed 8448K, reserved 1048576K

Card table byte_map: [0x00000213da2c0000,0x00000213da4d0000] _byte_map_base: 0x00000213d9cc0000

Marking Bits: (ParMarkBitMap*) 0x00007ffb3b7058b0
 Begin Bits: [0x00000213da630000, 0x00000213db630000)
 End Bits:   [0x00000213db630000, 0x00000213dc630000)

Polling page: 0x00000213c6ab0000

Metaspace:

Usage:
  Non-class:     66.87 MB used.
      Class:      7.68 MB used.
       Both:     74.55 MB used.

Virtual space:
  Non-class space:      128.00 MB reserved,      67.62 MB ( 53%) committed,  2 nodes.
      Class space:        1.00 GB reserved,       8.25 MB ( <1%) committed,  1 nodes.
             Both:        1.12 GB reserved,      75.88 MB (  7%) committed. 

Chunk freelists:
   Non-Class:  12.05 MB
       Class:  7.72 MB
        Both:  19.76 MB

MaxMetaspaceSize: unlimited
CompressedClassSpaceSize: 1.00 GB
Initial GC threshold: 21.00 MB
Current GC threshold: 120.94 MB
CDS: off
MetaspaceReclaimPolicy: balanced
 - commit_granule_bytes: 65536.
 - commit_granule_words: 8192.
 - virtual_space_node_default_size: 8388608.
 - enlarge_chunks_in_place: 1.
 - new_chunks_are_fully_committed: 0.
 - uncommit_free_chunks: 1.
 - use_allocation_guard: 0.
 - handle_deallocations: 1.


Internal statistics:

num_allocs_failed_limit: 9.
num_arena_births: 986.
num_arena_deaths: 74.
num_vsnodes_births: 3.
num_vsnodes_deaths: 0.
num_space_committed: 1214.
num_space_uncommitted: 0.
num_chunks_returned_to_freelist: 116.
num_chunks_taken_from_freelist: 4367.
num_chunk_merges: 49.
num_chunk_splits: 2601.
num_chunks_enlarged: 1368.
num_inconsistent_stats: 0.

CodeHeap 'non-profiled nmethods': size=119168Kb used=4156Kb max_used=4156Kb free=115011Kb
 bounds [0x00000213d2c80000, 0x00000213d30a0000, 0x00000213da0e0000]
CodeHeap 'profiled nmethods': size=119104Kb used=25231Kb max_used=25231Kb free=93872Kb
 bounds [0x00000213cb0e0000, 0x00000213cc990000, 0x00000213d2530000]
CodeHeap 'non-nmethods': size=7488Kb used=3089Kb max_used=3151Kb free=4399Kb
 bounds [0x00000213d2530000, 0x00000213d2850000, 0x00000213d2c80000]
 total_blobs=12305 nmethods=11551 adapters=662
 compilation: enabled
              stopped_count=0, restarted_count=0
 full_count=0

Compilation events (20 events):
Event: 12.689 Thread 0x00000213e1f5b520 nmethod 14068 0x00000213cc97d210 code [0x00000213cc97d3e0, 0x00000213cc97d698]
Event: 12.689 Thread 0x00000213e1ded830 14069       1       org.eclipse.jdt.launching.AbstractVMInstall::getInstallLocation (5 bytes)
Event: 12.689 Thread 0x00000213e1ded830 nmethod 14069 0x00000213d2e73510 code [0x00000213d2e736a0, 0x00000213d2e73778]
Event: 12.691 Thread 0x00000213e1ded830 14070       1       org.apache.maven.artifact.DefaultArtifact::getFile (5 bytes)
Event: 12.692 Thread 0x00000213e20d78c0 14071       1       org.eclipse.m2e.jdt.internal.ClasspathEntryDescriptor::setArtifactKey (6 bytes)
Event: 12.692 Thread 0x00000213e1f5b520 14072       1       org.eclipse.m2e.jdt.internal.ClasspathEntryDescriptor::setScope (6 bytes)
Event: 12.692 Thread 0x00000213e1f5e1f0 14073       1       org.apache.maven.artifact.DefaultArtifact::isOptional (5 bytes)
Event: 12.692 Thread 0x00000213e1ded830 nmethod 14070 0x00000213d2e73210 code [0x00000213d2e733a0, 0x00000213d2e73478]
Event: 12.692 Thread 0x00000213e1f5b520 nmethod 14072 0x00000213d2e72f10 code [0x00000213d2e730a0, 0x00000213d2e73178]
Event: 12.692 Thread 0x00000213e1ded830 14074       1       org.eclipse.m2e.jdt.internal.ClasspathEntryDescriptor::setOptionalDependency (6 bytes)
Event: 12.692 Thread 0x00000213e1f5e1f0 nmethod 14073 0x00000213d2e72c10 code [0x00000213d2e72da0, 0x00000213d2e72e78]
Event: 12.692 Thread 0x00000213e20d78c0 nmethod 14071 0x00000213d2e72910 code [0x00000213d2e72aa0, 0x00000213d2e72b78]
Event: 12.692 Thread 0x00000213e1f5b520 14075       1       org.eclipse.m2e.jdt.internal.ClasspathEntryDescriptor::setExported (6 bytes)
Event: 12.692 Thread 0x00000213e20d78c0 14076       2       org.eclipse.m2e.core.embedder.ArtifactKey::hashCode (7 bytes)
Event: 12.692 Thread 0x00000213e1ded830 nmethod 14074 0x00000213d2e72610 code [0x00000213d2e727a0, 0x00000213d2e72878]
Event: 12.692 Thread 0x00000213e1f5b520 nmethod 14075 0x00000213d2e72310 code [0x00000213d2e724a0, 0x00000213d2e72578]
Event: 12.693 Thread 0x00000213e20d78c0 nmethod 14076 0x00000213cc97d890 code [0x00000213cc97daa0, 0x00000213cc97def8]
Event: 12.705 Thread 0x00000213e1f5b520 14077       2       java.util.jar.Manifest::<init> (38 bytes)
Event: 12.706 Thread 0x00000213e1f5b520 nmethod 14077 0x00000213cc97e290 code [0x00000213cc97e460, 0x00000213cc97e798]
Event: 12.707 Thread 0x00000213e1f5b520 14078       2       java.util.jar.JarFile::getVersionedEntry (133 bytes)

GC Heap History (20 events):
Event: 11.632 GC heap before
{Heap before GC invocations=215 (full 7):
 PSYoungGen      total 28672K, used 28219K [0x00000000eab00000, 0x00000000ed000000, 0x0000000100000000)
  eden space 23552K, 100% used [0x00000000eab00000,0x00000000ec200000,0x00000000ec200000)
  from space 5120K, 91% used [0x00000000ec200000,0x00000000ec68ec90,0x00000000ec700000)
  to   space 7168K, 0% used [0x00000000ec900000,0x00000000ec900000,0x00000000ed000000)
 ParOldGen       total 115200K, used 71076K [0x00000000c0000000, 0x00000000c7080000, 0x00000000eab00000)
  object space 115200K, 61% used [0x00000000c0000000,0x00000000c45691d0,0x00000000c7080000)
 Metaspace       used 73217K, committed 74496K, reserved 1179648K
  class space    used 7606K, committed 8192K, reserved 1048576K
}
Event: 11.638 GC heap after
{Heap after GC invocations=215 (full 7):
 PSYoungGen      total 26624K, used 2958K [0x00000000eab00000, 0x00000000ecc00000, 0x0000000100000000)
  eden space 23552K, 0% used [0x00000000eab00000,0x00000000eab00000,0x00000000ec200000)
  from space 3072K, 96% used [0x00000000ec900000,0x00000000ecbe3b20,0x00000000ecc00000)
  to   space 4096K, 0% used [0x00000000ec400000,0x00000000ec400000,0x00000000ec800000)
 ParOldGen       total 115200K, used 75272K [0x00000000c0000000, 0x00000000c7080000, 0x00000000eab00000)
  object space 115200K, 65% used [0x00000000c0000000,0x00000000c4982010,0x00000000c7080000)
 Metaspace       used 73217K, committed 74496K, reserved 1179648K
  class space    used 7606K, committed 8192K, reserved 1048576K
}
Event: 11.719 GC heap before
{Heap before GC invocations=216 (full 7):
 PSYoungGen      total 26624K, used 26510K [0x00000000eab00000, 0x00000000ecc00000, 0x0000000100000000)
  eden space 23552K, 100% used [0x00000000eab00000,0x00000000ec200000,0x00000000ec200000)
  from space 3072K, 96% used [0x00000000ec900000,0x00000000ecbe3b20,0x00000000ecc00000)
  to   space 4096K, 0% used [0x00000000ec400000,0x00000000ec400000,0x00000000ec800000)
 ParOldGen       total 115200K, used 75272K [0x00000000c0000000, 0x00000000c7080000, 0x00000000eab00000)
  object space 115200K, 65% used [0x00000000c0000000,0x00000000c4982010,0x00000000c7080000)
 Metaspace       used 73416K, committed 74688K, reserved 1179648K
  class space    used 7615K, committed 8192K, reserved 1048576K
}
Event: 11.724 GC heap after
{Heap after GC invocations=216 (full 7):
 PSYoungGen      total 26624K, used 2564K [0x00000000eab00000, 0x00000000ec980000, 0x0000000100000000)
  eden space 23552K, 0% used [0x00000000eab00000,0x00000000eab00000,0x00000000ec200000)
  from space 3072K, 83% used [0x00000000ec400000,0x00000000ec6813f8,0x00000000ec700000)
  to   space 2560K, 0% used [0x00000000ec700000,0x00000000ec700000,0x00000000ec980000)
 ParOldGen       total 115200K, used 77852K [0x00000000c0000000, 0x00000000c7080000, 0x00000000eab00000)
  object space 115200K, 67% used [0x00000000c0000000,0x00000000c4c07308,0x00000000c7080000)
 Metaspace       used 73416K, committed 74688K, reserved 1179648K
  class space    used 7615K, committed 8192K, reserved 1048576K
}
Event: 11.809 GC heap before
{Heap before GC invocations=217 (full 7):
 PSYoungGen      total 26624K, used 26116K [0x00000000eab00000, 0x00000000ec980000, 0x0000000100000000)
  eden space 23552K, 100% used [0x00000000eab00000,0x00000000ec200000,0x00000000ec200000)
  from space 3072K, 83% used [0x00000000ec400000,0x00000000ec6813f8,0x00000000ec700000)
  to   space 2560K, 0% used [0x00000000ec700000,0x00000000ec700000,0x00000000ec980000)
 ParOldGen       total 115200K, used 77852K [0x00000000c0000000, 0x00000000c7080000, 0x00000000eab00000)
  object space 115200K, 67% used [0x00000000c0000000,0x00000000c4c07308,0x00000000c7080000)
 Metaspace       used 73637K, committed 74880K, reserved 1179648K
  class space    used 7627K, committed 8192K, reserved 1048576K
}
Event: 11.814 GC heap after
{Heap after GC invocations=217 (full 7):
 PSYoungGen      total 26112K, used 2543K [0x00000000eab00000, 0x00000000ecb00000, 0x0000000100000000)
  eden space 23552K, 0% used [0x00000000eab00000,0x00000000eab00000,0x00000000ec200000)
  from space 2560K, 99% used [0x00000000ec700000,0x00000000ec97bc98,0x00000000ec980000)
  to   space 4608K, 0% used [0x00000000ec200000,0x00000000ec200000,0x00000000ec680000)
 ParOldGen       total 115200K, used 79488K [0x00000000c0000000, 0x00000000c7080000, 0x00000000eab00000)
  object space 115200K, 69% used [0x00000000c0000000,0x00000000c4da03b8,0x00000000c7080000)
 Metaspace       used 73637K, committed 74880K, reserved 1179648K
  class space    used 7627K, committed 8192K, reserved 1048576K
}
Event: 11.920 GC heap before
{Heap before GC invocations=218 (full 7):
 PSYoungGen      total 26112K, used 26095K [0x00000000eab00000, 0x00000000ecb00000, 0x0000000100000000)
  eden space 23552K, 100% used [0x00000000eab00000,0x00000000ec200000,0x00000000ec200000)
  from space 2560K, 99% used [0x00000000ec700000,0x00000000ec97bc98,0x00000000ec980000)
  to   space 4608K, 0% used [0x00000000ec200000,0x00000000ec200000,0x00000000ec680000)
 ParOldGen       total 115200K, used 79488K [0x00000000c0000000, 0x00000000c7080000, 0x00000000eab00000)
  object space 115200K, 69% used [0x00000000c0000000,0x00000000c4da03b8,0x00000000c7080000)
 Metaspace       used 74007K, committed 75328K, reserved 1179648K
  class space    used 7648K, committed 8256K, reserved 1048576K
}
Event: 11.924 GC heap after
{Heap after GC invocations=218 (full 7):
 PSYoungGen      total 26112K, used 2237K [0x00000000eab00000, 0x00000000ec800000, 0x0000000100000000)
  eden space 23552K, 0% used [0x00000000eab00000,0x00000000eab00000,0x00000000ec200000)
  from space 2560K, 87% used [0x00000000ec200000,0x00000000ec42f640,0x00000000ec480000)
  to   space 3072K, 0% used [0x00000000ec500000,0x00000000ec500000,0x00000000ec800000)
 ParOldGen       total 115200K, used 81739K [0x00000000c0000000, 0x00000000c7080000, 0x00000000eab00000)
  object space 115200K, 70% used [0x00000000c0000000,0x00000000c4fd2e70,0x00000000c7080000)
 Metaspace       used 74007K, committed 75328K, reserved 1179648K
  class space    used 7648K, committed 8256K, reserved 1048576K
}
Event: 12.014 GC heap before
{Heap before GC invocations=219 (full 7):
 PSYoungGen      total 26112K, used 25789K [0x00000000eab00000, 0x00000000ec800000, 0x0000000100000000)
  eden space 23552K, 100% used [0x00000000eab00000,0x00000000ec200000,0x00000000ec200000)
  from space 2560K, 87% used [0x00000000ec200000,0x00000000ec42f640,0x00000000ec480000)
  to   space 3072K, 0% used [0x00000000ec500000,0x00000000ec500000,0x00000000ec800000)
 ParOldGen       total 115200K, used 81739K [0x00000000c0000000, 0x00000000c7080000, 0x00000000eab00000)
  object space 115200K, 70% used [0x00000000c0000000,0x00000000c4fd2e70,0x00000000c7080000)
 Metaspace       used 74407K, committed 75712K, reserved 1179648K
  class space    used 7689K, committed 8256K, reserved 1048576K
}
Event: 12.016 GC heap after
{Heap after GC invocations=219 (full 7):
 PSYoungGen      total 25600K, used 2020K [0x00000000eab00000, 0x00000000ec700000, 0x0000000100000000)
  eden space 23552K, 0% used [0x00000000eab00000,0x00000000eab00000,0x00000000ec200000)
  from space 2048K, 98% used [0x00000000ec500000,0x00000000ec6f9230,0x00000000ec700000)
  to   space 2560K, 0% used [0x00000000ec200000,0x00000000ec200000,0x00000000ec480000)
 ParOldGen       total 115200K, used 81747K [0x00000000c0000000, 0x00000000c7080000, 0x00000000eab00000)
  object space 115200K, 70% used [0x00000000c0000000,0x00000000c4fd4e70,0x00000000c7080000)
 Metaspace       used 74407K, committed 75712K, reserved 1179648K
  class space    used 7689K, committed 8256K, reserved 1048576K
}
Event: 12.125 GC heap before
{Heap before GC invocations=220 (full 7):
 PSYoungGen      total 25600K, used 25572K [0x00000000eab00000, 0x00000000ec700000, 0x0000000100000000)
  eden space 23552K, 100% used [0x00000000eab00000,0x00000000ec200000,0x00000000ec200000)
  from space 2048K, 98% used [0x00000000ec500000,0x00000000ec6f9230,0x00000000ec700000)
  to   space 2560K, 0% used [0x00000000ec200000,0x00000000ec200000,0x00000000ec480000)
 ParOldGen       total 115200K, used 81747K [0x00000000c0000000, 0x00000000c7080000, 0x00000000eab00000)
  object space 115200K, 70% used [0x00000000c0000000,0x00000000c4fd4e70,0x00000000c7080000)
 Metaspace       used 75305K, committed 76672K, reserved 1179648K
  class space    used 7779K, committed 8384K, reserved 1048576K
}
Event: 12.128 GC heap after
{Heap after GC invocations=220 (full 7):
 PSYoungGen      total 26112K, used 2557K [0x00000000eab00000, 0x00000000eca00000, 0x0000000100000000)
  eden space 23552K, 0% used [0x00000000eab00000,0x00000000eab00000,0x00000000ec200000)
  from space 2560K, 99% used [0x00000000ec200000,0x00000000ec47f708,0x00000000ec480000)
  to   space 4096K, 0% used [0x00000000ec600000,0x00000000ec600000,0x00000000eca00000)
 ParOldGen       total 115200K, used 82866K [0x00000000c0000000, 0x00000000c7080000, 0x00000000eab00000)
  object space 115200K, 71% used [0x00000000c0000000,0x00000000c50ecb70,0x00000000c7080000)
 Metaspace       used 75305K, committed 76672K, reserved 1179648K
  class space    used 7779K, committed 8384K, reserved 1048576K
}
Event: 12.212 GC heap before
{Heap before GC invocations=221 (full 7):
 PSYoungGen      total 26112K, used 26109K [0x00000000eab00000, 0x00000000eca00000, 0x0000000100000000)
  eden space 23552K, 100% used [0x00000000eab00000,0x00000000ec200000,0x00000000ec200000)
  from space 2560K, 99% used [0x00000000ec200000,0x00000000ec47f708,0x00000000ec480000)
  to   space 4096K, 0% used [0x00000000ec600000,0x00000000ec600000,0x00000000eca00000)
 ParOldGen       total 115200K, used 82866K [0x00000000c0000000, 0x00000000c7080000, 0x00000000eab00000)
  object space 115200K, 71% used [0x00000000c0000000,0x00000000c50ecb70,0x00000000c7080000)
 Metaspace       used 75743K, committed 77120K, reserved 1179648K
  class space    used 7823K, committed 8384K, reserved 1048576K
}
Event: 12.217 GC heap after
{Heap after GC invocations=221 (full 7):
 PSYoungGen      total 26112K, used 2505K [0x00000000eab00000, 0x00000000ec880000, 0x0000000100000000)
  eden space 23552K, 0% used [0x00000000eab00000,0x00000000eab00000,0x00000000ec200000)
  from space 2560K, 97% used [0x00000000ec600000,0x00000000ec8724c8,0x00000000ec880000)
  to   space 3072K, 0% used [0x00000000ec280000,0x00000000ec280000,0x00000000ec580000)
 ParOldGen       total 115200K, used 84391K [0x00000000c0000000, 0x00000000c7080000, 0x00000000eab00000)
  object space 115200K, 73% used [0x00000000c0000000,0x00000000c5269dd0,0x00000000c7080000)
 Metaspace       used 75743K, committed 77120K, reserved 1179648K
  class space    used 7823K, committed 8384K, reserved 1048576K
}
Event: 12.399 GC heap before
{Heap before GC invocations=222 (full 7):
 PSYoungGen      total 26112K, used 26057K [0x00000000eab00000, 0x00000000ec880000, 0x0000000100000000)
  eden space 23552K, 100% used [0x00000000eab00000,0x00000000ec200000,0x00000000ec200000)
  from space 2560K, 97% used [0x00000000ec600000,0x00000000ec8724c8,0x00000000ec880000)
  to   space 3072K, 0% used [0x00000000ec280000,0x00000000ec280000,0x00000000ec580000)
 ParOldGen       total 115200K, used 84391K [0x00000000c0000000, 0x00000000c7080000, 0x00000000eab00000)
  object space 115200K, 73% used [0x00000000c0000000,0x00000000c5269dd0,0x00000000c7080000)
 Metaspace       used 75889K, committed 77312K, reserved 1179648K
  class space    used 7826K, committed 8448K, reserved 1048576K
}
Event: 12.403 GC heap after
{Heap after GC invocations=222 (full 7):
 PSYoungGen      total 26624K, used 3045K [0x00000000eab00000, 0x00000000eca00000, 0x0000000100000000)
  eden space 23552K, 0% used [0x00000000eab00000,0x00000000eab00000,0x00000000ec200000)
  from space 3072K, 99% used [0x00000000ec280000,0x00000000ec579550,0x00000000ec580000)
  to   space 4096K, 0% used [0x00000000ec600000,0x00000000ec600000,0x00000000eca00000)
 ParOldGen       total 115200K, used 85070K [0x00000000c0000000, 0x00000000c7080000, 0x00000000eab00000)
  object space 115200K, 73% used [0x00000000c0000000,0x00000000c5313b80,0x00000000c7080000)
 Metaspace       used 75889K, committed 77312K, reserved 1179648K
  class space    used 7826K, committed 8448K, reserved 1048576K
}
Event: 12.471 GC heap before
{Heap before GC invocations=223 (full 7):
 PSYoungGen      total 26624K, used 26597K [0x00000000eab00000, 0x00000000eca00000, 0x0000000100000000)
  eden space 23552K, 100% used [0x00000000eab00000,0x00000000ec200000,0x00000000ec200000)
  from space 3072K, 99% used [0x00000000ec280000,0x00000000ec579550,0x00000000ec580000)
  to   space 4096K, 0% used [0x00000000ec600000,0x00000000ec600000,0x00000000eca00000)
 ParOldGen       total 115200K, used 85070K [0x00000000c0000000, 0x00000000c7080000, 0x00000000eab00000)
  object space 115200K, 73% used [0x00000000c0000000,0x00000000c5313b80,0x00000000c7080000)
 Metaspace       used 76254K, committed 77568K, reserved 1179648K
  class space    used 7861K, committed 8448K, reserved 1048576K
}
Event: 12.474 GC heap after
{Heap after GC invocations=223 (full 7):
 PSYoungGen      total 25600K, used 1888K [0x00000000eab00000, 0x00000000ec800000, 0x0000000100000000)
  eden space 23552K, 0% used [0x00000000eab00000,0x00000000eab00000,0x00000000ec200000)
  from space 2048K, 92% used [0x00000000ec600000,0x00000000ec7d8398,0x00000000ec800000)
  to   space 3072K, 0% used [0x00000000ec200000,0x00000000ec200000,0x00000000ec500000)
 ParOldGen       total 115200K, used 86912K [0x00000000c0000000, 0x00000000c7080000, 0x00000000eab00000)
  object space 115200K, 75% used [0x00000000c0000000,0x00000000c54e0058,0x00000000c7080000)
 Metaspace       used 76254K, committed 77568K, reserved 1179648K
  class space    used 7861K, committed 8448K, reserved 1048576K
}
Event: 12.566 GC heap before
{Heap before GC invocations=224 (full 7):
 PSYoungGen      total 25600K, used 25440K [0x00000000eab00000, 0x00000000ec800000, 0x0000000100000000)
  eden space 23552K, 100% used [0x00000000eab00000,0x00000000ec200000,0x00000000ec200000)
  from space 2048K, 92% used [0x00000000ec600000,0x00000000ec7d8398,0x00000000ec800000)
  to   space 3072K, 0% used [0x00000000ec200000,0x00000000ec200000,0x00000000ec500000)
 ParOldGen       total 115200K, used 86912K [0x00000000c0000000, 0x00000000c7080000, 0x00000000eab00000)
  object space 115200K, 75% used [0x00000000c0000000,0x00000000c54e0058,0x00000000c7080000)
 Metaspace       used 76308K, committed 77632K, reserved 1179648K
  class space    used 7864K, committed 8448K, reserved 1048576K
}
Event: 12.568 GC heap after
{Heap after GC invocations=224 (full 7):
 PSYoungGen      total 25088K, used 1293K [0x00000000eab00000, 0x00000000ec680000, 0x0000000100000000)
  eden space 23552K, 0% used [0x00000000eab00000,0x00000000eab00000,0x00000000ec200000)
  from space 1536K, 84% used [0x00000000ec200000,0x00000000ec343458,0x00000000ec380000)
  to   space 2048K, 0% used [0x00000000ec480000,0x00000000ec480000,0x00000000ec680000)
 ParOldGen       total 115200K, used 86920K [0x00000000c0000000, 0x00000000c7080000, 0x00000000eab00000)
  object space 115200K, 75% used [0x00000000c0000000,0x00000000c54e2058,0x00000000c7080000)
 Metaspace       used 76308K, committed 77632K, reserved 1179648K
  class space    used 7864K, committed 8448K, reserved 1048576K
}

Dll operation events (10 events):
Event: 0.008 Loaded shared library c:\Users\prane\.vscode\extensions\redhat.java-1.35.0-win32-x64\jre\17.0.12-win32-x86_64\bin\java.dll
Event: 0.140 Loaded shared library c:\Users\prane\.vscode\extensions\redhat.java-1.35.0-win32-x64\jre\17.0.12-win32-x86_64\bin\zip.dll
Event: 0.143 Loaded shared library C:\Users\prane\.vscode\extensions\redhat.java-1.35.0-win32-x64\jre\17.0.12-win32-x86_64\bin\instrument.dll
Event: 0.153 Loaded shared library C:\Users\prane\.vscode\extensions\redhat.java-1.35.0-win32-x64\jre\17.0.12-win32-x86_64\bin\net.dll
Event: 0.155 Loaded shared library C:\Users\prane\.vscode\extensions\redhat.java-1.35.0-win32-x64\jre\17.0.12-win32-x86_64\bin\nio.dll
Event: 0.160 Loaded shared library C:\Users\prane\.vscode\extensions\redhat.java-1.35.0-win32-x64\jre\17.0.12-win32-x86_64\bin\zip.dll
Event: 0.172 Loaded shared library C:\Users\prane\.vscode\extensions\redhat.java-1.35.0-win32-x64\jre\17.0.12-win32-x86_64\bin\jimage.dll
Event: 0.215 Loaded shared library c:\Users\prane\.vscode\extensions\redhat.java-1.35.0-win32-x64\jre\17.0.12-win32-x86_64\bin\verify.dll
Event: 0.949 Loaded shared library C:\Users\prane\AppData\Roaming\Code\User\globalStorage\redhat.java\1.35.0\config_win\org.eclipse.equinox.launcher\org.eclipse.equinox.launcher.win32.win32.x86_64_1.2.1100.v20240722-2106\eclipse_11904.dll
Event: 2.186 Loaded shared library C:\Users\prane\AppData\Local\Temp\jna-106927254\jna15288785339724038523.dll

Deoptimization events (20 events):
Event: 12.447 Thread 0x00000213e7575e40 DEOPT PACKING pc=0x00000213cc08681d sp=0x000000d31dffd420
Event: 12.447 Thread 0x00000213e7575e40 DEOPT UNPACKING pc=0x00000213d2586e43 sp=0x000000d31dffc9b0 mode 0
Event: 12.482 Thread 0x00000213e7575e40 DEOPT PACKING pc=0x00000213cc08681d sp=0x000000d31dffd1b0
Event: 12.482 Thread 0x00000213e7575e40 DEOPT UNPACKING pc=0x00000213d2586e43 sp=0x000000d31dffc740 mode 0
Event: 12.515 Thread 0x00000213e4764c20 Uncommon trap: trap_request=0xffffff45 fr.pc=0x00000213d2d53018 relative=0x0000000000000178
Event: 12.515 Thread 0x00000213e4764c20 Uncommon trap: reason=unstable_if action=reinterpret pc=0x00000213d2d53018 method=java.util.zip.ZipFile$Source.isMetaName([BII)Z @ 57 c2
Event: 12.515 Thread 0x00000213e4764c20 DEOPT PACKING pc=0x00000213d2d53018 sp=0x000000d31f7fdaa0
Event: 12.515 Thread 0x00000213e4764c20 DEOPT UNPACKING pc=0x00000213d25866a3 sp=0x000000d31f7fda30 mode 2
Event: 12.515 Thread 0x00000213e7575e40 DEOPT PACKING pc=0x00000213cbe19ca9 sp=0x000000d31dffcb80
Event: 12.515 Thread 0x00000213e7575e40 DEOPT UNPACKING pc=0x00000213d2586e43 sp=0x000000d31dffc248 mode 0
Event: 12.532 Thread 0x00000213e7575e40 Uncommon trap: trap_request=0xffffff45 fr.pc=0x00000213d3046494 relative=0x0000000000000174
Event: 12.532 Thread 0x00000213e7575e40 Uncommon trap: reason=unstable_if action=reinterpret pc=0x00000213d3046494 method=org.eclipse.jdt.internal.compiler.parser.Scanner.getNextToken0()I @ 429 c2
Event: 12.532 Thread 0x00000213e7575e40 DEOPT PACKING pc=0x00000213d3046494 sp=0x000000d31dffd8b0
Event: 12.532 Thread 0x00000213e7575e40 DEOPT UNPACKING pc=0x00000213d25866a3 sp=0x000000d31dffd7f8 mode 2
Event: 12.539 Thread 0x00000213e7575e40 Uncommon trap: trap_request=0xffffffde fr.pc=0x00000213d3014568 relative=0x0000000000000068
Event: 12.539 Thread 0x00000213e7575e40 Uncommon trap: reason=class_check action=maybe_recompile pc=0x00000213d3014568 method=java.util.LinkedHashMap.afterNodeInsertion(Z)V @ 15 c2
Event: 12.539 Thread 0x00000213e7575e40 DEOPT PACKING pc=0x00000213d3014568 sp=0x000000d31dffe7b0
Event: 12.539 Thread 0x00000213e7575e40 DEOPT UNPACKING pc=0x00000213d25866a3 sp=0x000000d31dffe728 mode 2
Event: 12.700 Thread 0x00000213e7572ba0 DEOPT PACKING pc=0x00000213cc08681d sp=0x000000d3225fdcd0
Event: 12.700 Thread 0x00000213e7572ba0 DEOPT UNPACKING pc=0x00000213d2586e43 sp=0x000000d3225fd260 mode 0

Classes loaded (20 events):
Event: 9.075 Loading class java/util/stream/Node$Builder$OfInt done
Event: 9.075 Loading class java/util/stream/Nodes$IntArrayNode
Event: 9.076 Loading class java/util/stream/Nodes$IntArrayNode done
Event: 9.076 Loading class java/util/stream/Nodes$IntFixedNodeBuilder done
Event: 9.077 Loading class java/util/stream/ReferencePipeline$4$1
Event: 9.077 Loading class java/util/stream/ReferencePipeline$4$1 done
Event: 10.143 Loading class jdk/internal/module/IllegalAccessLogger
Event: 10.144 Loading class jdk/internal/module/IllegalAccessLogger done
Event: 10.407 Loading class java/nio/channels/Channels$1
Event: 10.407 Loading class java/nio/channels/Channels$1 done
Event: 10.592 Loading class sun/nio/fs/WindowsFileCopy
Event: 10.593 Loading class sun/nio/fs/WindowsFileCopy done
Event: 10.600 Loading class java/util/concurrent/ForkJoinTask$AdaptedCallable
Event: 10.600 Loading class java/util/concurrent/ForkJoinTask$AdaptedCallable done
Event: 10.600 Loading class java/util/concurrent/CountedCompleter
Event: 10.601 Loading class java/util/concurrent/CountedCompleter done
Event: 12.009 Loading class jdk/internal/ref/CleanerImpl$InnocuousThreadFactory
Event: 12.009 Loading class jdk/internal/ref/CleanerImpl$InnocuousThreadFactory done
Event: 12.194 Loading class sun/nio/cs/ISO_8859_1$Decoder
Event: 12.195 Loading class sun/nio/cs/ISO_8859_1$Decoder done

Classes unloaded (20 events):
Event: 6.998 Thread 0x00000213c6d46920 Unloading class 0x000000010061a000 'jdk/internal/reflect/GeneratedSerializationConstructorAccessor40'
Event: 6.998 Thread 0x00000213c6d46920 Unloading class 0x000000010061a800 'jdk/internal/reflect/GeneratedSerializationConstructorAccessor44'
Event: 6.998 Thread 0x00000213c6d46920 Unloading class 0x0000000100619400 'jdk/internal/reflect/GeneratedSerializationConstructorAccessor37'
Event: 6.998 Thread 0x00000213c6d46920 Unloading class 0x0000000100619000 'jdk/internal/reflect/GeneratedSerializationConstructorAccessor36'
Event: 6.998 Thread 0x00000213c6d46920 Unloading class 0x0000000100618c00 'jdk/internal/reflect/GeneratedSerializationConstructorAccessor34'
Event: 6.998 Thread 0x00000213c6d46920 Unloading class 0x0000000100618800 'jdk/internal/reflect/GeneratedSerializationConstructorAccessor35'
Event: 6.998 Thread 0x00000213c6d46920 Unloading class 0x0000000100618400 'jdk/internal/reflect/GeneratedSerializationConstructorAccessor31'
Event: 6.998 Thread 0x00000213c6d46920 Unloading class 0x0000000100617c00 'jdk/internal/reflect/GeneratedSerializationConstructorAccessor32'
Event: 6.998 Thread 0x00000213c6d46920 Unloading class 0x0000000100617000 'jdk/internal/reflect/GeneratedSerializationConstructorAccessor28'
Event: 6.998 Thread 0x00000213c6d46920 Unloading class 0x0000000100616800 'jdk/internal/reflect/GeneratedSerializationConstructorAccessor24'
Event: 6.998 Thread 0x00000213c6d46920 Unloading class 0x0000000100616000 'jdk/internal/reflect/GeneratedSerializationConstructorAccessor29'
Event: 6.998 Thread 0x00000213c6d46920 Unloading class 0x0000000100617400 'jdk/internal/reflect/GeneratedSerializationConstructorAccessor27'
Event: 6.998 Thread 0x00000213c6d46920 Unloading class 0x0000000100617800 'jdk/internal/reflect/GeneratedSerializationConstructorAccessor26'
Event: 6.998 Thread 0x00000213c6d46920 Unloading class 0x0000000100616c00 'jdk/internal/reflect/GeneratedSerializationConstructorAccessor25'
Event: 6.998 Thread 0x00000213c6d46920 Unloading class 0x00000001005f2c00 'java/lang/invoke/LambdaForm$DMH+0x00000001005f2c00'
Event: 6.999 Thread 0x00000213c6d46920 Unloading class 0x00000001005f2800 'java/lang/invoke/LambdaForm$DMH+0x00000001005f2800'
Event: 6.999 Thread 0x00000213c6d46920 Unloading class 0x00000001005f2000 'java/lang/invoke/LambdaForm$DMH+0x00000001005f2000'
Event: 6.999 Thread 0x00000213c6d46920 Unloading class 0x00000001005f1c00 'java/lang/invoke/LambdaForm$DMH+0x00000001005f1c00'
Event: 6.999 Thread 0x00000213c6d46920 Unloading class 0x00000001005f2400 'java/lang/invoke/LambdaForm$DMH+0x00000001005f2400'
Event: 10.668 Thread 0x00000213c6d46920 Unloading class 0x00000001007b0000 'java/lang/invoke/LambdaForm$DMH+0x00000001007b0000'

Classes redefined (0 events):
No events

Internal exceptions (20 events):
Event: 10.594 Thread 0x00000213e4764c20 Exception <a 'sun/nio/fs/WindowsException'{0x00000000eb15d9f0}> (0x00000000eb15d9f0) 
thrown [s\src\hotspot\share\prims\jni.cpp, line 516]
Event: 11.270 Thread 0x00000213e502e260 Exception <a 'sun/nio/fs/WindowsException'{0x00000000eab19180}> (0x00000000eab19180) 
thrown [s\src\hotspot\share\prims\jni.cpp, line 516]
Event: 11.536 Thread 0x00000213e502e260 Exception <a 'sun/nio/fs/WindowsException'{0x00000000ebd3d928}> (0x00000000ebd3d928) 
thrown [s\src\hotspot\share\prims\jni.cpp, line 516]
Event: 12.021 Thread 0x00000213e4764c20 Exception <a 'java/lang/NoSuchMethodError'{0x00000000eabce5c0}: 'void java.lang.invoke.DirectMethodHandle$Holder.invokeInterface(java.lang.Object, java.lang.Object)'> (0x00000000eabce5c0) 
thrown [s\src\hotspot\share\interpreter\linkResolver.cpp, line 759]
Event: 12.036 Thread 0x00000213e99d7380 Exception <a 'java/lang/NoSuchMethodError'{0x00000000eae3c188}: 'java.lang.Object java.lang.invoke.Invokers$Holder.linkToTargetMethod(java.lang.Object, java.lang.Object, java.lang.Object, java.lang.Object, java.lang.Object, java.lang.Object, java.lang.Object)'> (0x00000000eae3c188) 
thrown [s\src\hotspot\share\interpreter\linkResolver.cpp, line 759]
Event: 12.036 Thread 0x00000213e99da620 Exception <a 'java/lang/NoSuchMethodError'{0x00000000eadf8750}: 'java.lang.Object java.lang.invoke.Invokers$Holder.linkToTargetMethod(java.lang.Object, java.lang.Object, java.lang.Object, java.lang.Object, java.lang.Object, java.lang.Object, java.lang.Object)'> (0x00000000eadf8750) 
thrown [s\src\hotspot\share\interpreter\linkResolver.cpp, line 759]
Event: 12.036 Thread 0x00000213e99d6450 Exception <a 'java/lang/NoSuchMethodError'{0x00000000eae04fb0}: 'java.lang.Object java.lang.invoke.Invokers$Holder.linkToTargetMethod(java.lang.Object, java.lang.Object, java.lang.Object, java.lang.Object, java.lang.Object, java.lang.Object, java.lang.Object)'> (0x00000000eae04fb0) 
thrown [s\src\hotspot\share\interpreter\linkResolver.cpp, line 759]
Event: 12.036 Thread 0x00000213e99d82b0 Exception <a 'java/lang/NoSuchMethodError'{0x00000000eae4a928}: 'java.lang.Object java.lang.invoke.Invokers$Holder.linkToTargetMethod(java.lang.Object, java.lang.Object, java.lang.Object, java.lang.Object, java.lang.Object, java.lang.Object, java.lang.Object)'> (0x00000000eae4a928) 
thrown [s\src\hotspot\share\interpreter\linkResolver.cpp, line 759]
Event: 12.036 Thread 0x00000213e99d5f40 Exception <a 'java/lang/NoSuchMethodError'{0x00000000eae553f8}: 'java.lang.Object java.lang.invoke.Invokers$Holder.linkToTargetMethod(java.lang.Object, java.lang.Object, java.lang.Object, java.lang.Object, java.lang.Object, java.lang.Object, java.lang.Object)'> (0x00000000eae553f8) 
thrown [s\src\hotspot\share\interpreter\linkResolver.cpp, line 759]
Event: 12.416 Thread 0x00000213e4764c20 Exception <a 'sun/nio/fs/WindowsException'{0x00000000eae7b700}> (0x00000000eae7b700) 
thrown [s\src\hotspot\share\prims\jni.cpp, line 516]
Event: 12.416 Thread 0x00000213e4764c20 Exception <a 'sun/nio/fs/WindowsException'{0x00000000eae7bfe0}> (0x00000000eae7bfe0) 
thrown [s\src\hotspot\share\prims\jni.cpp, line 516]
Event: 12.441 Thread 0x00000213e4764c20 Exception <a 'java/lang/NoSuchMethodError'{0x00000000eb734898}: 'void java.lang.invoke.DirectMethodHandle$Holder.invokeSpecial(java.lang.Object, java.lang.Object, java.lang.Object, java.lang.Object, java.lang.Object)'> (0x00000000eb734898) 
thrown [s\src\hotspot\share\interpreter\linkResolver.cpp, line 759]
Event: 12.683 Thread 0x00000213e7572ba0 Exception <a 'sun/nio/fs/WindowsException'{0x00000000eb091678}> (0x00000000eb091678) 
thrown [s\src\hotspot\share\prims\jni.cpp, line 516]
Event: 12.683 Thread 0x00000213e7572ba0 Exception <a 'sun/nio/fs/WindowsException'{0x00000000eb091f78}> (0x00000000eb091f78) 
thrown [s\src\hotspot\share\prims\jni.cpp, line 516]
Event: 12.684 Thread 0x00000213e7572ba0 Exception <a 'sun/nio/fs/WindowsException'{0x00000000eb092f38}> (0x00000000eb092f38) 
thrown [s\src\hotspot\share\prims\jni.cpp, line 516]
Event: 12.684 Thread 0x00000213e7572ba0 Exception <a 'sun/nio/fs/WindowsException'{0x00000000eb093818}> (0x00000000eb093818) 
thrown [s\src\hotspot\share\prims\jni.cpp, line 516]
Event: 12.684 Thread 0x00000213e7572ba0 Exception <a 'sun/nio/fs/WindowsException'{0x00000000eb0c86e0}> (0x00000000eb0c86e0) 
thrown [s\src\hotspot\share\prims\jni.cpp, line 516]
Event: 12.684 Thread 0x00000213e7572ba0 Exception <a 'sun/nio/fs/WindowsException'{0x00000000eb0c8fc0}> (0x00000000eb0c8fc0) 
thrown [s\src\hotspot\share\prims\jni.cpp, line 516]
Event: 12.689 Thread 0x00000213e7572ba0 Exception <a 'sun/nio/fs/WindowsException'{0x00000000eb130eb0}> (0x00000000eb130eb0) 
thrown [s\src\hotspot\share\prims\jni.cpp, line 516]
Event: 12.689 Thread 0x00000213e7572ba0 Exception <a 'sun/nio/fs/WindowsException'{0x00000000eb131790}> (0x00000000eb131790) 
thrown [s\src\hotspot\share\prims\jni.cpp, line 516]

VM Operations (20 events):
Event: 11.726 Executing VM operation: HandshakeAllThreads
Event: 11.727 Executing VM operation: HandshakeAllThreads done
Event: 11.809 Executing VM operation: ParallelGCFailedAllocation
Event: 11.814 Executing VM operation: ParallelGCFailedAllocation done
Event: 11.919 Executing VM operation: ParallelGCFailedAllocation
Event: 11.924 Executing VM operation: ParallelGCFailedAllocation done
Event: 12.014 Executing VM operation: ParallelGCFailedAllocation
Event: 12.016 Executing VM operation: ParallelGCFailedAllocation done
Event: 12.044 Executing VM operation: HandshakeAllThreads
Event: 12.044 Executing VM operation: HandshakeAllThreads done
Event: 12.125 Executing VM operation: ParallelGCFailedAllocation
Event: 12.128 Executing VM operation: ParallelGCFailedAllocation done
Event: 12.212 Executing VM operation: ParallelGCFailedAllocation
Event: 12.217 Executing VM operation: ParallelGCFailedAllocation done
Event: 12.399 Executing VM operation: ParallelGCFailedAllocation
Event: 12.403 Executing VM operation: ParallelGCFailedAllocation done
Event: 12.470 Executing VM operation: ParallelGCFailedAllocation
Event: 12.474 Executing VM operation: ParallelGCFailedAllocation done
Event: 12.566 Executing VM operation: ParallelGCFailedAllocation
Event: 12.568 Executing VM operation: ParallelGCFailedAllocation done

Events (20 events):
Event: 11.767 Thread 0x00000213e1df6910 flushing nmethod 0x00000213cc7a7a10
Event: 11.767 Thread 0x00000213e1df6910 flushing nmethod 0x00000213cc7a8490
Event: 11.767 Thread 0x00000213e1df6910 flushing nmethod 0x00000213cc7a8b90
Event: 11.767 Thread 0x00000213e1df6910 flushing nmethod 0x00000213cc7bb310
Event: 11.767 Thread 0x00000213e1df6910 flushing nmethod 0x00000213cc7f0690
Event: 11.767 Thread 0x00000213e1df6910 flushing nmethod 0x00000213cc802510
Event: 11.768 Thread 0x00000213e1df6910 flushing nmethod 0x00000213cc866910
Event: 11.768 Thread 0x00000213e1df6910 flushing nmethod 0x00000213cc866c90
Event: 11.768 Thread 0x00000213e1df6910 flushing nmethod 0x00000213cc8c1a90
Event: 12.009 Thread 0x00000213e99da110 Thread added: 0x00000213e99da110
Event: 12.032 Thread 0x00000213e99d5f40 Thread added: 0x00000213e99d5f40
Event: 12.032 Thread 0x00000213e99d7380 Thread added: 0x00000213e99d7380
Event: 12.033 Thread 0x00000213e99d6450 Thread added: 0x00000213e99d6450
Event: 12.033 Thread 0x00000213e99d82b0 Thread added: 0x00000213e99d82b0
Event: 12.034 Thread 0x00000213e99da620 Thread added: 0x00000213e99da620
Event: 12.306 Thread 0x00000213e99da620 Thread exited: 0x00000213e99da620
Event: 12.306 Thread 0x00000213e99d5f40 Thread exited: 0x00000213e99d5f40
Event: 12.306 Thread 0x00000213e99d7380 Thread exited: 0x00000213e99d7380
Event: 12.306 Thread 0x00000213e99d82b0 Thread exited: 0x00000213e99d82b0
Event: 12.306 Thread 0x00000213e99d6450 Thread exited: 0x00000213e99d6450


Dynamic libraries:
0x00007ff723c40000 - 0x00007ff723c4e000 	c:\Users\prane\.vscode\extensions\redhat.java-1.35.0-win32-x64\jre\17.0.12-win32-x86_64\bin\java.exe
0x00007ffbb2fb0000 - 0x00007ffbb31a8000 	C:\WINDOWS\SYSTEM32\ntdll.dll
0x00007ffbb1140000 - 0x00007ffbb1201000 	C:\WINDOWS\System32\KERNEL32.DLL
0x00007ffbb09b0000 - 0x00007ffbb0cad000 	C:\WINDOWS\System32\KERNELBASE.dll
0x00007ffbb06b0000 - 0x00007ffbb07b0000 	C:\WINDOWS\System32\ucrtbase.dll
0x00007ffba6620000 - 0x00007ffba663b000 	c:\Users\prane\.vscode\extensions\redhat.java-1.35.0-win32-x64\jre\17.0.12-win32-x86_64\bin\VCRUNTIME140.dll
0x00007ffb9a560000 - 0x00007ffb9a577000 	c:\Users\prane\.vscode\extensions\redhat.java-1.35.0-win32-x64\jre\17.0.12-win32-x86_64\bin\jli.dll
0x00007ffbb1a30000 - 0x00007ffbb1bcd000 	C:\WINDOWS\System32\USER32.dll
0x00007ffb9b470000 - 0x00007ffb9b70a000 	C:\WINDOWS\WinSxS\amd64_microsoft.windows.common-controls_6595b64144ccf1df_6.0.19041.4355_none_60b8b9eb71f62e16\COMCTL32.dll
0x00007ffbb0fb0000 - 0x00007ffbb0fd2000 	C:\WINDOWS\System32\win32u.dll
0x00007ffbb2df0000 - 0x00007ffbb2e8e000 	C:\WINDOWS\System32\msvcrt.dll
0x00007ffbb1950000 - 0x00007ffbb197b000 	C:\WINDOWS\System32\GDI32.dll
0x00007ffbb07e0000 - 0x00007ffbb08f7000 	C:\WINDOWS\System32\gdi32full.dll
0x00007ffbb0d20000 - 0x00007ffbb0dbd000 	C:\WINDOWS\System32\msvcp_win.dll
0x00007ffbb1110000 - 0x00007ffbb113f000 	C:\WINDOWS\System32\IMM32.DLL
0x00007ffbacc60000 - 0x00007ffbacc6c000 	c:\Users\prane\.vscode\extensions\redhat.java-1.35.0-win32-x64\jre\17.0.12-win32-x86_64\bin\vcruntime140_1.dll
0x00007ffb92620000 - 0x00007ffb926ad000 	c:\Users\prane\.vscode\extensions\redhat.java-1.35.0-win32-x64\jre\17.0.12-win32-x86_64\bin\msvcp140.dll
0x00007ffb3ab60000 - 0x00007ffb3b7ca000 	c:\Users\prane\.vscode\extensions\redhat.java-1.35.0-win32-x64\jre\17.0.12-win32-x86_64\bin\server\jvm.dll
0x00007ffbb1980000 - 0x00007ffbb1a30000 	C:\WINDOWS\System32\ADVAPI32.dll
0x00007ffbb18b0000 - 0x00007ffbb1950000 	C:\WINDOWS\System32\sechost.dll
0x00007ffbb2b50000 - 0x00007ffbb2c73000 	C:\WINDOWS\System32\RPCRT4.dll
0x00007ffbb07b0000 - 0x00007ffbb07d7000 	C:\WINDOWS\System32\bcrypt.dll
0x00007ffbb1bd0000 - 0x00007ffbb1c3b000 	C:\WINDOWS\System32\WS2_32.dll
0x00007ffbafbb0000 - 0x00007ffbafbfb000 	C:\WINDOWS\SYSTEM32\POWRPROF.dll
0x00007ffb9f9f0000 - 0x00007ffb9fa17000 	C:\WINDOWS\SYSTEM32\WINMM.dll
0x00007ffba6ad0000 - 0x00007ffba6ada000 	C:\WINDOWS\SYSTEM32\VERSION.dll
0x00007ffbafa20000 - 0x00007ffbafa32000 	C:\WINDOWS\SYSTEM32\UMPDC.dll
0x00007ffbae4a0000 - 0x00007ffbae4b2000 	C:\WINDOWS\SYSTEM32\kernel.appcore.dll
0x00007ffbac8f0000 - 0x00007ffbac8fa000 	c:\Users\prane\.vscode\extensions\redhat.java-1.35.0-win32-x64\jre\17.0.12-win32-x86_64\bin\jimage.dll
0x00007ffb9c350000 - 0x00007ffb9c534000 	C:\WINDOWS\SYSTEM32\DBGHELP.DLL
0x00007ffb96cc0000 - 0x00007ffb96cf4000 	C:\WINDOWS\SYSTEM32\dbgcore.DLL
0x00007ffbb0f20000 - 0x00007ffbb0fa2000 	C:\WINDOWS\System32\bcryptPrimitives.dll
0x00007ffbac8e0000 - 0x00007ffbac8ee000 	c:\Users\prane\.vscode\extensions\redhat.java-1.35.0-win32-x64\jre\17.0.12-win32-x86_64\bin\instrument.dll
0x00007ffb9a380000 - 0x00007ffb9a3a5000 	c:\Users\prane\.vscode\extensions\redhat.java-1.35.0-win32-x64\jre\17.0.12-win32-x86_64\bin\java.dll
0x00007ffbac8a0000 - 0x00007ffbac8b8000 	c:\Users\prane\.vscode\extensions\redhat.java-1.35.0-win32-x64\jre\17.0.12-win32-x86_64\bin\zip.dll
0x00007ffbb2090000 - 0x00007ffbb27ff000 	C:\WINDOWS\System32\SHELL32.dll
0x00007ffbae6a0000 - 0x00007ffbaee43000 	C:\WINDOWS\SYSTEM32\windows.storage.dll
0x00007ffbb1c40000 - 0x00007ffbb1f93000 	C:\WINDOWS\System32\combase.dll
0x00007ffbb0070000 - 0x00007ffbb009e000 	C:\WINDOWS\SYSTEM32\Wldp.dll
0x00007ffbb2810000 - 0x00007ffbb28dd000 	C:\WINDOWS\System32\OLEAUT32.dll
0x00007ffbb2c80000 - 0x00007ffbb2d2d000 	C:\WINDOWS\System32\SHCORE.dll
0x00007ffbb2d90000 - 0x00007ffbb2de5000 	C:\WINDOWS\System32\shlwapi.dll
0x00007ffbb0590000 - 0x00007ffbb05b4000 	C:\WINDOWS\SYSTEM32\profapi.dll
0x00007ffbac7a0000 - 0x00007ffbac7b9000 	C:\Users\prane\.vscode\extensions\redhat.java-1.35.0-win32-x64\jre\17.0.12-win32-x86_64\bin\net.dll
0x00007ffba9310000 - 0x00007ffba941d000 	C:\WINDOWS\SYSTEM32\WINHTTP.dll
0x00007ffbafd90000 - 0x00007ffbafdfa000 	C:\WINDOWS\system32\mswsock.dll
0x00007ffbac620000 - 0x00007ffbac636000 	C:\Users\prane\.vscode\extensions\redhat.java-1.35.0-win32-x64\jre\17.0.12-win32-x86_64\bin\nio.dll
0x00007ffbacc50000 - 0x00007ffbacc60000 	c:\Users\prane\.vscode\extensions\redhat.java-1.35.0-win32-x64\jre\17.0.12-win32-x86_64\bin\verify.dll
0x00007ffb925d0000 - 0x00007ffb92615000 	C:\Users\prane\AppData\Roaming\Code\User\globalStorage\redhat.java\1.35.0\config_win\org.eclipse.equinox.launcher\org.eclipse.equinox.launcher.win32.win32.x86_64_1.2.1100.v20240722-2106\eclipse_11904.dll
0x00007ffbb0fe0000 - 0x00007ffbb110b000 	C:\WINDOWS\System32\ole32.dll
0x00007ffbaff70000 - 0x00007ffbaff88000 	C:\WINDOWS\SYSTEM32\CRYPTSP.dll
0x00007ffbaf660000 - 0x00007ffbaf694000 	C:\WINDOWS\system32\rsaenh.dll
0x00007ffbb0550000 - 0x00007ffbb057e000 	C:\WINDOWS\SYSTEM32\USERENV.dll
0x00007ffbaff30000 - 0x00007ffbaff3c000 	C:\WINDOWS\SYSTEM32\CRYPTBASE.dll
0x00007ffbafa40000 - 0x00007ffbafa7b000 	C:\WINDOWS\SYSTEM32\IPHLPAPI.DLL
0x00007ffbb18a0000 - 0x00007ffbb18a8000 	C:\WINDOWS\System32\NSI.dll
0x00007ffba9940000 - 0x00007ffba9957000 	C:\WINDOWS\SYSTEM32\dhcpcsvc6.DLL
0x00007ffba9fc0000 - 0x00007ffba9fdd000 	C:\WINDOWS\SYSTEM32\dhcpcsvc.DLL
0x00007ffbafa80000 - 0x00007ffbafb4a000 	C:\WINDOWS\SYSTEM32\DNSAPI.dll
0x00007ffb91e00000 - 0x00007ffb91e49000 	C:\Users\prane\AppData\Local\Temp\jna-106927254\jna15288785339724038523.dll
0x00007ffbb2800000 - 0x00007ffbb2808000 	C:\WINDOWS\System32\PSAPI.DLL

dbghelp: loaded successfully - version: 4.0.5 - missing functions: none
symbol engine: initialized successfully - sym options: 0x614 - pdb path: .;c:\Users\prane\.vscode\extensions\redhat.java-1.35.0-win32-x64\jre\17.0.12-win32-x86_64\bin;C:\WINDOWS\SYSTEM32;C:\WINDOWS\WinSxS\amd64_microsoft.windows.common-controls_6595b64144ccf1df_6.0.19041.4355_none_60b8b9eb71f62e16;c:\Users\prane\.vscode\extensions\redhat.java-1.35.0-win32-x64\jre\17.0.12-win32-x86_64\bin\server;C:\Users\prane\AppData\Roaming\Code\User\globalStorage\redhat.java\1.35.0\config_win\org.eclipse.equinox.launcher\org.eclipse.equinox.launcher.win32.win32.x86_64_1.2.1100.v20240722-2106;C:\Users\prane\AppData\Local\Temp\jna-106927254

VM Arguments:
jvm_args: --add-modules=ALL-SYSTEM --add-opens=java.base/java.util=ALL-UNNAMED --add-opens=java.base/java.lang=ALL-UNNAMED --add-opens=java.base/sun.nio.fs=ALL-UNNAMED -Declipse.application=org.eclipse.jdt.ls.core.id1 -Dosgi.bundles.defaultStartLevel=4 -Declipse.product=org.eclipse.jdt.ls.core.product -Djava.import.generatesMetadataFilesAtProjectRoot=false -DDetectVMInstallationsJob.disabled=true -Dfile.encoding=utf8 -XX:+UseParallelGC -XX:GCTimeRatio=4 -XX:AdaptiveSizePolicyWeight=90 -Dsun.zip.disableMemoryMapping=true -Xmx1G -Xms100m -Xlog:disable -javaagent:c:\Users\prane\.vscode\extensions\redhat.java-1.35.0-win32-x64\lombok\lombok-1.18.33.jar -XX:+HeapDumpOnOutOfMemoryError -XX:HeapDumpPath=c:\Users\prane\AppData\Roaming\Code\User\workspaceStorage\d824c3d28b0055ffd3c226b7f95a790b\redhat.java -Daether.dependencyCollector.impl=bf 
java_command: c:\Users\prane\.vscode\extensions\redhat.java-1.35.0-win32-x64\server\plugins\org.eclipse.equinox.launcher_1.6.900.v20240613-2009.jar -configuration c:\Users\prane\AppData\Roaming\Code\User\globalStorage\redhat.java\1.35.0\config_win -data c:\Users\prane\AppData\Roaming\Code\User\workspaceStorage\d824c3d28b0055ffd3c226b7f95a790b\redhat.java\jdt_ws --pipe=\\.\pipe\lsp-d160c3b8de2142f794b84e9199adc891-sock
java_class_path (initial): c:\Users\prane\.vscode\extensions\redhat.java-1.35.0-win32-x64\server\plugins\org.eclipse.equinox.launcher_1.6.900.v20240613-2009.jar
Launcher Type: SUN_STANDARD

[Global flags]
    uintx AdaptiveSizePolicyWeight                 = 90                                        {product} {command line}
     intx CICompilerCount                          = 12                                        {product} {ergonomic}
    uintx GCTimeRatio                              = 4                                         {product} {command line}
     bool HeapDumpOnOutOfMemoryError               = true                                   {manageable} {command line}
    ccstr HeapDumpPath                             = c:\Users\prane\AppData\Roaming\Code\User\workspaceStorage\d824c3d28b0055ffd3c226b7f95a790b\redhat.java         {manageable} {command line}
   size_t InitialHeapSize                          = 104857600                                 {product} {command line}
   size_t MaxHeapSize                              = 1073741824                                {product} {command line}
   size_t MaxNewSize                               = 357564416                                 {product} {ergonomic}
   size_t MinHeapDeltaBytes                        = 524288                                    {product} {ergonomic}
   size_t MinHeapSize                              = 104857600                                 {product} {command line}
   size_t NewSize                                  = 34603008                                  {product} {ergonomic}
    uintx NonNMethodCodeHeapSize                   = 7602480                                {pd product} {ergonomic}
    uintx NonProfiledCodeHeapSize                  = 122027880                              {pd product} {ergonomic}
   size_t OldSize                                  = 70254592                                  {product} {ergonomic}
    uintx ProfiledCodeHeapSize                     = 122027880                              {pd product} {ergonomic}
    uintx ReservedCodeCacheSize                    = 251658240                              {pd product} {ergonomic}
     bool SegmentedCodeCache                       = true                                      {product} {ergonomic}
   size_t SoftMaxHeapSize                          = 1073741824                             {manageable} {ergonomic}
     bool UseCompressedClassPointers               = true                           {product lp64_product} {ergonomic}
     bool UseCompressedOops                        = true                           {product lp64_product} {ergonomic}
     bool UseLargePagesIndividualAllocation        = false                                  {pd product} {ergonomic}
     bool UseParallelGC                            = true                                      {product} {command line}

Logging:
Log output configuration:
 #0: stdout all=off uptime,level,tags
 #1: stderr all=off uptime,level,tags

Environment Variables:
JAVA_HOME=C:\Program Files (x86)\Java\jre-1.8
PATH=C:\Program Files\Common Files\Oracle\Java\javapath;C:\Program Files (x86)\Common Files\Oracle\Java\java8path;C:\Program Files (x86)\Common Files\Oracle\Java\javapath;C:\WINDOWS\system32;C:\WINDOWS;C:\WINDOWS\System32\Wbem;C:\WINDOWS\System32\WindowsPowerShell\v1.0\;C:\WINDOWS\System32\OpenSSH\;C:\Program Files (x86)\NVIDIA Corporation\PhysX\Common;C:\Program Files\NVIDIA Corporation\NVIDIA NvDLISR;C:\Program Files\Microsoft SQL Server\150\Tools\Binn\;C:\Program Files\Microsoft SQL Server\Client SDK\ODBC\170\Tools\Binn\;C:\Program Files\dotnet\;C:\Program Files (x86)\nodejs\;C:\ProgramData\chocolatey\bin;C:\Program Files\Git\cmd;C:\Program Files\Amazon\AWSCLIV2\;C:\Program Files\PowerShell\7-preview\preview;C:\Program Files\Docker\Docker\resources\bin;C:\Program Files\Kubernetes\Minikube;C:\Program Files\PowerShell\7\;C:\Program Files\MySQL\MySQL Shell 8.0\bin\;C:\Users\prane\anaconda3;C:\Users\prane\anaconda3\Library\mingw-w64\bin;C:\Users\prane\anaconda3\Library\usr\bin;C:\Users\prane\anaconda3\Library\bin;C:\Users\prane\anaconda3\Scripts;C:\Users\prane\AppData\Local\Microsoft\WindowsApps;C:\Users\prane\.dotnet\tools;C:\Users\prane\AppData\Local\Programs\Microsoft VS Code\bin;C:\Users\prane\AppData\Roaming\npm;C:\Users\prane\anaconda3\Library\bin\conda.bat;C:\Users\prane\anaconda3\Scripts\conda.exe;C:\Users\prane\anaconda3\condabin\conda.bat;C:\Users\prane\anaconda3\condabin;C:\Users\prane\AppData\Local\Android\Sdk\platform-tools;C:\Users\prane\AppData\Local\Android\Sdk\tools;C:\Users\prane\AppData\Roaming\Python\Scripts;C:\Users\prane\AppData\Roaming\pypoetry\venv\Scripts\poetry;C:\Users\prane\AppData\Roaming\pypoetry\venv\Scripts;C:\Program Files\Java\jdk-22\bin;
USERNAME=prane
OS=Windows_NT
PROCESSOR_IDENTIFIER=AMD64 Family 25 Model 80 Stepping 0, AuthenticAMD
TMP=C:\Users\prane\AppData\Local\Temp
TEMP=C:\Users\prane\AppData\Local\Temp



Periodic native trim disabled


---------------  S Y S T E M  ---------------

OS:
 Windows 10 , 64 bit Build 19041 (10.0.19041.4842)
OS uptime: 3 days 13:25 hours
Hyper-V role detected

CPU: total 16 (initial active 16) (16 cores per cpu, 2 threads per core) family 25 model 80 stepping 0 microcode 0x0, cx8, cmov, fxsr, ht, mmx, 3dnowpref, sse, sse2, sse3, ssse3, sse4a, sse4.1, sse4.2, popcnt, lzcnt, tsc, tscinvbit, avx, avx2, aes, erms, clmul, bmi1, bmi2, adx, sha, fma, vzeroupper, clflush, clflushopt, hv
Processor Information for all 16 processors :
  Max Mhz: 3201, Current Mhz: 3201, Mhz Limit: 3201

Memory: 4k page, system-wide physical 8044M (496M free)
TotalPageFile size 32620M (AvailPageFile size 5M)
current process WorkingSet (physical memory assigned to process): 367M, peak: 371M
current process commit charge ("private bytes"): 438M, peak: 440M

vm_info: OpenJDK 64-Bit Server VM (17.0.12+7) for windows-amd64 JRE (17.0.12+7), built on Jul 16 2024 22:08:24 by "admin" with MS VC++ 16.10 / 16.11 (VS2019)

END.
