#
# There is insufficient memory for the Java Runtime Environment to continue.
# Native memory allocation (malloc) failed to allocate 1211856 bytes. Error detail: Chunk::new
# Possible reasons:
#   The system is out of physical RAM or swap space
#   This process is running with CompressedOops enabled, and the Java Heap may be blocking the growth of the native heap
# Possible solutions:
#   Reduce memory load on the system
#   Increase physical memory or swap space
#   Check if swap backing store is full
#   Decrease Java heap size (-Xmx/-Xms)
#   Decrease number of Java threads
#   Decrease Java thread stack sizes (-Xss)
#   Set larger code cache with -XX:ReservedCodeCacheSize=
#   JVM is running with Unscaled Compressed Oops mode in which the Java heap is
#     placed in the first 4GB address space. The Java Heap base address is the
#     maximum limit for the native heap growth. Please use -XX:HeapBaseMinAddress
#     to set the Java Heap base and to place the Java Heap above 4GB virtual address.
# This output file may be truncated or incomplete.
#
#  Out of Memory Error (arena.cpp:191), pid=24336, tid=9852
#
# JRE version: OpenJDK Runtime Environment Temurin-17.0.12+7 (17.0.12+7) (build 17.0.12+7)
# Java VM: OpenJDK 64-Bit Server VM Temurin-17.0.12+7 (17.0.12+7, mixed mode, tiered, compressed oops, compressed class ptrs, parallel gc, windows-amd64)
# No core dump will be written. Minidumps are not enabled by default on client versions of Windows
#

---------------  S U M M A R Y ------------

Command Line: --add-modules=ALL-SYSTEM --add-opens=java.base/java.util=ALL-UNNAMED --add-opens=java.base/java.lang=ALL-UNNAMED --add-opens=java.base/sun.nio.fs=ALL-UNNAMED -Declipse.application=org.eclipse.jdt.ls.core.id1 -Dosgi.bundles.defaultStartLevel=4 -Declipse.product=org.eclipse.jdt.ls.core.product -Djava.import.generatesMetadataFilesAtProjectRoot=false -DDetectVMInstallationsJob.disabled=true -Dfile.encoding=utf8 -XX:+UseParallelGC -XX:GCTimeRatio=4 -XX:AdaptiveSizePolicyWeight=90 -Dsun.zip.disableMemoryMapping=true -Xmx1G -Xms100m -Xlog:disable -javaagent:c:\Users\prane\.vscode\extensions\redhat.java-1.35.0-win32-x64\lombok\lombok-1.18.33.jar -XX:+HeapDumpOnOutOfMemoryError -XX:HeapDumpPath=c:\Users\prane\AppData\Roaming\Code\User\workspaceStorage\d824c3d28b0055ffd3c226b7f95a790b\redhat.java -Daether.dependencyCollector.impl=bf c:\Users\prane\.vscode\extensions\redhat.java-1.35.0-win32-x64\server\plugins\org.eclipse.equinox.launcher_1.6.900.v20240613-2009.jar -configuration c:\Users\prane\AppData\Roaming\Code\User\globalStorage\redhat.java\1.35.0\config_win -data c:\Users\prane\AppData\Roaming\Code\User\workspaceStorage\d824c3d28b0055ffd3c226b7f95a790b\redhat.java\jdt_ws --pipe=\\.\pipe\lsp-8caedb79ce78b62d9b3e5c58209ca82b-sock

Host: AMD Ryzen 7 5800H with Radeon Graphics         , 16 cores, 7G,  Windows 10 , 64 bit Build 19041 (10.0.19041.4842)
Time: Sat Sep 28 10:22:20 2024 Pacific Daylight Time elapsed time: 27.627878 seconds (0d 0h 0m 27s)

---------------  T H R E A D  ---------------

Current thread (0x000001f74edd5b30):  JavaThread "C2 CompilerThread0" daemon [_thread_in_native, id=9852, stack(0x000000b008700000,0x000000b008800000)]


Current CompileTask:
C2:  27627 17030   !   4       org.eclipse.osgi.internal.loader.classpath.ClasspathManager::defineClass (636 bytes)

Stack: [0x000000b008700000,0x000000b008800000]
Native frames: (J=compiled Java code, j=interpreted, Vv=VM code, C=native code)
V  [jvm.dll+0x67f929]
V  [jvm.dll+0x8371ba]
V  [jvm.dll+0x838c7e]
V  [jvm.dll+0x8392e3]
V  [jvm.dll+0x24834f]
V  [jvm.dll+0xac9d4]
V  [jvm.dll+0xad01c]
V  [jvm.dll+0x2af96f]
V  [jvm.dll+0x5868d7]
V  [jvm.dll+0x2231c2]
V  [jvm.dll+0x2235bf]
V  [jvm.dll+0x21c6e0]
V  [jvm.dll+0x219be1]
V  [jvm.dll+0x1a58bd]
V  [jvm.dll+0x229a2d]
V  [jvm.dll+0x227bdc]
V  [jvm.dll+0x7ec1f7]
V  [jvm.dll+0x7e65dc]
V  [jvm.dll+0x67e7f7]
C  [ucrtbase.dll+0x21bb2]
C  [KERNEL32.DLL+0x17374]
C  [ntdll.dll+0x4cc91]


---------------  P R O C E S S  ---------------

Threads class SMR info:
_java_thread_list=0x000001f75dc7efa0, length=76, elements={
0x000001f735c0d380, 0x000001f749aaaa00, 0x000001f749aad2b0, 0x000001f735cc8110,
0x000001f74edca010, 0x000001f74edcb630, 0x000001f74edcf9f0, 0x000001f74edd5b30,
0x000001f74edd80a0, 0x000001f74ede1920, 0x000001f74eeed820, 0x000001f750d73450,
0x000001f75135dc60, 0x000001f751667c30, 0x000001f751bc5230, 0x000001f751dcad40,
0x000001f751649160, 0x000001f751e063b0, 0x000001f751e04f70, 0x000001f751e03b30,
0x000001f751e072e0, 0x000001f751e05ea0, 0x000001f751e04550, 0x000001f751e04a60,
0x000001f751e06dd0, 0x000001f751e04040, 0x000001f7542ff820, 0x000001f7542fee00,
0x000001f754300240, 0x000001f7542ffd30, 0x000001f7542fe8f0, 0x000001f7542fcfa0,
0x000001f7542ff310, 0x000001f7542fca90, 0x000001f7542fded0, 0x000001f7542fd9c0,
0x000001f7542fd4b0, 0x000001f7542fe3e0, 0x000001f753326980, 0x000001f753326e90,
0x000001f753325f60, 0x000001f7533282d0, 0x000001f753327dc0, 0x000001f7533287e0,
0x000001f753329710, 0x000001f75332a640, 0x000001f75332ab50, 0x000001f753328cf0,
0x000001f75332b060, 0x000001f75332b570, 0x000001f753326470, 0x000001f753329200,
0x000001f753329c20, 0x000001f75332a130, 0x000001f75332ba80, 0x000001f753324610,
0x000001f753325030, 0x000001f753325540, 0x000001f753325a50, 0x000001f751e05990,
0x000001f751a68d90, 0x000001f751a68880, 0x000001f751a692a0, 0x000001f751a6a1d0,
0x000001f751a68370, 0x000001f751a69cc0, 0x000001f751a6a6e0, 0x000001f751a697b0,
0x000001f751a6abf0, 0x000001f751a6b100, 0x000001f751a6bb20, 0x000001f7552bf0d0,
0x000001f7552c2370, 0x000001f7552c6030, 0x000001f7552bfaf0, 0x000001f7552c46e0
}

Java Threads: ( => current thread )
  0x000001f735c0d380 JavaThread "main" [_thread_blocked, id=15516, stack(0x000000b007e00000,0x000000b007f00000)]
  0x000001f749aaaa00 JavaThread "Reference Handler" daemon [_thread_blocked, id=14264, stack(0x000000b008100000,0x000000b008200000)]
  0x000001f749aad2b0 JavaThread "Finalizer" daemon [_thread_blocked, id=4204, stack(0x000000b008200000,0x000000b008300000)]
  0x000001f735cc8110 JavaThread "Signal Dispatcher" daemon [_thread_blocked, id=6336, stack(0x000000b008300000,0x000000b008400000)]
  0x000001f74edca010 JavaThread "Attach Listener" daemon [_thread_blocked, id=17868, stack(0x000000b008400000,0x000000b008500000)]
  0x000001f74edcb630 JavaThread "Service Thread" daemon [_thread_blocked, id=4916, stack(0x000000b008500000,0x000000b008600000)]
  0x000001f74edcf9f0 JavaThread "Monitor Deflation Thread" daemon [_thread_blocked, id=18344, stack(0x000000b008600000,0x000000b008700000)]
=>0x000001f74edd5b30 JavaThread "C2 CompilerThread0" daemon [_thread_in_native, id=9852, stack(0x000000b008700000,0x000000b008800000)]
  0x000001f74edd80a0 JavaThread "C1 CompilerThread0" daemon [_thread_blocked, id=4028, stack(0x000000b008800000,0x000000b008900000)]
  0x000001f74ede1920 JavaThread "Sweeper thread" daemon [_thread_blocked, id=15268, stack(0x000000b008900000,0x000000b008a00000)]
  0x000001f74eeed820 JavaThread "Common-Cleaner" daemon [_thread_blocked, id=21072, stack(0x000000b008a00000,0x000000b008b00000)]
  0x000001f750d73450 JavaThread "Notification Thread" daemon [_thread_blocked, id=24364, stack(0x000000b008f00000,0x000000b009000000)]
  0x000001f75135dc60 JavaThread "Active Thread: Equinox Container: 417d815d-b35e-4fc9-a096-617b7f5716cd" [_thread_blocked, id=23032, stack(0x000000b009100000,0x000000b009200000)]
  0x000001f751667c30 JavaThread "Framework Event Dispatcher: Equinox Container: 417d815d-b35e-4fc9-a096-617b7f5716cd" daemon [_thread_blocked, id=11908, stack(0x000000b009800000,0x000000b009900000)]
  0x000001f751bc5230 JavaThread "Start Level: Equinox Container: 417d815d-b35e-4fc9-a096-617b7f5716cd" daemon [_thread_blocked, id=12076, stack(0x000000b009900000,0x000000b009a00000)]
  0x000001f751dcad40 JavaThread "Bundle File Closer" daemon [_thread_blocked, id=22016, stack(0x000000b009c00000,0x000000b009d00000)]
  0x000001f751649160 JavaThread "SCR Component Actor" daemon [_thread_blocked, id=4700, stack(0x000000b009e00000,0x000000b009f00000)]
  0x000001f751e063b0 JavaThread "Worker-JM" [_thread_blocked, id=4704, stack(0x000000b00a200000,0x000000b00a300000)]
  0x000001f751e04f70 JavaThread "JNA Cleaner" daemon [_thread_blocked, id=3612, stack(0x000000b00a400000,0x000000b00a500000)]
  0x000001f751e03b30 JavaThread "Worker-0" [_thread_blocked, id=22200, stack(0x000000b00a500000,0x000000b00a600000)]
  0x000001f751e072e0 JavaThread "Worker-1" [_thread_blocked, id=17292, stack(0x000000b00a600000,0x000000b00a700000)]
  0x000001f751e05ea0 JavaThread "Java indexing" daemon [_thread_blocked, id=12768, stack(0x000000b00a700000,0x000000b00a800000)]
  0x000001f751e04550 JavaThread "Worker-2" [_thread_blocked, id=20656, stack(0x000000b00a800000,0x000000b00a900000)]
  0x000001f751e04a60 JavaThread "Thread-2" daemon [_thread_in_native, id=12816, stack(0x000000b00a900000,0x000000b00aa00000)]
  0x000001f751e06dd0 JavaThread "Thread-3" daemon [_thread_in_native, id=4292, stack(0x000000b00aa00000,0x000000b00ab00000)]
  0x000001f751e04040 JavaThread "Thread-4" daemon [_thread_in_native, id=12720, stack(0x000000b00ab00000,0x000000b00ac00000)]
  0x000001f7542ff820 JavaThread "Thread-5" daemon [_thread_in_native, id=11904, stack(0x000000b00ac00000,0x000000b00ad00000)]
  0x000001f7542fee00 JavaThread "Thread-6" daemon [_thread_in_native, id=12728, stack(0x000000b00ad00000,0x000000b00ae00000)]
  0x000001f754300240 JavaThread "Thread-7" daemon [_thread_in_native, id=3716, stack(0x000000b00ae00000,0x000000b00af00000)]
  0x000001f7542ffd30 JavaThread "Thread-8" daemon [_thread_in_native, id=13988, stack(0x000000b00af00000,0x000000b00b000000)]
  0x000001f7542fe8f0 JavaThread "Thread-9" daemon [_thread_in_native, id=6228, stack(0x000000b00b000000,0x000000b00b100000)]
  0x000001f7542fcfa0 JavaThread "Thread-10" daemon [_thread_in_native, id=7180, stack(0x000000b00b100000,0x000000b00b200000)]
  0x000001f7542ff310 JavaThread "Thread-11" daemon [_thread_in_native, id=4548, stack(0x000000b00b200000,0x000000b00b300000)]
  0x000001f7542fca90 JavaThread "Thread-12" daemon [_thread_in_native, id=20436, stack(0x000000b00b300000,0x000000b00b400000)]
  0x000001f7542fded0 JavaThread "Thread-13" daemon [_thread_in_native, id=22112, stack(0x000000b00b400000,0x000000b00b500000)]
  0x000001f7542fd9c0 JavaThread "Thread-14" daemon [_thread_in_native, id=2140, stack(0x000000b00b500000,0x000000b00b600000)]
  0x000001f7542fd4b0 JavaThread "Thread-15" daemon [_thread_in_native, id=2604, stack(0x000000b00b600000,0x000000b00b700000)]
  0x000001f7542fe3e0 JavaThread "Thread-16" daemon [_thread_in_native, id=5564, stack(0x000000b00b700000,0x000000b00b800000)]
  0x000001f753326980 JavaThread "Thread-17" daemon [_thread_in_native, id=12600, stack(0x000000b00b800000,0x000000b00b900000)]
  0x000001f753326e90 JavaThread "Thread-18" daemon [_thread_in_native, id=12352, stack(0x000000b00b900000,0x000000b00ba00000)]
  0x000001f753325f60 JavaThread "pool-2-thread-1" [_thread_blocked, id=16600, stack(0x000000b00ba00000,0x000000b00bb00000)]
  0x000001f7533282d0 JavaThread "WorkspaceEventsHandler" [_thread_blocked, id=12588, stack(0x000000b00bb00000,0x000000b00bc00000)]
  0x000001f753327dc0 JavaThread "pool-1-thread-1" [_thread_blocked, id=21784, stack(0x000000b00bc00000,0x000000b00bd00000)]
  0x000001f7533287e0 JavaThread "Worker-3" [_thread_blocked, id=11460, stack(0x000000b00bd00000,0x000000b00be00000)]
  0x000001f753329710 JavaThread "ForkJoinPool.commonPool-worker-1" daemon [_thread_in_Java, id=4760, stack(0x000000b008c00000,0x000000b008d00000)]
  0x000001f75332a640 JavaThread "ForkJoinPool.commonPool-worker-2" daemon [_thread_blocked, id=18464, stack(0x000000b00be00000,0x000000b00bf00000)]
  0x000001f75332ab50 JavaThread "ForkJoinPool.commonPool-worker-3" daemon [_thread_blocked, id=21912, stack(0x000000b00bf00000,0x000000b00c000000)]
  0x000001f753328cf0 JavaThread "ForkJoinPool.commonPool-worker-4" daemon [_thread_blocked, id=13124, stack(0x000000b00c000000,0x000000b00c100000)]
  0x000001f75332b060 JavaThread "ForkJoinPool.commonPool-worker-5" daemon [_thread_blocked, id=11208, stack(0x000000b00c100000,0x000000b00c200000)]
  0x000001f75332b570 JavaThread "ForkJoinPool.commonPool-worker-6" daemon [_thread_blocked, id=8780, stack(0x000000b00c200000,0x000000b00c300000)]
  0x000001f753326470 JavaThread "ForkJoinPool.commonPool-worker-7" daemon [_thread_blocked, id=4352, stack(0x000000b00c300000,0x000000b00c400000)]
  0x000001f753329200 JavaThread "ForkJoinPool.commonPool-worker-8" daemon [_thread_blocked, id=10408, stack(0x000000b00c400000,0x000000b00c500000)]
  0x000001f753329c20 JavaThread "ForkJoinPool.commonPool-worker-9" daemon [_thread_blocked, id=18444, stack(0x000000b00c500000,0x000000b00c600000)]
  0x000001f75332a130 JavaThread "ForkJoinPool.commonPool-worker-10" daemon [_thread_blocked, id=16632, stack(0x000000b00c600000,0x000000b00c700000)]
  0x000001f75332ba80 JavaThread "Compiler Source File Reader" daemon [_thread_blocked, id=14880, stack(0x000000b009f00000,0x000000b00a000000)]
  0x000001f753324610 JavaThread "Compiler Source File Reader" daemon [_thread_blocked, id=12936, stack(0x000000b00c800000,0x000000b00c900000)]
  0x000001f753325030 JavaThread "Compiler Source File Reader" daemon [_thread_blocked, id=7296, stack(0x000000b00c900000,0x000000b00ca00000)]
  0x000001f753325540 JavaThread "Compiler Source File Reader" daemon [_thread_blocked, id=11692, stack(0x000000b00ca00000,0x000000b00cb00000)]
  0x000001f753325a50 JavaThread "Compiler Source File Reader" daemon [_thread_blocked, id=2448, stack(0x000000b00cb00000,0x000000b00cc00000)]
  0x000001f751e05990 JavaThread "Compiler Source File Reader" daemon [_thread_blocked, id=12740, stack(0x000000b00cc00000,0x000000b00cd00000)]
  0x000001f751a68d90 JavaThread "Compiler Source File Reader" daemon [_thread_blocked, id=6580, stack(0x000000b00cd00000,0x000000b00ce00000)]
  0x000001f751a68880 JavaThread "Compiler Source File Reader" daemon [_thread_blocked, id=11968, stack(0x000000b00ce00000,0x000000b00cf00000)]
  0x000001f751a692a0 JavaThread "Compiler Source File Reader" daemon [_thread_blocked, id=15696, stack(0x000000b00cf00000,0x000000b00d000000)]
  0x000001f751a6a1d0 JavaThread "Compiler Source File Reader" daemon [_thread_blocked, id=8548, stack(0x000000b00d000000,0x000000b00d100000)]
  0x000001f751a68370 JavaThread "Compiler Source File Reader" daemon [_thread_blocked, id=14136, stack(0x000000b00d100000,0x000000b00d200000)]
  0x000001f751a69cc0 JavaThread "Compiler Source File Reader" daemon [_thread_blocked, id=22760, stack(0x000000b00d200000,0x000000b00d300000)]
  0x000001f751a6a6e0 JavaThread "Compiler Source File Reader" daemon [_thread_blocked, id=11868, stack(0x000000b00d300000,0x000000b00d400000)]
  0x000001f751a697b0 JavaThread "Compiler Source File Reader" daemon [_thread_blocked, id=7612, stack(0x000000b00d400000,0x000000b00d500000)]
  0x000001f751a6abf0 JavaThread "ForkJoinPool.commonPool-worker-11" daemon [_thread_blocked, id=4100, stack(0x000000b00d500000,0x000000b00d600000)]
  0x000001f751a6b100 JavaThread "ForkJoinPool.commonPool-worker-12" daemon [_thread_blocked, id=12140, stack(0x000000b00d600000,0x000000b00d700000)]
  0x000001f751a6bb20 JavaThread "ForkJoinPool.commonPool-worker-13" daemon [_thread_blocked, id=12136, stack(0x000000b00d700000,0x000000b00d800000)]
  0x000001f7552bf0d0 JavaThread "ForkJoinPool.commonPool-worker-14" daemon [_thread_blocked, id=18940, stack(0x000000b00d800000,0x000000b00d900000)]
  0x000001f7552c2370 JavaThread "Worker-4" [_thread_blocked, id=1376, stack(0x000000b00d900000,0x000000b00da00000)]
  0x000001f7552c6030 JavaThread "ForkJoinPool.commonPool-worker-15" daemon [_thread_blocked, id=24172, stack(0x000000b00db00000,0x000000b00dc00000)]
  0x000001f7552bfaf0 JavaThread "Cleaner-0" daemon [_thread_blocked, id=23952, stack(0x000000b00dc00000,0x000000b00dd00000)]
  0x000001f7552c46e0 JavaThread "Compiler Processing Task" daemon [_thread_blocked, id=12512, stack(0x000000b00dd00000,0x000000b00de00000)]

Other Threads:
  0x000001f735c98e90 VMThread "VM Thread" [stack: 0x000000b008000000,0x000000b008100000] [id=18268]
  0x000001f750d61b60 WatcherThread [stack: 0x000000b009000000,0x000000b009100000] [id=10236]
  0x000001f735c24b00 GCTaskThread "GC Thread#0" [stack: 0x000000b007f00000,0x000000b008000000] [id=12976]
  0x000001f750f739c0 GCTaskThread "GC Thread#1" [stack: 0x000000b009200000,0x000000b009300000] [id=4720]
  0x000001f750f73c80 GCTaskThread "GC Thread#2" [stack: 0x000000b009300000,0x000000b009400000] [id=9392]
  0x000001f750f73f40 GCTaskThread "GC Thread#3" [stack: 0x000000b009400000,0x000000b009500000] [id=17664]
  0x000001f750f74200 GCTaskThread "GC Thread#4" [stack: 0x000000b009500000,0x000000b009600000] [id=24524]
  0x000001f7512ecb50 GCTaskThread "GC Thread#5" [stack: 0x000000b009600000,0x000000b009700000] [id=20348]
  0x000001f751630170 GCTaskThread "GC Thread#6" [stack: 0x000000b009a00000,0x000000b009b00000] [id=11872]
  0x000001f751bfda90 GCTaskThread "GC Thread#7" [stack: 0x000000b009b00000,0x000000b009c00000] [id=17620]
  0x000001f751abdce0 GCTaskThread "GC Thread#8" [stack: 0x000000b009d00000,0x000000b009e00000] [id=18496]
  0x000001f7517f4820 GCTaskThread "GC Thread#9" [stack: 0x000000b009700000,0x000000b009800000] [id=5576]
  0x000001f7517f4ae0 GCTaskThread "GC Thread#10" [stack: 0x000000b00a000000,0x000000b00a100000] [id=16772]
  0x000001f7517f4da0 GCTaskThread "GC Thread#11" [stack: 0x000000b00a100000,0x000000b00a200000] [id=19152]
  0x000001f751d70920 GCTaskThread "GC Thread#12" [stack: 0x000000b00a300000,0x000000b00a400000] [id=5152]

Threads with active compile tasks:
C2 CompilerThread0    27653 17030   !   4       org.eclipse.osgi.internal.loader.classpath.ClasspathManager::defineClass (636 bytes)

VM state: not at safepoint (normal execution)

VM Mutex/Monitor currently owned by a thread: None

Heap address: 0x00000000c0000000, size: 1024 MB, Compressed Oops mode: 32-bit

CDS archive(s) not mapped
Compressed class space mapped at: 0x0000000100000000-0x0000000140000000, reserved size: 1073741824
Narrow klass base: 0x0000000000000000, Narrow klass shift: 3, Narrow klass range: 0x140000000

GC Precious Log:
 CPUs: 16 total, 16 available
 Memory: 8044M
 Large Page Support: Disabled
 NUMA Support: Disabled
 Compressed Oops: Enabled (32-bit)
 Alignments: Space 512K, Generation 512K, Heap 2M
 Heap Min Capacity: 100M
 Heap Initial Capacity: 100M
 Heap Max Capacity: 1G
 Pre-touch: Disabled
 Parallel Workers: 13

Heap:
 PSYoungGen      total 18432K, used 15717K [0x00000000eab00000, 0x00000000ec380000, 0x0000000100000000)
  eden space 13312K, 81% used [0x00000000eab00000,0x00000000eb5a2ff0,0x00000000eb800000)
  from space 5120K, 94% used [0x00000000ebe80000,0x00000000ec336490,0x00000000ec380000)
  to   space 5632K, 0% used [0x00000000eb880000,0x00000000eb880000,0x00000000ebe00000)
 ParOldGen       total 104448K, used 85049K [0x00000000c0000000, 0x00000000c6600000, 0x00000000eab00000)
  object space 104448K, 81% used [0x00000000c0000000,0x00000000c530e7e0,0x00000000c6600000)
 Metaspace       used 82553K, committed 83968K, reserved 1179648K
  class space    used 8505K, committed 9152K, reserved 1048576K

Card table byte_map: [0x000001f7355e0000,0x000001f7357f0000] _byte_map_base: 0x000001f734fe0000

Marking Bits: (ParMarkBitMap*) 0x00007ffb3b7058b0
 Begin Bits: [0x000001f7478b0000, 0x000001f7488b0000)
 End Bits:   [0x000001f7488b0000, 0x000001f7498b0000)

Polling page: 0x000001f7353d0000

Metaspace:

Usage:
  Non-class:     72.31 MB used.
      Class:      8.31 MB used.
       Both:     80.62 MB used.

Virtual space:
  Non-class space:      128.00 MB reserved,      73.06 MB ( 57%) committed,  2 nodes.
      Class space:        1.00 GB reserved,       8.94 MB ( <1%) committed,  1 nodes.
             Both:        1.12 GB reserved,      82.00 MB (  7%) committed. 

Chunk freelists:
   Non-Class:  6.31 MB
       Class:  6.89 MB
        Both:  13.20 MB

MaxMetaspaceSize: unlimited
CompressedClassSpaceSize: 1.00 GB
Initial GC threshold: 21.00 MB
Current GC threshold: 131.06 MB
CDS: off
MetaspaceReclaimPolicy: balanced
 - commit_granule_bytes: 65536.
 - commit_granule_words: 8192.
 - virtual_space_node_default_size: 8388608.
 - enlarge_chunks_in_place: 1.
 - new_chunks_are_fully_committed: 0.
 - uncommit_free_chunks: 1.
 - use_allocation_guard: 0.
 - handle_deallocations: 1.


Internal statistics:

num_allocs_failed_limit: 11.
num_arena_births: 1192.
num_arena_deaths: 118.
num_vsnodes_births: 3.
num_vsnodes_deaths: 0.
num_space_committed: 1312.
num_space_uncommitted: 0.
num_chunks_returned_to_freelist: 180.
num_chunks_taken_from_freelist: 5018.
num_chunk_merges: 80.
num_chunk_splits: 2960.
num_chunks_enlarged: 1499.
num_inconsistent_stats: 0.

CodeHeap 'non-profiled nmethods': size=119168Kb used=7339Kb max_used=7339Kb free=111828Kb
 bounds [0x000001f740450000, 0x000001f740b80000, 0x000001f7478b0000]
CodeHeap 'profiled nmethods': size=119104Kb used=29181Kb max_used=30772Kb free=89922Kb
 bounds [0x000001f7388b0000, 0x000001f73a6c0000, 0x000001f73fd00000]
CodeHeap 'non-nmethods': size=7488Kb used=1413Kb max_used=3215Kb free=6074Kb
 bounds [0x000001f73fd00000, 0x000001f740040000, 0x000001f740450000]
 total_blobs=14486 nmethods=13715 adapters=681
 compilation: enabled
              stopped_count=0, restarted_count=0
 full_count=0

Compilation events (20 events):
Event: 27.251 Thread 0x000001f74edd80a0 17021       2       org.eclipse.jdt.core.dom.TypeBinding::isClass (50 bytes)
Event: 27.251 Thread 0x000001f74edd80a0 nmethod 17021 0x000001f73a5f3290 code [0x000001f73a5f3440, 0x000001f73a5f35f8]
Event: 27.251 Thread 0x000001f74edd80a0 17022       3       org.eclipse.jdt.internal.core.JavaProject::getElementName (10 bytes)
Event: 27.252 Thread 0x000001f74edd80a0 nmethod 17022 0x000001f739d84590 code [0x000001f739d84740, 0x000001f739d849c8]
Event: 27.306 Thread 0x000001f74edd80a0 17025       2       org.eclipse.jdt.internal.core.JavaElement::toStringAncestors (48 bytes)
Event: 27.306 Thread 0x000001f74edd80a0 nmethod 17025 0x000001f7392ce890 code [0x000001f7392cea60, 0x000001f7392cec58]
Event: 27.338 Thread 0x000001f74edd80a0 17031       2       java.math.BigInteger::<init> (77 bytes)
Event: 27.338 Thread 0x000001f74edd80a0 nmethod 17031 0x000001f73938b410 code [0x000001f73938b5a0, 0x000001f73938b878]
Event: 27.340 Thread 0x000001f74edd80a0 17032       1       org.eclipse.jdt.core.dom.CompilationUnit::getPackage (5 bytes)
Event: 27.340 Thread 0x000001f74edd80a0 nmethod 17032 0x000001f740b6a190 code [0x000001f740b6a320, 0x000001f740b6a3f8]
Event: 27.341 Thread 0x000001f74edd80a0 17033   !   3       com.google.gson.internal.bind.ReflectiveTypeAdapterFactory$Adapter::write (73 bytes)
Event: 27.343 Thread 0x000001f74edd80a0 nmethod 17033 0x000001f739e4c210 code [0x000001f739e4c4c0, 0x000001f739e4d1b8]
Event: 27.475 Thread 0x000001f74edd5b30 nmethod 16991 0x000001f740b6a490 code [0x000001f740b6ad40, 0x000001f740b735b0]
Event: 27.477 Thread 0x000001f74edd5b30 17028       4       org.lombokweb.asm.Label::resolve (259 bytes)
Event: 27.481 Thread 0x000001f74edd5b30 nmethod 17028 0x000001f740b79390 code [0x000001f740b79520, 0x000001f740b798b8]
Event: 27.482 Thread 0x000001f74edd5b30 17024       4       jdk.internal.org.objectweb.asm.ByteVector::putShort (52 bytes)
Event: 27.483 Thread 0x000001f74edd5b30 nmethod 17024 0x000001f740b79b10 code [0x000001f740b79ca0, 0x000001f740b79e28]
Event: 27.483 Thread 0x000001f74edd5b30 17027       4       org.lombokweb.asm.MethodWriter::visitLabel (332 bytes)
Event: 27.489 Thread 0x000001f74edd5b30 nmethod 17027 0x000001f740b79f90 code [0x000001f740b7a120, 0x000001f740b7a618]
Event: 27.489 Thread 0x000001f74edd5b30 17030   !   4       org.eclipse.osgi.internal.loader.classpath.ClasspathManager::defineClass (636 bytes)

GC Heap History (20 events):
Event: 17.355 GC heap before
{Heap before GC invocations=282 (full 9):
 PSYoungGen      total 18432K, used 18346K [0x00000000eab00000, 0x00000000ec300000, 0x0000000100000000)
  eden space 17408K, 100% used [0x00000000eab00000,0x00000000ebc00000,0x00000000ebc00000)
  from space 1024K, 91% used [0x00000000ec200000,0x00000000ec2ea910,0x00000000ec300000)
  to   space 3072K, 0% used [0x00000000ebd00000,0x00000000ebd00000,0x00000000ec000000)
 ParOldGen       total 104448K, used 75285K [0x00000000c0000000, 0x00000000c6600000, 0x00000000eab00000)
  object space 104448K, 72% used [0x00000000c0000000,0x00000000c4985560,0x00000000c6600000)
 Metaspace       used 79563K, committed 80960K, reserved 1179648K
  class space    used 8137K, committed 8768K, reserved 1048576K
}
Event: 17.359 GC heap after
{Heap after GC invocations=282 (full 9):
 PSYoungGen      total 20480K, used 2032K [0x00000000eab00000, 0x00000000ec280000, 0x0000000100000000)
  eden space 17408K, 0% used [0x00000000eab00000,0x00000000eab00000,0x00000000ebc00000)
  from space 3072K, 66% used [0x00000000ebd00000,0x00000000ebefc050,0x00000000ec000000)
  to   space 2560K, 0% used [0x00000000ec000000,0x00000000ec000000,0x00000000ec280000)
 ParOldGen       total 104448K, used 75293K [0x00000000c0000000, 0x00000000c6600000, 0x00000000eab00000)
  object space 104448K, 72% used [0x00000000c0000000,0x00000000c4987560,0x00000000c6600000)
 Metaspace       used 79563K, committed 80960K, reserved 1179648K
  class space    used 8137K, committed 8768K, reserved 1048576K
}
Event: 17.500 GC heap before
{Heap before GC invocations=283 (full 9):
 PSYoungGen      total 20480K, used 19440K [0x00000000eab00000, 0x00000000ec280000, 0x0000000100000000)
  eden space 17408K, 100% used [0x00000000eab00000,0x00000000ebc00000,0x00000000ebc00000)
  from space 3072K, 66% used [0x00000000ebd00000,0x00000000ebefc050,0x00000000ec000000)
  to   space 2560K, 0% used [0x00000000ec000000,0x00000000ec000000,0x00000000ec280000)
 ParOldGen       total 104448K, used 75309K [0x00000000c0000000, 0x00000000c6600000, 0x00000000eab00000)
  object space 104448K, 72% used [0x00000000c0000000,0x00000000c498b570,0x00000000c6600000)
 Metaspace       used 80203K, committed 81600K, reserved 1179648K
  class space    used 8204K, committed 8832K, reserved 1048576K
}
Event: 17.503 GC heap after
{Heap after GC invocations=283 (full 9):
 PSYoungGen      total 19968K, used 2548K [0x00000000eab00000, 0x00000000ec280000, 0x0000000100000000)
  eden space 17408K, 0% used [0x00000000eab00000,0x00000000eab00000,0x00000000ebc00000)
  from space 2560K, 99% used [0x00000000ec000000,0x00000000ec27d208,0x00000000ec280000)
  to   space 3072K, 0% used [0x00000000ebc80000,0x00000000ebc80000,0x00000000ebf80000)
 ParOldGen       total 104448K, used 75501K [0x00000000c0000000, 0x00000000c6600000, 0x00000000eab00000)
  object space 104448K, 72% used [0x00000000c0000000,0x00000000c49bb570,0x00000000c6600000)
 Metaspace       used 80203K, committed 81600K, reserved 1179648K
  class space    used 8204K, committed 8832K, reserved 1048576K
}
Event: 18.257 GC heap before
{Heap before GC invocations=284 (full 9):
 PSYoungGen      total 19968K, used 19956K [0x00000000eab00000, 0x00000000ec280000, 0x0000000100000000)
  eden space 17408K, 100% used [0x00000000eab00000,0x00000000ebc00000,0x00000000ebc00000)
  from space 2560K, 99% used [0x00000000ec000000,0x00000000ec27d208,0x00000000ec280000)
  to   space 3072K, 0% used [0x00000000ebc80000,0x00000000ebc80000,0x00000000ebf80000)
 ParOldGen       total 104448K, used 75503K [0x00000000c0000000, 0x00000000c6600000, 0x00000000eab00000)
  object space 104448K, 72% used [0x00000000c0000000,0x00000000c49bbfd0,0x00000000c6600000)
 Metaspace       used 80471K, committed 81856K, reserved 1179648K
  class space    used 8225K, committed 8896K, reserved 1048576K
}
Event: 18.261 GC heap after
{Heap after GC invocations=284 (full 9):
 PSYoungGen      total 19456K, used 1880K [0x00000000eab00000, 0x00000000ec100000, 0x0000000100000000)
  eden space 17408K, 0% used [0x00000000eab00000,0x00000000eab00000,0x00000000ebc00000)
  from space 2048K, 91% used [0x00000000ebc80000,0x00000000ebe563f8,0x00000000ebe80000)
  to   space 2560K, 0% used [0x00000000ebe80000,0x00000000ebe80000,0x00000000ec100000)
 ParOldGen       total 104448K, used 76439K [0x00000000c0000000, 0x00000000c6600000, 0x00000000eab00000)
  object space 104448K, 73% used [0x00000000c0000000,0x00000000c4aa5fd0,0x00000000c6600000)
 Metaspace       used 80471K, committed 81856K, reserved 1179648K
  class space    used 8225K, committed 8896K, reserved 1048576K
}
Event: 18.330 GC heap before
{Heap before GC invocations=285 (full 9):
 PSYoungGen      total 19456K, used 19288K [0x00000000eab00000, 0x00000000ec100000, 0x0000000100000000)
  eden space 17408K, 100% used [0x00000000eab00000,0x00000000ebc00000,0x00000000ebc00000)
  from space 2048K, 91% used [0x00000000ebc80000,0x00000000ebe563f8,0x00000000ebe80000)
  to   space 2560K, 0% used [0x00000000ebe80000,0x00000000ebe80000,0x00000000ec100000)
 ParOldGen       total 104448K, used 76439K [0x00000000c0000000, 0x00000000c6600000, 0x00000000eab00000)
  object space 104448K, 73% used [0x00000000c0000000,0x00000000c4aa5fd0,0x00000000c6600000)
 Metaspace       used 80476K, committed 81856K, reserved 1179648K
  class space    used 8225K, committed 8896K, reserved 1048576K
}
Event: 18.331 GC heap after
{Heap after GC invocations=285 (full 9):
 PSYoungGen      total 19456K, used 1758K [0x00000000eab00000, 0x00000000ec080000, 0x0000000100000000)
  eden space 17408K, 0% used [0x00000000eab00000,0x00000000eab00000,0x00000000ebc00000)
  from space 2048K, 85% used [0x00000000ebe80000,0x00000000ec037850,0x00000000ec080000)
  to   space 2048K, 0% used [0x00000000ebc80000,0x00000000ebc80000,0x00000000ebe80000)
 ParOldGen       total 104448K, used 76439K [0x00000000c0000000, 0x00000000c6600000, 0x00000000eab00000)
  object space 104448K, 73% used [0x00000000c0000000,0x00000000c4aa5fd0,0x00000000c6600000)
 Metaspace       used 80476K, committed 81856K, reserved 1179648K
  class space    used 8225K, committed 8896K, reserved 1048576K
}
Event: 20.701 GC heap before
{Heap before GC invocations=286 (full 9):
 PSYoungGen      total 19456K, used 19166K [0x00000000eab00000, 0x00000000ec080000, 0x0000000100000000)
  eden space 17408K, 100% used [0x00000000eab00000,0x00000000ebc00000,0x00000000ebc00000)
  from space 2048K, 85% used [0x00000000ebe80000,0x00000000ec037850,0x00000000ec080000)
  to   space 2048K, 0% used [0x00000000ebc80000,0x00000000ebc80000,0x00000000ebe80000)
 ParOldGen       total 104448K, used 76439K [0x00000000c0000000, 0x00000000c6600000, 0x00000000eab00000)
  object space 104448K, 73% used [0x00000000c0000000,0x00000000c4aa5fd0,0x00000000c6600000)
 Metaspace       used 80672K, committed 82048K, reserved 1179648K
  class space    used 8251K, committed 8896K, reserved 1048576K
}
Event: 20.703 GC heap after
{Heap after GC invocations=286 (full 9):
 PSYoungGen      total 19456K, used 2030K [0x00000000eab00000, 0x00000000ec100000, 0x0000000100000000)
  eden space 17408K, 0% used [0x00000000eab00000,0x00000000eab00000,0x00000000ebc00000)
  from space 2048K, 99% used [0x00000000ebc80000,0x00000000ebe7b880,0x00000000ebe80000)
  to   space 2560K, 0% used [0x00000000ebe80000,0x00000000ebe80000,0x00000000ec100000)
 ParOldGen       total 104448K, used 76455K [0x00000000c0000000, 0x00000000c6600000, 0x00000000eab00000)
  object space 104448K, 73% used [0x00000000c0000000,0x00000000c4aa9fd0,0x00000000c6600000)
 Metaspace       used 80672K, committed 82048K, reserved 1179648K
  class space    used 8251K, committed 8896K, reserved 1048576K
}
Event: 21.245 GC heap before
{Heap before GC invocations=287 (full 9):
 PSYoungGen      total 19456K, used 19438K [0x00000000eab00000, 0x00000000ec100000, 0x0000000100000000)
  eden space 17408K, 100% used [0x00000000eab00000,0x00000000ebc00000,0x00000000ebc00000)
  from space 2048K, 99% used [0x00000000ebc80000,0x00000000ebe7b880,0x00000000ebe80000)
  to   space 2560K, 0% used [0x00000000ebe80000,0x00000000ebe80000,0x00000000ec100000)
 ParOldGen       total 104448K, used 76455K [0x00000000c0000000, 0x00000000c6600000, 0x00000000eab00000)
  object space 104448K, 73% used [0x00000000c0000000,0x00000000c4aa9fd0,0x00000000c6600000)
 Metaspace       used 80699K, committed 82112K, reserved 1179648K
  class space    used 8255K, committed 8896K, reserved 1048576K
}
Event: 21.248 GC heap after
{Heap after GC invocations=287 (full 9):
 PSYoungGen      total 19456K, used 1753K [0x00000000eab00000, 0x00000000ec080000, 0x0000000100000000)
  eden space 17408K, 0% used [0x00000000eab00000,0x00000000eab00000,0x00000000ebc00000)
  from space 2048K, 85% used [0x00000000ebe80000,0x00000000ec036450,0x00000000ec080000)
  to   space 2048K, 0% used [0x00000000ebc80000,0x00000000ebc80000,0x00000000ebe80000)
 ParOldGen       total 104448K, used 77855K [0x00000000c0000000, 0x00000000c6600000, 0x00000000eab00000)
  object space 104448K, 74% used [0x00000000c0000000,0x00000000c4c07d50,0x00000000c6600000)
 Metaspace       used 80699K, committed 82112K, reserved 1179648K
  class space    used 8255K, committed 8896K, reserved 1048576K
}
Event: 24.951 GC heap before
{Heap before GC invocations=288 (full 9):
 PSYoungGen      total 19456K, used 19161K [0x00000000eab00000, 0x00000000ec080000, 0x0000000100000000)
  eden space 17408K, 100% used [0x00000000eab00000,0x00000000ebc00000,0x00000000ebc00000)
  from space 2048K, 85% used [0x00000000ebe80000,0x00000000ec036450,0x00000000ec080000)
  to   space 2048K, 0% used [0x00000000ebc80000,0x00000000ebc80000,0x00000000ebe80000)
 ParOldGen       total 104448K, used 77855K [0x00000000c0000000, 0x00000000c6600000, 0x00000000eab00000)
  object space 104448K, 74% used [0x00000000c0000000,0x00000000c4c07d50,0x00000000c6600000)
 Metaspace       used 81202K, committed 82560K, reserved 1179648K
  class space    used 8338K, committed 8960K, reserved 1048576K
}
Event: 24.956 GC heap after
{Heap after GC invocations=288 (full 9):
 PSYoungGen      total 19456K, used 2044K [0x00000000eab00000, 0x00000000ec600000, 0x0000000100000000)
  eden space 17408K, 0% used [0x00000000eab00000,0x00000000eab00000,0x00000000ebc00000)
  from space 2048K, 99% used [0x00000000ebc80000,0x00000000ebe7f3b8,0x00000000ebe80000)
  to   space 5120K, 0% used [0x00000000ec100000,0x00000000ec100000,0x00000000ec600000)
 ParOldGen       total 104448K, used 80363K [0x00000000c0000000, 0x00000000c6600000, 0x00000000eab00000)
  object space 104448K, 76% used [0x00000000c0000000,0x00000000c4e7ad70,0x00000000c6600000)
 Metaspace       used 81202K, committed 82560K, reserved 1179648K
  class space    used 8338K, committed 8960K, reserved 1048576K
}
Event: 25.157 GC heap before
{Heap before GC invocations=289 (full 9):
 PSYoungGen      total 19456K, used 19452K [0x00000000eab00000, 0x00000000ec600000, 0x0000000100000000)
  eden space 17408K, 100% used [0x00000000eab00000,0x00000000ebc00000,0x00000000ebc00000)
  from space 2048K, 99% used [0x00000000ebc80000,0x00000000ebe7f3b8,0x00000000ebe80000)
  to   space 5120K, 0% used [0x00000000ec100000,0x00000000ec100000,0x00000000ec600000)
 ParOldGen       total 104448K, used 80363K [0x00000000c0000000, 0x00000000c6600000, 0x00000000eab00000)
  object space 104448K, 76% used [0x00000000c0000000,0x00000000c4e7ad70,0x00000000c6600000)
 Metaspace       used 81757K, committed 83200K, reserved 1179648K
  class space    used 8396K, committed 9024K, reserved 1048576K
}
Event: 25.163 GC heap after
{Heap after GC invocations=289 (full 9):
 PSYoungGen      total 18432K, used 5116K [0x00000000eab00000, 0x00000000ece00000, 0x0000000100000000)
  eden space 13312K, 0% used [0x00000000eab00000,0x00000000eab00000,0x00000000eb800000)
  from space 5120K, 99% used [0x00000000ec100000,0x00000000ec5ff3d8,0x00000000ec600000)
  to   space 9216K, 0% used [0x00000000eb800000,0x00000000eb800000,0x00000000ec100000)
 ParOldGen       total 104448K, used 83373K [0x00000000c0000000, 0x00000000c6600000, 0x00000000eab00000)
  object space 104448K, 79% used [0x00000000c0000000,0x00000000c516b4c8,0x00000000c6600000)
 Metaspace       used 81757K, committed 83200K, reserved 1179648K
  class space    used 8396K, committed 9024K, reserved 1048576K
}
Event: 25.783 GC heap before
{Heap before GC invocations=290 (full 9):
 PSYoungGen      total 18432K, used 18428K [0x00000000eab00000, 0x00000000ece00000, 0x0000000100000000)
  eden space 13312K, 100% used [0x00000000eab00000,0x00000000eb800000,0x00000000eb800000)
  from space 5120K, 99% used [0x00000000ec100000,0x00000000ec5ff3d8,0x00000000ec600000)
  to   space 9216K, 0% used [0x00000000eb800000,0x00000000eb800000,0x00000000ec100000)
 ParOldGen       total 104448K, used 83373K [0x00000000c0000000, 0x00000000c6600000, 0x00000000eab00000)
  object space 104448K, 79% used [0x00000000c0000000,0x00000000c516b4c8,0x00000000c6600000)
 Metaspace       used 81889K, committed 83328K, reserved 1179648K
  class space    used 8408K, committed 9024K, reserved 1048576K
}
Event: 25.787 GC heap after
{Heap after GC invocations=290 (full 9):
 PSYoungGen      total 18944K, used 5203K [0x00000000eab00000, 0x00000000ec500000, 0x0000000100000000)
  eden space 13312K, 0% used [0x00000000eab00000,0x00000000eab00000,0x00000000eb800000)
  from space 5632K, 92% used [0x00000000eb800000,0x00000000ebd14d70,0x00000000ebd80000)
  to   space 6656K, 0% used [0x00000000ebe80000,0x00000000ebe80000,0x00000000ec500000)
 ParOldGen       total 104448K, used 85041K [0x00000000c0000000, 0x00000000c6600000, 0x00000000eab00000)
  object space 104448K, 81% used [0x00000000c0000000,0x00000000c530c7e0,0x00000000c6600000)
 Metaspace       used 81889K, committed 83328K, reserved 1179648K
  class space    used 8408K, committed 9024K, reserved 1048576K
}
Event: 27.265 GC heap before
{Heap before GC invocations=291 (full 9):
 PSYoungGen      total 18944K, used 18515K [0x00000000eab00000, 0x00000000ec500000, 0x0000000100000000)
  eden space 13312K, 100% used [0x00000000eab00000,0x00000000eb800000,0x00000000eb800000)
  from space 5632K, 92% used [0x00000000eb800000,0x00000000ebd14d70,0x00000000ebd80000)
  to   space 6656K, 0% used [0x00000000ebe80000,0x00000000ebe80000,0x00000000ec500000)
 ParOldGen       total 104448K, used 85041K [0x00000000c0000000, 0x00000000c6600000, 0x00000000eab00000)
  object space 104448K, 81% used [0x00000000c0000000,0x00000000c530c7e0,0x00000000c6600000)
 Metaspace       used 82010K, committed 83456K, reserved 1179648K
  class space    used 8424K, committed 9088K, reserved 1048576K
}
Event: 27.270 GC heap after
{Heap after GC invocations=291 (full 9):
 PSYoungGen      total 18432K, used 4825K [0x00000000eab00000, 0x00000000ec380000, 0x0000000100000000)
  eden space 13312K, 0% used [0x00000000eab00000,0x00000000eab00000,0x00000000eb800000)
  from space 5120K, 94% used [0x00000000ebe80000,0x00000000ec336490,0x00000000ec380000)
  to   space 5632K, 0% used [0x00000000eb880000,0x00000000eb880000,0x00000000ebe00000)
 ParOldGen       total 104448K, used 85049K [0x00000000c0000000, 0x00000000c6600000, 0x00000000eab00000)
  object space 104448K, 81% used [0x00000000c0000000,0x00000000c530e7e0,0x00000000c6600000)
 Metaspace       used 82010K, committed 83456K, reserved 1179648K
  class space    used 8424K, committed 9088K, reserved 1048576K
}

Dll operation events (10 events):
Event: 0.007 Loaded shared library c:\Users\prane\.vscode\extensions\redhat.java-1.35.0-win32-x64\jre\17.0.12-win32-x86_64\bin\java.dll
Event: 0.116 Loaded shared library c:\Users\prane\.vscode\extensions\redhat.java-1.35.0-win32-x64\jre\17.0.12-win32-x86_64\bin\zip.dll
Event: 0.118 Loaded shared library C:\Users\prane\.vscode\extensions\redhat.java-1.35.0-win32-x64\jre\17.0.12-win32-x86_64\bin\instrument.dll
Event: 0.130 Loaded shared library C:\Users\prane\.vscode\extensions\redhat.java-1.35.0-win32-x64\jre\17.0.12-win32-x86_64\bin\net.dll
Event: 0.132 Loaded shared library C:\Users\prane\.vscode\extensions\redhat.java-1.35.0-win32-x64\jre\17.0.12-win32-x86_64\bin\nio.dll
Event: 0.140 Loaded shared library C:\Users\prane\.vscode\extensions\redhat.java-1.35.0-win32-x64\jre\17.0.12-win32-x86_64\bin\zip.dll
Event: 0.158 Loaded shared library C:\Users\prane\.vscode\extensions\redhat.java-1.35.0-win32-x64\jre\17.0.12-win32-x86_64\bin\jimage.dll
Event: 0.218 Loaded shared library c:\Users\prane\.vscode\extensions\redhat.java-1.35.0-win32-x64\jre\17.0.12-win32-x86_64\bin\verify.dll
Event: 1.515 Loaded shared library C:\Users\prane\AppData\Roaming\Code\User\globalStorage\redhat.java\1.35.0\config_win\org.eclipse.equinox.launcher\org.eclipse.equinox.launcher.win32.win32.x86_64_1.2.1100.v20240722-2106\eclipse_11904.dll
Event: 3.045 Loaded shared library C:\Users\prane\AppData\Local\Temp\jna-106927254\jna9231081557932104234.dll

Deoptimization events (20 events):
Event: 25.790 Thread 0x000001f7552c2370 DEOPT PACKING pc=0x000001f73a5ab810 sp=0x000000b00d9fe550
Event: 25.790 Thread 0x000001f7552c2370 DEOPT UNPACKING pc=0x000001f73fd56e43 sp=0x000000b00d9fda20 mode 0
Event: 25.790 Thread 0x000001f7552c2370 DEOPT PACKING pc=0x000001f73a5ab810 sp=0x000000b00d9fe220
Event: 25.791 Thread 0x000001f7552c2370 DEOPT UNPACKING pc=0x000001f73fd56e43 sp=0x000000b00d9fd6f0 mode 0
Event: 25.811 Thread 0x000001f7552c2370 DEOPT PACKING pc=0x000001f739980845 sp=0x000000b00d9fda20
Event: 25.811 Thread 0x000001f7552c2370 DEOPT UNPACKING pc=0x000001f73fd56e43 sp=0x000000b00d9fce48 mode 0
Event: 25.813 Thread 0x000001f7552c2370 DEOPT PACKING pc=0x000001f73a5ab810 sp=0x000000b00d9fe3a0
Event: 25.813 Thread 0x000001f7552c2370 DEOPT UNPACKING pc=0x000001f73fd56e43 sp=0x000000b00d9fd870 mode 0
Event: 25.813 Thread 0x000001f7552c2370 DEOPT PACKING pc=0x000001f73a5ab810 sp=0x000000b00d9fe550
Event: 25.813 Thread 0x000001f7552c2370 DEOPT UNPACKING pc=0x000001f73fd56e43 sp=0x000000b00d9fda20 mode 0
Event: 25.820 Thread 0x000001f7552c2370 DEOPT PACKING pc=0x000001f739818546 sp=0x000000b00d9fdd90
Event: 25.820 Thread 0x000001f7552c2370 DEOPT UNPACKING pc=0x000001f73fd56e43 sp=0x000000b00d9fd218 mode 0
Event: 26.088 Thread 0x000001f753329710 DEOPT PACKING pc=0x000001f739597c37 sp=0x000000b008cfe570
Event: 26.088 Thread 0x000001f753329710 DEOPT UNPACKING pc=0x000001f73fd56e43 sp=0x000000b008cfda68 mode 0
Event: 26.093 Thread 0x000001f753329710 DEOPT PACKING pc=0x000001f7392015a0 sp=0x000000b008cfe5a0
Event: 26.093 Thread 0x000001f753329710 DEOPT UNPACKING pc=0x000001f73fd56e43 sp=0x000000b008cfda58 mode 0
Event: 27.291 Thread 0x000001f753329710 DEOPT PACKING pc=0x000001f73a627aa9 sp=0x000000b008cf7290
Event: 27.291 Thread 0x000001f753329710 DEOPT UNPACKING pc=0x000001f73fd56e43 sp=0x000000b008cf6758 mode 0
Event: 27.339 Thread 0x000001f753329710 DEOPT PACKING pc=0x000001f7392015a0 sp=0x000000b008cfe5a0
Event: 27.340 Thread 0x000001f753329710 DEOPT UNPACKING pc=0x000001f73fd56e43 sp=0x000000b008cfda58 mode 0

Classes loaded (20 events):
Event: 16.182 Loading class jdk/internal/module/IllegalAccessLogger
Event: 16.182 Loading class jdk/internal/module/IllegalAccessLogger done
Event: 16.235 Loading class java/nio/channels/Channels$1
Event: 16.236 Loading class java/nio/channels/Channels$1 done
Event: 16.645 Loading class java/util/stream/ReduceOps$2
Event: 16.646 Loading class java/util/stream/ReduceOps$2 done
Event: 16.646 Loading class java/util/stream/ReduceOps$2ReducingSink
Event: 16.646 Loading class java/util/stream/ReduceOps$2ReducingSink done
Event: 17.151 Loading class jdk/internal/module/IllegalAccessLogger
Event: 17.151 Loading class jdk/internal/module/IllegalAccessLogger done
Event: 17.182 Loading class java/util/stream/DistinctOps
Event: 17.183 Loading class java/util/stream/DistinctOps done
Event: 17.183 Loading class java/util/stream/DistinctOps$1
Event: 17.183 Loading class java/util/stream/DistinctOps$1 done
Event: 17.186 Loading class java/util/stream/DistinctOps$1$2
Event: 17.187 Loading class java/util/stream/DistinctOps$1$2 done
Event: 17.267 Loading class java/util/LinkedList$LLSpliterator
Event: 17.267 Loading class java/util/LinkedList$LLSpliterator done
Event: 17.508 Loading class java/io/CharArrayWriter
Event: 17.509 Loading class java/io/CharArrayWriter done

Classes unloaded (20 events):
Event: 8.587 Thread 0x000001f735c98e90 Unloading class 0x0000000100622400 'jdk/internal/reflect/GeneratedSerializationConstructorAccessor28'
Event: 8.587 Thread 0x000001f735c98e90 Unloading class 0x0000000100623000 'jdk/internal/reflect/GeneratedSerializationConstructorAccessor26'
Event: 8.587 Thread 0x000001f735c98e90 Unloading class 0x0000000100623800 'jdk/internal/reflect/GeneratedSerializationConstructorAccessor25'
Event: 8.587 Thread 0x000001f735c98e90 Unloading class 0x0000000100624400 'jdk/internal/reflect/GeneratedSerializationConstructorAccessor24'
Event: 8.587 Thread 0x000001f735c98e90 Unloading class 0x0000000100601c00 'java/lang/invoke/LambdaForm$DMH+0x0000000100601c00'
Event: 8.587 Thread 0x000001f735c98e90 Unloading class 0x0000000100601800 'java/lang/invoke/LambdaForm$DMH+0x0000000100601800'
Event: 8.587 Thread 0x000001f735c98e90 Unloading class 0x0000000100601400 'java/lang/invoke/LambdaForm$DMH+0x0000000100601400'
Event: 8.587 Thread 0x000001f735c98e90 Unloading class 0x0000000100601000 'java/lang/invoke/LambdaForm$DMH+0x0000000100601000'
Event: 8.587 Thread 0x000001f735c98e90 Unloading class 0x0000000100600000 'java/lang/invoke/LambdaForm$DMH+0x0000000100600000'
Event: 8.587 Thread 0x000001f735c98e90 Unloading class 0x0000000100600c00 'java/lang/invoke/LambdaForm$DMH+0x0000000100600c00'
Event: 8.587 Thread 0x000001f735c98e90 Unloading class 0x0000000100600800 'java/lang/invoke/LambdaForm$DMH+0x0000000100600800'
Event: 13.675 Thread 0x000001f735c98e90 Unloading class 0x0000000100808c00 'java/lang/invoke/LambdaForm$DMH+0x0000000100808c00'
Event: 13.675 Thread 0x000001f735c98e90 Unloading class 0x00000001007f3000 'java/lang/invoke/LambdaForm$DMH+0x00000001007f3000'
Event: 15.308 Thread 0x000001f735c98e90 Unloading class 0x0000000100830c00 'java/lang/invoke/LambdaForm$MH+0x0000000100830c00'
Event: 15.308 Thread 0x000001f735c98e90 Unloading class 0x0000000100830800 'java/lang/invoke/LambdaForm$MH+0x0000000100830800'
Event: 15.308 Thread 0x000001f735c98e90 Unloading class 0x0000000100830400 'java/lang/invoke/LambdaForm$MH+0x0000000100830400'
Event: 15.308 Thread 0x000001f735c98e90 Unloading class 0x0000000100829c00 'java/lang/invoke/LambdaForm$DMH+0x0000000100829c00'
Event: 15.308 Thread 0x000001f735c98e90 Unloading class 0x0000000100829800 'java/lang/invoke/LambdaForm$DMH+0x0000000100829800'
Event: 15.308 Thread 0x000001f735c98e90 Unloading class 0x0000000100829400 'java/lang/invoke/LambdaForm$DMH+0x0000000100829400'
Event: 15.308 Thread 0x000001f735c98e90 Unloading class 0x0000000100829000 'java/lang/invoke/LambdaForm$DMH+0x0000000100829000'

Classes redefined (0 events):
No events

Internal exceptions (20 events):
Event: 16.978 Thread 0x000001f7533287e0 Exception <a 'sun/nio/fs/WindowsException'{0x00000000eba068d8}> (0x00000000eba068d8) 
thrown [s\src\hotspot\share\prims\jni.cpp, line 516]
Event: 16.979 Thread 0x000001f7533287e0 Exception <a 'sun/nio/fs/WindowsException'{0x00000000eba072e8}> (0x00000000eba072e8) 
thrown [s\src\hotspot\share\prims\jni.cpp, line 516]
Event: 16.979 Thread 0x000001f7533287e0 Exception <a 'sun/nio/fs/WindowsException'{0x00000000eba07d38}> (0x00000000eba07d38) 
thrown [s\src\hotspot\share\prims\jni.cpp, line 516]
Event: 17.165 Thread 0x000001f7533287e0 Exception <a 'sun/nio/fs/WindowsException'{0x00000000eba303e8}> (0x00000000eba303e8) 
thrown [s\src\hotspot\share\prims\jni.cpp, line 516]
Event: 17.165 Thread 0x000001f7533287e0 Exception <a 'sun/nio/fs/WindowsException'{0x00000000eba30a20}> (0x00000000eba30a20) 
thrown [s\src\hotspot\share\prims\jni.cpp, line 516]
Event: 17.165 Thread 0x000001f7533287e0 Exception <a 'sun/nio/fs/WindowsException'{0x00000000eba313f8}> (0x00000000eba313f8) 
thrown [s\src\hotspot\share\prims\jni.cpp, line 516]
Event: 17.165 Thread 0x000001f7533287e0 Exception <a 'sun/nio/fs/WindowsException'{0x00000000eba31a30}> (0x00000000eba31a30) 
thrown [s\src\hotspot\share\prims\jni.cpp, line 516]
Event: 17.187 Thread 0x000001f7533287e0 Exception <a 'java/lang/NoSuchMethodError'{0x00000000eabcb3c8}: 'java.lang.Object java.lang.invoke.DirectMethodHandle$Holder.invokeSpecial(java.lang.Object, java.lang.Object, int, java.lang.Object, java.lang.Object, java.lang.Object, java.lang.Object)'> (0x00000000eabcb3c8) 
thrown [s\src\hotspot\share\interpreter\linkResolver.cpp, line 759]
Event: 17.188 Thread 0x000001f7533287e0 Exception <a 'java/lang/NoSuchMethodError'{0x00000000eae6b498}: 'java.lang.Object java.lang.invoke.DirectMethodHandle$Holder.newInvokeSpecial(java.lang.Object, java.lang.Object, int, java.lang.Object, java.lang.Object)'> (0x00000000eae6b498) 
thrown [s\src\hotspot\share\interpreter\linkResolver.cpp, line 759]
Event: 17.193 Thread 0x000001f7533287e0 Exception <a 'java/lang/NoSuchMethodError'{0x00000000eae84548}: 'java.lang.Object java.lang.invoke.DirectMethodHandle$Holder.invokeSpecial(java.lang.Object, java.lang.Object, java.lang.Object, int, java.lang.Object, java.lang.Object, java.lang.Object)'> (0x00000000eae84548) 
thrown [s\src\hotspot\share\interpreter\linkResolver.cpp, line 759]
Event: 17.195 Thread 0x000001f7533287e0 Exception <a 'java/lang/NoSuchMethodError'{0x00000000eaf2f220}: 'java.lang.Object java.lang.invoke.DirectMethodHandle$Holder.invokeStatic(java.lang.Object, java.lang.Object, int, java.lang.Object, java.lang.Object)'> (0x00000000eaf2f220) 
thrown [s\src\hotspot\share\interpreter\linkResolver.cpp, line 759]
Event: 17.212 Thread 0x000001f7533287e0 Exception <a 'java/lang/NoSuchMethodError'{0x00000000eb0ca110}: 'void java.lang.invoke.DirectMethodHandle$Holder.invokeStatic(java.lang.Object, int)'> (0x00000000eb0ca110) 
thrown [s\src\hotspot\share\interpreter\linkResolver.cpp, line 759]
Event: 17.304 Thread 0x000001f7533287e0 Exception <a 'java/io/FileNotFoundException'{0x00000000eb7e9568}> (0x00000000eb7e9568) 
thrown [s\src\hotspot\share\prims\jni.cpp, line 516]
Event: 17.305 Thread 0x000001f7533287e0 Exception <a 'java/io/FileNotFoundException'{0x00000000eb7ea7f0}> (0x00000000eb7ea7f0) 
thrown [s\src\hotspot\share\prims\jni.cpp, line 516]
Event: 17.305 Thread 0x000001f7533287e0 Exception <a 'java/io/FileNotFoundException'{0x00000000eb7eb7d0}> (0x00000000eb7eb7d0) 
thrown [s\src\hotspot\share\prims\jni.cpp, line 516]
Event: 17.315 Thread 0x000001f7533287e0 Exception <a 'java/lang/NoSuchMethodError'{0x00000000eb88b760}: 'int java.lang.invoke.DirectMethodHandle$Holder.invokeStatic(java.lang.Object, java.lang.Object, java.lang.Object, java.lang.Object, java.lang.Object, java.lang.Object)'> (0x00000000eb88b760) 
thrown [s\src\hotspot\share\interpreter\linkResolver.cpp, line 759]
Event: 20.591 Thread 0x000001f753328cf0 Exception <a 'java/lang/ArrayIndexOutOfBoundsException'{0x00000000eb98f770}: Index 3262 out of bounds for length 3261> (0x00000000eb98f770) 
thrown [s\src\hotspot\share\interpreter\interpreterRuntime.cpp, line 428]
Event: 24.893 Thread 0x000001f753327dc0 Exception <a 'java/lang/ArrayIndexOutOfBoundsException'{0x00000000eb09e5f0}: Index 3262 out of bounds for length 3262> (0x00000000eb09e5f0) 
thrown [s\src\hotspot\share\interpreter\interpreterRuntime.cpp, line 428]
Event: 24.893 Thread 0x000001f753327dc0 Exception <a 'java/lang/ArrayIndexOutOfBoundsException'{0x00000000eb09ee90}: Index 3262 out of bounds for length 3262> (0x00000000eb09ee90) 
thrown [s\src\hotspot\share\interpreter\interpreterRuntime.cpp, line 428]
Event: 24.893 Thread 0x000001f753327dc0 Exception <a 'java/lang/ArrayIndexOutOfBoundsException'{0x00000000eb09f1b0}: Index 3263 out of bounds for length 3262> (0x00000000eb09f1b0) 
thrown [s\src\hotspot\share\interpreter\interpreterRuntime.cpp, line 428]

VM Operations (20 events):
Event: 24.885 Executing VM operation: HandshakeAllThreads
Event: 24.885 Executing VM operation: HandshakeAllThreads done
Event: 24.899 Executing VM operation: HandshakeAllThreads
Event: 24.899 Executing VM operation: HandshakeAllThreads done
Event: 24.951 Executing VM operation: ParallelGCFailedAllocation
Event: 24.957 Executing VM operation: ParallelGCFailedAllocation done
Event: 24.976 Executing VM operation: HandshakeAllThreads
Event: 24.976 Executing VM operation: HandshakeAllThreads done
Event: 25.134 Executing VM operation: ICBufferFull
Event: 25.134 Executing VM operation: ICBufferFull done
Event: 25.157 Executing VM operation: ParallelGCFailedAllocation
Event: 25.163 Executing VM operation: ParallelGCFailedAllocation done
Event: 25.783 Executing VM operation: ParallelGCFailedAllocation
Event: 25.787 Executing VM operation: ParallelGCFailedAllocation done
Event: 26.793 Executing VM operation: Cleanup
Event: 26.793 Executing VM operation: Cleanup done
Event: 27.265 Executing VM operation: ParallelGCFailedAllocation
Event: 27.270 Executing VM operation: ParallelGCFailedAllocation done
Event: 27.281 Executing VM operation: HandshakeAllThreads
Event: 27.281 Executing VM operation: HandshakeAllThreads done

Events (20 events):
Event: 24.985 Thread 0x000001f74ede1920 flushing nmethod 0x000001f738ce9210
Event: 24.985 Thread 0x000001f74ede1920 flushing nmethod 0x000001f738e16410
Event: 24.988 Thread 0x000001f7511de790 Thread added: 0x000001f7511de790
Event: 24.993 Thread 0x000001f74ede1920 flushing nmethod 0x000001f739590290
Event: 24.995 Thread 0x000001f74ede1920 flushing nmethod 0x000001f739757b10
Event: 24.995 Thread 0x000001f74ede1920 flushing nmethod 0x000001f73981ca10
Event: 24.996 Thread 0x000001f74ede1920 flushing nmethod 0x000001f73983a690
Event: 24.996 Thread 0x000001f74ede1920 flushing nmethod 0x000001f739937190
Event: 24.998 Thread 0x000001f74ede1920 flushing nmethod 0x000001f739b24790
Event: 24.999 Thread 0x000001f74ede1920 flushing nmethod 0x000001f739bf4b10
Event: 24.999 Thread 0x000001f74ede1920 flushing nmethod 0x000001f739c72210
Event: 24.999 Thread 0x000001f74ede1920 flushing nmethod 0x000001f739c73190
Event: 24.999 Thread 0x000001f74ede1920 flushing nmethod 0x000001f739c76610
Event: 24.999 Thread 0x000001f74ede1920 flushing nmethod 0x000001f739c9b090
Event: 25.000 Thread 0x000001f74ede1920 flushing nmethod 0x000001f739d76a10
Event: 25.000 Thread 0x000001f74ede1920 flushing nmethod 0x000001f739df7e90
Event: 25.000 Thread 0x000001f74ede1920 flushing nmethod 0x000001f739dfa910
Event: 25.002 Thread 0x000001f74ede1920 flushing nmethod 0x000001f739f5dc10
Event: 25.004 Thread 0x000001f74ede1920 flushing nmethod 0x000001f73a199890
Event: 26.787 Thread 0x000001f7511de790 Thread exited: 0x000001f7511de790


Dynamic libraries:
0x00007ff723c40000 - 0x00007ff723c4e000 	c:\Users\prane\.vscode\extensions\redhat.java-1.35.0-win32-x64\jre\17.0.12-win32-x86_64\bin\java.exe
0x00007ffbb2fb0000 - 0x00007ffbb31a8000 	C:\WINDOWS\SYSTEM32\ntdll.dll
0x00007ffbb1140000 - 0x00007ffbb1201000 	C:\WINDOWS\System32\KERNEL32.DLL
0x00007ffbb09b0000 - 0x00007ffbb0cad000 	C:\WINDOWS\System32\KERNELBASE.dll
0x00007ffbb06b0000 - 0x00007ffbb07b0000 	C:\WINDOWS\System32\ucrtbase.dll
0x00007ffba6620000 - 0x00007ffba663b000 	c:\Users\prane\.vscode\extensions\redhat.java-1.35.0-win32-x64\jre\17.0.12-win32-x86_64\bin\VCRUNTIME140.dll
0x00007ffb9a560000 - 0x00007ffb9a577000 	c:\Users\prane\.vscode\extensions\redhat.java-1.35.0-win32-x64\jre\17.0.12-win32-x86_64\bin\jli.dll
0x00007ffbb1a30000 - 0x00007ffbb1bcd000 	C:\WINDOWS\System32\USER32.dll
0x00007ffb9b470000 - 0x00007ffb9b70a000 	C:\WINDOWS\WinSxS\amd64_microsoft.windows.common-controls_6595b64144ccf1df_6.0.19041.4355_none_60b8b9eb71f62e16\COMCTL32.dll
0x00007ffbb0fb0000 - 0x00007ffbb0fd2000 	C:\WINDOWS\System32\win32u.dll
0x00007ffbb2df0000 - 0x00007ffbb2e8e000 	C:\WINDOWS\System32\msvcrt.dll
0x00007ffbb1950000 - 0x00007ffbb197b000 	C:\WINDOWS\System32\GDI32.dll
0x00007ffbb07e0000 - 0x00007ffbb08f7000 	C:\WINDOWS\System32\gdi32full.dll
0x00007ffbb0d20000 - 0x00007ffbb0dbd000 	C:\WINDOWS\System32\msvcp_win.dll
0x00007ffbb1110000 - 0x00007ffbb113f000 	C:\WINDOWS\System32\IMM32.DLL
0x00007ffbacc60000 - 0x00007ffbacc6c000 	c:\Users\prane\.vscode\extensions\redhat.java-1.35.0-win32-x64\jre\17.0.12-win32-x86_64\bin\vcruntime140_1.dll
0x00007ffb92620000 - 0x00007ffb926ad000 	c:\Users\prane\.vscode\extensions\redhat.java-1.35.0-win32-x64\jre\17.0.12-win32-x86_64\bin\msvcp140.dll
0x00007ffb3ab60000 - 0x00007ffb3b7ca000 	c:\Users\prane\.vscode\extensions\redhat.java-1.35.0-win32-x64\jre\17.0.12-win32-x86_64\bin\server\jvm.dll
0x00007ffbb1980000 - 0x00007ffbb1a30000 	C:\WINDOWS\System32\ADVAPI32.dll
0x00007ffbb18b0000 - 0x00007ffbb1950000 	C:\WINDOWS\System32\sechost.dll
0x00007ffbb2b50000 - 0x00007ffbb2c73000 	C:\WINDOWS\System32\RPCRT4.dll
0x00007ffbb07b0000 - 0x00007ffbb07d7000 	C:\WINDOWS\System32\bcrypt.dll
0x00007ffbb1bd0000 - 0x00007ffbb1c3b000 	C:\WINDOWS\System32\WS2_32.dll
0x00007ffbafbb0000 - 0x00007ffbafbfb000 	C:\WINDOWS\SYSTEM32\POWRPROF.dll
0x00007ffb9f9f0000 - 0x00007ffb9fa17000 	C:\WINDOWS\SYSTEM32\WINMM.dll
0x00007ffba6ad0000 - 0x00007ffba6ada000 	C:\WINDOWS\SYSTEM32\VERSION.dll
0x00007ffbafa20000 - 0x00007ffbafa32000 	C:\WINDOWS\SYSTEM32\UMPDC.dll
0x00007ffbae4a0000 - 0x00007ffbae4b2000 	C:\WINDOWS\SYSTEM32\kernel.appcore.dll
0x00007ffbac8f0000 - 0x00007ffbac8fa000 	c:\Users\prane\.vscode\extensions\redhat.java-1.35.0-win32-x64\jre\17.0.12-win32-x86_64\bin\jimage.dll
0x00007ffb9c350000 - 0x00007ffb9c534000 	C:\WINDOWS\SYSTEM32\DBGHELP.DLL
0x00007ffb96cc0000 - 0x00007ffb96cf4000 	C:\WINDOWS\SYSTEM32\dbgcore.DLL
0x00007ffbb0f20000 - 0x00007ffbb0fa2000 	C:\WINDOWS\System32\bcryptPrimitives.dll
0x00007ffbac8e0000 - 0x00007ffbac8ee000 	c:\Users\prane\.vscode\extensions\redhat.java-1.35.0-win32-x64\jre\17.0.12-win32-x86_64\bin\instrument.dll
0x00007ffb9a380000 - 0x00007ffb9a3a5000 	c:\Users\prane\.vscode\extensions\redhat.java-1.35.0-win32-x64\jre\17.0.12-win32-x86_64\bin\java.dll
0x00007ffb99f80000 - 0x00007ffb99f98000 	c:\Users\prane\.vscode\extensions\redhat.java-1.35.0-win32-x64\jre\17.0.12-win32-x86_64\bin\zip.dll
0x00007ffbb2090000 - 0x00007ffbb27ff000 	C:\WINDOWS\System32\SHELL32.dll
0x00007ffbae6a0000 - 0x00007ffbaee43000 	C:\WINDOWS\SYSTEM32\windows.storage.dll
0x00007ffbb1c40000 - 0x00007ffbb1f93000 	C:\WINDOWS\System32\combase.dll
0x00007ffbb0070000 - 0x00007ffbb009e000 	C:\WINDOWS\SYSTEM32\Wldp.dll
0x00007ffbb2810000 - 0x00007ffbb28dd000 	C:\WINDOWS\System32\OLEAUT32.dll
0x00007ffbb2c80000 - 0x00007ffbb2d2d000 	C:\WINDOWS\System32\SHCORE.dll
0x00007ffbb2d90000 - 0x00007ffbb2de5000 	C:\WINDOWS\System32\shlwapi.dll
0x00007ffbb0590000 - 0x00007ffbb05b4000 	C:\WINDOWS\SYSTEM32\profapi.dll
0x00007ffb99f00000 - 0x00007ffb99f19000 	C:\Users\prane\.vscode\extensions\redhat.java-1.35.0-win32-x64\jre\17.0.12-win32-x86_64\bin\net.dll
0x00007ffba9310000 - 0x00007ffba941d000 	C:\WINDOWS\SYSTEM32\WINHTTP.dll
0x00007ffbafd90000 - 0x00007ffbafdfa000 	C:\WINDOWS\system32\mswsock.dll
0x00007ffb99ee0000 - 0x00007ffb99ef6000 	C:\Users\prane\.vscode\extensions\redhat.java-1.35.0-win32-x64\jre\17.0.12-win32-x86_64\bin\nio.dll
0x00007ffbac870000 - 0x00007ffbac880000 	c:\Users\prane\.vscode\extensions\redhat.java-1.35.0-win32-x64\jre\17.0.12-win32-x86_64\bin\verify.dll
0x00007ffb925d0000 - 0x00007ffb92615000 	C:\Users\prane\AppData\Roaming\Code\User\globalStorage\redhat.java\1.35.0\config_win\org.eclipse.equinox.launcher\org.eclipse.equinox.launcher.win32.win32.x86_64_1.2.1100.v20240722-2106\eclipse_11904.dll
0x00007ffbb0fe0000 - 0x00007ffbb110b000 	C:\WINDOWS\System32\ole32.dll
0x00007ffbaff70000 - 0x00007ffbaff88000 	C:\WINDOWS\SYSTEM32\CRYPTSP.dll
0x00007ffbaf660000 - 0x00007ffbaf694000 	C:\WINDOWS\system32\rsaenh.dll
0x00007ffbb0550000 - 0x00007ffbb057e000 	C:\WINDOWS\SYSTEM32\USERENV.dll
0x00007ffbaff30000 - 0x00007ffbaff3c000 	C:\WINDOWS\SYSTEM32\CRYPTBASE.dll
0x00007ffbafa40000 - 0x00007ffbafa7b000 	C:\WINDOWS\SYSTEM32\IPHLPAPI.DLL
0x00007ffbb18a0000 - 0x00007ffbb18a8000 	C:\WINDOWS\System32\NSI.dll
0x00007ffba9940000 - 0x00007ffba9957000 	C:\WINDOWS\SYSTEM32\dhcpcsvc6.DLL
0x00007ffba9fc0000 - 0x00007ffba9fdd000 	C:\WINDOWS\SYSTEM32\dhcpcsvc.DLL
0x00007ffbafa80000 - 0x00007ffbafb4a000 	C:\WINDOWS\SYSTEM32\DNSAPI.dll
0x00007ffb91e00000 - 0x00007ffb91e49000 	C:\Users\prane\AppData\Local\Temp\jna-106927254\jna9231081557932104234.dll
0x00007ffbb2800000 - 0x00007ffbb2808000 	C:\WINDOWS\System32\PSAPI.DLL

dbghelp: loaded successfully - version: 4.0.5 - missing functions: none
symbol engine: initialized successfully - sym options: 0x614 - pdb path: .;c:\Users\prane\.vscode\extensions\redhat.java-1.35.0-win32-x64\jre\17.0.12-win32-x86_64\bin;C:\WINDOWS\SYSTEM32;C:\WINDOWS\WinSxS\amd64_microsoft.windows.common-controls_6595b64144ccf1df_6.0.19041.4355_none_60b8b9eb71f62e16;c:\Users\prane\.vscode\extensions\redhat.java-1.35.0-win32-x64\jre\17.0.12-win32-x86_64\bin\server;C:\Users\prane\AppData\Roaming\Code\User\globalStorage\redhat.java\1.35.0\config_win\org.eclipse.equinox.launcher\org.eclipse.equinox.launcher.win32.win32.x86_64_1.2.1100.v20240722-2106;C:\Users\prane\AppData\Local\Temp\jna-106927254

VM Arguments:
jvm_args: --add-modules=ALL-SYSTEM --add-opens=java.base/java.util=ALL-UNNAMED --add-opens=java.base/java.lang=ALL-UNNAMED --add-opens=java.base/sun.nio.fs=ALL-UNNAMED -Declipse.application=org.eclipse.jdt.ls.core.id1 -Dosgi.bundles.defaultStartLevel=4 -Declipse.product=org.eclipse.jdt.ls.core.product -Djava.import.generatesMetadataFilesAtProjectRoot=false -DDetectVMInstallationsJob.disabled=true -Dfile.encoding=utf8 -XX:+UseParallelGC -XX:GCTimeRatio=4 -XX:AdaptiveSizePolicyWeight=90 -Dsun.zip.disableMemoryMapping=true -Xmx1G -Xms100m -Xlog:disable -javaagent:c:\Users\prane\.vscode\extensions\redhat.java-1.35.0-win32-x64\lombok\lombok-1.18.33.jar -XX:+HeapDumpOnOutOfMemoryError -XX:HeapDumpPath=c:\Users\prane\AppData\Roaming\Code\User\workspaceStorage\d824c3d28b0055ffd3c226b7f95a790b\redhat.java -Daether.dependencyCollector.impl=bf 
java_command: c:\Users\prane\.vscode\extensions\redhat.java-1.35.0-win32-x64\server\plugins\org.eclipse.equinox.launcher_1.6.900.v20240613-2009.jar -configuration c:\Users\prane\AppData\Roaming\Code\User\globalStorage\redhat.java\1.35.0\config_win -data c:\Users\prane\AppData\Roaming\Code\User\workspaceStorage\d824c3d28b0055ffd3c226b7f95a790b\redhat.java\jdt_ws --pipe=\\.\pipe\lsp-8caedb79ce78b62d9b3e5c58209ca82b-sock
java_class_path (initial): c:\Users\prane\.vscode\extensions\redhat.java-1.35.0-win32-x64\server\plugins\org.eclipse.equinox.launcher_1.6.900.v20240613-2009.jar
Launcher Type: SUN_STANDARD

[Global flags]
    uintx AdaptiveSizePolicyWeight                 = 90                                        {product} {command line}
     intx CICompilerCount                          = 12                                        {product} {ergonomic}
    uintx GCTimeRatio                              = 4                                         {product} {command line}
     bool HeapDumpOnOutOfMemoryError               = true                                   {manageable} {command line}
    ccstr HeapDumpPath                             = c:\Users\prane\AppData\Roaming\Code\User\workspaceStorage\d824c3d28b0055ffd3c226b7f95a790b\redhat.java         {manageable} {command line}
   size_t InitialHeapSize                          = 104857600                                 {product} {command line}
   size_t MaxHeapSize                              = 1073741824                                {product} {command line}
   size_t MaxNewSize                               = 357564416                                 {product} {ergonomic}
   size_t MinHeapDeltaBytes                        = 524288                                    {product} {ergonomic}
   size_t MinHeapSize                              = 104857600                                 {product} {command line}
   size_t NewSize                                  = 34603008                                  {product} {ergonomic}
    uintx NonNMethodCodeHeapSize                   = 7602480                                {pd product} {ergonomic}
    uintx NonProfiledCodeHeapSize                  = 122027880                              {pd product} {ergonomic}
   size_t OldSize                                  = 70254592                                  {product} {ergonomic}
    uintx ProfiledCodeHeapSize                     = 122027880                              {pd product} {ergonomic}
    uintx ReservedCodeCacheSize                    = 251658240                              {pd product} {ergonomic}
     bool SegmentedCodeCache                       = true                                      {product} {ergonomic}
   size_t SoftMaxHeapSize                          = 1073741824                             {manageable} {ergonomic}
     bool UseCompressedClassPointers               = true                           {product lp64_product} {ergonomic}
     bool UseCompressedOops                        = true                           {product lp64_product} {ergonomic}
     bool UseLargePagesIndividualAllocation        = false                                  {pd product} {ergonomic}
     bool UseParallelGC                            = true                                      {product} {command line}

Logging:
Log output configuration:
 #0: stdout all=off uptime,level,tags
 #1: stderr all=off uptime,level,tags

Environment Variables:
JAVA_HOME=C:\Program Files (x86)\Java\jre-1.8
PATH=C:\Program Files\Common Files\Oracle\Java\javapath;C:\Program Files (x86)\Common Files\Oracle\Java\java8path;C:\Program Files (x86)\Common Files\Oracle\Java\javapath;C:\WINDOWS\system32;C:\WINDOWS;C:\WINDOWS\System32\Wbem;C:\WINDOWS\System32\WindowsPowerShell\v1.0\;C:\WINDOWS\System32\OpenSSH\;C:\Program Files (x86)\NVIDIA Corporation\PhysX\Common;C:\Program Files\NVIDIA Corporation\NVIDIA NvDLISR;C:\Program Files\Microsoft SQL Server\150\Tools\Binn\;C:\Program Files\Microsoft SQL Server\Client SDK\ODBC\170\Tools\Binn\;C:\Program Files\dotnet\;C:\Program Files (x86)\nodejs\;C:\ProgramData\chocolatey\bin;C:\Program Files\Git\cmd;C:\Program Files\Amazon\AWSCLIV2\;C:\Program Files\PowerShell\7-preview\preview;C:\Program Files\Docker\Docker\resources\bin;C:\Program Files\Kubernetes\Minikube;C:\Program Files\PowerShell\7\;C:\Program Files\MySQL\MySQL Shell 8.0\bin\;C:\Users\prane\anaconda3;C:\Users\prane\anaconda3\Library\mingw-w64\bin;C:\Users\prane\anaconda3\Library\usr\bin;C:\Users\prane\anaconda3\Library\bin;C:\Users\prane\anaconda3\Scripts;C:\Users\prane\AppData\Local\Microsoft\WindowsApps;C:\Users\prane\.dotnet\tools;C:\Users\prane\AppData\Local\Programs\Microsoft VS Code\bin;C:\Users\prane\AppData\Roaming\npm;C:\Users\prane\anaconda3\Library\bin\conda.bat;C:\Users\prane\anaconda3\Scripts\conda.exe;C:\Users\prane\anaconda3\condabin\conda.bat;C:\Users\prane\anaconda3\condabin;C:\Users\prane\AppData\Local\Android\Sdk\platform-tools;C:\Users\prane\AppData\Local\Android\Sdk\tools;C:\Users\prane\AppData\Roaming\Python\Scripts;C:\Users\prane\AppData\Roaming\pypoetry\venv\Scripts\poetry;C:\Users\prane\AppData\Roaming\pypoetry\venv\Scripts;C:\Program Files\Java\jdk-22\bin;
USERNAME=prane
OS=Windows_NT
PROCESSOR_IDENTIFIER=AMD64 Family 25 Model 80 Stepping 0, AuthenticAMD
TMP=C:\Users\prane\AppData\Local\Temp
TEMP=C:\Users\prane\AppData\Local\Temp



Periodic native trim disabled


---------------  S Y S T E M  ---------------

OS:
 Windows 10 , 64 bit Build 19041 (10.0.19041.4842)
OS uptime: 3 days 13:25 hours
Hyper-V role detected

CPU: total 16 (initial active 16) (16 cores per cpu, 2 threads per core) family 25 model 80 stepping 0 microcode 0x0, cx8, cmov, fxsr, ht, mmx, 3dnowpref, sse, sse2, sse3, ssse3, sse4a, sse4.1, sse4.2, popcnt, lzcnt, tsc, tscinvbit, avx, avx2, aes, erms, clmul, bmi1, bmi2, adx, sha, fma, vzeroupper, clflush, clflushopt, hv
Processor Information for all 16 processors :
  Max Mhz: 3201, Current Mhz: 3201, Mhz Limit: 3201

Memory: 4k page, system-wide physical 8044M (287M free)
TotalPageFile size 32620M (AvailPageFile size 1M)
current process WorkingSet (physical memory assigned to process): 372M, peak: 432M
current process commit charge ("private bytes"): 421M, peak: 488M

vm_info: OpenJDK 64-Bit Server VM (17.0.12+7) for windows-amd64 JRE (17.0.12+7), built on Jul 16 2024 22:08:24 by "admin" with MS VC++ 16.10 / 16.11 (VS2019)

END.
