#
# There is insufficient memory for the Java Runtime Environment to continue.
# Native memory allocation (malloc) failed to allocate 1048592 bytes. Error detail: Chunk::new
# Possible reasons:
#   The system is out of physical RAM or swap space
#   This process is running with CompressedOops enabled, and the Java Heap may be blocking the growth of the native heap
# Possible solutions:
#   Reduce memory load on the system
#   Increase physical memory or swap space
#   Check if swap backing store is full
#   Decrease Java heap size (-Xmx/-Xms)
#   Decrease number of Java threads
#   Decrease Java thread stack sizes (-Xss)
#   Set larger code cache with -XX:ReservedCodeCacheSize=
#   JVM is running with Unscaled Compressed Oops mode in which the Java heap is
#     placed in the first 4GB address space. The Java Heap base address is the
#     maximum limit for the native heap growth. Please use -XX:HeapBaseMinAddress
#     to set the Java Heap base and to place the Java Heap above 4GB virtual address.
# This output file may be truncated or incomplete.
#
#  Out of Memory Error (arena.cpp:150), pid=3632, tid=15888
#
# JRE version: Java(TM) SE Runtime Environment (22.0.2+9) (build 22.0.2+9-70)
# Java VM: Java HotSpot(TM) 64-Bit Server VM (22.0.2+9-70, mixed mode, sharing, tiered, compressed oops, compressed class ptrs, g1 gc, windows-amd64)
# No core dump will be written. Minidumps are not enabled by default on client versions of Windows
#

---------------  S U M M A R Y ------------

Command Line: -XX:+ShowCodeDetailsInExceptionMessages com.example.GrabGrubApp.GrabGrubAppApplication

Host: AMD Ryzen 7 5800H with Radeon Graphics         , 16 cores, 7G,  Windows 10 , 64 bit Build 19041 (10.0.19041.4842)
Time: Sat Sep 28 10:22:21 2024 Pacific Daylight Time elapsed time: 144.405709 seconds (0d 0h 2m 24s)

---------------  T H R E A D  ---------------

Current thread (0x000001e3111db2a0):  JavaThread "C2 CompilerThread0" daemon [_thread_in_native, id=15888, stack(0x000000276d200000,0x000000276d300000) (1024K)]


Current CompileTask:
C2:144406 16246   !   4       org.springframework.orm.jpa.support.OpenEntityManagerInViewInterceptor::preHandle (171 bytes)

Stack: [0x000000276d200000,0x000000276d300000]
Native frames: (J=compiled Java code, j=interpreted, Vv=VM code, C=native code)
V  [jvm.dll+0x6e26e9]  (no source info available)
V  [jvm.dll+0x875753]  (no source info available)
V  [jvm.dll+0x877b7e]  (no source info available)
V  [jvm.dll+0x878253]  (no source info available)
V  [jvm.dll+0x27fc86]  (no source info available)
V  [jvm.dll+0xc3d0f]  (no source info available)
V  [jvm.dll+0xc40fb]  (no source info available)
V  [jvm.dll+0xc3bbb]  (no source info available)
V  [jvm.dll+0x6c0290]  (no source info available)
V  [jvm.dll+0xbba78]  (no source info available)
V  [jvm.dll+0x67345d]  (no source info available)
V  [jvm.dll+0x671355]  (no source info available)
V  [jvm.dll+0x247677]  (no source info available)
V  [jvm.dll+0x246e9f]  (no source info available)
V  [jvm.dll+0x1c4e80]  (no source info available)
V  [jvm.dll+0x2568f3]  (no source info available)
V  [jvm.dll+0x254baa]  (no source info available)
V  [jvm.dll+0x3f57a6]  (no source info available)
V  [jvm.dll+0x81dc0b]  (no source info available)
V  [jvm.dll+0x6e0d85]  (no source info available)
C  [ucrtbase.dll+0x21bb2]  (no source info available)
C  [KERNEL32.DLL+0x17374]  (no source info available)
C  [ntdll.dll+0x4cc91]  (no source info available)


---------------  P R O C E S S  ---------------

Threads class SMR info:
_java_thread_list=0x000001e35cb04a60, length=32, elements={
0x000001e3111bd160, 0x000001e3111be080, 0x000001e3111c28e0, 0x000001e3111c3340,
0x000001e3111d2590, 0x000001e3111d5d40, 0x000001e3111db2a0, 0x000001e3111cc5c0,
0x000001e311439c10, 0x000001e31144b1a0, 0x000001e357525cc0, 0x000001e359f2c460,
0x000001e35b4c1530, 0x000001e35b182f90, 0x000001e35b182900, 0x000001e35b17e0d0,
0x000001e35b1856f0, 0x000001e35b17e760, 0x000001e35b17edf0, 0x000001e35aac7780,
0x000001e35aacc640, 0x000001e35aac5d40, 0x000001e35aac6a60, 0x000001e35aacbfb0,
0x000001e35aac63d0, 0x000001e35aac84a0, 0x000001e35aacac00, 0x000001e35aacb920,
0x000001e35aac7e10, 0x000001e35aac91c0, 0x000001e35aacccd0, 0x000001e35aac8b30
}

Java Threads: ( => current thread )
  0x000001e3111bd160 JavaThread "Reference Handler"          daemon [_thread_blocked, id=16032, stack(0x000000276cc00000,0x000000276cd00000) (1024K)]
  0x000001e3111be080 JavaThread "Finalizer"                  daemon [_thread_blocked, id=21876, stack(0x000000276cd00000,0x000000276ce00000) (1024K)]
  0x000001e3111c28e0 JavaThread "Signal Dispatcher"          daemon [_thread_blocked, id=6680, stack(0x000000276ce00000,0x000000276cf00000) (1024K)]
  0x000001e3111c3340 JavaThread "Attach Listener"            daemon [_thread_blocked, id=16396, stack(0x000000276cf00000,0x000000276d000000) (1024K)]
  0x000001e3111d2590 JavaThread "Service Thread"             daemon [_thread_blocked, id=196, stack(0x000000276d000000,0x000000276d100000) (1024K)]
  0x000001e3111d5d40 JavaThread "Monitor Deflation Thread"   daemon [_thread_blocked, id=6584, stack(0x000000276d100000,0x000000276d200000) (1024K)]
=>0x000001e3111db2a0 JavaThread "C2 CompilerThread0"         daemon [_thread_in_native, id=15888, stack(0x000000276d200000,0x000000276d300000) (1024K)]
  0x000001e3111cc5c0 JavaThread "C1 CompilerThread0"         daemon [_thread_blocked, id=23452, stack(0x000000276d300000,0x000000276d400000) (1024K)]
  0x000001e311439c10 JavaThread "Notification Thread"        daemon [_thread_blocked, id=21200, stack(0x000000276d500000,0x000000276d600000) (1024K)]
  0x000001e31144b1a0 JavaThread "Common-Cleaner"             daemon [_thread_blocked, id=14392, stack(0x000000276d600000,0x000000276d700000) (1024K)]
  0x000001e357525cc0 JavaThread "WindowsStreamPump"          daemon [_thread_in_native, id=19616, stack(0x000000276e200000,0x000000276e300000) (1024K)]
  0x000001e359f2c460 JavaThread "mysql-cj-abandoned-connection-cleanup" daemon [_thread_blocked, id=21628, stack(0x000000276ee00000,0x000000276ef00000) (1024K)]
  0x000001e35b4c1530 JavaThread "Live Reload Server"         daemon [_thread_in_native, id=14696, stack(0x000000276f300000,0x000000276f400000) (1024K)]
  0x000001e35b182f90 JavaThread "DestroyJavaVM"                     [_thread_blocked, id=6556, stack(0x000000276c400000,0x000000276c500000) (1024K)]
  0x000001e35b182900 JavaThread "File Watcher"               daemon [_thread_blocked, id=15640, stack(0x000000276c200000,0x000000276c300000) (1024K)]
  0x000001e35b17e0d0 JavaThread "Catalina-utility-1"                [_thread_blocked, id=604, stack(0x000000276d700000,0x000000276d800000) (1024K)]
  0x000001e35b1856f0 JavaThread "Catalina-utility-2"                [_thread_blocked, id=22228, stack(0x000000276d800000,0x000000276d900000) (1024K)]
  0x000001e35b17e760 JavaThread "container-1"                       [_thread_blocked, id=18748, stack(0x000000276da00000,0x000000276db00000) (1024K)]
  0x000001e35b17edf0 JavaThread "HikariPool-2 housekeeper"   daemon [_thread_blocked, id=21272, stack(0x000000276db00000,0x000000276dc00000) (1024K)]
  0x000001e35aac7780 JavaThread "File Watcher"               daemon [_thread_blocked, id=20728, stack(0x000000276ec00000,0x000000276ed00000) (1024K)]
  0x000001e35aacc640 JavaThread "http-nio-5454-exec-1"       daemon [_thread_blocked, id=2756, stack(0x000000276ed00000,0x000000276ee00000) (1024K)]
  0x000001e35aac5d40 JavaThread "http-nio-5454-exec-2"       daemon [_thread_blocked, id=9492, stack(0x000000276ef00000,0x000000276f000000) (1024K)]
  0x000001e35aac6a60 JavaThread "http-nio-5454-exec-3"       daemon [_thread_blocked, id=22236, stack(0x000000276f000000,0x000000276f100000) (1024K)]
  0x000001e35aacbfb0 JavaThread "http-nio-5454-exec-4"       daemon [_thread_in_native, id=9348, stack(0x000000276f100000,0x000000276f200000) (1024K)]
  0x000001e35aac63d0 JavaThread "http-nio-5454-exec-5"       daemon [_thread_blocked, id=5216, stack(0x000000276f200000,0x000000276f300000) (1024K)]
  0x000001e35aac84a0 JavaThread "http-nio-5454-exec-6"       daemon [_thread_blocked, id=20640, stack(0x000000276f400000,0x000000276f500000) (1024K)]
  0x000001e35aacac00 JavaThread "http-nio-5454-exec-7"       daemon [_thread_blocked, id=16008, stack(0x000000276f500000,0x000000276f600000) (1024K)]
  0x000001e35aacb920 JavaThread "http-nio-5454-exec-8"       daemon [_thread_in_native, id=15452, stack(0x000000276f600000,0x000000276f700000) (1024K)]
  0x000001e35aac7e10 JavaThread "http-nio-5454-exec-9"       daemon [_thread_blocked, id=22808, stack(0x000000276f700000,0x000000276f800000) (1024K)]
  0x000001e35aac91c0 JavaThread "http-nio-5454-exec-10"      daemon [_thread_blocked, id=12660, stack(0x000000276f800000,0x000000276f900000) (1024K)]
  0x000001e35aacccd0 JavaThread "http-nio-5454-Poller"       daemon [_thread_in_native, id=21132, stack(0x000000276f900000,0x000000276fa00000) (1024K)]
  0x000001e35aac8b30 JavaThread "http-nio-5454-Acceptor"     daemon [_thread_in_native, id=7472, stack(0x000000276fa00000,0x000000276fb00000) (1024K)]
Total: 32

Other Threads:
  0x000001e3111a3540 VMThread "VM Thread"                           [id=8148, stack(0x000000276cb00000,0x000000276cc00000) (1024K)]
  0x000001e31118c080 WatcherThread "VM Periodic Task Thread"        [id=23720, stack(0x000000276ca00000,0x000000276cb00000) (1024K)]
  0x000001e373de76c0 WorkerThread "GC Thread#0"                     [id=14016, stack(0x000000276c500000,0x000000276c600000) (1024K)]
  0x000001e35718c6c0 WorkerThread "GC Thread#1"                     [id=22608, stack(0x000000276dc00000,0x000000276dd00000) (1024K)]
  0x000001e35718ca70 WorkerThread "GC Thread#2"                     [id=3744, stack(0x000000276dd00000,0x000000276de00000) (1024K)]
  0x000001e357243580 WorkerThread "GC Thread#3"                     [id=17264, stack(0x000000276de00000,0x000000276df00000) (1024K)]
  0x000001e35729e7b0 WorkerThread "GC Thread#4"                     [id=14304, stack(0x000000276df00000,0x000000276e000000) (1024K)]
  0x000001e3572a0b70 WorkerThread "GC Thread#5"                     [id=3120, stack(0x000000276e000000,0x000000276e100000) (1024K)]
  0x000001e3576b5eb0 WorkerThread "GC Thread#6"                     [id=19040, stack(0x000000276e300000,0x000000276e400000) (1024K)]
  0x000001e3575efbc0 WorkerThread "GC Thread#7"                     [id=22732, stack(0x000000276e400000,0x000000276e500000) (1024K)]
  0x000001e3577a6f90 WorkerThread "GC Thread#8"                     [id=23344, stack(0x000000276e500000,0x000000276e600000) (1024K)]
  0x000001e3577a7340 WorkerThread "GC Thread#9"                     [id=21896, stack(0x000000276e600000,0x000000276e700000) (1024K)]
  0x000001e3577af700 WorkerThread "GC Thread#10"                    [id=16964, stack(0x000000276e700000,0x000000276e800000) (1024K)]
  0x000001e3577afab0 WorkerThread "GC Thread#11"                    [id=10128, stack(0x000000276e800000,0x000000276e900000) (1024K)]
  0x000001e3591e5370 WorkerThread "GC Thread#12"                    [id=22860, stack(0x000000276e100000,0x000000276e200000) (1024K)]
  0x000001e373df83e0 ConcurrentGCThread "G1 Main Marker"            [id=8776, stack(0x000000276c600000,0x000000276c700000) (1024K)]
  0x000001e373df9690 WorkerThread "G1 Conc#0"                       [id=24016, stack(0x000000276c700000,0x000000276c800000) (1024K)]
  0x000001e3591e5720 WorkerThread "G1 Conc#1"                       [id=17236, stack(0x000000276e900000,0x000000276ea00000) (1024K)]
  0x000001e3591e65e0 WorkerThread "G1 Conc#2"                       [id=24528, stack(0x000000276ea00000,0x000000276eb00000) (1024K)]
  0x000001e31105a190 ConcurrentGCThread "G1 Refine#0"               [id=18452, stack(0x000000276c800000,0x000000276c900000) (1024K)]
  0x000001e31105aa10 ConcurrentGCThread "G1 Service"                [id=1032, stack(0x000000276c900000,0x000000276ca00000) (1024K)]
Total: 21

Threads with active compile tasks:
C2 CompilerThread0  144481 16246   !   4       org.springframework.orm.jpa.support.OpenEntityManagerInViewInterceptor::preHandle (171 bytes)
Total: 1

VM state: not at safepoint (normal execution)

VM Mutex/Monitor currently owned by a thread: None

Heap address: 0x0000000082400000, size: 2012 MB, Compressed Oops mode: 32-bit

CDS archive(s) mapped at: [0x000001e312000000-0x000001e312c60000-0x000001e312c60000), size 12976128, SharedBaseAddress: 0x000001e312000000, ArchiveRelocationMode: 1.
Compressed class space mapped at: 0x000001e313000000-0x000001e353000000, reserved size: 1073741824
Narrow klass base: 0x000001e312000000, Narrow klass shift: 0, Narrow klass range: 0x41000000

GC Precious Log:
 CardTable entry size: 512
 Card Set container configuration: InlinePtr #cards 5 size 8 Array Of Cards #cards 12 size 40 Howl #buckets 4 coarsen threshold 1843 Howl Bitmap #cards 512 size 80 coarsen threshold 460 Card regions per heap region 1 cards per card region 2048
 CPUs: 16 total, 16 available
 Memory: 8044M
 Large Page Support: Disabled
 NUMA Support: Disabled
 Compressed Oops: Enabled (32-bit)
 Heap Region Size: 1M
 Heap Min Capacity: 8M
 Heap Initial Capacity: 126M
 Heap Max Capacity: 2012M
 Pre-touch: Disabled
 Parallel Workers: 13
 Concurrent Workers: 3
 Concurrent Refinement Workers: 13
 Periodic GC: Disabled

Heap:
 garbage-first heap   total reserved 2060288K, committed 91136K, used 60833K [0x0000000082400000, 0x0000000100000000)
  region size 1024K, 23 young (23552K), 1 survivors (1024K)
 Metaspace       used 84122K, committed 84928K, reserved 1179648K
  class space    used 11186K, committed 11584K, reserved 1048576K

Heap Regions: E=young(eden), S=young(survivor), O=old, HS=humongous(starts), HC=humongous(continues), CS=collection set, F=free, TAMS=top-at-mark-start, PB=parsable bottom
|   0|0x0000000082400000, 0x0000000082500000, 0x0000000082500000|100%|HS|  |TAMS 0x0000000082400000| PB 0x0000000082400000| Complete |  0
|   1|0x0000000082500000, 0x0000000082600000, 0x0000000082600000|100%| O|  |TAMS 0x0000000082500000| PB 0x0000000082500000| Untracked |  0
|   2|0x0000000082600000, 0x0000000082700000, 0x0000000082700000|100%| O|  |TAMS 0x0000000082600000| PB 0x0000000082600000| Untracked |  0
|   3|0x0000000082700000, 0x00000000827ffff0, 0x0000000082800000| 99%| O|  |TAMS 0x0000000082700000| PB 0x0000000082700000| Untracked |  0
|   4|0x0000000082800000, 0x00000000828fffe8, 0x0000000082900000| 99%| O|  |TAMS 0x0000000082800000| PB 0x0000000082800000| Untracked |  0
|   5|0x0000000082900000, 0x0000000082a00000, 0x0000000082a00000|100%| O|  |TAMS 0x0000000082900000| PB 0x0000000082900000| Untracked |  0
|   6|0x0000000082a00000, 0x0000000082affff0, 0x0000000082b00000| 99%| O|  |TAMS 0x0000000082a00000| PB 0x0000000082a00000| Untracked |  0
|   7|0x0000000082b00000, 0x0000000082bffff8, 0x0000000082c00000| 99%| O|  |TAMS 0x0000000082b00000| PB 0x0000000082b00000| Untracked |  0
|   8|0x0000000082c00000, 0x0000000082cffff0, 0x0000000082d00000| 99%| O|  |TAMS 0x0000000082c00000| PB 0x0000000082c00000| Untracked |  0
|   9|0x0000000082d00000, 0x0000000082e00000, 0x0000000082e00000|100%| O|  |TAMS 0x0000000082d00000| PB 0x0000000082d00000| Untracked |  0
|  10|0x0000000082e00000, 0x0000000082effff8, 0x0000000082f00000| 99%| O|  |TAMS 0x0000000082e00000| PB 0x0000000082e00000| Untracked |  0
|  11|0x0000000082f00000, 0x0000000082fffff0, 0x0000000083000000| 99%| O|  |TAMS 0x0000000082f00000| PB 0x0000000082f00000| Untracked |  0
|  12|0x0000000083000000, 0x00000000830ffff8, 0x0000000083100000| 99%| O|  |TAMS 0x0000000083000000| PB 0x0000000083000000| Untracked |  0
|  13|0x0000000083100000, 0x00000000831fffa8, 0x0000000083200000| 99%| O|  |TAMS 0x0000000083100000| PB 0x0000000083100000| Untracked |  0
|  14|0x0000000083200000, 0x00000000832fff48, 0x0000000083300000| 99%| O|  |TAMS 0x0000000083200000| PB 0x0000000083200000| Untracked |  0
|  15|0x0000000083300000, 0x0000000083400000, 0x0000000083400000|100%| O|  |TAMS 0x0000000083300000| PB 0x0000000083300000| Untracked |  0
|  16|0x0000000083400000, 0x00000000834ffff8, 0x0000000083500000| 99%| O|  |TAMS 0x0000000083400000| PB 0x0000000083400000| Untracked |  0
|  17|0x0000000083500000, 0x00000000835ffff8, 0x0000000083600000| 99%| O|  |TAMS 0x0000000083500000| PB 0x0000000083500000| Untracked |  0
|  18|0x0000000083600000, 0x00000000836ffff8, 0x0000000083700000| 99%| O|  |TAMS 0x0000000083600000| PB 0x0000000083600000| Untracked |  0
|  19|0x0000000083700000, 0x00000000837ffff8, 0x0000000083800000| 99%| O|  |TAMS 0x0000000083700000| PB 0x0000000083700000| Untracked |  0
|  20|0x0000000083800000, 0x00000000838fffe0, 0x0000000083900000| 99%| O|  |TAMS 0x0000000083800000| PB 0x0000000083800000| Untracked |  0
|  21|0x0000000083900000, 0x00000000839fffd0, 0x0000000083a00000| 99%| O|  |TAMS 0x0000000083900000| PB 0x0000000083900000| Untracked |  0
|  22|0x0000000083a00000, 0x0000000083b00000, 0x0000000083b00000|100%| O|  |TAMS 0x0000000083a00000| PB 0x0000000083a00000| Untracked |  0
|  23|0x0000000083b00000, 0x0000000083bfff28, 0x0000000083c00000| 99%| O|  |TAMS 0x0000000083b00000| PB 0x0000000083b00000| Untracked |  0
|  24|0x0000000083c00000, 0x0000000083cffff0, 0x0000000083d00000| 99%| O|  |TAMS 0x0000000083c00000| PB 0x0000000083c00000| Untracked |  0
|  25|0x0000000083d00000, 0x0000000083df7090, 0x0000000083e00000| 96%| O|  |TAMS 0x0000000083d00000| PB 0x0000000083d00000| Untracked |  0
|  26|0x0000000083e00000, 0x0000000083efffd8, 0x0000000083f00000| 99%| O|  |TAMS 0x0000000083e00000| PB 0x0000000083e00000| Untracked |  0
|  27|0x0000000083f00000, 0x0000000083fb9c60, 0x0000000084000000| 72%| O|  |TAMS 0x0000000083f00000| PB 0x0000000083f00000| Untracked |  0
|  28|0x0000000084000000, 0x0000000084100000, 0x0000000084100000|100%| O|  |TAMS 0x0000000084000000| PB 0x0000000084000000| Untracked |  0
|  29|0x0000000084100000, 0x00000000841f5010, 0x0000000084200000| 95%| O|  |TAMS 0x0000000084100000| PB 0x0000000084100000| Untracked |  0
|  30|0x0000000084200000, 0x0000000084300000, 0x0000000084300000|100%| O|  |TAMS 0x0000000084200000| PB 0x0000000084200000| Untracked |  0
|  31|0x0000000084300000, 0x00000000843a9a38, 0x0000000084400000| 66%| O|  |TAMS 0x0000000084300000| PB 0x0000000084300000| Untracked |  0
|  32|0x0000000084400000, 0x0000000084400000, 0x0000000084500000|  0%| F|  |TAMS 0x0000000084400000| PB 0x0000000084400000| Untracked |  0
|  33|0x0000000084500000, 0x0000000084500000, 0x0000000084600000|  0%| F|  |TAMS 0x0000000084500000| PB 0x0000000084500000| Untracked |  0
|  34|0x0000000084600000, 0x0000000084700000, 0x0000000084700000|100%| O|  |TAMS 0x0000000084600000| PB 0x0000000084600000| Untracked |  0
|  35|0x0000000084700000, 0x0000000084800000, 0x0000000084800000|100%| O|  |TAMS 0x0000000084700000| PB 0x0000000084700000| Untracked |  0
|  36|0x0000000084800000, 0x0000000084900000, 0x0000000084900000|100%| O|  |TAMS 0x0000000084800000| PB 0x0000000084800000| Untracked |  0
|  37|0x0000000084900000, 0x0000000084973800, 0x0000000084a00000| 45%| O|  |TAMS 0x0000000084900000| PB 0x0000000084900000| Untracked |  0
|  38|0x0000000084a00000, 0x0000000084b00000, 0x0000000084b00000|100%| O|  |TAMS 0x0000000084a00000| PB 0x0000000084a00000| Untracked |  0
|  39|0x0000000084b00000, 0x0000000084c00000, 0x0000000084c00000|100%| O|  |TAMS 0x0000000084b00000| PB 0x0000000084b00000| Untracked |  0
|  40|0x0000000084c00000, 0x0000000084d00000, 0x0000000084d00000|100%| O|  |TAMS 0x0000000084c00000| PB 0x0000000084c00000| Untracked |  0
|  41|0x0000000084d00000, 0x0000000084d00000, 0x0000000084e00000|  0%| F|  |TAMS 0x0000000084d00000| PB 0x0000000084d00000| Untracked |  0
|  42|0x0000000084e00000, 0x0000000084e00000, 0x0000000084f00000|  0%| F|  |TAMS 0x0000000084e00000| PB 0x0000000084e00000| Untracked |  0
|  43|0x0000000084f00000, 0x0000000084f00000, 0x0000000085000000|  0%| F|  |TAMS 0x0000000084f00000| PB 0x0000000084f00000| Untracked |  0
|  44|0x0000000085000000, 0x00000000850a5810, 0x0000000085100000| 64%| S|CS|TAMS 0x0000000085000000| PB 0x0000000085000000| Complete |  0
|  45|0x0000000085100000, 0x0000000085100000, 0x0000000085200000|  0%| F|  |TAMS 0x0000000085100000| PB 0x0000000085100000| Untracked |  0
|  46|0x0000000085200000, 0x0000000085200000, 0x0000000085300000|  0%| F|  |TAMS 0x0000000085200000| PB 0x0000000085200000| Untracked |  0
|  47|0x0000000085300000, 0x0000000085300000, 0x0000000085400000|  0%| F|  |TAMS 0x0000000085300000| PB 0x0000000085300000| Untracked |  0
|  48|0x0000000085400000, 0x0000000085400000, 0x0000000085500000|  0%| F|  |TAMS 0x0000000085400000| PB 0x0000000085400000| Untracked |  0
|  49|0x0000000085500000, 0x0000000085500000, 0x0000000085600000|  0%| F|  |TAMS 0x0000000085500000| PB 0x0000000085500000| Untracked |  0
|  50|0x0000000085600000, 0x0000000085600000, 0x0000000085700000|  0%| F|  |TAMS 0x0000000085600000| PB 0x0000000085600000| Untracked |  0
|  51|0x0000000085700000, 0x0000000085700000, 0x0000000085800000|  0%| F|  |TAMS 0x0000000085700000| PB 0x0000000085700000| Untracked |  0
|  52|0x0000000085800000, 0x0000000085800000, 0x0000000085900000|  0%| F|  |TAMS 0x0000000085800000| PB 0x0000000085800000| Untracked |  0
|  53|0x0000000085900000, 0x0000000085900000, 0x0000000085a00000|  0%| F|  |TAMS 0x0000000085900000| PB 0x0000000085900000| Untracked |  0
|  54|0x0000000085a00000, 0x0000000085a00000, 0x0000000085b00000|  0%| F|  |TAMS 0x0000000085a00000| PB 0x0000000085a00000| Untracked |  0
|  55|0x0000000085b00000, 0x0000000085b00000, 0x0000000085c00000|  0%| F|  |TAMS 0x0000000085b00000| PB 0x0000000085b00000| Untracked |  0
|  56|0x0000000085c00000, 0x0000000085c00000, 0x0000000085d00000|  0%| F|  |TAMS 0x0000000085c00000| PB 0x0000000085c00000| Untracked |  0
|  57|0x0000000085d00000, 0x0000000085d00000, 0x0000000085e00000|  0%| F|  |TAMS 0x0000000085d00000| PB 0x0000000085d00000| Untracked |  0
|  58|0x0000000085e00000, 0x0000000085e00000, 0x0000000085f00000|  0%| F|  |TAMS 0x0000000085e00000| PB 0x0000000085e00000| Untracked |  0
|  59|0x0000000085f00000, 0x0000000085f00000, 0x0000000086000000|  0%| F|  |TAMS 0x0000000085f00000| PB 0x0000000085f00000| Untracked |  0
|  60|0x0000000086000000, 0x0000000086000000, 0x0000000086100000|  0%| F|  |TAMS 0x0000000086000000| PB 0x0000000086000000| Untracked |  0
|  61|0x0000000086100000, 0x0000000086100000, 0x0000000086200000|  0%| F|  |TAMS 0x0000000086100000| PB 0x0000000086100000| Untracked |  0
|  62|0x0000000086200000, 0x0000000086200000, 0x0000000086300000|  0%| F|  |TAMS 0x0000000086200000| PB 0x0000000086200000| Untracked |  0
|  63|0x0000000086300000, 0x0000000086300000, 0x0000000086400000|  0%| F|  |TAMS 0x0000000086300000| PB 0x0000000086300000| Untracked |  0
|  64|0x0000000086400000, 0x0000000086400000, 0x0000000086500000|  0%| F|  |TAMS 0x0000000086400000| PB 0x0000000086400000| Untracked |  0
|  65|0x0000000086500000, 0x0000000086500000, 0x0000000086600000|  0%| F|  |TAMS 0x0000000086500000| PB 0x0000000086500000| Untracked |  0
|  66|0x0000000086600000, 0x00000000866baa38, 0x0000000086700000| 72%| E|  |TAMS 0x0000000086600000| PB 0x0000000086600000| Complete |  0
|  67|0x0000000086700000, 0x0000000086800000, 0x0000000086800000|100%| E|CS|TAMS 0x0000000086700000| PB 0x0000000086700000| Complete |  0
|  68|0x0000000086800000, 0x0000000086900000, 0x0000000086900000|100%| E|CS|TAMS 0x0000000086800000| PB 0x0000000086800000| Complete |  0
|  69|0x0000000086900000, 0x0000000086a00000, 0x0000000086a00000|100%| E|CS|TAMS 0x0000000086900000| PB 0x0000000086900000| Complete |  0
|  70|0x0000000086a00000, 0x0000000086b00000, 0x0000000086b00000|100%| E|CS|TAMS 0x0000000086a00000| PB 0x0000000086a00000| Complete |  0
|  71|0x0000000086b00000, 0x0000000086c00000, 0x0000000086c00000|100%| E|CS|TAMS 0x0000000086b00000| PB 0x0000000086b00000| Complete |  0
|  72|0x0000000086c00000, 0x0000000086d00000, 0x0000000086d00000|100%| E|CS|TAMS 0x0000000086c00000| PB 0x0000000086c00000| Complete |  0
|  73|0x0000000086d00000, 0x0000000086e00000, 0x0000000086e00000|100%| E|CS|TAMS 0x0000000086d00000| PB 0x0000000086d00000| Complete |  0
|  74|0x0000000086e00000, 0x0000000086f00000, 0x0000000086f00000|100%| E|CS|TAMS 0x0000000086e00000| PB 0x0000000086e00000| Complete |  0
|  75|0x0000000086f00000, 0x0000000087000000, 0x0000000087000000|100%| E|CS|TAMS 0x0000000086f00000| PB 0x0000000086f00000| Complete |  0
|  76|0x0000000087000000, 0x0000000087100000, 0x0000000087100000|100%| E|CS|TAMS 0x0000000087000000| PB 0x0000000087000000| Complete |  0
|  77|0x0000000087100000, 0x0000000087200000, 0x0000000087200000|100%| E|CS|TAMS 0x0000000087100000| PB 0x0000000087100000| Complete |  0
|  78|0x0000000087200000, 0x0000000087300000, 0x0000000087300000|100%| E|CS|TAMS 0x0000000087200000| PB 0x0000000087200000| Complete |  0
|  79|0x0000000087300000, 0x0000000087400000, 0x0000000087400000|100%| E|  |TAMS 0x0000000087300000| PB 0x0000000087300000| Complete |  0
|  80|0x0000000087400000, 0x0000000087500000, 0x0000000087500000|100%| E|CS|TAMS 0x0000000087400000| PB 0x0000000087400000| Complete |  0
|  81|0x0000000087500000, 0x0000000087600000, 0x0000000087600000|100%| E|CS|TAMS 0x0000000087500000| PB 0x0000000087500000| Complete |  0
|  82|0x0000000087600000, 0x0000000087700000, 0x0000000087700000|100%| E|CS|TAMS 0x0000000087600000| PB 0x0000000087600000| Complete |  0
|  83|0x0000000087700000, 0x0000000087800000, 0x0000000087800000|100%| E|CS|TAMS 0x0000000087700000| PB 0x0000000087700000| Complete |  0
|  84|0x0000000087800000, 0x0000000087900000, 0x0000000087900000|100%| E|CS|TAMS 0x0000000087800000| PB 0x0000000087800000| Complete |  0
| 125|0x000000008a100000, 0x000000008a200000, 0x000000008a200000|100%| E|CS|TAMS 0x000000008a100000| PB 0x000000008a100000| Complete |  0
|2009|0x00000000ffd00000, 0x00000000ffe00000, 0x00000000ffe00000|100%| E|CS|TAMS 0x00000000ffd00000| PB 0x00000000ffd00000| Complete |  0
|2010|0x00000000ffe00000, 0x00000000fff00000, 0x00000000fff00000|100%| E|CS|TAMS 0x00000000ffe00000| PB 0x00000000ffe00000| Complete |  0
|2011|0x00000000fff00000, 0x0000000100000000, 0x0000000100000000|100%| O|  |TAMS 0x00000000fff00000| PB 0x00000000fff00000| Untracked |  0

Card table byte_map: [0x000001e37cd60000,0x000001e37d150000] _byte_map_base: 0x000001e37c94e000

Marking Bits: (CMBitMap*) 0x000001e373de7dd0
 Bits: [0x000001e37d150000, 0x000001e37f0c0000)

Polling page: 0x000001e371ba0000

Metaspace:

Usage:
  Non-class:     71.23 MB used.
      Class:     10.92 MB used.
       Both:     82.15 MB used.

Virtual space:
  Non-class space:      128.00 MB reserved,      71.62 MB ( 56%) committed,  2 nodes.
      Class space:        1.00 GB reserved,      11.31 MB (  1%) committed,  1 nodes.
             Both:        1.12 GB reserved,      82.94 MB (  7%) committed. 

Chunk freelists:
   Non-Class:  7.44 MB
       Class:  4.55 MB
        Both:  11.99 MB

MaxMetaspaceSize: unlimited
CompressedClassSpaceSize: 1.00 GB
Initial GC threshold: 21.00 MB
Current GC threshold: 138.25 MB
CDS: on
 - commit_granule_bytes: 65536.
 - commit_granule_words: 8192.
 - virtual_space_node_default_size: 8388608.
 - enlarge_chunks_in_place: 1.
 - use_allocation_guard: 0.


Internal statistics:

num_allocs_failed_limit: 9.
num_arena_births: 1092.
num_arena_deaths: 6.
num_vsnodes_births: 3.
num_vsnodes_deaths: 0.
num_space_committed: 1327.
num_space_uncommitted: 0.
num_chunks_returned_to_freelist: 17.
num_chunks_taken_from_freelist: 4138.
num_chunk_merges: 9.
num_chunk_splits: 2929.
num_chunks_enlarged: 2224.
num_inconsistent_stats: 0.

CodeHeap 'non-profiled nmethods': size=119168Kb used=12030Kb max_used=12030Kb free=107137Kb
 bounds [0x000001e307ba0000, 0x000001e308780000, 0x000001e30f000000]
CodeHeap 'profiled nmethods': size=119104Kb used=23166Kb max_used=23843Kb free=95937Kb
 bounds [0x000001e300000000, 0x000001e301750000, 0x000001e307450000]
CodeHeap 'non-nmethods': size=7488Kb used=1792Kb max_used=3230Kb free=5695Kb
 bounds [0x000001e307450000, 0x000001e307780000, 0x000001e307ba0000]
 total_blobs=13383 nmethods=12589 adapters=697
 compilation: enabled
              stopped_count=0, restarted_count=0
 full_count=0

Compilation events (20 events):
Event: 143.366 Thread 0x000001e3111db2a0 nmethod 16239 0x000001e308635e10 code [0x000001e308636040, 0x000001e3086365e8]
Event: 143.367 Thread 0x000001e3111db2a0 16240   !   4       org.springframework.web.servlet.DispatcherServlet::doDispatch (551 bytes)
Event: 143.448 Thread 0x000001e3111db2a0 nmethod 16240 0x000001e30875a110 code [0x000001e30875a6a0, 0x000001e30875df08]
Event: 143.448 Thread 0x000001e3111db2a0 16241   !   4       org.springframework.web.servlet.DispatcherServlet::checkMultipart (126 bytes)
Event: 143.450 Thread 0x000001e3111db2a0 nmethod 16241 0x000001e30815bb10 code [0x000001e30815bcc0, 0x000001e30815be60]
Event: 143.450 Thread 0x000001e3111db2a0 16242       4       org.springframework.util.StringUtils::startsWithIgnoreCase (40 bytes)
Event: 143.450 Thread 0x000001e3111db2a0 nmethod 16242 0x000001e308569a10 code [0x000001e308569b80, 0x000001e308569c08]
Event: 143.450 Thread 0x000001e3111db2a0 16243       4       org.springframework.web.servlet.mvc.method.AbstractHandlerMethodAdapter::getLastModified (10 bytes)
Event: 143.450 Thread 0x000001e3111db2a0 nmethod 16243 0x000001e308569690 code [0x000001e308569820, 0x000001e3085698f8]
Event: 143.451 Thread 0x000001e3111db2a0 16244       4       org.springframework.web.context.request.ServletWebRequest::checkNotModified (101 bytes)
Event: 143.453 Thread 0x000001e3111db2a0 nmethod 16244 0x000001e307d56110 code [0x000001e307d56300, 0x000001e307d56708]
Event: 143.453 Thread 0x000001e3111db2a0 16245       4       org.springframework.web.servlet.handler.WebRequestHandlerInterceptorAdapter::preHandle (20 bytes)
Event: 144.129 Thread 0x000001e3111db2a0 nmethod 16245 0x000001e308761290 code [0x000001e308761ea0, 0x000001e308769a48]
Event: 144.132 Thread 0x000001e3111db2a0 16253       4       java.util.AbstractSet::hashCode (39 bytes)
Event: 144.134 Thread 0x000001e3111db2a0 nmethod 16253 0x000001e308635910 code [0x000001e308635aa0, 0x000001e308635c68]
Event: 144.134 Thread 0x000001e3111db2a0 16251       4       java.util.concurrent.locks.ReentrantLock$NonfairSync::<init> (5 bytes)
Event: 144.134 Thread 0x000001e3111db2a0 nmethod 16251 0x000001e308569310 code [0x000001e308569480, 0x000001e308569508]
Event: 144.134 Thread 0x000001e3111db2a0 16246   !   4       org.springframework.orm.jpa.support.OpenEntityManagerInViewInterceptor::preHandle (171 bytes)
Event: 144.308 Thread 0x000001e3111cc5c0 16254       3       java.lang.invoke.LambdaForm$MH/0x000001e313b34800::invoke (42 bytes)
Event: 144.309 Thread 0x000001e3111cc5c0 nmethod 16254 0x000001e3002d1290 code [0x000001e3002d1500, 0x000001e3002d21e0]

GC Heap History (20 events):
Event: 121.277 GC heap before
{Heap before GC invocations=110 (full 0):
 garbage-first heap   total reserved 2060288K, committed 91136K, used 81994K [0x0000000082400000, 0x0000000100000000)
  region size 1024K, 45 young (46080K), 1 survivors (1024K)
 Metaspace       used 81768K, committed 82496K, reserved 1179648K
  class space    used 11031K, committed 11328K, reserved 1048576K
}
Event: 121.279 GC heap after
{Heap after GC invocations=111 (full 0):
 garbage-first heap   total reserved 2060288K, committed 91136K, used 37968K [0x0000000082400000, 0x0000000100000000)
  region size 1024K, 1 young (1024K), 1 survivors (1024K)
 Metaspace       used 81768K, committed 82496K, reserved 1179648K
  class space    used 11031K, committed 11328K, reserved 1048576K
}
Event: 123.738 GC heap before
{Heap before GC invocations=111 (full 0):
 garbage-first heap   total reserved 2060288K, committed 91136K, used 82000K [0x0000000082400000, 0x0000000100000000)
  region size 1024K, 45 young (46080K), 1 survivors (1024K)
 Metaspace       used 81768K, committed 82496K, reserved 1179648K
  class space    used 11031K, committed 11328K, reserved 1048576K
}
Event: 123.742 GC heap after
{Heap after GC invocations=112 (full 0):
 garbage-first heap   total reserved 2060288K, committed 91136K, used 37909K [0x0000000082400000, 0x0000000100000000)
  region size 1024K, 1 young (1024K), 1 survivors (1024K)
 Metaspace       used 81768K, committed 82496K, reserved 1179648K
  class space    used 11031K, committed 11328K, reserved 1048576K
}
Event: 126.923 GC heap before
{Heap before GC invocations=112 (full 0):
 garbage-first heap   total reserved 2060288K, committed 91136K, used 82965K [0x0000000082400000, 0x0000000100000000)
  region size 1024K, 46 young (47104K), 1 survivors (1024K)
 Metaspace       used 81768K, committed 82496K, reserved 1179648K
  class space    used 11031K, committed 11328K, reserved 1048576K
}
Event: 126.927 GC heap after
{Heap after GC invocations=113 (full 0):
 garbage-first heap   total reserved 2060288K, committed 91136K, used 37909K [0x0000000082400000, 0x0000000100000000)
  region size 1024K, 1 young (1024K), 1 survivors (1024K)
 Metaspace       used 81768K, committed 82496K, reserved 1179648K
  class space    used 11031K, committed 11328K, reserved 1048576K
}
Event: 127.632 GC heap before
{Heap before GC invocations=114 (full 0):
 garbage-first heap   total reserved 2060288K, committed 91136K, used 44053K [0x0000000082400000, 0x0000000100000000)
  region size 1024K, 8 young (8192K), 1 survivors (1024K)
 Metaspace       used 81890K, committed 82688K, reserved 1179648K
  class space    used 11056K, committed 11392K, reserved 1048576K
}
Event: 127.920 GC heap after
{Heap after GC invocations=115 (full 1):
 garbage-first heap   total reserved 2060288K, committed 91136K, used 31460K [0x0000000082400000, 0x0000000100000000)
  region size 1024K, 0 young (0K), 0 survivors (0K)
 Metaspace       used 81890K, committed 82688K, reserved 1179648K
  class space    used 11056K, committed 11392K, reserved 1048576K
}
Event: 135.537 GC heap before
{Heap before GC invocations=115 (full 1):
 garbage-first heap   total reserved 2060288K, committed 91136K, used 84708K [0x0000000082400000, 0x0000000100000000)
  region size 1024K, 52 young (53248K), 0 survivors (0K)
 Metaspace       used 82497K, committed 83392K, reserved 1179648K
  class space    used 11114K, committed 11520K, reserved 1048576K
}
Event: 135.544 GC heap after
{Heap after GC invocations=116 (full 1):
 garbage-first heap   total reserved 2060288K, committed 91136K, used 34596K [0x0000000082400000, 0x0000000100000000)
  region size 1024K, 4 young (4096K), 4 survivors (4096K)
 Metaspace       used 82497K, committed 83392K, reserved 1179648K
  class space    used 11114K, committed 11520K, reserved 1048576K
}
Event: 136.398 GC heap before
{Heap before GC invocations=117 (full 1):
 garbage-first heap   total reserved 2060288K, committed 91136K, used 78628K [0x0000000082400000, 0x0000000100000000)
  region size 1024K, 48 young (49152K), 4 survivors (4096K)
 Metaspace       used 83202K, committed 84032K, reserved 1179648K
  class space    used 11147K, committed 11520K, reserved 1048576K
}
Event: 136.403 GC heap after
{Heap after GC invocations=118 (full 1):
 garbage-first heap   total reserved 2060288K, committed 91136K, used 36725K [0x0000000082400000, 0x0000000100000000)
  region size 1024K, 6 young (6144K), 6 survivors (6144K)
 Metaspace       used 83202K, committed 84032K, reserved 1179648K
  class space    used 11147K, committed 11520K, reserved 1048576K
}
Event: 137.154 GC heap before
{Heap before GC invocations=118 (full 1):
 garbage-first heap   total reserved 2060288K, committed 91136K, used 77685K [0x0000000082400000, 0x0000000100000000)
  region size 1024K, 46 young (47104K), 6 survivors (6144K)
 Metaspace       used 84101K, committed 84928K, reserved 1179648K
  class space    used 11185K, committed 11584K, reserved 1048576K
}
Event: 137.162 GC heap after
{Heap after GC invocations=119 (full 1):
 garbage-first heap   total reserved 2060288K, committed 91136K, used 40438K [0x0000000082400000, 0x0000000100000000)
  region size 1024K, 6 young (6144K), 6 survivors (6144K)
 Metaspace       used 84101K, committed 84928K, reserved 1179648K
  class space    used 11185K, committed 11584K, reserved 1048576K
}
Event: 139.445 GC heap before
{Heap before GC invocations=119 (full 1):
 garbage-first heap   total reserved 2060288K, committed 91136K, used 77302K [0x0000000082400000, 0x0000000100000000)
  region size 1024K, 43 young (44032K), 6 survivors (6144K)
 Metaspace       used 84121K, committed 84928K, reserved 1179648K
  class space    used 11187K, committed 11584K, reserved 1048576K
}
Event: 139.451 GC heap after
{Heap after GC invocations=120 (full 1):
 garbage-first heap   total reserved 2060288K, committed 91136K, used 41535K [0x0000000082400000, 0x0000000100000000)
  region size 1024K, 2 young (2048K), 2 survivors (2048K)
 Metaspace       used 84121K, committed 84928K, reserved 1179648K
  class space    used 11187K, committed 11584K, reserved 1048576K
}
Event: 141.230 GC heap before
{Heap before GC invocations=121 (full 1):
 garbage-first heap   total reserved 2060288K, committed 91136K, used 81471K [0x0000000082400000, 0x0000000100000000)
  region size 1024K, 42 young (43008K), 2 survivors (2048K)
 Metaspace       used 84116K, committed 84928K, reserved 1179648K
  class space    used 11186K, committed 11584K, reserved 1048576K
}
Event: 141.231 GC heap after
{Heap after GC invocations=122 (full 1):
 garbage-first heap   total reserved 2060288K, committed 91136K, used 41130K [0x0000000082400000, 0x0000000100000000)
  region size 1024K, 1 young (1024K), 1 survivors (1024K)
 Metaspace       used 84116K, committed 84928K, reserved 1179648K
  class space    used 11186K, committed 11584K, reserved 1048576K
}
Event: 143.453 GC heap before
{Heap before GC invocations=122 (full 1):
 garbage-first heap   total reserved 2060288K, committed 91136K, used 83114K [0x0000000082400000, 0x0000000100000000)
  region size 1024K, 43 young (44032K), 1 survivors (1024K)
 Metaspace       used 84121K, committed 84928K, reserved 1179648K
  class space    used 11186K, committed 11584K, reserved 1048576K
}
Event: 143.455 GC heap after
{Heap after GC invocations=123 (full 1):
 garbage-first heap   total reserved 2060288K, committed 91136K, used 40353K [0x0000000082400000, 0x0000000100000000)
  region size 1024K, 1 young (1024K), 1 survivors (1024K)
 Metaspace       used 84121K, committed 84928K, reserved 1179648K
  class space    used 11186K, committed 11584K, reserved 1048576K
}

Dll operation events (12 events):
Event: 0.011 Loaded shared library C:\Program Files\Java\jdk-22\bin\java.dll
Event: 0.053 Loaded shared library C:\Program Files\Java\jdk-22\bin\jsvml.dll
Event: 0.110 Loaded shared library C:\Program Files\Java\jdk-22\bin\net.dll
Event: 0.112 Loaded shared library C:\Program Files\Java\jdk-22\bin\nio.dll
Event: 0.116 Loaded shared library C:\Program Files\Java\jdk-22\bin\zip.dll
Event: 0.200 Loaded shared library C:\Program Files\Java\jdk-22\bin\jimage.dll
Event: 0.445 Loaded shared library C:\Program Files\Java\jdk-22\bin\management.dll
Event: 0.447 Loaded shared library C:\Program Files\Java\jdk-22\bin\management_ext.dll
Event: 0.919 Loaded shared library C:\Program Files\Java\jdk-22\bin\le.dll
Event: 1.391 Loaded shared library C:\Program Files\Java\jdk-22\bin\sunmscapi.dll
Event: 4.411 Loaded shared library C:\Program Files\Java\jdk-22\bin\verify.dll
Event: 4.986 Loaded shared library C:\Program Files\Java\jdk-22\bin\extnet.dll

Deoptimization events (20 events):
Event: 137.415 Thread 0x000001e35aacbfb0 Uncommon trap: trap_request=0xffffffde fr.pc=0x000001e3084be808 relative=0x0000000000003328
Event: 137.415 Thread 0x000001e35aacbfb0 Uncommon trap: reason=class_check action=maybe_recompile pc=0x000001e3084be808 method=org.springframework.web.filter.CorsFilter.doFilterInternal(Ljakarta/servlet/http/HttpServletRequest;Ljakarta/servlet/http/HttpServletResponse;Ljakarta/servlet/FilterChai
Event: 137.415 Thread 0x000001e35aacbfb0 DEOPT PACKING pc=0x000001e3084be808 sp=0x000000276f1fda10
Event: 137.415 Thread 0x000001e35aacbfb0 DEOPT UNPACKING pc=0x000001e3074a46a2 sp=0x000000276f1fda28 mode 2
Event: 137.665 Thread 0x000001e35aac6a60 Uncommon trap: trap_request=0xffffff45 fr.pc=0x000001e30847c16c relative=0x000000000000032c
Event: 137.665 Thread 0x000001e35aac6a60 Uncommon trap: reason=unstable_if action=reinterpret pc=0x000001e30847c16c method=org.apache.coyote.http11.Http11InputBuffer.init(Lorg/apache/tomcat/util/net/SocketWrapperBase;)V @ 36 c2
Event: 137.665 Thread 0x000001e35aac6a60 DEOPT PACKING pc=0x000001e30847c16c sp=0x000000276f0ff0e0
Event: 137.665 Thread 0x000001e35aac6a60 DEOPT UNPACKING pc=0x000001e3074a46a2 sp=0x000000276f0ff088 mode 2
Event: 137.665 Thread 0x000001e35aac6a60 Uncommon trap: trap_request=0xffffff45 fr.pc=0x000001e30848f3c0 relative=0x0000000000000840
Event: 137.665 Thread 0x000001e35aac6a60 Uncommon trap: reason=unstable_if action=reinterpret pc=0x000001e30848f3c0 method=org.apache.tomcat.util.buf.ByteChunk.allocate(II)V @ 4 c2
Event: 137.665 Thread 0x000001e35aac6a60 DEOPT PACKING pc=0x000001e30848f3c0 sp=0x000000276f0fef40
Event: 137.665 Thread 0x000001e35aac6a60 DEOPT UNPACKING pc=0x000001e3074a46a2 sp=0x000000276f0fee98 mode 2
Event: 137.665 Thread 0x000001e35aac6a60 Uncommon trap: trap_request=0xffffff45 fr.pc=0x000001e3084a11d0 relative=0x00000000000000b0
Event: 137.665 Thread 0x000001e35aac6a60 Uncommon trap: reason=unstable_if action=reinterpret pc=0x000001e3084a11d0 method=org.apache.tomcat.util.buf.CharChunk.allocate(II)V @ 4 c2
Event: 137.665 Thread 0x000001e35aac6a60 DEOPT PACKING pc=0x000001e3084a11d0 sp=0x000000276f0feed0
Event: 137.665 Thread 0x000001e35aac6a60 DEOPT UNPACKING pc=0x000001e3074a46a2 sp=0x000000276f0fee70 mode 2
Event: 137.806 Thread 0x000001e35aacb920 Uncommon trap: trap_request=0xffffff45 fr.pc=0x000001e3083d4c98 relative=0x00000000000007d8
Event: 137.806 Thread 0x000001e35aacb920 Uncommon trap: reason=unstable_if action=reinterpret pc=0x000001e3083d4c98 method=java.util.concurrent.locks.ReentrantReadWriteLock$Sync.tryAcquireShared(I)I @ 105 c2
Event: 137.806 Thread 0x000001e35aacb920 DEOPT PACKING pc=0x000001e3083d4c98 sp=0x000000276f6fe8c0
Event: 137.806 Thread 0x000001e35aacb920 DEOPT UNPACKING pc=0x000001e3074a46a2 sp=0x000000276f6fe748 mode 2

Classes loaded (20 events):
Event: 127.437 Loading class java/util/concurrent/locks/AbstractQueuedSynchronizer$SharedNode
Event: 127.441 Loading class java/util/concurrent/locks/AbstractQueuedSynchronizer$SharedNode done
Event: 127.507 Loading class java/util/AbstractMap$2
Event: 127.509 Loading class java/util/AbstractMap$2 done
Event: 127.516 Loading class java/util/AbstractMap$ValueIterator
Event: 127.517 Loading class java/util/AbstractMap$ValueIterator done
Event: 127.554 Loading class sun/security/ssl/Alert
Event: 127.558 Loading class sun/security/ssl/Alert done
Event: 127.559 Loading class sun/security/ssl/Alert$AlertConsumer
Event: 127.561 Loading class sun/security/ssl/Alert$AlertConsumer done
Event: 127.561 Loading class sun/security/ssl/Alert$Level
Event: 127.562 Loading class sun/security/ssl/Alert$Level done
Event: 127.565 Loading class sun/net/ConnectionResetException
Event: 127.566 Loading class sun/net/ConnectionResetException done
Event: 127.921 Loading class java/lang/ref/Finalizer$2
Event: 127.922 Loading class java/lang/ref/Finalizer$2 done
Event: 127.922 Loading class java/lang/ref/Finalizer$1
Event: 127.922 Loading class java/lang/ref/Finalizer$1 done
Event: 136.901 Loading class java/lang/invoke/MethodHandleImpl$CountingWrapper$1
Event: 136.901 Loading class java/lang/invoke/MethodHandleImpl$CountingWrapper$1 done

Classes unloaded (3 events):
Event: 139.481 Thread 0x000001e3111a3540 Unloading class 0x000001e313b14000 'org/apache/catalina/loader/JdbcLeakPrevention'
Event: 139.481 Thread 0x000001e3111a3540 Unloading class 0x000001e313b0a400 'java/lang/invoke/LambdaForm$MH+0x000001e313b0a400'
Event: 139.481 Thread 0x000001e3111a3540 Unloading class 0x000001e313b0b000 'org/apache/catalina/loader/JdbcLeakPrevention'

Classes redefined (0 events):
No events

Internal exceptions (20 events):
Event: 137.317 Thread 0x000001e35aacc640 Implicit null exception at 0x000001e3083e6ae1 to 0x000001e3083e6b51
Event: 137.320 Thread 0x000001e35aacc640 Implicit null exception at 0x000001e30830820c to 0x000001e30830c35e
Event: 137.322 Thread 0x000001e35aacc640 Implicit null exception at 0x000001e3083efb24 to 0x000001e3083f343c
Event: 137.322 Thread 0x000001e35aacc640 Implicit null exception at 0x000001e3081f9ac0 to 0x000001e3081fa7c0
Event: 137.323 Thread 0x000001e35aacc640 Implicit null exception at 0x000001e3083e0163 to 0x000001e3083df4ac
Event: 137.334 Thread 0x000001e35aacc640 Implicit null exception at 0x000001e3085cf64b to 0x000001e3085d1f9c
Event: 137.336 Thread 0x000001e35aacc640 Implicit null exception at 0x000001e3084638ee to 0x000001e3084639ea
Event: 137.336 Thread 0x000001e35aacc640 Implicit null exception at 0x000001e3082c09b9 to 0x000001e3082c12ac
Event: 137.336 Thread 0x000001e35aacc640 Implicit null exception at 0x000001e30834bcab to 0x000001e30834cd44
Event: 137.338 Thread 0x000001e35aacc640 Implicit null exception at 0x000001e308340fbd to 0x000001e3083413f0
Event: 137.339 Thread 0x000001e35aacc640 Implicit null exception at 0x000001e3085e8693 to 0x000001e3085ee168
Event: 137.339 Thread 0x000001e35aacc640 Implicit null exception at 0x000001e3084676e1 to 0x000001e308467868
Event: 137.339 Thread 0x000001e35aacc640 Implicit null exception at 0x000001e3082b856a to 0x000001e3082b8ac4
Event: 137.364 Thread 0x000001e35aac5d40 Implicit null exception at 0x000001e30837cf35 to 0x000001e30837d1c0
Event: 137.376 Thread 0x000001e35aac5d40 Implicit null exception at 0x000001e3085f73e3 to 0x000001e3085f8138
Event: 137.391 Thread 0x000001e35aac6a60 Implicit null exception at 0x000001e30833bbfb to 0x000001e30833bd14
Event: 137.665 Thread 0x000001e35aac6a60 Implicit null exception at 0x000001e30847bf3b to 0x000001e30847c154
Event: 137.665 Thread 0x000001e35aac6a60 Implicit null exception at 0x000001e30848ebec to 0x000001e30848f3a0
Event: 137.665 Thread 0x000001e35aac6a60 Implicit null exception at 0x000001e3084a115e to 0x000001e3084a11b4
Event: 137.806 Thread 0x000001e35aacb920 Implicit null exception at 0x000001e3083d46c8 to 0x000001e3083d4c80

ZGC Phase Switch (0 events):
No events

VM Operations (20 events):
Event: 137.154 Executing VM operation: G1CollectForAllocation (G1 Evacuation Pause)
Event: 137.162 Executing VM operation: G1CollectForAllocation (G1 Evacuation Pause) done
Event: 138.170 Executing VM operation: Cleanup
Event: 138.170 Executing VM operation: Cleanup done
Event: 139.182 Executing VM operation: Cleanup
Event: 139.183 Executing VM operation: Cleanup done
Event: 139.445 Executing VM operation: G1CollectForAllocation (G1 Evacuation Pause)
Event: 139.451 Executing VM operation: G1CollectForAllocation (G1 Evacuation Pause) done
Event: 139.480 Executing VM operation: G1PauseRemark
Event: 139.494 Executing VM operation: G1PauseRemark done
Event: 139.508 Executing VM operation: G1PauseCleanup
Event: 139.508 Executing VM operation: G1PauseCleanup done
Event: 140.522 Executing VM operation: Cleanup
Event: 140.522 Executing VM operation: Cleanup done
Event: 141.230 Executing VM operation: G1CollectForAllocation (G1 Evacuation Pause)
Event: 141.231 Executing VM operation: G1CollectForAllocation (G1 Evacuation Pause) done
Event: 143.232 Executing VM operation: Cleanup
Event: 143.232 Executing VM operation: Cleanup done
Event: 143.453 Executing VM operation: G1CollectForAllocation (G1 Evacuation Pause)
Event: 143.455 Executing VM operation: G1CollectForAllocation (G1 Evacuation Pause) done

Memory protections (0 events):
No events

Nmethod flushes (20 events):
Event: 139.494 Thread 0x000001e3111a3540 flushing  nmethod 0x000001e3008c1810
Event: 139.494 Thread 0x000001e3111a3540 flushing  nmethod 0x000001e3008c2610
Event: 139.494 Thread 0x000001e3111a3540 flushing  nmethod 0x000001e300d1c210
Event: 139.494 Thread 0x000001e3111a3540 flushing  nmethod 0x000001e308206b90
Event: 139.494 Thread 0x000001e3111a3540 flushing  nmethod 0x000001e3083bc510
Event: 139.494 Thread 0x000001e3111a3540 flushing  nmethod 0x000001e308446890
Event: 139.494 Thread 0x000001e3111a3540 flushing  nmethod 0x000001e30006c490
Event: 139.494 Thread 0x000001e3111a3540 flushing  nmethod 0x000001e300161b10
Event: 139.494 Thread 0x000001e3111a3540 flushing  nmethod 0x000001e300166090
Event: 139.494 Thread 0x000001e3111a3540 flushing  nmethod 0x000001e30020db90
Event: 139.494 Thread 0x000001e3111a3540 flushing  nmethod 0x000001e3002c6710
Event: 139.494 Thread 0x000001e3111a3540 flushing  nmethod 0x000001e300355510
Event: 139.494 Thread 0x000001e3111a3540 flushing  nmethod 0x000001e300489690
Event: 139.494 Thread 0x000001e3111a3540 flushing  nmethod 0x000001e30048fd90
Event: 139.494 Thread 0x000001e3111a3540 flushing  nmethod 0x000001e3005a6010
Event: 139.494 Thread 0x000001e3111a3540 flushing  nmethod 0x000001e30073b590
Event: 139.494 Thread 0x000001e3111a3540 flushing  nmethod 0x000001e30073ff10
Event: 139.494 Thread 0x000001e3111a3540 flushing  nmethod 0x000001e300878f10
Event: 139.494 Thread 0x000001e3111a3540 flushing  nmethod 0x000001e300eeb410
Event: 139.494 Thread 0x000001e3111a3540 flushing  nmethod 0x000001e301162990

Events (20 events):
Event: 136.031 Thread 0x000001e35b1849d0 Thread added: 0x000001e35b17e760
Event: 136.135 Thread 0x000001e35b1849d0 Thread added: 0x000001e35b17edf0
Event: 136.250 Thread 0x000001e35b17edf0 Thread added: 0x000001e35b181be0
Event: 137.175 Thread 0x000001e35b1849d0 Thread added: 0x000001e35aac7780
Event: 137.187 Thread 0x000001e35b1849d0 Thread added: 0x000001e35aacc640
Event: 137.187 Thread 0x000001e35b1849d0 Thread added: 0x000001e35aac5d40
Event: 137.187 Thread 0x000001e35b1849d0 Thread added: 0x000001e35aac6a60
Event: 137.187 Thread 0x000001e35b1849d0 Thread added: 0x000001e35aacbfb0
Event: 137.187 Thread 0x000001e35b1849d0 Thread added: 0x000001e35aac63d0
Event: 137.187 Thread 0x000001e35b1849d0 Thread added: 0x000001e35aac84a0
Event: 137.187 Thread 0x000001e35b1849d0 Thread added: 0x000001e35aacac00
Event: 137.187 Thread 0x000001e35b1849d0 Thread added: 0x000001e35aacb920
Event: 137.188 Thread 0x000001e35b1849d0 Thread added: 0x000001e35aac7e10
Event: 137.188 Thread 0x000001e35b1849d0 Thread added: 0x000001e35aac91c0
Event: 137.190 Thread 0x000001e35b1849d0 Thread added: 0x000001e35aacccd0
Event: 137.190 Thread 0x000001e35b1849d0 Thread added: 0x000001e35aac8b30
Event: 137.199 Thread 0x000001e35b1849d0 Thread exited: 0x000001e35b1849d0
Event: 137.199 Thread 0x000001e35b184340 Thread exited: 0x000001e35b184340
Event: 141.186 Thread 0x000001e358fc7cd0 Thread exited: 0x000001e358fc7cd0
Event: 141.791 Thread 0x000001e35b181be0 Thread exited: 0x000001e35b181be0


Dynamic libraries:
0x00007ff6e1ab0000 - 0x00007ff6e1ac0000 	C:\Program Files\Java\jdk-22\bin\java.exe
0x00007ffbb2fb0000 - 0x00007ffbb31a8000 	C:\WINDOWS\SYSTEM32\ntdll.dll
0x00007ffbb1140000 - 0x00007ffbb1201000 	C:\WINDOWS\System32\KERNEL32.DLL
0x00007ffbb09b0000 - 0x00007ffbb0cad000 	C:\WINDOWS\System32\KERNELBASE.dll
0x00007ffbb06b0000 - 0x00007ffbb07b0000 	C:\WINDOWS\System32\ucrtbase.dll
0x00007ffbac8a0000 - 0x00007ffbac8b7000 	C:\Program Files\Java\jdk-22\bin\jli.dll
0x00007ffbac7a0000 - 0x00007ffbac7bb000 	C:\Program Files\Java\jdk-22\bin\VCRUNTIME140.dll
0x00007ffbb1a30000 - 0x00007ffbb1bcd000 	C:\WINDOWS\System32\USER32.dll
0x00007ffb9b470000 - 0x00007ffb9b70a000 	C:\WINDOWS\WinSxS\amd64_microsoft.windows.common-controls_6595b64144ccf1df_6.0.19041.4355_none_60b8b9eb71f62e16\COMCTL32.dll
0x00007ffbb0fb0000 - 0x00007ffbb0fd2000 	C:\WINDOWS\System32\win32u.dll
0x00007ffbb2df0000 - 0x00007ffbb2e8e000 	C:\WINDOWS\System32\msvcrt.dll
0x00007ffbb1950000 - 0x00007ffbb197b000 	C:\WINDOWS\System32\GDI32.dll
0x00007ffbb07e0000 - 0x00007ffbb08f7000 	C:\WINDOWS\System32\gdi32full.dll
0x00007ffbb0d20000 - 0x00007ffbb0dbd000 	C:\WINDOWS\System32\msvcp_win.dll
0x00007ffbb1110000 - 0x00007ffbb113f000 	C:\WINDOWS\System32\IMM32.DLL
0x00007ffbacc50000 - 0x00007ffbacc5c000 	C:\Program Files\Java\jdk-22\bin\vcruntime140_1.dll
0x00007ffb61120000 - 0x00007ffb611ae000 	C:\Program Files\Java\jdk-22\bin\msvcp140.dll
0x00007ffb37ac0000 - 0x00007ffb38809000 	C:\Program Files\Java\jdk-22\bin\server\jvm.dll
0x00007ffbb1980000 - 0x00007ffbb1a30000 	C:\WINDOWS\System32\ADVAPI32.dll
0x00007ffbb18b0000 - 0x00007ffbb1950000 	C:\WINDOWS\System32\sechost.dll
0x00007ffbb2b50000 - 0x00007ffbb2c73000 	C:\WINDOWS\System32\RPCRT4.dll
0x00007ffbb07b0000 - 0x00007ffbb07d7000 	C:\WINDOWS\System32\bcrypt.dll
0x00007ffbb1bd0000 - 0x00007ffbb1c3b000 	C:\WINDOWS\System32\WS2_32.dll
0x00007ffbafbb0000 - 0x00007ffbafbfb000 	C:\WINDOWS\SYSTEM32\POWRPROF.dll
0x00007ffb9f9f0000 - 0x00007ffb9fa17000 	C:\WINDOWS\SYSTEM32\WINMM.dll
0x00007ffba6ad0000 - 0x00007ffba6ada000 	C:\WINDOWS\SYSTEM32\VERSION.dll
0x00007ffbafa20000 - 0x00007ffbafa32000 	C:\WINDOWS\SYSTEM32\UMPDC.dll
0x00007ffbae4a0000 - 0x00007ffbae4b2000 	C:\WINDOWS\SYSTEM32\kernel.appcore.dll
0x00007ffbacc00000 - 0x00007ffbacc0a000 	C:\Program Files\Java\jdk-22\bin\jimage.dll
0x00007ffb9c350000 - 0x00007ffb9c534000 	C:\WINDOWS\SYSTEM32\DBGHELP.DLL
0x00007ffb96cc0000 - 0x00007ffb96cf4000 	C:\WINDOWS\SYSTEM32\dbgcore.DLL
0x00007ffbb0f20000 - 0x00007ffbb0fa2000 	C:\WINDOWS\System32\bcryptPrimitives.dll
0x00007ffbac620000 - 0x00007ffbac63e000 	C:\Program Files\Java\jdk-22\bin\java.dll
0x00007ffbb2090000 - 0x00007ffbb27ff000 	C:\WINDOWS\System32\SHELL32.dll
0x00007ffbb0fe0000 - 0x00007ffbb110b000 	C:\WINDOWS\System32\ole32.dll
0x00007ffbb1c40000 - 0x00007ffbb1f93000 	C:\WINDOWS\System32\combase.dll
0x00007ffbae6a0000 - 0x00007ffbaee43000 	C:\WINDOWS\SYSTEM32\windows.storage.dll
0x00007ffbb0070000 - 0x00007ffbb009e000 	C:\WINDOWS\SYSTEM32\Wldp.dll
0x00007ffbb2810000 - 0x00007ffbb28dd000 	C:\WINDOWS\System32\OLEAUT32.dll
0x00007ffbb2c80000 - 0x00007ffbb2d2d000 	C:\WINDOWS\System32\SHCORE.dll
0x00007ffbb2d90000 - 0x00007ffbb2de5000 	C:\WINDOWS\System32\shlwapi.dll
0x00007ffbb0590000 - 0x00007ffbb05b4000 	C:\WINDOWS\SYSTEM32\profapi.dll
0x00007ffb58780000 - 0x00007ffb58857000 	C:\Program Files\Java\jdk-22\bin\jsvml.dll
0x00007ffbac910000 - 0x00007ffbac920000 	C:\Program Files\Java\jdk-22\bin\net.dll
0x00007ffbafd90000 - 0x00007ffbafdfa000 	C:\WINDOWS\system32\mswsock.dll
0x00007ffba6660000 - 0x00007ffba6676000 	C:\Program Files\Java\jdk-22\bin\nio.dll
0x00007ffba6640000 - 0x00007ffba6657000 	C:\Program Files\Java\jdk-22\bin\zip.dll
0x00007ffb9ac70000 - 0x00007ffb9ac7a000 	C:\Program Files\Java\jdk-22\bin\management.dll
0x00007ffb9a430000 - 0x00007ffb9a43b000 	C:\Program Files\Java\jdk-22\bin\management_ext.dll
0x00007ffbb2800000 - 0x00007ffbb2808000 	C:\WINDOWS\System32\PSAPI.DLL
0x00007ffb9a3d0000 - 0x00007ffb9a3db000 	C:\Program Files\Java\jdk-22\bin\le.dll
0x00007ffb9a3c0000 - 0x00007ffb9a3ce000 	C:\Program Files\Java\jdk-22\bin\sunmscapi.dll
0x00007ffbb0dc0000 - 0x00007ffbb0f1c000 	C:\WINDOWS\System32\CRYPT32.dll
0x00007ffbb0100000 - 0x00007ffbb0129000 	C:\WINDOWS\SYSTEM32\ncrypt.dll
0x00007ffbb00c0000 - 0x00007ffbb00fb000 	C:\WINDOWS\SYSTEM32\NTASN1.dll
0x00007ffbaff70000 - 0x00007ffbaff88000 	C:\WINDOWS\SYSTEM32\CRYPTSP.dll
0x00007ffbaf660000 - 0x00007ffbaf694000 	C:\WINDOWS\system32\rsaenh.dll
0x00007ffbb0550000 - 0x00007ffbb057e000 	C:\WINDOWS\SYSTEM32\USERENV.dll
0x00007ffbaff30000 - 0x00007ffbaff3c000 	C:\WINDOWS\SYSTEM32\CRYPTBASE.dll
0x00007ffbafa40000 - 0x00007ffbafa7b000 	C:\WINDOWS\SYSTEM32\IPHLPAPI.DLL
0x00007ffbb18a0000 - 0x00007ffbb18a8000 	C:\WINDOWS\System32\NSI.dll
0x00007ffb9a3b0000 - 0x00007ffb9a3c0000 	C:\Program Files\Java\jdk-22\bin\verify.dll
0x00007ffbafa80000 - 0x00007ffbafb4a000 	C:\WINDOWS\SYSTEM32\DNSAPI.dll
0x00007ffba97a0000 - 0x00007ffba97aa000 	C:\Windows\System32\rasadhlp.dll
0x00007ffba6c10000 - 0x00007ffba6c90000 	C:\WINDOWS\System32\fwpuclnt.dll
0x00007ffb9a370000 - 0x00007ffb9a379000 	C:\Program Files\Java\jdk-22\bin\extnet.dll
0x00007ffb9f930000 - 0x00007ffb9f937000 	C:\WINDOWS\system32\wshunix.dll

dbghelp: loaded successfully - version: 4.0.5 - missing functions: none
symbol engine: initialized successfully - sym options: 0x614 - pdb path: .;C:\Program Files\Java\jdk-22\bin;C:\WINDOWS\SYSTEM32;C:\WINDOWS\WinSxS\amd64_microsoft.windows.common-controls_6595b64144ccf1df_6.0.19041.4355_none_60b8b9eb71f62e16;C:\Program Files\Java\jdk-22\bin\server

VM Arguments:
jvm_args: -XX:+ShowCodeDetailsInExceptionMessages 
java_command: com.example.GrabGrubApp.GrabGrubAppApplication
java_class_path (initial): C:\Users\prane\OneDrive\Desktop\Untitled Folder\GrabGrubApplication\Backend\target\classes;C:\Users\prane\.m2\repository\org\springframework\boot\spring-boot-starter-data-jpa\3.3.2\spring-boot-starter-data-jpa-3.3.2.jar;C:\Users\prane\.m2\repository\org\springframework\boot\spring-boot-starter-aop\3.3.2\spring-boot-starter-aop-3.3.2.jar;C:\Users\prane\.m2\repository\org\aspectj\aspectjweaver\1.9.22.1\aspectjweaver-1.9.22.1.jar;C:\Users\prane\.m2\repository\org\springframework\boot\spring-boot-starter-jdbc\3.3.2\spring-boot-starter-jdbc-3.3.2.jar;C:\Users\prane\.m2\repository\com\zaxxer\HikariCP\5.1.0\HikariCP-5.1.0.jar;C:\Users\prane\.m2\repository\org\springframework\spring-jdbc\6.1.11\spring-jdbc-6.1.11.jar;C:\Users\prane\.m2\repository\org\hibernate\orm\hibernate-core\6.5.2.Final\hibernate-core-6.5.2.Final.jar;C:\Users\prane\.m2\repository\jakarta\persistence\jakarta.persistence-api\3.1.0\jakarta.persistence-api-3.1.0.jar;C:\Users\prane\.m2\repository\jakarta\transaction\jakarta.transaction-api\2.0.1\jakarta.transaction-api-2.0.1.jar;C:\Users\prane\.m2\repository\org\jboss\logging\jboss-logging\3.5.3.Final\jboss-logging-3.5.3.Final.jar;C:\Users\prane\.m2\repository\org\hibernate\common\hibernate-commons-annotations\6.0.6.Final\hibernate-commons-annotations-6.0.6.Final.jar;C:\Users\prane\.m2\repository\io\smallrye\jandex\3.1.2\jandex-3.1.2.jar;C:\Users\prane\.m2\repository\com\fasterxml\classmate\1.7.0\classmate-1.7.0.jar;C:\Users\prane\.m2\repository\net\bytebuddy\byte-buddy\1.14.18\byte-buddy-1.14.18.jar;C:\Users\prane\.m2\repository\org\glassfish\jaxb\jaxb-runtime\4.0.5\jaxb-runtime-4.0.5.jar;C:\Users\prane\.m2\repository\org\glassfish\jaxb\jaxb-core\4.0.5\jaxb-core-4.0.5.jar;C:\Users\prane\.m2\repository\org\eclipse\angus\angus-activation\2.0.2\angus-activation-2.0.2.jar;C:\Users\prane\.m2\repository\org\glassfish\jaxb\txw2\4.0.5\txw2-4.0.5.jar;C:\Users\prane\.m2\repository\com\sun\istack\istack-commons-runtime\4.1.2\istack-commons-runtime-4.1.2.jar;C:\Users\prane\.m2\repository\jakarta\inject\jakarta.inject-api\2.0.1\jakarta.inject-api-2.0.1.jar;C:\Users\prane\.m2\repository\org\antlr\antlr4-runtime\4.13.0\antlr4-runtime-4.13.0.jar;C:\Users\prane\.m2\repository\org\springframework\data\spring-data-jpa\3.3.2\spring-data-jpa-3.3.2.jar;C:\Users\prane\.m2\repository\org\springframework\data\spring-data-commons\3.3.2\spring-data-commons-3.3.2.jar;C:\Users\prane\.m2\repository\org\springframework\spring-orm\6.1.11\spring-orm-6.1.11.jar;C:\Users\prane\.m2\repository\org\springframework\spring-context\6.1.11\spring-context-6.1.11.jar;C:\Users\prane\.m2\repository\org\springframework\spring-tx\6.1.11\spring-tx-6.1.11.jar;C:\Users\prane\.m2\repository\org\springframework\spring-beans\6.1.11\spring-beans-6.1.11.jar;C:\Users\prane\.m2\repository\jakarta\annotation\jakarta.annotation-api\2.1.1\jakarta.annotation-api-2.1.1.jar;C:\Users\prane\.m2\repository\org\slf4j\slf4j-api\2.0.13\slf4j-api-2.0.13.jar;C:\Users\prane\.m2\repository\org\springframework\spring-aspects\6.1.11\spring-aspects-6.1.11.jar;C:\Users\prane\.m2\repository\org\springframework\boot\spring-boot-starter-security\3.3.2\spring-boot-starter-security-3.3.2.jar;C:\Users\prane\.m2\repository\org\springframework\boot\spring-boot-starter\3.3.2\spring-boot-starter-3.3.2.jar;C:\Users\prane\.m2\repository\org\springframework\boot\spring-boot-starter-logging\3.3.2\spring-boot-starter-logging-3.3.2.jar;C:\Users\prane\.m2\repository\ch\qos\logback\logback-classic\1.5.6\logback-classic-1.5.6.jar;C:\Users\prane\.m2\repository\ch\qos\logback\logback-core\1.5.6\logback-core-1.5.6.jar;C:\Users\prane\.m2\repository\org\apache\logging\log4j\log4j-to-slf4j\2.23.1\log4j-to-slf4j-2.23.1.jar;C:\Users\prane\.m2\repository\org\apache\logging\log4j\log4j-api\2.23.1\log4j-api-2.23.1.jar;C:\Users\prane\.m2\repository\org\slf4j\jul-to-slf4j\2.0.13\jul-to-slf4j-2.0.13.jar;C:\Users\prane\.m2\repository\org\yaml\snakeyaml\2.2\snakeyaml-2.2.jar;C:\Users\prane\.m2\repository\org\springframework\spring-aop\6.1.11\spring-aop-6.1.11.jar;C:\Users\prane\.m2\repository\org\springframework\security\spring-security-config\6.3.1\spring-security-config-6.3.1.jar;C:\Users\prane\.m2\repository\org\springframework\security\spring-security-web\6.3.1\spring-security-web-6.3.1.jar;C:\Users\prane\.m2\repository\org\springframework\spring-expression\6.1.11\spring-expression-6.1.11.jar;C:\Users\prane\.m2\repository\org\springframework\boot\spring-boot-starter-web\3.3.2\spring-boot-starter-web-3.3.2.jar;C:\Users\prane\.m2\repository\org\springframework\boot\spring-boot-starter-json\3.3.2\spring-boot-starter-json-3.3.2.jar;C:\Users\prane\.m2\repository\com\fasterxml\jackson\datatype\jackson-datatype-jdk8\2.17.2\jackson-datatype-jdk8-2.17.2.jar;C:\Users\prane\.m2\repository\com\fasterxml\jackson\datatype\jackson-datatype-jsr310\2.17.2\jackson-datatype-jsr310-2.17.2.jar;C:\Users\prane\.m2\repository\com\fasterxml\jackson\module\jackson-module-parameter-names\2.17.2\jackson-module-parameter-names-2.17.2.jar;C:\Users\prane\.m2\repository\org\springframework\boot\spring-boot-starter-tomcat\3.3.2\spring-boot-starter-tomcat-3.3.2.jar;C:\Users\prane\.m2\repository\org\apache\tomcat\embed\tomcat-embed-core\10.1.26\tomcat-embed-core-10.1.26.jar;C:\Users\prane\.m2\repository\org\apache\tomcat\embed\tomcat-embed-el\10.1.26\tomcat-embed-el-10.1.26.jar;C:\Users\prane\.m2\repository\org\apache\tomcat\embed\tomcat-embed-websocket\10.1.26\tomcat-embed-websocket-10.1.26.jar;C:\Users\prane\.m2\repository\org\springframework\spring-web\6.1.11\spring-web-6.1.11.jar;C:\Users\prane\.m2\repository\io\micrometer\micrometer-observation\1.13.2\micrometer-observation-1.13.2.jar;C:\Users\prane\.m2\repository\io\micrometer\micrometer-commons\1.13.2\micrometer-commons-1.13.2.jar;C:\Users\prane\.m2\repository\org\springframework\spring-webmvc\6.1.11\spring-webmvc-6.1.11.jar;C:\Users\prane\.m2\repository\org\springframework\boot\spring-boot-devtools\3.3.2\spring-boot-devtools-3.3.2.jar;C:\Users\prane\.m2\repository\org\springframework\boot\spring-boot\3.3.2\spring-boot-3.3.2.jar;C:\Users\prane\.m2\repository\org\springframework\boot\spring-boot-autoconfigure\3.3.2\spring-boot-autoconfigure-3.3.2.jar;C:\Users\prane\.m2\repository\com\mysql\mysql-connector-j\8.3.0\mysql-connector-j-8.3.0.jar;C:\Users\prane\.m2\repository\org\projectlombok\lombok\1.18.34\lombok-1.18.34.jar;C:\Users\prane\.m2\repository\jakarta\xml\bind\jakarta.xml.bind-api\4.0.2\jakarta.xml.bind-api-4.0.2.jar;C:\Users\prane\.m2\repository\jakarta\activation\jakarta.activation-api\2.1.3\jakarta.activation-api-2.1.3.jar;C:\Users\prane\.m2\repository\org\springframework\spring-core\6.1.11\spring-core-6.1.11.jar;C:\Users\prane\.m2\repository\org\springframework\spring-jcl\6.1.11\spring-jcl-6.1.11.jar;C:\Users\prane\.m2\repository\org\springframework\security\spring-security-core\6.3.1\spring-security-core-6.3.1.jar;C:\Users\prane\.m2\repository\org\springframework\security\spring-security-crypto\6.3.1\spring-security-crypto-6.3.1.jar;C:\Users\prane\.m2\repository\io\jsonwebtoken\jjwt-api\0.11.5\jjwt-api-0.11.5.jar;C:\Users\prane\.m2\repository\io\jsonwebtoken\jjwt-impl\0.11.5\jjwt-impl-0.11.5.jar;C:\Users\prane\.m2\repository\io\jsonwebtoken\jjwt-jackson\0.11.5\jjwt-jackson-0.11.5.jar;C:\Users\prane\.m2\repository\com\fasterxml\jackson\core\jackson-databind\2.17.2\jackson-databind-2.17.2.jar;C:\Users\prane\.m2\repository\com\fasterxml\jackson\core\jackson-annotations\2.17.2\jackson-annotations-2.17.2.jar;C:\Users\prane\.m2\repository\com\fasterxml\jackson\core\jackson-core\2.17.2\jackson-core-2.17.2.jar;C:\Users\prane\.m2\repository\com\stripe\stripe-java\20.62.0\stripe-java-20.62.0.jar;C:\Users\prane\.m2\repository\com\google\code\gson\gson\2.10.1\gson-2.10.1.jar
Launcher Type: SUN_STANDARD

[Global flags]
     intx CICompilerCount                          = 12                                        {product} {ergonomic}
     uint ConcGCThreads                            = 3                                         {product} {ergonomic}
     uint G1ConcRefinementThreads                  = 13                                        {product} {ergonomic}
   size_t G1HeapRegionSize                         = 1048576                                   {product} {ergonomic}
   size_t InitialHeapSize                          = 132120576                                 {product} {ergonomic}
   size_t MarkStackSize                            = 4194304                                   {product} {ergonomic}
   size_t MaxHeapSize                              = 2109734912                                {product} {ergonomic}
   size_t MaxNewSize                               = 1265631232                                {product} {ergonomic}
   size_t MinHeapDeltaBytes                        = 1048576                                   {product} {ergonomic}
   size_t MinHeapSize                              = 8388608                                   {product} {ergonomic}
    uintx NonNMethodCodeHeapSize                   = 7602480                                {pd product} {ergonomic}
    uintx NonProfiledCodeHeapSize                  = 122027880                              {pd product} {ergonomic}
    uintx ProfiledCodeHeapSize                     = 122027880                              {pd product} {ergonomic}
    uintx ReservedCodeCacheSize                    = 251658240                              {pd product} {ergonomic}
     bool SegmentedCodeCache                       = true                                      {product} {ergonomic}
     bool ShowCodeDetailsInExceptionMessages       = true                                   {manageable} {command line}
   size_t SoftMaxHeapSize                          = 2109734912                             {manageable} {ergonomic}
     bool UseCompressedOops                        = true                           {product lp64_product} {ergonomic}
     bool UseG1GC                                  = true                                      {product} {ergonomic}
     bool UseLargePagesIndividualAllocation        = false                                  {pd product} {ergonomic}

Logging:
Log output configuration:
 #0: stdout all=warning uptime,level,tags foldmultilines=false
 #1: stderr all=off uptime,level,tags foldmultilines=false

Environment Variables:
JAVA_HOME=C:\Program Files (x86)\Java\jre-1.8
PATH=C:\Program Files\PowerShell\7;C:\Program Files\Common Files\Oracle\Java\javapath;C:\Program Files (x86)\Common Files\Oracle\Java\java8path;C:\Program Files (x86)\Common Files\Oracle\Java\javapath;C:\WINDOWS\system32;C:\WINDOWS;C:\WINDOWS\System32\Wbem;C:\WINDOWS\System32\WindowsPowerShell\v1.0\;C:\WINDOWS\System32\OpenSSH\;C:\Program Files (x86)\NVIDIA Corporation\PhysX\Common;C:\Program Files\NVIDIA Corporation\NVIDIA NvDLISR;C:\Program Files\Microsoft SQL Server\150\Tools\Binn\;C:\Program Files\Microsoft SQL Server\Client SDK\ODBC\170\Tools\Binn\;C:\Program Files\dotnet\;C:\Program Files (x86)\nodejs\;C:\ProgramData\chocolatey\bin;C:\Program Files\Git\cmd;C:\Program Files\Amazon\AWSCLIV2\;C:\Program Files\PowerShell\7-preview\preview;C:\Program Files\Docker\Docker\resources\bin;C:\Program Files\Kubernetes\Minikube;C:\Program Files\PowerShell\7\;C:\Program Files\MySQL\MySQL Shell 8.0\bin\;C:\Users\prane\anaconda3;C:\Users\prane\anaconda3\Library\mingw-w64\bin;C:\Users\prane\anaconda3\Library\usr\bin;C:\Users\prane\anaconda3\Library\bin;C:\Users\prane\anaconda3\Scripts;C:\Users\prane\AppData\Local\Microsoft\WindowsApps;C:\Users\prane\.dotnet\tools;C:\Users\prane\AppData\Local\Programs\Microsoft VS Code\bin;C:\Users\prane\AppData\Roaming\npm;C:\Users\prane\anaconda3\Library\bin\conda.bat;C:\Users\prane\anaconda3\Scripts\conda.exe;C:\Users\prane\anaconda3\condabin\conda.bat;C:\Users\prane\anaconda3\condabin;C:\Users\prane\AppData\Local\Android\Sdk\platform-tools;C:\Users\prane\AppData\Local\Android\Sdk\tools;C:\Users\prane\AppData\Roaming\Python\Scripts;C:\Users\prane\AppData\Roaming\pypoetry\venv\Scripts\poetry;C:\Users\prane\AppData\Roaming\pypoetry\venv\Scripts;C:\Program Files\Java\jdk-22\bin;
USERNAME=prane
LANG=en_US.UTF-8
OS=Windows_NT
PROCESSOR_IDENTIFIER=AMD64 Family 25 Model 80 Stepping 0, AuthenticAMD
TMP=C:\Users\prane\AppData\Local\Temp
TEMP=C:\Users\prane\AppData\Local\Temp




Periodic native trim disabled

---------------  S Y S T E M  ---------------

OS:
 Windows 10 , 64 bit Build 19041 (10.0.19041.4842)
OS uptime: 3 days 13:25 hours
Hyper-V role detected

CPU: total 16 (initial active 16) (16 cores per cpu, 2 threads per core) family 25 model 80 stepping 0 microcode 0x0, cx8, cmov, fxsr, ht, mmx, 3dnowpref, sse, sse2, sse3, ssse3, sse4a, sse4.1, sse4.2, popcnt, lzcnt, tsc, tscinvbit, avx, avx2, aes, erms, clmul, bmi1, bmi2, adx, sha, fma, vzeroupper, clflush, clflushopt, hv, rdtscp, rdpid, fsrm, f16c, cet_ss
Processor Information for all 16 processors :
  Max Mhz: 3201, Current Mhz: 3201, Mhz Limit: 3201

Memory: 4k page, system-wide physical 8044M (553M free)
TotalPageFile size 32620M (AvailPageFile size 336M)
current process WorkingSet (physical memory assigned to process): 315M, peak: 336M
current process commit charge ("private bytes"): 389M, peak: 402M

vm_info: Java HotSpot(TM) 64-Bit Server VM (22.0.2+9-70) for windows-amd64 JRE (22.0.2+9-70), built on 2024-06-04T16:52:23Z by "mach5one" with MS VC++ 17.6 (VS2022)

END.
