#
# There is insufficient memory for the Java Runtime Environment to continue.
# Native memory allocation (mmap) failed to map 18874368 bytes. Error detail: G1 virtual space
# Possible reasons:
#   The system is out of physical RAM or swap space
#   This process is running with CompressedOops enabled, and the Java Heap may be blocking the growth of the native heap
# Possible solutions:
#   Reduce memory load on the system
#   Increase physical memory or swap space
#   Check if swap backing store is full
#   Decrease Java heap size (-Xmx/-Xms)
#   Decrease number of Java threads
#   Decrease Java thread stack sizes (-Xss)
#   Set larger code cache with -XX:ReservedCodeCacheSize=
#   JVM is running with Unscaled Compressed Oops mode in which the Java heap is
#     placed in the first 4GB address space. The Java Heap base address is the
#     maximum limit for the native heap growth. Please use -XX:HeapBaseMinAddress
#     to set the Java Heap base and to place the Java Heap above 4GB virtual address.
# This output file may be truncated or incomplete.
#
#  Out of Memory Error (os_windows.cpp:3631), pid=7800, tid=2400
#
# JRE version: Java(TM) SE Runtime Environment (22.0.2+9) (build 22.0.2+9-70)
# Java VM: Java HotSpot(TM) 64-Bit Server VM (22.0.2+9-70, mixed mode, sharing, tiered, compressed oops, compressed class ptrs, g1 gc, windows-amd64)
# No core dump will be written. Minidumps are not enabled by default on client versions of Windows
#

---------------  S U M M A R Y ------------

Command Line: -XX:+ShowCodeDetailsInExceptionMessages com.example.GrabGrubApp.GrabGrubAppApplication

Host: AMD Ryzen 7 5800H with Radeon Graphics         , 16 cores, 7G,  Windows 10 , 64 bit Build 19041 (10.0.19041.4842)
Time: Wed Sep 25 00:13:00 2024 Pacific Daylight Time elapsed time: 163.000431 seconds (0d 0h 2m 43s)

---------------  T H R E A D  ---------------

Current thread (0x0000022638d87960):  VMThread "VM Thread"          [id=2400, stack(0x0000006af8c00000,0x0000006af8d00000) (1024K)]

Stack: [0x0000006af8c00000,0x0000006af8d00000]
Native frames: (J=compiled Java code, j=interpreted, Vv=VM code, C=native code)
V  [jvm.dll+0x6e26e9]  (no source info available)
V  [jvm.dll+0x875753]  (no source info available)
V  [jvm.dll+0x877b7e]  (no source info available)
V  [jvm.dll+0x878253]  (no source info available)
V  [jvm.dll+0x27fc86]  (no source info available)
V  [jvm.dll+0x6ded85]  (no source info available)
V  [jvm.dll+0x6d388a]  (no source info available)
V  [jvm.dll+0x358b8a]  (no source info available)
V  [jvm.dll+0x3610b6]  (no source info available)
V  [jvm.dll+0x3b419e]  (no source info available)
V  [jvm.dll+0x3b4448]  (no source info available)
V  [jvm.dll+0x32c5ec]  (no source info available)
V  [jvm.dll+0x32c677]  (no source info available)
V  [jvm.dll+0x37244c]  (no source info available)
V  [jvm.dll+0x370b46]  (no source info available)
V  [jvm.dll+0x32bcd7]  (no source info available)
V  [jvm.dll+0x370304]  (no source info available)
V  [jvm.dll+0x87e0f0]  (no source info available)
V  [jvm.dll+0x87f477]  (no source info available)
V  [jvm.dll+0x87f9f0]  (no source info available)
V  [jvm.dll+0x87fc93]  (no source info available)
V  [jvm.dll+0x81dc0b]  (no source info available)
V  [jvm.dll+0x6e0d85]  (no source info available)
C  [ucrtbase.dll+0x21bb2]  (no source info available)
C  [KERNEL32.DLL+0x17374]  (no source info available)
C  [ntdll.dll+0x4cc91]  (no source info available)

VM_Operation (0x0000006afb7fcde0): G1CollectForAllocation, mode: safepoint, requested by thread 0x0000022600ed7800


---------------  P R O C E S S  ---------------

Threads class SMR info:
_java_thread_list=0x0000022601d50aa0, length=31, elements={
0x0000022638da1210, 0x0000022638da2130, 0x0000022638dac250, 0x0000022638dad010,
0x0000022638dada70, 0x0000022638dae4d0, 0x0000022638db4770, 0x0000022638dc29f0,
0x000002267e14f100, 0x000002267e154f30, 0x000002267f3f9740, 0x0000022601917390,
0x00000226019152c0, 0x00000226019145a0, 0x0000022601915950, 0x0000022601916670,
0x0000022600ed50a0, 0x0000022600ed7e90, 0x0000022600ed0f00, 0x0000022600ed1590,
0x0000022600ed7800, 0x0000022600ed8520, 0x0000022600ed1c20, 0x0000022600ed4380,
0x0000022600ed3660, 0x0000022600ed2fd0, 0x0000022600ed5dc0, 0x0000022600ed7170,
0x0000022600ed2940, 0x0000022600ed4a10, 0x0000022600ed3cf0
}

Java Threads: ( => current thread )
  0x0000022638da1210 JavaThread "Reference Handler"          daemon [_thread_blocked, id=13268, stack(0x0000006af8d00000,0x0000006af8e00000) (1024K)]
  0x0000022638da2130 JavaThread "Finalizer"                  daemon [_thread_blocked, id=22900, stack(0x0000006af8e00000,0x0000006af8f00000) (1024K)]
  0x0000022638dac250 JavaThread "Signal Dispatcher"          daemon [_thread_blocked, id=7936, stack(0x0000006af8f00000,0x0000006af9000000) (1024K)]
  0x0000022638dad010 JavaThread "Attach Listener"            daemon [_thread_blocked, id=8240, stack(0x0000006af9000000,0x0000006af9100000) (1024K)]
  0x0000022638dada70 JavaThread "Service Thread"             daemon [_thread_blocked, id=22532, stack(0x0000006af9100000,0x0000006af9200000) (1024K)]
  0x0000022638dae4d0 JavaThread "Monitor Deflation Thread"   daemon [_thread_blocked, id=23024, stack(0x0000006af9200000,0x0000006af9300000) (1024K)]
  0x0000022638db4770 JavaThread "C2 CompilerThread0"         daemon [_thread_blocked, id=8388, stack(0x0000006af9300000,0x0000006af9400000) (1024K)]
  0x0000022638dc29f0 JavaThread "C1 CompilerThread0"         daemon [_thread_blocked, id=22352, stack(0x0000006af9400000,0x0000006af9500000) (1024K)]
  0x000002267e14f100 JavaThread "Notification Thread"        daemon [_thread_blocked, id=4388, stack(0x0000006af9600000,0x0000006af9700000) (1024K)]
  0x000002267e154f30 JavaThread "Common-Cleaner"             daemon [_thread_blocked, id=32, stack(0x0000006af9700000,0x0000006af9800000) (1024K)]
  0x000002267f3f9740 JavaThread "WindowsStreamPump"          daemon [_thread_blocked, id=15824, stack(0x0000006afa300000,0x0000006afa400000) (1024K)]
  0x0000022601917390 JavaThread "Catalina-utility-1"                [_thread_blocked, id=13032, stack(0x0000006afac00000,0x0000006afad00000) (1024K)]
  0x00000226019152c0 JavaThread "Catalina-utility-2"                [_thread_blocked, id=15400, stack(0x0000006afad00000,0x0000006afae00000) (1024K)]
  0x00000226019145a0 JavaThread "container-0"                       [_thread_blocked, id=13308, stack(0x0000006afae00000,0x0000006afaf00000) (1024K)]
  0x0000022601915950 JavaThread "mysql-cj-abandoned-connection-cleanup" daemon [_thread_blocked, id=17360, stack(0x0000006afaf00000,0x0000006afb000000) (1024K)]
  0x0000022601916670 JavaThread "HikariPool-1 housekeeper"   daemon [_thread_blocked, id=1968, stack(0x0000006afb100000,0x0000006afb200000) (1024K)]
  0x0000022600ed50a0 JavaThread "File Watcher"               daemon [_thread_blocked, id=19164, stack(0x0000006afb300000,0x0000006afb400000) (1024K)]
  0x0000022600ed7e90 JavaThread "Live Reload Server"         daemon [_thread_in_native, id=5048, stack(0x0000006afb500000,0x0000006afb600000) (1024K)]
  0x0000022600ed0f00 JavaThread "http-nio-5454-exec-1"       daemon [_thread_blocked, id=6432, stack(0x0000006afb400000,0x0000006afb500000) (1024K)]
  0x0000022600ed1590 JavaThread "http-nio-5454-exec-2"       daemon [_thread_blocked, id=19588, stack(0x0000006afb600000,0x0000006afb700000) (1024K)]
  0x0000022600ed7800 JavaThread "http-nio-5454-exec-3"       daemon [_thread_blocked, id=13012, stack(0x0000006afb700000,0x0000006afb800000) (1024K)]
  0x0000022600ed8520 JavaThread "http-nio-5454-exec-4"       daemon [_thread_blocked, id=8008, stack(0x0000006afb800000,0x0000006afb900000) (1024K)]
  0x0000022600ed1c20 JavaThread "http-nio-5454-exec-5"       daemon [_thread_blocked, id=5736, stack(0x0000006afb900000,0x0000006afba00000) (1024K)]
  0x0000022600ed4380 JavaThread "http-nio-5454-exec-6"       daemon [_thread_blocked, id=21356, stack(0x0000006afba00000,0x0000006afbb00000) (1024K)]
  0x0000022600ed3660 JavaThread "http-nio-5454-exec-7"       daemon [_thread_blocked, id=9812, stack(0x0000006afbb00000,0x0000006afbc00000) (1024K)]
  0x0000022600ed2fd0 JavaThread "http-nio-5454-exec-8"       daemon [_thread_blocked, id=7660, stack(0x0000006afbc00000,0x0000006afbd00000) (1024K)]
  0x0000022600ed5dc0 JavaThread "http-nio-5454-exec-9"       daemon [_thread_blocked, id=1752, stack(0x0000006afbd00000,0x0000006afbe00000) (1024K)]
  0x0000022600ed7170 JavaThread "http-nio-5454-exec-10"      daemon [_thread_blocked, id=3180, stack(0x0000006afbe00000,0x0000006afbf00000) (1024K)]
  0x0000022600ed2940 JavaThread "http-nio-5454-Poller"       daemon [_thread_in_native, id=21136, stack(0x0000006afbf00000,0x0000006afc000000) (1024K)]
  0x0000022600ed4a10 JavaThread "http-nio-5454-Acceptor"     daemon [_thread_in_native, id=22420, stack(0x0000006afc000000,0x0000006afc100000) (1024K)]
  0x0000022600ed3cf0 JavaThread "DestroyJavaVM"                     [_thread_blocked, id=22792, stack(0x0000006af8500000,0x0000006af8600000) (1024K)]
Total: 31

Other Threads:
=>0x0000022638d87960 VMThread "VM Thread"                           [id=2400, stack(0x0000006af8c00000,0x0000006af8d00000) (1024K)]
  0x0000022638d6f030 WatcherThread "VM Periodic Task Thread"        [id=22832, stack(0x0000006af8b00000,0x0000006af8c00000) (1024K)]
  0x000002261bb266e0 WorkerThread "GC Thread#0"                     [id=23004, stack(0x0000006af8600000,0x0000006af8700000) (1024K)]
  0x000002267eef05d0 WorkerThread "GC Thread#1"                     [id=10636, stack(0x0000006af9d00000,0x0000006af9e00000) (1024K)]
  0x000002267ee8a650 WorkerThread "GC Thread#2"                     [id=8552, stack(0x0000006af9e00000,0x0000006af9f00000) (1024K)]
  0x000002267ee8ae10 WorkerThread "GC Thread#3"                     [id=9496, stack(0x0000006af9f00000,0x0000006afa000000) (1024K)]
  0x000002267eedd890 WorkerThread "GC Thread#4"                     [id=2372, stack(0x0000006afa000000,0x0000006afa100000) (1024K)]
  0x000002267eee8a80 WorkerThread "GC Thread#5"                     [id=21620, stack(0x0000006afa100000,0x0000006afa200000) (1024K)]
  0x000002267f39d450 WorkerThread "GC Thread#6"                     [id=10200, stack(0x0000006afa400000,0x0000006afa500000) (1024K)]
  0x000002267f60e610 WorkerThread "GC Thread#7"                     [id=8700, stack(0x0000006afa500000,0x0000006afa600000) (1024K)]
  0x000002267f2ce6b0 WorkerThread "GC Thread#8"                     [id=11364, stack(0x0000006afa600000,0x0000006afa700000) (1024K)]
  0x000002267f14c100 WorkerThread "GC Thread#9"                     [id=12452, stack(0x0000006afa700000,0x0000006afa800000) (1024K)]
  0x000002267f4d1f50 WorkerThread "GC Thread#10"                    [id=4184, stack(0x0000006afa800000,0x0000006afa900000) (1024K)]
  0x000002267f4d2b10 WorkerThread "GC Thread#11"                    [id=19804, stack(0x0000006afa900000,0x0000006afaa00000) (1024K)]
  0x000002267f4d2ec0 WorkerThread "GC Thread#12"                    [id=15680, stack(0x0000006afaa00000,0x0000006afab00000) (1024K)]
  0x000002261bb37250 ConcurrentGCThread "G1 Main Marker"            [id=6244, stack(0x0000006af8700000,0x0000006af8800000) (1024K)]
  0x000002261bb38d70 WorkerThread "G1 Conc#0"                       [id=13612, stack(0x0000006af8800000,0x0000006af8900000) (1024K)]
  0x000002267f5684a0 WorkerThread "G1 Conc#1"                       [id=3448, stack(0x0000006afa200000,0x0000006afa300000) (1024K)]
  0x000002267f5675e0 WorkerThread "G1 Conc#2"                       [id=10220, stack(0x0000006afab00000,0x0000006afac00000) (1024K)]
  0x0000022638c39180 ConcurrentGCThread "G1 Refine#0"               [id=17508, stack(0x0000006af8900000,0x0000006af8a00000) (1024K)]
  0x0000022638c3a980 ConcurrentGCThread "G1 Service"                [id=19580, stack(0x0000006af8a00000,0x0000006af8b00000) (1024K)]
Total: 21

Threads with active compile tasks:
Total: 0

VM state: at safepoint (normal execution)

VM Mutex/Monitor currently owned by a thread:  ([mutex/lock_event])
[0x00007ffb400fcb80] Threads_lock - owner thread: 0x0000022638d87960
[0x00007ffb400fcc80] Heap_lock - owner thread: 0x0000022600ed7800

Heap address: 0x0000000082400000, size: 2012 MB, Compressed Oops mode: 32-bit

CDS archive(s) mapped at: [0x0000022639000000-0x0000022639c60000-0x0000022639c60000), size 12976128, SharedBaseAddress: 0x0000022639000000, ArchiveRelocationMode: 1.
Compressed class space mapped at: 0x000002263a000000-0x000002267a000000, reserved size: 1073741824
Narrow klass base: 0x0000022639000000, Narrow klass shift: 0, Narrow klass range: 0x41000000

GC Precious Log:
 CardTable entry size: 512
 Card Set container configuration: InlinePtr #cards 5 size 8 Array Of Cards #cards 12 size 40 Howl #buckets 4 coarsen threshold 1843 Howl Bitmap #cards 512 size 80 coarsen threshold 460 Card regions per heap region 1 cards per card region 2048
 CPUs: 16 total, 16 available
 Memory: 8044M
 Large Page Support: Disabled
 NUMA Support: Disabled
 Compressed Oops: Enabled (32-bit)
 Heap Region Size: 1M
 Heap Min Capacity: 8M
 Heap Initial Capacity: 126M
 Heap Max Capacity: 2012M
 Pre-touch: Disabled
 Parallel Workers: 13
 Concurrent Workers: 3
 Concurrent Refinement Workers: 13
 Periodic GC: Disabled

Heap:
 garbage-first heap   total reserved 2060288K, committed 91136K, used 37678K [0x0000000082400000, 0x0000000100000000)
  region size 1024K, 1 young (1024K), 1 survivors (1024K)
 Metaspace       used 86349K, committed 87232K, reserved 1179648K
  class space    used 11369K, committed 11776K, reserved 1048576K

Heap Regions: E=young(eden), S=young(survivor), O=old, HS=humongous(starts), HC=humongous(continues), CS=collection set, F=free, TAMS=top-at-mark-start, PB=parsable bottom
|   0|0x0000000082400000, 0x0000000082500000, 0x0000000082500000|100%|HS|  |TAMS 0x0000000082400000| PB 0x0000000082400000| Complete |  0
|   1|0x0000000082500000, 0x0000000082600000, 0x0000000082600000|100%| O|  |TAMS 0x0000000082500000| PB 0x0000000082500000| Untracked |  0
|   2|0x0000000082600000, 0x0000000082700000, 0x0000000082700000|100%| O|  |TAMS 0x0000000082600000| PB 0x0000000082600000| Untracked |  0
|   3|0x0000000082700000, 0x0000000082800000, 0x0000000082800000|100%| O|  |TAMS 0x0000000082700000| PB 0x0000000082700000| Untracked |  0
|   4|0x0000000082800000, 0x0000000082900000, 0x0000000082900000|100%| O|  |TAMS 0x0000000082800000| PB 0x0000000082800000| Untracked |  0
|   5|0x0000000082900000, 0x0000000082a00000, 0x0000000082a00000|100%| O|  |TAMS 0x0000000082900000| PB 0x0000000082900000| Untracked |  0
|   6|0x0000000082a00000, 0x0000000082b00000, 0x0000000082b00000|100%| O|  |TAMS 0x0000000082a00000| PB 0x0000000082a00000| Untracked |  0
|   7|0x0000000082b00000, 0x0000000082c00000, 0x0000000082c00000|100%| O|  |TAMS 0x0000000082b00000| PB 0x0000000082b00000| Untracked |  0
|   8|0x0000000082c00000, 0x0000000082d00000, 0x0000000082d00000|100%| O|  |TAMS 0x0000000082c00000| PB 0x0000000082c00000| Untracked |  0
|   9|0x0000000082d00000, 0x0000000082e00000, 0x0000000082e00000|100%| O|  |TAMS 0x0000000082d00000| PB 0x0000000082d00000| Untracked |  0
|  10|0x0000000082e00000, 0x0000000082f00000, 0x0000000082f00000|100%| O|  |TAMS 0x0000000082e00000| PB 0x0000000082e00000| Untracked |  0
|  11|0x0000000082f00000, 0x0000000083000000, 0x0000000083000000|100%| O|  |TAMS 0x0000000082f00000| PB 0x0000000082f00000| Untracked |  0
|  12|0x0000000083000000, 0x0000000083100000, 0x0000000083100000|100%| O|  |TAMS 0x0000000083000000| PB 0x0000000083000000| Untracked |  0
|  13|0x0000000083100000, 0x0000000083200000, 0x0000000083200000|100%| O|  |TAMS 0x0000000083100000| PB 0x0000000083100000| Untracked |  0
|  14|0x0000000083200000, 0x0000000083300000, 0x0000000083300000|100%| O|  |TAMS 0x0000000083200000| PB 0x0000000083200000| Untracked |  0
|  15|0x0000000083300000, 0x0000000083300000, 0x0000000083400000|  0%| F|  |TAMS 0x0000000083300000| PB 0x0000000083300000| Untracked |  0
|  16|0x0000000083400000, 0x0000000083500000, 0x0000000083500000|100%| O|  |TAMS 0x0000000083400000| PB 0x0000000083400000| Untracked |  0
|  17|0x0000000083500000, 0x0000000083600000, 0x0000000083600000|100%| O|  |TAMS 0x0000000083500000| PB 0x0000000083500000| Untracked |  0
|  18|0x0000000083600000, 0x0000000083700000, 0x0000000083700000|100%| O|  |TAMS 0x0000000083600000| PB 0x0000000083600000| Untracked |  0
|  19|0x0000000083700000, 0x0000000083800000, 0x0000000083800000|100%| O|  |TAMS 0x0000000083700000| PB 0x0000000083700000| Untracked |  0
|  20|0x0000000083800000, 0x0000000083900000, 0x0000000083900000|100%| O|  |TAMS 0x0000000083800000| PB 0x0000000083800000| Untracked |  0
|  21|0x0000000083900000, 0x0000000083a00000, 0x0000000083a00000|100%| O|  |TAMS 0x0000000083900000| PB 0x0000000083900000| Untracked |  0
|  22|0x0000000083a00000, 0x0000000083b00000, 0x0000000083b00000|100%| O|  |TAMS 0x0000000083a00000| PB 0x0000000083a00000| Untracked |  0
|  23|0x0000000083b00000, 0x0000000083c00000, 0x0000000083c00000|100%| O|  |TAMS 0x0000000083b00000| PB 0x0000000083b00000| Untracked |  0
|  24|0x0000000083c00000, 0x0000000083cb37c0, 0x0000000083d00000| 70%| O|  |TAMS 0x0000000083c00000| PB 0x0000000083c00000| Untracked |  0
|  25|0x0000000083d00000, 0x0000000083e00000, 0x0000000083e00000|100%| O|  |TAMS 0x0000000083d00000| PB 0x0000000083d00000| Untracked |  0
|  26|0x0000000083e00000, 0x0000000083f00000, 0x0000000083f00000|100%| O|  |TAMS 0x0000000083e00000| PB 0x0000000083e00000| Untracked |  0
|  27|0x0000000083f00000, 0x0000000084000000, 0x0000000084000000|100%| O|  |TAMS 0x0000000083f00000| PB 0x0000000083f00000| Untracked |  0
|  28|0x0000000084000000, 0x0000000084100000, 0x0000000084100000|100%| O|  |TAMS 0x0000000084000000| PB 0x0000000084000000| Untracked |  0
|  29|0x0000000084100000, 0x0000000084200000, 0x0000000084200000|100%| O|  |TAMS 0x0000000084100000| PB 0x0000000084100000| Untracked |  0
|  30|0x0000000084200000, 0x0000000084300000, 0x0000000084300000|100%| O|  |TAMS 0x0000000084200000| PB 0x0000000084200000| Untracked |  0
|  31|0x0000000084300000, 0x0000000084400000, 0x0000000084400000|100%| O|  |TAMS 0x0000000084300000| PB 0x0000000084300000| Untracked |  0
|  32|0x0000000084400000, 0x0000000084500000, 0x0000000084500000|100%| O|  |TAMS 0x0000000084400000| PB 0x0000000084400000| Untracked |  0
|  33|0x0000000084500000, 0x0000000084600000, 0x0000000084600000|100%| O|  |TAMS 0x0000000084500000| PB 0x0000000084500000| Untracked |  0
|  34|0x0000000084600000, 0x0000000084600000, 0x0000000084700000|  0%| F|  |TAMS 0x0000000084600000| PB 0x0000000084600000| Untracked |  0
|  35|0x0000000084700000, 0x0000000084700000, 0x0000000084800000|  0%| F|  |TAMS 0x0000000084700000| PB 0x0000000084700000| Untracked |  0
|  36|0x0000000084800000, 0x0000000084800000, 0x0000000084900000|  0%| F|  |TAMS 0x0000000084800000| PB 0x0000000084800000| Untracked |  0
|  37|0x0000000084900000, 0x0000000084a00000, 0x0000000084a00000|100%| O|  |TAMS 0x0000000084900000| PB 0x0000000084900000| Untracked |  0
|  38|0x0000000084a00000, 0x0000000084a00000, 0x0000000084b00000|  0%| F|  |TAMS 0x0000000084a00000| PB 0x0000000084a00000| Untracked |  0
|  39|0x0000000084b00000, 0x0000000084b00000, 0x0000000084c00000|  0%| F|  |TAMS 0x0000000084b00000| PB 0x0000000084b00000| Untracked |  0
|  40|0x0000000084c00000, 0x0000000084c18240, 0x0000000084d00000|  9%| S|CS|TAMS 0x0000000084c00000| PB 0x0000000084c00000| Complete |  0
|  41|0x0000000084d00000, 0x0000000084d00000, 0x0000000084e00000|  0%| F|  |TAMS 0x0000000084d00000| PB 0x0000000084d00000| Untracked |  0
|  42|0x0000000084e00000, 0x0000000084e00000, 0x0000000084f00000|  0%| F|  |TAMS 0x0000000084e00000| PB 0x0000000084e00000| Untracked |  0
|  43|0x0000000084f00000, 0x0000000084f00000, 0x0000000085000000|  0%| F|  |TAMS 0x0000000084f00000| PB 0x0000000084f00000| Untracked |  0
|  44|0x0000000085000000, 0x0000000085000000, 0x0000000085100000|  0%| F|  |TAMS 0x0000000085000000| PB 0x0000000085000000| Untracked |  0
|  45|0x0000000085100000, 0x0000000085100000, 0x0000000085200000|  0%| F|  |TAMS 0x0000000085100000| PB 0x0000000085100000| Untracked |  0
|  46|0x0000000085200000, 0x0000000085200000, 0x0000000085300000|  0%| F|  |TAMS 0x0000000085200000| PB 0x0000000085200000| Untracked |  0
|  47|0x0000000085300000, 0x0000000085300000, 0x0000000085400000|  0%| F|  |TAMS 0x0000000085300000| PB 0x0000000085300000| Untracked |  0
|  48|0x0000000085400000, 0x0000000085400000, 0x0000000085500000|  0%| F|  |TAMS 0x0000000085400000| PB 0x0000000085400000| Untracked |  0
|  49|0x0000000085500000, 0x0000000085500000, 0x0000000085600000|  0%| F|  |TAMS 0x0000000085500000| PB 0x0000000085500000| Untracked |  0
|  50|0x0000000085600000, 0x0000000085600000, 0x0000000085700000|  0%| F|  |TAMS 0x0000000085600000| PB 0x0000000085600000| Untracked |  0
|  51|0x0000000085700000, 0x0000000085700000, 0x0000000085800000|  0%| F|  |TAMS 0x0000000085700000| PB 0x0000000085700000| Untracked |  0
|  52|0x0000000085800000, 0x0000000085800000, 0x0000000085900000|  0%| F|  |TAMS 0x0000000085800000| PB 0x0000000085800000| Untracked |  0
|  53|0x0000000085900000, 0x0000000085900000, 0x0000000085a00000|  0%| F|  |TAMS 0x0000000085900000| PB 0x0000000085900000| Untracked |  0
|  54|0x0000000085a00000, 0x0000000085a00000, 0x0000000085b00000|  0%| F|  |TAMS 0x0000000085a00000| PB 0x0000000085a00000| Untracked |  0
|  55|0x0000000085b00000, 0x0000000085b00000, 0x0000000085c00000|  0%| F|  |TAMS 0x0000000085b00000| PB 0x0000000085b00000| Untracked |  0
|  56|0x0000000085c00000, 0x0000000085c00000, 0x0000000085d00000|  0%| F|  |TAMS 0x0000000085c00000| PB 0x0000000085c00000| Untracked |  0
|  57|0x0000000085d00000, 0x0000000085d00000, 0x0000000085e00000|  0%| F|  |TAMS 0x0000000085d00000| PB 0x0000000085d00000| Untracked |  0
|  58|0x0000000085e00000, 0x0000000085e00000, 0x0000000085f00000|  0%| F|  |TAMS 0x0000000085e00000| PB 0x0000000085e00000| Untracked |  0
|  59|0x0000000085f00000, 0x0000000085f00000, 0x0000000086000000|  0%| F|  |TAMS 0x0000000085f00000| PB 0x0000000085f00000| Untracked |  0
|  60|0x0000000086000000, 0x0000000086000000, 0x0000000086100000|  0%| F|  |TAMS 0x0000000086000000| PB 0x0000000086000000| Untracked |  0
|  61|0x0000000086100000, 0x0000000086100000, 0x0000000086200000|  0%| F|  |TAMS 0x0000000086100000| PB 0x0000000086100000| Untracked |  0
|  62|0x0000000086200000, 0x0000000086200000, 0x0000000086300000|  0%| F|  |TAMS 0x0000000086200000| PB 0x0000000086200000| Untracked |  0
|  63|0x0000000086300000, 0x0000000086300000, 0x0000000086400000|  0%| F|  |TAMS 0x0000000086300000| PB 0x0000000086300000| Untracked |  0
|  64|0x0000000086400000, 0x0000000086400000, 0x0000000086500000|  0%| F|  |TAMS 0x0000000086400000| PB 0x0000000086400000| Untracked |  0
|  65|0x0000000086500000, 0x0000000086500000, 0x0000000086600000|  0%| F|  |TAMS 0x0000000086500000| PB 0x0000000086500000| Untracked |  0
|  66|0x0000000086600000, 0x0000000086600000, 0x0000000086700000|  0%| F|  |TAMS 0x0000000086600000| PB 0x0000000086600000| Untracked |  0
|  67|0x0000000086700000, 0x0000000086700000, 0x0000000086800000|  0%| F|  |TAMS 0x0000000086700000| PB 0x0000000086700000| Untracked |  0
|  68|0x0000000086800000, 0x0000000086800000, 0x0000000086900000|  0%| F|  |TAMS 0x0000000086800000| PB 0x0000000086800000| Untracked |  0
|  69|0x0000000086900000, 0x0000000086900000, 0x0000000086a00000|  0%| F|  |TAMS 0x0000000086900000| PB 0x0000000086900000| Untracked |  0
|  70|0x0000000086a00000, 0x0000000086a00000, 0x0000000086b00000|  0%| F|  |TAMS 0x0000000086a00000| PB 0x0000000086a00000| Untracked |  0
|  71|0x0000000086b00000, 0x0000000086b00000, 0x0000000086c00000|  0%| F|  |TAMS 0x0000000086b00000| PB 0x0000000086b00000| Untracked |  0
|  72|0x0000000086c00000, 0x0000000086c00000, 0x0000000086d00000|  0%| F|  |TAMS 0x0000000086c00000| PB 0x0000000086c00000| Untracked |  0
|  73|0x0000000086d00000, 0x0000000086d00000, 0x0000000086e00000|  0%| F|  |TAMS 0x0000000086d00000| PB 0x0000000086d00000| Untracked |  0
|  74|0x0000000086e00000, 0x0000000086e00000, 0x0000000086f00000|  0%| F|  |TAMS 0x0000000086e00000| PB 0x0000000086e00000| Untracked |  0
|  75|0x0000000086f00000, 0x0000000086f00000, 0x0000000087000000|  0%| F|  |TAMS 0x0000000086f00000| PB 0x0000000086f00000| Untracked |  0
|  76|0x0000000087000000, 0x0000000087000000, 0x0000000087100000|  0%| F|  |TAMS 0x0000000087000000| PB 0x0000000087000000| Untracked |  0
|  77|0x0000000087100000, 0x0000000087100000, 0x0000000087200000|  0%| F|  |TAMS 0x0000000087100000| PB 0x0000000087100000| Untracked |  0
|  78|0x0000000087200000, 0x0000000087200000, 0x0000000087300000|  0%| F|  |TAMS 0x0000000087200000| PB 0x0000000087200000| Untracked |  0
|  79|0x0000000087300000, 0x0000000087300000, 0x0000000087400000|  0%| F|  |TAMS 0x0000000087300000| PB 0x0000000087300000| Untracked |  0
|  80|0x0000000087400000, 0x0000000087400000, 0x0000000087500000|  0%| F|  |TAMS 0x0000000087400000| PB 0x0000000087400000| Untracked |  0
|  81|0x0000000087500000, 0x0000000087500000, 0x0000000087600000|  0%| F|  |TAMS 0x0000000087500000| PB 0x0000000087500000| Untracked |  0
|  82|0x0000000087600000, 0x0000000087600000, 0x0000000087700000|  0%| F|  |TAMS 0x0000000087600000| PB 0x0000000087600000| Untracked |  0
|  83|0x0000000087700000, 0x0000000087700000, 0x0000000087800000|  0%| F|  |TAMS 0x0000000087700000| PB 0x0000000087700000| Untracked |  0
|  84|0x0000000087800000, 0x0000000087800000, 0x0000000087900000|  0%| F|  |TAMS 0x0000000087800000| PB 0x0000000087800000| Untracked |  0
| 125|0x000000008a100000, 0x000000008a100000, 0x000000008a200000|  0%| F|  |TAMS 0x000000008a100000| PB 0x000000008a100000| Untracked |  0
|2009|0x00000000ffd00000, 0x00000000ffe00000, 0x00000000ffe00000|100%| O|  |TAMS 0x00000000ffd00000| PB 0x00000000ffd00000| Untracked |  0
|2010|0x00000000ffe00000, 0x00000000fff00000, 0x00000000fff00000|100%| O|  |TAMS 0x00000000ffe00000| PB 0x00000000ffe00000| Untracked |  0
|2011|0x00000000fff00000, 0x0000000100000000, 0x0000000100000000|100%| O|  |TAMS 0x00000000fff00000| PB 0x00000000fff00000| Untracked |  0

Card table byte_map: [0x0000022633a90000,0x0000022633e80000] _byte_map_base: 0x000002263367e000

Marking Bits: (CMBitMap*) 0x000002261bb26df0
 Bits: [0x0000022633e80000, 0x0000022635df0000)

Polling page: 0x0000022619940000

Metaspace:

Usage:
  Non-class:     73.22 MB used.
      Class:     11.10 MB used.
       Both:     84.33 MB used.

Virtual space:
  Non-class space:      128.00 MB reserved,      73.69 MB ( 58%) committed,  2 nodes.
      Class space:        1.00 GB reserved,      11.50 MB (  1%) committed,  1 nodes.
             Both:        1.12 GB reserved,      85.19 MB (  7%) committed. 

Chunk freelists:
   Non-Class:  6.14 MB
       Class:  4.53 MB
        Both:  10.67 MB

MaxMetaspaceSize: unlimited
CompressedClassSpaceSize: 1.00 GB
Initial GC threshold: 21.00 MB
Current GC threshold: 141.88 MB
CDS: on
 - commit_granule_bytes: 65536.
 - commit_granule_words: 8192.
 - virtual_space_node_default_size: 8388608.
 - enlarge_chunks_in_place: 1.
 - use_allocation_guard: 0.


Internal statistics:

num_allocs_failed_limit: 9.
num_arena_births: 1412.
num_arena_deaths: 4.
num_vsnodes_births: 3.
num_vsnodes_deaths: 0.
num_space_committed: 1363.
num_space_uncommitted: 0.
num_chunks_returned_to_freelist: 15.
num_chunks_taken_from_freelist: 4710.
num_chunk_merges: 9.
num_chunk_splits: 3267.
num_chunks_enlarged: 2399.
num_inconsistent_stats: 0.

CodeHeap 'non-profiled nmethods': size=119168Kb used=12773Kb max_used=12773Kb free=106394Kb
 bounds [0x000002262b9c0000, 0x000002262c660000, 0x0000022632e20000]
CodeHeap 'profiled nmethods': size=119104Kb used=7260Kb max_used=28948Kb free=111843Kb
 bounds [0x0000022623e20000, 0x0000022625a70000, 0x000002262b270000]
CodeHeap 'non-nmethods': size=7488Kb used=1789Kb max_used=3550Kb free=5698Kb
 bounds [0x000002262b270000, 0x000002262b5f0000, 0x000002262b9c0000]
 total_blobs=6953 nmethods=6159 adapters=697
 compilation: enabled
              stopped_count=0, restarted_count=0
 full_count=0

Compilation events (20 events):
Event: 159.605 Thread 0x0000022638db4770 17634       4       org.apache.catalina.mapper.Mapper::internalMapWildcardWrapper (249 bytes)
Event: 159.608 Thread 0x0000022638db4770 nmethod 17634 0x000002262c656c10 code [0x000002262c656dc0, 0x000002262c6570c8]
Event: 159.608 Thread 0x0000022638db4770 17637       4       org.springframework.web.filter.CorsFilter::doFilterInternal (49 bytes)
Event: 159.614 Thread 0x0000022638db4770 nmethod 17637 0x000002262c657510 code [0x000002262c657760, 0x000002262c657f40]
Event: 159.614 Thread 0x0000022638db4770 17623       4       java.lang.invoke.LambdaForm$MH/0x000002263ab67800::invoke (63 bytes)
Event: 159.615 Thread 0x0000022638db4770 nmethod 17623 0x000002262c658710 code [0x000002262c6588a0, 0x000002262c658a50]
Event: 159.615 Thread 0x0000022638db4770 17629       4       java.lang.invoke.LambdaForm$MH/0x000002263ab68c00::invoke (63 bytes)
Event: 159.616 Thread 0x0000022638db4770 nmethod 17629 0x000002262c658c10 code [0x000002262c658da0, 0x000002262c658f68]
Event: 159.616 Thread 0x0000022638db4770 17630       4       java.lang.invoke.LambdaForm$MH/0x000002263ab69000::invoke (63 bytes)
Event: 159.619 Thread 0x0000022638db4770 nmethod 17630 0x000002262c659110 code [0x000002262c6592a0, 0x000002262c659450]
Event: 159.619 Thread 0x0000022638db4770 17633       4       java.lang.invoke.LambdaForm$MH/0x000002263ab6a800::invoke (45 bytes)
Event: 159.620 Thread 0x0000022638db4770 nmethod 17633 0x000002262c659610 code [0x000002262c6597a0, 0x000002262c659850]
Event: 159.620 Thread 0x0000022638db4770 17635       4       java.lang.invoke.LambdaForm$MH/0x000002263ab6b800::invoke (42 bytes)
Event: 159.620 Thread 0x0000022638db4770 nmethod 17635 0x000002262c659990 code [0x000002262c659b20, 0x000002262c659bc8]
Event: 159.621 Thread 0x0000022638db4770 17636       4       java.lang.invoke.LambdaForm$MH/0x000002263ab6b400::invoke (63 bytes)
Event: 159.622 Thread 0x0000022638db4770 nmethod 17636 0x000002262c659d10 code [0x000002262c659ea0, 0x000002262c65a068]
Event: 159.622 Thread 0x0000022638db4770 17638       4       java.lang.invoke.LambdaForm$MH/0x000002263ab68000::invoke (42 bytes)
Event: 159.622 Thread 0x0000022638db4770 nmethod 17638 0x000002262c65a210 code [0x000002262c65a3a0, 0x000002262c65a448]
Event: 162.018 Thread 0x0000022638db4770 17639       4       org.hibernate.engine.internal.EntityEntryContext::processEachManagedEntity (29 bytes)
Event: 162.020 Thread 0x0000022638db4770 nmethod 17639 0x000002262c65a590 code [0x000002262c65a720, 0x000002262c65a8a0]

GC Heap History (20 events):
Event: 149.282 GC heap after
{Heap after GC invocations=154 (full 0):
 garbage-first heap   total reserved 2060288K, committed 91136K, used 37640K [0x0000000082400000, 0x0000000100000000)
  region size 1024K, 1 young (1024K), 1 survivors (1024K)
 Metaspace       used 86349K, committed 87232K, reserved 1179648K
  class space    used 11369K, committed 11776K, reserved 1048576K
}
Event: 150.602 GC heap before
{Heap before GC invocations=154 (full 0):
 garbage-first heap   total reserved 2060288K, committed 91136K, used 82696K [0x0000000082400000, 0x0000000100000000)
  region size 1024K, 46 young (47104K), 1 survivors (1024K)
 Metaspace       used 86349K, committed 87232K, reserved 1179648K
  class space    used 11369K, committed 11776K, reserved 1048576K
}
Event: 150.605 GC heap after
{Heap after GC invocations=155 (full 0):
 garbage-first heap   total reserved 2060288K, committed 91136K, used 37676K [0x0000000082400000, 0x0000000100000000)
  region size 1024K, 1 young (1024K), 1 survivors (1024K)
 Metaspace       used 86349K, committed 87232K, reserved 1179648K
  class space    used 11369K, committed 11776K, reserved 1048576K
}
Event: 151.782 GC heap before
{Heap before GC invocations=156 (full 0):
 garbage-first heap   total reserved 2060288K, committed 91136K, used 82732K [0x0000000082400000, 0x0000000100000000)
  region size 1024K, 46 young (47104K), 1 survivors (1024K)
 Metaspace       used 86349K, committed 87232K, reserved 1179648K
  class space    used 11369K, committed 11776K, reserved 1048576K
}
Event: 151.783 GC heap after
{Heap after GC invocations=157 (full 0):
 garbage-first heap   total reserved 2060288K, committed 91136K, used 37701K [0x0000000082400000, 0x0000000100000000)
  region size 1024K, 1 young (1024K), 1 survivors (1024K)
 Metaspace       used 86349K, committed 87232K, reserved 1179648K
  class space    used 11369K, committed 11776K, reserved 1048576K
}
Event: 153.519 GC heap before
{Heap before GC invocations=157 (full 0):
 garbage-first heap   total reserved 2060288K, committed 91136K, used 82757K [0x0000000082400000, 0x0000000100000000)
  region size 1024K, 46 young (47104K), 1 survivors (1024K)
 Metaspace       used 86349K, committed 87232K, reserved 1179648K
  class space    used 11369K, committed 11776K, reserved 1048576K
}
Event: 153.522 GC heap after
{Heap after GC invocations=158 (full 0):
 garbage-first heap   total reserved 2060288K, committed 91136K, used 37680K [0x0000000082400000, 0x0000000100000000)
  region size 1024K, 1 young (1024K), 1 survivors (1024K)
 Metaspace       used 86349K, committed 87232K, reserved 1179648K
  class space    used 11369K, committed 11776K, reserved 1048576K
}
Event: 154.879 GC heap before
{Heap before GC invocations=159 (full 0):
 garbage-first heap   total reserved 2060288K, committed 91136K, used 82736K [0x0000000082400000, 0x0000000100000000)
  region size 1024K, 46 young (47104K), 1 survivors (1024K)
 Metaspace       used 86349K, committed 87232K, reserved 1179648K
  class space    used 11369K, committed 11776K, reserved 1048576K
}
Event: 154.881 GC heap after
{Heap after GC invocations=160 (full 0):
 garbage-first heap   total reserved 2060288K, committed 91136K, used 37660K [0x0000000082400000, 0x0000000100000000)
  region size 1024K, 1 young (1024K), 1 survivors (1024K)
 Metaspace       used 86349K, committed 87232K, reserved 1179648K
  class space    used 11369K, committed 11776K, reserved 1048576K
}
Event: 155.961 GC heap before
{Heap before GC invocations=160 (full 0):
 garbage-first heap   total reserved 2060288K, committed 91136K, used 83740K [0x0000000082400000, 0x0000000100000000)
  region size 1024K, 46 young (47104K), 1 survivors (1024K)
 Metaspace       used 86349K, committed 87232K, reserved 1179648K
  class space    used 11369K, committed 11776K, reserved 1048576K
}
Event: 155.963 GC heap after
{Heap after GC invocations=161 (full 0):
 garbage-first heap   total reserved 2060288K, committed 91136K, used 37682K [0x0000000082400000, 0x0000000100000000)
  region size 1024K, 1 young (1024K), 1 survivors (1024K)
 Metaspace       used 86349K, committed 87232K, reserved 1179648K
  class space    used 11369K, committed 11776K, reserved 1048576K
}
Event: 158.278 GC heap before
{Heap before GC invocations=162 (full 0):
 garbage-first heap   total reserved 2060288K, committed 91136K, used 82738K [0x0000000082400000, 0x0000000100000000)
  region size 1024K, 46 young (47104K), 1 survivors (1024K)
 Metaspace       used 86349K, committed 87232K, reserved 1179648K
  class space    used 11369K, committed 11776K, reserved 1048576K
}
Event: 158.279 GC heap after
{Heap after GC invocations=163 (full 0):
 garbage-first heap   total reserved 2060288K, committed 91136K, used 37664K [0x0000000082400000, 0x0000000100000000)
  region size 1024K, 1 young (1024K), 1 survivors (1024K)
 Metaspace       used 86349K, committed 87232K, reserved 1179648K
  class space    used 11369K, committed 11776K, reserved 1048576K
}
Event: 159.230 GC heap before
{Heap before GC invocations=163 (full 0):
 garbage-first heap   total reserved 2060288K, committed 91136K, used 83744K [0x0000000082400000, 0x0000000100000000)
  region size 1024K, 46 young (47104K), 1 survivors (1024K)
 Metaspace       used 86349K, committed 87232K, reserved 1179648K
  class space    used 11369K, committed 11776K, reserved 1048576K
}
Event: 159.232 GC heap after
{Heap after GC invocations=164 (full 0):
 garbage-first heap   total reserved 2060288K, committed 91136K, used 37670K [0x0000000082400000, 0x0000000100000000)
  region size 1024K, 1 young (1024K), 1 survivors (1024K)
 Metaspace       used 86349K, committed 87232K, reserved 1179648K
  class space    used 11369K, committed 11776K, reserved 1048576K
}
Event: 160.348 GC heap before
{Heap before GC invocations=165 (full 0):
 garbage-first heap   total reserved 2060288K, committed 91136K, used 82726K [0x0000000082400000, 0x0000000100000000)
  region size 1024K, 46 young (47104K), 1 survivors (1024K)
 Metaspace       used 86349K, committed 87232K, reserved 1179648K
  class space    used 11369K, committed 11776K, reserved 1048576K
}
Event: 160.350 GC heap after
{Heap after GC invocations=166 (full 0):
 garbage-first heap   total reserved 2060288K, committed 91136K, used 37668K [0x0000000082400000, 0x0000000100000000)
  region size 1024K, 1 young (1024K), 1 survivors (1024K)
 Metaspace       used 86349K, committed 87232K, reserved 1179648K
  class space    used 11369K, committed 11776K, reserved 1048576K
}
Event: 161.647 GC heap before
{Heap before GC invocations=166 (full 0):
 garbage-first heap   total reserved 2060288K, committed 91136K, used 82724K [0x0000000082400000, 0x0000000100000000)
  region size 1024K, 46 young (47104K), 1 survivors (1024K)
 Metaspace       used 86349K, committed 87232K, reserved 1179648K
  class space    used 11369K, committed 11776K, reserved 1048576K
}
Event: 161.649 GC heap after
{Heap after GC invocations=167 (full 0):
 garbage-first heap   total reserved 2060288K, committed 91136K, used 37673K [0x0000000082400000, 0x0000000100000000)
  region size 1024K, 1 young (1024K), 1 survivors (1024K)
 Metaspace       used 86349K, committed 87232K, reserved 1179648K
  class space    used 11369K, committed 11776K, reserved 1048576K
}
Event: 162.994 GC heap before
{Heap before GC invocations=168 (full 0):
 garbage-first heap   total reserved 2060288K, committed 91136K, used 82729K [0x0000000082400000, 0x0000000100000000)
  region size 1024K, 46 young (47104K), 1 survivors (1024K)
 Metaspace       used 86349K, committed 87232K, reserved 1179648K
  class space    used 11369K, committed 11776K, reserved 1048576K
}

Dll operation events (12 events):
Event: 0.013 Loaded shared library C:\Program Files\Java\jdk-22\bin\java.dll
Event: 0.051 Loaded shared library C:\Program Files\Java\jdk-22\bin\jsvml.dll
Event: 0.104 Loaded shared library C:\Program Files\Java\jdk-22\bin\net.dll
Event: 0.105 Loaded shared library C:\Program Files\Java\jdk-22\bin\nio.dll
Event: 0.109 Loaded shared library C:\Program Files\Java\jdk-22\bin\zip.dll
Event: 0.241 Loaded shared library C:\Program Files\Java\jdk-22\bin\jimage.dll
Event: 0.533 Loaded shared library C:\Program Files\Java\jdk-22\bin\management.dll
Event: 0.536 Loaded shared library C:\Program Files\Java\jdk-22\bin\management_ext.dll
Event: 0.968 Loaded shared library C:\Program Files\Java\jdk-22\bin\le.dll
Event: 1.410 Loaded shared library C:\Program Files\Java\jdk-22\bin\sunmscapi.dll
Event: 4.407 Loaded shared library C:\Program Files\Java\jdk-22\bin\verify.dll
Event: 5.088 Loaded shared library C:\Program Files\Java\jdk-22\bin\extnet.dll

Deoptimization events (20 events):
Event: 144.135 Thread 0x0000022600ed7800 Uncommon trap: trap_request=0xffffffbe fr.pc=0x000002262c5c8938 relative=0x0000000000007198
Event: 144.135 Thread 0x0000022600ed8520 Uncommon trap: trap_request=0xffffffbe fr.pc=0x000002262c5c8938 relative=0x0000000000007198
Event: 144.135 Thread 0x0000022600ed7800 Uncommon trap: reason=profile_predicate action=maybe_recompile pc=0x000002262c5c8938 method=java.util.concurrent.ConcurrentHashMap$Traverser.advance()Ljava/util/concurrent/ConcurrentHashMap$Node; @ 15 c2
Event: 144.135 Thread 0x0000022600ed8520 Uncommon trap: reason=profile_predicate action=maybe_recompile pc=0x000002262c5c8938 method=java.util.concurrent.ConcurrentHashMap$Traverser.advance()Ljava/util/concurrent/ConcurrentHashMap$Node; @ 15 c2
Event: 144.135 Thread 0x0000022600ed7800 DEOPT PACKING pc=0x000002262c5c8938 sp=0x0000006afb7fc4c0
Event: 144.135 Thread 0x0000022600ed8520 DEOPT PACKING pc=0x000002262c5c8938 sp=0x0000006afb8fc7e0
Event: 144.135 Thread 0x0000022600ed7800 DEOPT UNPACKING pc=0x000002262b2c46a2 sp=0x0000006afb7fc158 mode 2
Event: 144.135 Thread 0x0000022600ed8520 DEOPT UNPACKING pc=0x000002262b2c46a2 sp=0x0000006afb8fc478 mode 2
Event: 144.156 Thread 0x0000022600ed7170 Uncommon trap: trap_request=0xffffffbe fr.pc=0x000002262c5c8938 relative=0x0000000000007198
Event: 144.156 Thread 0x0000022600ed5dc0 Uncommon trap: trap_request=0xffffffbe fr.pc=0x000002262c5c8938 relative=0x0000000000007198
Event: 144.156 Thread 0x0000022600ed7170 Uncommon trap: reason=profile_predicate action=maybe_recompile pc=0x000002262c5c8938 method=java.util.concurrent.ConcurrentHashMap$Traverser.advance()Ljava/util/concurrent/ConcurrentHashMap$Node; @ 15 c2
Event: 144.156 Thread 0x0000022600ed5dc0 Uncommon trap: reason=profile_predicate action=maybe_recompile pc=0x000002262c5c8938 method=java.util.concurrent.ConcurrentHashMap$Traverser.advance()Ljava/util/concurrent/ConcurrentHashMap$Node; @ 15 c2
Event: 144.156 Thread 0x0000022600ed7170 DEOPT PACKING pc=0x000002262c5c8938 sp=0x0000006afbefc5a0
Event: 144.156 Thread 0x0000022600ed5dc0 DEOPT PACKING pc=0x000002262c5c8938 sp=0x0000006afbdfc3e0
Event: 144.156 Thread 0x0000022600ed5dc0 DEOPT UNPACKING pc=0x000002262b2c46a2 sp=0x0000006afbdfc078 mode 2
Event: 144.157 Thread 0x0000022600ed7170 DEOPT UNPACKING pc=0x000002262b2c46a2 sp=0x0000006afbefc238 mode 2
Event: 151.213 Thread 0x0000022600ed4a10 Uncommon trap: trap_request=0xffffff45 fr.pc=0x000002262bf526c8 relative=0x0000000000001788
Event: 151.213 Thread 0x0000022600ed4a10 Uncommon trap: reason=unstable_if action=reinterpret pc=0x000002262bf526c8 method=java.util.concurrent.ConcurrentHashMap.addCount(JI)V @ 68 c2
Event: 151.214 Thread 0x0000022600ed4a10 DEOPT PACKING pc=0x000002262bf526c8 sp=0x0000006afc0ff070
Event: 151.214 Thread 0x0000022600ed4a10 DEOPT UNPACKING pc=0x000002262b2c46a2 sp=0x0000006afc0fef40 mode 2

Classes loaded (20 events):
Event: 9.825 Loading class java/io/ObjectInputStream$FieldValues
Event: 9.825 Loading class java/util/OptionalLong
Event: 9.825 Loading class java/io/ObjectInputStream$GetField
Event: 9.825 Loading class java/io/ObjectInputStream$GetField done
Event: 9.825 Loading class java/io/ObjectInputStream$FieldValues done
Event: 9.825 Loading class java/io/SerialCallbackContext
Event: 9.825 Loading class java/util/OptionalLong done
Event: 9.825 Loading class java/util/OptionalDouble
Event: 9.826 Loading class java/io/SerialCallbackContext done
Event: 9.826 Loading class java/util/OptionalDouble done
Event: 9.833 Loading class java/util/stream/LongStream
Event: 9.834 Loading class java/util/stream/LongStream done
Event: 9.834 Loading class java/util/stream/DoubleStream
Event: 9.834 Loading class java/util/stream/DoubleStream done
Event: 9.846 Loading class org/w3c/dom/Node
Event: 9.847 Loading class org/w3c/dom/Node done
Event: 9.847 Loading class org/w3c/dom/Document
Event: 9.847 Loading class org/w3c/dom/Document done
Event: 75.972 Loading class sun/util/locale/LocaleExtensions
Event: 75.973 Loading class sun/util/locale/LocaleExtensions done

Classes unloaded (2 events):
Event: 28.933 Thread 0x0000022638d87960 Unloading class 0x000002263ab30800 'java/lang/invoke/LambdaForm$MH+0x000002263ab30800'
Event: 28.933 Thread 0x0000022638d87960 Unloading class 0x000002263ab10400 'java/lang/invoke/LambdaForm$DMH+0x000002263ab10400'

Classes redefined (0 events):
No events

Internal exceptions (20 events):
Event: 9.125 Thread 0x000002267ee6d0a0 Exception <a 'java/lang/IncompatibleClassChangeError'{0x00000000853605a8}: Found class java.lang.Object, but interface was expected> (0x00000000853605a8) 
thrown [s\open\src\hotspot\share\interpreter\linkResolver.cpp, line 841]
Event: 9.137 Thread 0x000002267ee6d0a0 Implicit null exception at 0x000002262bb39f68 to 0x000002262bb3a1b8
Event: 9.249 Thread 0x000002267ee6d0a0 Exception <a 'java/lang/NoSuchMethodError'{0x0000000084edb890}: 'java.lang.Object java.lang.invoke.DirectMethodHandle$Holder.newInvokeSpecial(java.lang.Object, java.lang.Object, int, java.lang.Object, java.lang.Object)'> (0x0000000084edb890) 
thrown [s\open\src\hotspot\share\interpreter\linkResolver.cpp, line 774]
Event: 9.365 Thread 0x0000022600ed1590 Exception <a 'java/lang/NoSuchMethodError'{0x00000000871c63b0}: 'java.lang.Object java.lang.invoke.DirectMethodHandle$Holder.invokeSpecial(java.lang.Object, java.lang.Object, java.lang.Object, java.lang.Object, java.lang.Object, long)'> (0x00000000871c63b0) 
thrown [s\open\src\hotspot\share\interpreter\linkResolver.cpp, line 774]
Event: 9.365 Thread 0x0000022600ed1590 Exception <a 'java/lang/NoSuchMethodError'{0x00000000871c9b28}: 'java.lang.Object java.lang.invoke.Invokers$Holder.linkToTargetMethod(java.lang.Object, java.lang.Object, java.lang.Object, long, java.lang.Object)'> (0x00000000871c9b28) 
thrown [s\open\src\hotspot\share\interpreter\linkResolver.cpp, line 774]
Event: 9.509 Thread 0x0000022600ed0f00 Implicit null exception at 0x000002262bd3b381 to 0x000002262bd3b874
Event: 9.584 Thread 0x0000022600ed0f00 Implicit null exception at 0x000002262bd29f0c to 0x000002262bd2a498
Event: 9.687 Thread 0x0000022600ed0f00 Exception <a 'java/lang/NoSuchMethodError'{0x0000000085cab7e0}: 'void java.lang.invoke.DirectMethodHandle$Holder.invokeSpecialIFC(java.lang.Object, java.lang.Object, int, java.lang.Object, java.lang.Object, java.lang.Object, java.lang.Object)'> (0x0000000085cab7e0) 
thrown [s\open\src\hotspot\share\interpreter\linkResolver.cpp, line 774]
Event: 9.687 Thread 0x0000022600ed1590 Exception <a 'java/lang/NoSuchMethodError'{0x0000000085c93178}: 'void java.lang.invoke.DirectMethodHandle$Holder.invokeSpecialIFC(java.lang.Object, java.lang.Object, int, java.lang.Object, java.lang.Object, java.lang.Object, java.lang.Object)'> (0x0000000085c93178) 
thrown [s\open\src\hotspot\share\interpreter\linkResolver.cpp, line 774]
Event: 9.785 Thread 0x0000022600ed0f00 Exception <a 'java/lang/NoSuchMethodError'{0x00000000859d54a8}: 'java.lang.Object java.lang.invoke.DirectMethodHandle$Holder.invokeInterface(java.lang.Object, java.lang.Object, java.lang.Object, java.lang.Object)'> (0x00000000859d54a8) 
thrown [s\open\src\hotspot\share\interpreter\linkResolver.cpp, line 774]
Event: 9.787 Thread 0x0000022600ed0f00 Exception <a 'java/lang/IncompatibleClassChangeError'{0x00000000859ea2a0}: Found class java.lang.Object, but interface was expected> (0x00000000859ea2a0) 
thrown [s\open\src\hotspot\share\interpreter\linkResolver.cpp, line 841]
Event: 9.811 Thread 0x0000022600ed1590 Exception <a 'java/lang/NoSuchMethodError'{0x000000008588f518}: 'void java.lang.invoke.Invokers$Holder.invokeExact_MT(java.lang.Object, java.lang.Object, int, java.lang.Object)'> (0x000000008588f518) 
thrown [s\open\src\hotspot\share\interpreter\linkResolver.cpp, line 774]
Event: 9.811 Thread 0x0000022600ed0f00 Exception <a 'java/lang/NoSuchMethodError'{0x00000000858845f8}: 'void java.lang.invoke.Invokers$Holder.invokeExact_MT(java.lang.Object, java.lang.Object, int, java.lang.Object)'> (0x00000000858845f8) 
thrown [s\open\src\hotspot\share\interpreter\linkResolver.cpp, line 774]
Event: 9.823 Thread 0x0000022600ed1590 Exception <a 'java/lang/NoSuchMethodError'{0x00000000858c50d0}: 'long java.lang.invoke.Invokers$Holder.invokeExact_MT(java.lang.Object, java.lang.Object)'> (0x00000000858c50d0) 
thrown [s\open\src\hotspot\share\interpreter\linkResolver.cpp, line 774]
Event: 9.830 Thread 0x0000022600ed1590 Exception <a 'java/lang/IncompatibleClassChangeError'{0x000000008572b338}: Found class java.lang.Object, but interface was expected> (0x000000008572b338) 
thrown [s\open\src\hotspot\share\interpreter\linkResolver.cpp, line 841]
Event: 144.135 Thread 0x0000022600ed7800 Implicit null exception at 0x000002262c5c2acf to 0x000002262c5c88f4
Event: 144.135 Thread 0x0000022600ed8520 Implicit null exception at 0x000002262c5c2acf to 0x000002262c5c88f4
Event: 144.156 Thread 0x0000022600ed7170 Implicit null exception at 0x000002262c5c2acf to 0x000002262c5c88f4
Event: 144.156 Thread 0x0000022600ed5dc0 Implicit null exception at 0x000002262c5c2acf to 0x000002262c5c88f4
Event: 151.213 Thread 0x0000022600ed4a10 Implicit null exception at 0x000002262bf514d8 to 0x000002262bf526bc

ZGC Phase Switch (0 events):
No events

VM Operations (20 events):
Event: 156.002 Executing VM operation: G1PauseCleanup done
Event: 158.278 Executing VM operation: G1CollectForAllocation (G1 Evacuation Pause)
Event: 158.279 Executing VM operation: G1CollectForAllocation (G1 Evacuation Pause) done
Event: 159.230 Executing VM operation: G1CollectForAllocation (G1 Evacuation Pause)
Event: 159.232 Executing VM operation: G1CollectForAllocation (G1 Evacuation Pause) done
Event: 159.261 Executing VM operation: G1PauseRemark
Event: 159.266 Executing VM operation: G1PauseRemark done
Event: 159.274 Executing VM operation: G1PauseCleanup
Event: 159.274 Executing VM operation: G1PauseCleanup done
Event: 160.275 Executing VM operation: Cleanup
Event: 160.275 Executing VM operation: Cleanup done
Event: 160.348 Executing VM operation: G1CollectForAllocation (G1 Evacuation Pause)
Event: 160.350 Executing VM operation: G1CollectForAllocation (G1 Evacuation Pause) done
Event: 161.647 Executing VM operation: G1CollectForAllocation (G1 Evacuation Pause)
Event: 161.649 Executing VM operation: G1CollectForAllocation (G1 Evacuation Pause) done
Event: 161.669 Executing VM operation: G1PauseRemark
Event: 161.674 Executing VM operation: G1PauseRemark done
Event: 161.679 Executing VM operation: G1PauseCleanup
Event: 161.679 Executing VM operation: G1PauseCleanup done
Event: 162.994 Executing VM operation: G1CollectForAllocation (G1 Evacuation Pause)

Memory protections (0 events):
No events

Nmethod flushes (20 events):
Event: 161.673 Thread 0x0000022638d87960 flushing  nmethod 0x00000226258af090
Event: 161.673 Thread 0x0000022638d87960 flushing  nmethod 0x00000226256f5c10
Event: 161.673 Thread 0x0000022638d87960 flushing  nmethod 0x0000022625860f90
Event: 161.673 Thread 0x0000022638d87960 flushing  nmethod 0x0000022625905090
Event: 161.673 Thread 0x0000022638d87960 flushing  nmethod 0x000002262590d490
Event: 161.673 Thread 0x0000022638d87960 flushing  nmethod 0x000002262591bc10
Event: 161.673 Thread 0x0000022638d87960 flushing  nmethod 0x0000022623f71590
Event: 161.673 Thread 0x0000022638d87960 flushing  nmethod 0x0000022625710110
Event: 161.673 Thread 0x0000022638d87960 flushing  nmethod 0x00000226257fe190
Event: 161.673 Thread 0x0000022638d87960 flushing  nmethod 0x0000022625730190
Event: 161.674 Thread 0x0000022638d87960 flushing  nmethod 0x000002262573c710
Event: 161.674 Thread 0x0000022638d87960 flushing  nmethod 0x000002262573d310
Event: 161.674 Thread 0x0000022638d87960 flushing  nmethod 0x0000022625745990
Event: 161.674 Thread 0x0000022638d87960 flushing  nmethod 0x000002262588f990
Event: 161.674 Thread 0x0000022638d87960 flushing  nmethod 0x0000022625750790
Event: 161.674 Thread 0x0000022638d87960 flushing  nmethod 0x000002262575fd10
Event: 161.674 Thread 0x0000022638d87960 flushing  nmethod 0x0000022625760310
Event: 161.674 Thread 0x0000022638d87960 flushing  nmethod 0x0000022625761110
Event: 161.674 Thread 0x0000022638d87960 flushing  nmethod 0x0000022625761b90
Event: 161.674 Thread 0x0000022638d87960 flushing  nmethod 0x0000022625763190

Events (20 events):
Event: 65.449 Thread 0x0000022638db4770 Thread added: 0x00000226001d9380
Event: 65.580 Thread 0x00000226001d9380 Thread added: 0x00000226001dbc60
Event: 66.078 Thread 0x00000226001dbc60 Thread exited: 0x00000226001dbc60
Event: 67.563 Thread 0x00000226001d9380 Thread exited: 0x00000226001d9380
Event: 74.785 Thread 0x0000022638db4770 Thread added: 0x00000226001de540
Event: 75.064 Thread 0x00000226001de540 Thread exited: 0x00000226001de540
Event: 86.858 Thread 0x0000022638db4770 Thread added: 0x00000226001dd0d0
Event: 89.770 Thread 0x00000226001dd0d0 Thread exited: 0x00000226001dd0d0
Event: 91.343 Thread 0x0000022638db4770 Thread added: 0x00000226001da7f0
Event: 94.009 Thread 0x00000226001da7f0 Thread exited: 0x00000226001da7f0
Event: 97.056 Thread 0x0000022638db4770 Thread added: 0x00000226001dbc60
Event: 99.514 Thread 0x00000226001dbc60 Thread exited: 0x00000226001dbc60
Event: 101.202 Thread 0x0000022638db4770 Thread added: 0x00000226001d9a50
Event: 104.114 Thread 0x00000226001d9a50 Thread exited: 0x00000226001d9a50
Event: 108.476 Thread 0x0000022638db4770 Thread added: 0x00000226001dca00
Event: 108.787 Thread 0x00000226001dca00 Thread exited: 0x00000226001dca00
Event: 117.957 Thread 0x0000022638db4770 Thread added: 0x00000226001dca00
Event: 118.109 Thread 0x00000226001dca00 Thread exited: 0x00000226001dca00
Event: 129.031 Thread 0x0000022638db4770 Thread added: 0x00000226001d9a50
Event: 129.737 Thread 0x00000226001d9a50 Thread exited: 0x00000226001d9a50


Dynamic libraries:
0x00007ff652540000 - 0x00007ff652550000 	C:\Program Files\Java\jdk-22\bin\java.exe
0x00007ffbb2fb0000 - 0x00007ffbb31a8000 	C:\WINDOWS\SYSTEM32\ntdll.dll
0x00007ffbb1140000 - 0x00007ffbb1201000 	C:\WINDOWS\System32\KERNEL32.DLL
0x00007ffbb09b0000 - 0x00007ffbb0cad000 	C:\WINDOWS\System32\KERNELBASE.dll
0x00007ffbb06b0000 - 0x00007ffbb07b0000 	C:\WINDOWS\System32\ucrtbase.dll
0x00007ffba7a80000 - 0x00007ffba7a97000 	C:\Program Files\Java\jdk-22\bin\jli.dll
0x00007ffbabd90000 - 0x00007ffbabdab000 	C:\Program Files\Java\jdk-22\bin\VCRUNTIME140.dll
0x00007ffbb1a30000 - 0x00007ffbb1bcd000 	C:\WINDOWS\System32\USER32.dll
0x00007ffbb0fb0000 - 0x00007ffbb0fd2000 	C:\WINDOWS\System32\win32u.dll
0x00007ffb9b470000 - 0x00007ffb9b70a000 	C:\WINDOWS\WinSxS\amd64_microsoft.windows.common-controls_6595b64144ccf1df_6.0.19041.4355_none_60b8b9eb71f62e16\COMCTL32.dll
0x00007ffbb1950000 - 0x00007ffbb197b000 	C:\WINDOWS\System32\GDI32.dll
0x00007ffbb2df0000 - 0x00007ffbb2e8e000 	C:\WINDOWS\System32\msvcrt.dll
0x00007ffbb07e0000 - 0x00007ffbb08f7000 	C:\WINDOWS\System32\gdi32full.dll
0x00007ffbb0d20000 - 0x00007ffbb0dbd000 	C:\WINDOWS\System32\msvcp_win.dll
0x00007ffbb1110000 - 0x00007ffbb113f000 	C:\WINDOWS\System32\IMM32.DLL
0x00007ffbac910000 - 0x00007ffbac91c000 	C:\Program Files\Java\jdk-22\bin\vcruntime140_1.dll
0x00007ffb95460000 - 0x00007ffb954ee000 	C:\Program Files\Java\jdk-22\bin\msvcp140.dll
0x00007ffb3f490000 - 0x00007ffb401d9000 	C:\Program Files\Java\jdk-22\bin\server\jvm.dll
0x00007ffbb1980000 - 0x00007ffbb1a30000 	C:\WINDOWS\System32\ADVAPI32.dll
0x00007ffbb18b0000 - 0x00007ffbb1950000 	C:\WINDOWS\System32\sechost.dll
0x00007ffbb2b50000 - 0x00007ffbb2c73000 	C:\WINDOWS\System32\RPCRT4.dll
0x00007ffbb07b0000 - 0x00007ffbb07d7000 	C:\WINDOWS\System32\bcrypt.dll
0x00007ffbb1bd0000 - 0x00007ffbb1c3b000 	C:\WINDOWS\System32\WS2_32.dll
0x00007ffbafbb0000 - 0x00007ffbafbfb000 	C:\WINDOWS\SYSTEM32\POWRPROF.dll
0x00007ffb9f9f0000 - 0x00007ffb9fa17000 	C:\WINDOWS\SYSTEM32\WINMM.dll
0x00007ffba6ad0000 - 0x00007ffba6ada000 	C:\WINDOWS\SYSTEM32\VERSION.dll
0x00007ffbafa20000 - 0x00007ffbafa32000 	C:\WINDOWS\SYSTEM32\UMPDC.dll
0x00007ffbae4a0000 - 0x00007ffbae4b2000 	C:\WINDOWS\SYSTEM32\kernel.appcore.dll
0x00007ffbabdf0000 - 0x00007ffbabdfa000 	C:\Program Files\Java\jdk-22\bin\jimage.dll
0x00007ffb9c350000 - 0x00007ffb9c534000 	C:\WINDOWS\SYSTEM32\DBGHELP.DLL
0x00007ffb96cc0000 - 0x00007ffb96cf4000 	C:\WINDOWS\SYSTEM32\dbgcore.DLL
0x00007ffbb0f20000 - 0x00007ffbb0fa2000 	C:\WINDOWS\System32\bcryptPrimitives.dll
0x00007ffba6be0000 - 0x00007ffba6bfe000 	C:\Program Files\Java\jdk-22\bin\java.dll
0x00007ffbb2090000 - 0x00007ffbb27ff000 	C:\WINDOWS\System32\SHELL32.dll
0x00007ffbb0fe0000 - 0x00007ffbb110b000 	C:\WINDOWS\System32\ole32.dll
0x00007ffbb1c40000 - 0x00007ffbb1f93000 	C:\WINDOWS\System32\combase.dll
0x00007ffbae6a0000 - 0x00007ffbaee43000 	C:\WINDOWS\SYSTEM32\windows.storage.dll
0x00007ffbb0070000 - 0x00007ffbb009e000 	C:\WINDOWS\SYSTEM32\Wldp.dll
0x00007ffbb2810000 - 0x00007ffbb28dd000 	C:\WINDOWS\System32\OLEAUT32.dll
0x00007ffbb2c80000 - 0x00007ffbb2d2d000 	C:\WINDOWS\System32\SHCORE.dll
0x00007ffbb2d90000 - 0x00007ffbb2de5000 	C:\WINDOWS\System32\shlwapi.dll
0x00007ffbb0590000 - 0x00007ffbb05b4000 	C:\WINDOWS\SYSTEM32\profapi.dll
0x00007ffb925d0000 - 0x00007ffb926a7000 	C:\Program Files\Java\jdk-22\bin\jsvml.dll
0x00007ffba6bd0000 - 0x00007ffba6be0000 	C:\Program Files\Java\jdk-22\bin\net.dll
0x00007ffbafd90000 - 0x00007ffbafdfa000 	C:\WINDOWS\system32\mswsock.dll
0x00007ffba6620000 - 0x00007ffba6636000 	C:\Program Files\Java\jdk-22\bin\nio.dll
0x00007ffb9ac90000 - 0x00007ffb9aca7000 	C:\Program Files\Java\jdk-22\bin\zip.dll
0x00007ffba4fa0000 - 0x00007ffba4faa000 	C:\Program Files\Java\jdk-22\bin\management.dll
0x00007ffb9f930000 - 0x00007ffb9f93b000 	C:\Program Files\Java\jdk-22\bin\management_ext.dll
0x00007ffbb2800000 - 0x00007ffbb2808000 	C:\WINDOWS\System32\PSAPI.DLL
0x00007ffb9ac70000 - 0x00007ffb9ac7b000 	C:\Program Files\Java\jdk-22\bin\le.dll
0x00007ffb9a8b0000 - 0x00007ffb9a8be000 	C:\Program Files\Java\jdk-22\bin\sunmscapi.dll
0x00007ffbb0dc0000 - 0x00007ffbb0f1c000 	C:\WINDOWS\System32\CRYPT32.dll
0x00007ffbb0100000 - 0x00007ffbb0129000 	C:\WINDOWS\SYSTEM32\ncrypt.dll
0x00007ffbb00c0000 - 0x00007ffbb00fb000 	C:\WINDOWS\SYSTEM32\NTASN1.dll
0x00007ffbaff70000 - 0x00007ffbaff88000 	C:\WINDOWS\SYSTEM32\CRYPTSP.dll
0x00007ffbaf660000 - 0x00007ffbaf694000 	C:\WINDOWS\system32\rsaenh.dll
0x00007ffbb0550000 - 0x00007ffbb057e000 	C:\WINDOWS\SYSTEM32\USERENV.dll
0x00007ffbaff30000 - 0x00007ffbaff3c000 	C:\WINDOWS\SYSTEM32\CRYPTBASE.dll
0x00007ffbafa40000 - 0x00007ffbafa7b000 	C:\WINDOWS\SYSTEM32\IPHLPAPI.DLL
0x00007ffbb18a0000 - 0x00007ffbb18a8000 	C:\WINDOWS\System32\NSI.dll
0x00007ffb9a3d0000 - 0x00007ffb9a3e0000 	C:\Program Files\Java\jdk-22\bin\verify.dll
0x00007ffbafa80000 - 0x00007ffbafb4a000 	C:\WINDOWS\SYSTEM32\DNSAPI.dll
0x00007ffba97a0000 - 0x00007ffba97aa000 	C:\Windows\System32\rasadhlp.dll
0x00007ffba6c10000 - 0x00007ffba6c90000 	C:\WINDOWS\System32\fwpuclnt.dll
0x00007ffb95450000 - 0x00007ffb95459000 	C:\Program Files\Java\jdk-22\bin\extnet.dll
0x00007ffbadcb0000 - 0x00007ffbadcb7000 	C:\WINDOWS\system32\wshunix.dll

dbghelp: loaded successfully - version: 4.0.5 - missing functions: none
symbol engine: initialized successfully - sym options: 0x614 - pdb path: .;C:\Program Files\Java\jdk-22\bin;C:\WINDOWS\SYSTEM32;C:\WINDOWS\WinSxS\amd64_microsoft.windows.common-controls_6595b64144ccf1df_6.0.19041.4355_none_60b8b9eb71f62e16;C:\Program Files\Java\jdk-22\bin\server

VM Arguments:
jvm_args: -XX:+ShowCodeDetailsInExceptionMessages 
java_command: com.example.GrabGrubApp.GrabGrubAppApplication
java_class_path (initial): C:\Users\prane\OneDrive\Desktop\Untitled Folder\GrabGrubApplication\Backend\target\classes;C:\Users\prane\.m2\repository\org\springframework\boot\spring-boot-starter-data-jpa\3.3.2\spring-boot-starter-data-jpa-3.3.2.jar;C:\Users\prane\.m2\repository\org\springframework\boot\spring-boot-starter-aop\3.3.2\spring-boot-starter-aop-3.3.2.jar;C:\Users\prane\.m2\repository\org\aspectj\aspectjweaver\1.9.22.1\aspectjweaver-1.9.22.1.jar;C:\Users\prane\.m2\repository\org\springframework\boot\spring-boot-starter-jdbc\3.3.2\spring-boot-starter-jdbc-3.3.2.jar;C:\Users\prane\.m2\repository\com\zaxxer\HikariCP\5.1.0\HikariCP-5.1.0.jar;C:\Users\prane\.m2\repository\org\springframework\spring-jdbc\6.1.11\spring-jdbc-6.1.11.jar;C:\Users\prane\.m2\repository\org\hibernate\orm\hibernate-core\6.5.2.Final\hibernate-core-6.5.2.Final.jar;C:\Users\prane\.m2\repository\jakarta\persistence\jakarta.persistence-api\3.1.0\jakarta.persistence-api-3.1.0.jar;C:\Users\prane\.m2\repository\jakarta\transaction\jakarta.transaction-api\2.0.1\jakarta.transaction-api-2.0.1.jar;C:\Users\prane\.m2\repository\org\jboss\logging\jboss-logging\3.5.3.Final\jboss-logging-3.5.3.Final.jar;C:\Users\prane\.m2\repository\org\hibernate\common\hibernate-commons-annotations\6.0.6.Final\hibernate-commons-annotations-6.0.6.Final.jar;C:\Users\prane\.m2\repository\io\smallrye\jandex\3.1.2\jandex-3.1.2.jar;C:\Users\prane\.m2\repository\com\fasterxml\classmate\1.7.0\classmate-1.7.0.jar;C:\Users\prane\.m2\repository\net\bytebuddy\byte-buddy\1.14.18\byte-buddy-1.14.18.jar;C:\Users\prane\.m2\repository\org\glassfish\jaxb\jaxb-runtime\4.0.5\jaxb-runtime-4.0.5.jar;C:\Users\prane\.m2\repository\org\glassfish\jaxb\jaxb-core\4.0.5\jaxb-core-4.0.5.jar;C:\Users\prane\.m2\repository\org\eclipse\angus\angus-activation\2.0.2\angus-activation-2.0.2.jar;C:\Users\prane\.m2\repository\org\glassfish\jaxb\txw2\4.0.5\txw2-4.0.5.jar;C:\Users\prane\.m2\repository\com\sun\istack\istack-commons-runtime\4.1.2\istack-commons-runtime-4.1.2.jar;C:\Users\prane\.m2\repository\jakarta\inject\jakarta.inject-api\2.0.1\jakarta.inject-api-2.0.1.jar;C:\Users\prane\.m2\repository\org\antlr\antlr4-runtime\4.13.0\antlr4-runtime-4.13.0.jar;C:\Users\prane\.m2\repository\org\springframework\data\spring-data-jpa\3.3.2\spring-data-jpa-3.3.2.jar;C:\Users\prane\.m2\repository\org\springframework\data\spring-data-commons\3.3.2\spring-data-commons-3.3.2.jar;C:\Users\prane\.m2\repository\org\springframework\spring-orm\6.1.11\spring-orm-6.1.11.jar;C:\Users\prane\.m2\repository\org\springframework\spring-context\6.1.11\spring-context-6.1.11.jar;C:\Users\prane\.m2\repository\org\springframework\spring-tx\6.1.11\spring-tx-6.1.11.jar;C:\Users\prane\.m2\repository\org\springframework\spring-beans\6.1.11\spring-beans-6.1.11.jar;C:\Users\prane\.m2\repository\jakarta\annotation\jakarta.annotation-api\2.1.1\jakarta.annotation-api-2.1.1.jar;C:\Users\prane\.m2\repository\org\slf4j\slf4j-api\2.0.13\slf4j-api-2.0.13.jar;C:\Users\prane\.m2\repository\org\springframework\spring-aspects\6.1.11\spring-aspects-6.1.11.jar;C:\Users\prane\.m2\repository\org\springframework\boot\spring-boot-starter-security\3.3.2\spring-boot-starter-security-3.3.2.jar;C:\Users\prane\.m2\repository\org\springframework\boot\spring-boot-starter\3.3.2\spring-boot-starter-3.3.2.jar;C:\Users\prane\.m2\repository\org\springframework\boot\spring-boot-starter-logging\3.3.2\spring-boot-starter-logging-3.3.2.jar;C:\Users\prane\.m2\repository\ch\qos\logback\logback-classic\1.5.6\logback-classic-1.5.6.jar;C:\Users\prane\.m2\repository\ch\qos\logback\logback-core\1.5.6\logback-core-1.5.6.jar;C:\Users\prane\.m2\repository\org\apache\logging\log4j\log4j-to-slf4j\2.23.1\log4j-to-slf4j-2.23.1.jar;C:\Users\prane\.m2\repository\org\apache\logging\log4j\log4j-api\2.23.1\log4j-api-2.23.1.jar;C:\Users\prane\.m2\repository\org\slf4j\jul-to-slf4j\2.0.13\jul-to-slf4j-2.0.13.jar;C:\Users\prane\.m2\repository\org\yaml\snakeyaml\2.2\snakeyaml-2.2.jar;C:\Users\prane\.m2\repository\org\springframework\spring-aop\6.1.11\spring-aop-6.1.11.jar;C:\Users\prane\.m2\repository\org\springframework\security\spring-security-config\6.3.1\spring-security-config-6.3.1.jar;C:\Users\prane\.m2\repository\org\springframework\security\spring-security-web\6.3.1\spring-security-web-6.3.1.jar;C:\Users\prane\.m2\repository\org\springframework\spring-expression\6.1.11\spring-expression-6.1.11.jar;C:\Users\prane\.m2\repository\org\springframework\boot\spring-boot-starter-web\3.3.2\spring-boot-starter-web-3.3.2.jar;C:\Users\prane\.m2\repository\org\springframework\boot\spring-boot-starter-json\3.3.2\spring-boot-starter-json-3.3.2.jar;C:\Users\prane\.m2\repository\com\fasterxml\jackson\datatype\jackson-datatype-jdk8\2.17.2\jackson-datatype-jdk8-2.17.2.jar;C:\Users\prane\.m2\repository\com\fasterxml\jackson\datatype\jackson-datatype-jsr310\2.17.2\jackson-datatype-jsr310-2.17.2.jar;C:\Users\prane\.m2\repository\com\fasterxml\jackson\module\jackson-module-parameter-names\2.17.2\jackson-module-parameter-names-2.17.2.jar;C:\Users\prane\.m2\repository\org\springframework\boot\spring-boot-starter-tomcat\3.3.2\spring-boot-starter-tomcat-3.3.2.jar;C:\Users\prane\.m2\repository\org\apache\tomcat\embed\tomcat-embed-core\10.1.26\tomcat-embed-core-10.1.26.jar;C:\Users\prane\.m2\repository\org\apache\tomcat\embed\tomcat-embed-el\10.1.26\tomcat-embed-el-10.1.26.jar;C:\Users\prane\.m2\repository\org\apache\tomcat\embed\tomcat-embed-websocket\10.1.26\tomcat-embed-websocket-10.1.26.jar;C:\Users\prane\.m2\repository\org\springframework\spring-web\6.1.11\spring-web-6.1.11.jar;C:\Users\prane\.m2\repository\io\micrometer\micrometer-observation\1.13.2\micrometer-observation-1.13.2.jar;C:\Users\prane\.m2\repository\io\micrometer\micrometer-commons\1.13.2\micrometer-commons-1.13.2.jar;C:\Users\prane\.m2\repository\org\springframework\spring-webmvc\6.1.11\spring-webmvc-6.1.11.jar;C:\Users\prane\.m2\repository\org\springframework\boot\spring-boot-devtools\3.3.2\spring-boot-devtools-3.3.2.jar;C:\Users\prane\.m2\repository\org\springframework\boot\spring-boot\3.3.2\spring-boot-3.3.2.jar;C:\Users\prane\.m2\repository\org\springframework\boot\spring-boot-autoconfigure\3.3.2\spring-boot-autoconfigure-3.3.2.jar;C:\Users\prane\.m2\repository\com\mysql\mysql-connector-j\8.3.0\mysql-connector-j-8.3.0.jar;C:\Users\prane\.m2\repository\org\projectlombok\lombok\1.18.34\lombok-1.18.34.jar;C:\Users\prane\.m2\repository\jakarta\xml\bind\jakarta.xml.bind-api\4.0.2\jakarta.xml.bind-api-4.0.2.jar;C:\Users\prane\.m2\repository\jakarta\activation\jakarta.activation-api\2.1.3\jakarta.activation-api-2.1.3.jar;C:\Users\prane\.m2\repository\org\springframework\spring-core\6.1.11\spring-core-6.1.11.jar;C:\Users\prane\.m2\repository\org\springframework\spring-jcl\6.1.11\spring-jcl-6.1.11.jar;C:\Users\prane\.m2\repository\org\springframework\security\spring-security-core\6.3.1\spring-security-core-6.3.1.jar;C:\Users\prane\.m2\repository\org\springframework\security\spring-security-crypto\6.3.1\spring-security-crypto-6.3.1.jar;C:\Users\prane\.m2\repository\io\jsonwebtoken\jjwt-api\0.11.5\jjwt-api-0.11.5.jar;C:\Users\prane\.m2\repository\io\jsonwebtoken\jjwt-impl\0.11.5\jjwt-impl-0.11.5.jar;C:\Users\prane\.m2\repository\io\jsonwebtoken\jjwt-jackson\0.11.5\jjwt-jackson-0.11.5.jar;C:\Users\prane\.m2\repository\com\fasterxml\jackson\core\jackson-databind\2.17.2\jackson-databind-2.17.2.jar;C:\Users\prane\.m2\repository\com\fasterxml\jackson\core\jackson-annotations\2.17.2\jackson-annotations-2.17.2.jar;C:\Users\prane\.m2\repository\com\fasterxml\jackson\core\jackson-core\2.17.2\jackson-core-2.17.2.jar
Launcher Type: SUN_STANDARD

[Global flags]
     intx CICompilerCount                          = 12                                        {product} {ergonomic}
     uint ConcGCThreads                            = 3                                         {product} {ergonomic}
     uint G1ConcRefinementThreads                  = 13                                        {product} {ergonomic}
   size_t G1HeapRegionSize                         = 1048576                                   {product} {ergonomic}
   size_t InitialHeapSize                          = 132120576                                 {product} {ergonomic}
   size_t MarkStackSize                            = 4194304                                   {product} {ergonomic}
   size_t MaxHeapSize                              = 2109734912                                {product} {ergonomic}
   size_t MaxNewSize                               = 1265631232                                {product} {ergonomic}
   size_t MinHeapDeltaBytes                        = 1048576                                   {product} {ergonomic}
   size_t MinHeapSize                              = 8388608                                   {product} {ergonomic}
    uintx NonNMethodCodeHeapSize                   = 7602480                                {pd product} {ergonomic}
    uintx NonProfiledCodeHeapSize                  = 122027880                              {pd product} {ergonomic}
    uintx ProfiledCodeHeapSize                     = 122027880                              {pd product} {ergonomic}
    uintx ReservedCodeCacheSize                    = 251658240                              {pd product} {ergonomic}
     bool SegmentedCodeCache                       = true                                      {product} {ergonomic}
     bool ShowCodeDetailsInExceptionMessages       = true                                   {manageable} {command line}
   size_t SoftMaxHeapSize                          = 2109734912                             {manageable} {ergonomic}
     bool UseCompressedOops                        = true                           {product lp64_product} {ergonomic}
     bool UseG1GC                                  = true                                      {product} {ergonomic}
     bool UseLargePagesIndividualAllocation        = false                                  {pd product} {ergonomic}

Logging:
Log output configuration:
 #0: stdout all=warning uptime,level,tags foldmultilines=false
 #1: stderr all=off uptime,level,tags foldmultilines=false

Environment Variables:
JAVA_HOME=C:\Program Files (x86)\Java\jre-1.8
PATH=C:\Program Files\PowerShell\7;C:\Program Files\Common Files\Oracle\Java\javapath;C:\Program Files (x86)\Common Files\Oracle\Java\java8path;C:\Program Files (x86)\Common Files\Oracle\Java\javapath;C:\WINDOWS\system32;C:\WINDOWS;C:\WINDOWS\System32\Wbem;C:\WINDOWS\System32\WindowsPowerShell\v1.0\;C:\WINDOWS\System32\OpenSSH\;C:\Program Files (x86)\NVIDIA Corporation\PhysX\Common;C:\Program Files\NVIDIA Corporation\NVIDIA NvDLISR;C:\Program Files\Microsoft SQL Server\150\Tools\Binn\;C:\Program Files\Microsoft SQL Server\Client SDK\ODBC\170\Tools\Binn\;C:\Program Files\dotnet\;C:\Program Files (x86)\nodejs\;C:\ProgramData\chocolatey\bin;C:\Program Files\Git\cmd;C:\Program Files\Amazon\AWSCLIV2\;C:\Program Files\PowerShell\7-preview\preview;C:\Program Files\Docker\Docker\resources\bin;C:\Program Files\Kubernetes\Minikube;C:\Program Files\PowerShell\7\;C:\Program Files\MySQL\MySQL Shell 8.0\bin\;C:\Users\prane\anaconda3;C:\Users\prane\anaconda3\Library\mingw-w64\bin;C:\Users\prane\anaconda3\Library\usr\bin;C:\Users\prane\anaconda3\Library\bin;C:\Users\prane\anaconda3\Scripts;C:\Users\prane\AppData\Local\Microsoft\WindowsApps;C:\Users\prane\.dotnet\tools;C:\Users\prane\AppData\Local\Programs\Microsoft VS Code\bin;C:\Users\prane\AppData\Roaming\npm;C:\Users\prane\anaconda3\Library\bin\conda.bat;C:\Users\prane\anaconda3\Scripts\conda.exe;C:\Users\prane\anaconda3\condabin\conda.bat;C:\Users\prane\anaconda3\condabin;C:\Users\prane\AppData\Local\Android\Sdk\platform-tools;C:\Users\prane\AppData\Local\Android\Sdk\tools;C:\Users\prane\AppData\Roaming\Python\Scripts;C:\Users\prane\AppData\Roaming\pypoetry\venv\Scripts\poetry;C:\Users\prane\AppData\Roaming\pypoetry\venv\Scripts;C:\Program Files\Java\jdk-22\bin;
USERNAME=prane
LANG=en_US.UTF-8
OS=Windows_NT
PROCESSOR_IDENTIFIER=AMD64 Family 25 Model 80 Stepping 0, AuthenticAMD
TMP=C:\Users\prane\AppData\Local\Temp
TEMP=C:\Users\prane\AppData\Local\Temp




Periodic native trim disabled

---------------  S Y S T E M  ---------------

OS:
 Windows 10 , 64 bit Build 19041 (10.0.19041.4842)
OS uptime: 0 days 3:15 hours
Hyper-V role detected

CPU: total 16 (initial active 16) (16 cores per cpu, 2 threads per core) family 25 model 80 stepping 0 microcode 0x0, cx8, cmov, fxsr, ht, mmx, 3dnowpref, sse, sse2, sse3, ssse3, sse4a, sse4.1, sse4.2, popcnt, lzcnt, tsc, tscinvbit, avx, avx2, aes, erms, clmul, bmi1, bmi2, adx, sha, fma, vzeroupper, clflush, clflushopt, hv, rdtscp, rdpid, fsrm, f16c, cet_ss
Processor Information for all 16 processors :
  Max Mhz: 3201, Current Mhz: 3201, Mhz Limit: 3201

Memory: 4k page, system-wide physical 8044M (289M free)
TotalPageFile size 32620M (AvailPageFile size 12M)
current process WorkingSet (physical memory assigned to process): 276M, peak: 344M
current process commit charge ("private bytes"): 406M, peak: 424M

vm_info: Java HotSpot(TM) 64-Bit Server VM (22.0.2+9-70) for windows-amd64 JRE (22.0.2+9-70), built on 2024-06-04T16:52:23Z by "mach5one" with MS VC++ 17.6 (VS2022)

END.
